[0.382s] DEBUG:colcon:Command line arguments: ['/usr/bin/colcon', 'build']
[0.382s] DEBUG:colcon:Parsed command line arguments: Namespace(log_base=None, log_level=None, verb_name='build', build_base='build', install_base='install', merge_install=False, symlink_install=False, test_result_base=None, continue_on_error=False, executor='parallel', parallel_workers=4, event_handlers=None, ignore_user_meta=False, metas=['./colcon.meta'], base_paths=['.'], packages_ignore=None, packages_ignore_regex=None, paths=None, packages_up_to=None, packages_up_to_regex=None, packages_above=None, packages_above_and_dependencies=None, packages_above_depth=None, packages_select_by_dep=None, packages_skip_by_dep=None, packages_skip_up_to=None, packages_select_build_failed=False, packages_skip_build_finished=False, packages_select_test_failures=False, packages_skip_test_passed=False, packages_select=None, packages_skip=None, packages_select_regex=None, packages_skip_regex=None, packages_start=None, packages_end=None, cmake_args=None, cmake_target=None, cmake_target_skip_unavailable=False, cmake_clean_cache=False, cmake_clean_first=False, cmake_force_configure=False, ament_cmake_args=None, catkin_cmake_args=None, catkin_skip_building_tests=False, mixin_files=None, mixin=None, verb_parser=<colcon_mixin.mixin.mixin_argument.MixinArgumentDecorator object at 0x7f92450f2a10>, verb_extension=<colcon_core.verb.build.BuildVerb object at 0x7f9245a6bac0>, main=<bound method BuildVerb.main of <colcon_core.verb.build.BuildVerb object at 0x7f9245a6bac0>>, mixin_verb=('build',))
[0.411s] Level 1:colcon.colcon_core.package_discovery:discover_packages(colcon_meta) check parameters
[0.412s] INFO:colcon.colcon_metadata.package_discovery.colcon_meta:Using configuration from '/root/.colcon/metadata/default/Gazebo.meta'
[0.413s] INFO:colcon.colcon_metadata.package_discovery.colcon_meta:Using configuration from '/root/.colcon/metadata/default/fastrtps.meta'
[0.413s] Level 1:colcon.colcon_core.package_discovery:discover_packages(recursive) check parameters
[0.414s] Level 1:colcon.colcon_core.package_discovery:discover_packages(ignore) check parameters
[0.414s] Level 1:colcon.colcon_core.package_discovery:discover_packages(path) check parameters
[0.414s] Level 1:colcon.colcon_core.package_discovery:discover_packages(colcon_meta) discover
[0.414s] Level 1:colcon.colcon_core.package_discovery:discover_packages(recursive) discover
[0.414s] INFO:colcon.colcon_core.package_discovery:Crawling recursively for packages in '/root/ros_ws'
[0.414s] Level 1:colcon.colcon_core.package_identification:_identify(.) by extensions ['ignore', 'ignore_ament_install']
[0.414s] Level 1:colcon.colcon_core.package_identification:_identify(.) by extension 'ignore'
[0.415s] Level 1:colcon.colcon_core.package_identification:_identify(.) by extension 'ignore_ament_install'
[0.415s] Level 1:colcon.colcon_core.package_identification:_identify(.) by extensions ['colcon_pkg']
[0.415s] Level 1:colcon.colcon_core.package_identification:_identify(.) by extension 'colcon_pkg'
[0.415s] Level 1:colcon.colcon_core.package_identification:_identify(.) by extensions ['colcon_meta']
[0.415s] Level 1:colcon.colcon_core.package_identification:_identify(.) by extension 'colcon_meta'
[0.415s] Level 1:colcon.colcon_core.package_identification:_identify(.) by extensions ['ros']
[0.415s] Level 1:colcon.colcon_core.package_identification:_identify(.) by extension 'ros'
[0.433s] Level 1:colcon.colcon_core.package_identification:_identify(.) by extensions ['cmake', 'python']
[0.433s] Level 1:colcon.colcon_core.package_identification:_identify(.) by extension 'cmake'
[0.433s] Level 1:colcon.colcon_core.package_identification:_identify(.) by extension 'python'
[0.433s] Level 1:colcon.colcon_core.package_identification:_identify(.) by extensions ['python_setup_py']
[0.433s] Level 1:colcon.colcon_core.package_identification:_identify(.) by extension 'python_setup_py'
[0.434s] Level 1:colcon.colcon_core.package_identification:_identify(build) by extensions ['ignore', 'ignore_ament_install']
[0.434s] Level 1:colcon.colcon_core.package_identification:_identify(build) by extension 'ignore'
[0.434s] Level 1:colcon.colcon_core.package_identification:_identify(build) ignored
[0.434s] Level 1:colcon.colcon_core.package_identification:_identify(install) by extensions ['ignore', 'ignore_ament_install']
[0.434s] Level 1:colcon.colcon_core.package_identification:_identify(install) by extension 'ignore'
[0.434s] Level 1:colcon.colcon_core.package_identification:_identify(install) ignored
[0.435s] Level 1:colcon.colcon_core.package_identification:_identify(log) by extensions ['ignore', 'ignore_ament_install']
[0.435s] Level 1:colcon.colcon_core.package_identification:_identify(log) by extension 'ignore'
[0.435s] Level 1:colcon.colcon_core.package_identification:_identify(log) ignored
[0.435s] Level 1:colcon.colcon_core.package_identification:_identify(src) by extensions ['ignore', 'ignore_ament_install']
[0.435s] Level 1:colcon.colcon_core.package_identification:_identify(src) by extension 'ignore'
[0.436s] Level 1:colcon.colcon_core.package_identification:_identify(src) by extension 'ignore_ament_install'
[0.436s] Level 1:colcon.colcon_core.package_identification:_identify(src) by extensions ['colcon_pkg']
[0.436s] Level 1:colcon.colcon_core.package_identification:_identify(src) by extension 'colcon_pkg'
[0.436s] Level 1:colcon.colcon_core.package_identification:_identify(src) by extensions ['colcon_meta']
[0.436s] Level 1:colcon.colcon_core.package_identification:_identify(src) by extension 'colcon_meta'
[0.436s] Level 1:colcon.colcon_core.package_identification:_identify(src) by extensions ['ros']
[0.436s] Level 1:colcon.colcon_core.package_identification:_identify(src) by extension 'ros'
[0.436s] Level 1:colcon.colcon_core.package_identification:_identify(src) by extensions ['cmake', 'python']
[0.436s] Level 1:colcon.colcon_core.package_identification:_identify(src) by extension 'cmake'
[0.436s] Level 1:colcon.colcon_core.package_identification:_identify(src) by extension 'python'
[0.437s] Level 1:colcon.colcon_core.package_identification:_identify(src) by extensions ['python_setup_py']
[0.437s] Level 1:colcon.colcon_core.package_identification:_identify(src) by extension 'python_setup_py'
[0.437s] Level 1:colcon.colcon_core.package_identification:_identify(src/led_control) by extensions ['ignore', 'ignore_ament_install']
[0.437s] Level 1:colcon.colcon_core.package_identification:_identify(src/led_control) by extension 'ignore'
[0.437s] Level 1:colcon.colcon_core.package_identification:_identify(src/led_control) by extension 'ignore_ament_install'
[0.437s] Level 1:colcon.colcon_core.package_identification:_identify(src/led_control) by extensions ['colcon_pkg']
[0.437s] Level 1:colcon.colcon_core.package_identification:_identify(src/led_control) by extension 'colcon_pkg'
[0.438s] Level 1:colcon.colcon_core.package_identification:_identify(src/led_control) by extensions ['colcon_meta']
[0.438s] Level 1:colcon.colcon_core.package_identification:_identify(src/led_control) by extension 'colcon_meta'
[0.438s] Level 1:colcon.colcon_core.package_identification:_identify(src/led_control) by extensions ['ros']
[0.438s] Level 1:colcon.colcon_core.package_identification:_identify(src/led_control) by extension 'ros'
[0.442s] DEBUG:colcon.colcon_core.package_identification:Package 'src/led_control' with type 'ros.ament_python' and name 'led_control'
[0.442s] Level 1:colcon.colcon_core.package_identification:_identify(src/pi_hub) by extensions ['ignore', 'ignore_ament_install']
[0.442s] Level 1:colcon.colcon_core.package_identification:_identify(src/pi_hub) by extension 'ignore'
[0.443s] Level 1:colcon.colcon_core.package_identification:_identify(src/pi_hub) by extension 'ignore_ament_install'
[0.443s] Level 1:colcon.colcon_core.package_identification:_identify(src/pi_hub) by extensions ['colcon_pkg']
[0.443s] Level 1:colcon.colcon_core.package_identification:_identify(src/pi_hub) by extension 'colcon_pkg'
[0.443s] Level 1:colcon.colcon_core.package_identification:_identify(src/pi_hub) by extensions ['colcon_meta']
[0.443s] Level 1:colcon.colcon_core.package_identification:_identify(src/pi_hub) by extension 'colcon_meta'
[0.443s] Level 1:colcon.colcon_core.package_identification:_identify(src/pi_hub) by extensions ['ros']
[0.443s] Level 1:colcon.colcon_core.package_identification:_identify(src/pi_hub) by extension 'ros'
[0.444s] DEBUG:colcon.colcon_core.package_identification:Package 'src/pi_hub' with type 'ros.ament_python' and name 'pi_hub'
[0.445s] Level 1:colcon.colcon_core.package_identification:_identify(src/pi_hub_srvs) by extensions ['ignore', 'ignore_ament_install']
[0.445s] Level 1:colcon.colcon_core.package_identification:_identify(src/pi_hub_srvs) by extension 'ignore'
[0.445s] Level 1:colcon.colcon_core.package_identification:_identify(src/pi_hub_srvs) by extension 'ignore_ament_install'
[0.445s] Level 1:colcon.colcon_core.package_identification:_identify(src/pi_hub_srvs) by extensions ['colcon_pkg']
[0.445s] Level 1:colcon.colcon_core.package_identification:_identify(src/pi_hub_srvs) by extension 'colcon_pkg'
[0.446s] Level 1:colcon.colcon_core.package_identification:_identify(src/pi_hub_srvs) by extensions ['colcon_meta']
[0.446s] Level 1:colcon.colcon_core.package_identification:_identify(src/pi_hub_srvs) by extension 'colcon_meta'
[0.446s] Level 1:colcon.colcon_core.package_identification:_identify(src/pi_hub_srvs) by extensions ['ros']
[0.446s] Level 1:colcon.colcon_core.package_identification:_identify(src/pi_hub_srvs) by extension 'ros'
[0.447s] DEBUG:colcon.colcon_core.package_identification:Package 'src/pi_hub_srvs' with type 'ros.ament_cmake' and name 'pi_hub_srvs'
[0.448s] Level 1:colcon.colcon_core.package_identification:_identify(src/pump_control) by extensions ['ignore', 'ignore_ament_install']
[0.448s] Level 1:colcon.colcon_core.package_identification:_identify(src/pump_control) by extension 'ignore'
[0.448s] Level 1:colcon.colcon_core.package_identification:_identify(src/pump_control) by extension 'ignore_ament_install'
[0.448s] Level 1:colcon.colcon_core.package_identification:_identify(src/pump_control) by extensions ['colcon_pkg']
[0.448s] Level 1:colcon.colcon_core.package_identification:_identify(src/pump_control) by extension 'colcon_pkg'
[0.448s] Level 1:colcon.colcon_core.package_identification:_identify(src/pump_control) by extensions ['colcon_meta']
[0.448s] Level 1:colcon.colcon_core.package_identification:_identify(src/pump_control) by extension 'colcon_meta'
[0.449s] Level 1:colcon.colcon_core.package_identification:_identify(src/pump_control) by extensions ['ros']
[0.449s] Level 1:colcon.colcon_core.package_identification:_identify(src/pump_control) by extension 'ros'
[0.449s] DEBUG:colcon.colcon_core.package_identification:Package 'src/pump_control' with type 'ros.ament_python' and name 'pump_control'
[0.449s] Level 1:colcon.colcon_core.package_discovery:discover_packages(recursive) using defaults
[0.450s] Level 1:colcon.colcon_core.package_discovery:discover_packages(ignore) discover
[0.450s] Level 1:colcon.colcon_core.package_discovery:discover_packages(ignore) using defaults
[0.450s] Level 1:colcon.colcon_core.package_discovery:discover_packages(path) discover
[0.450s] Level 1:colcon.colcon_core.package_discovery:discover_packages(path) using defaults
[0.494s] Level 5:colcon.colcon_core.verb:set package 'led_control' build argument 'cmake_args' from command line to 'None'
[0.494s] Level 5:colcon.colcon_core.verb:set package 'led_control' build argument 'cmake_target' from command line to 'None'
[0.494s] Level 5:colcon.colcon_core.verb:set package 'led_control' build argument 'cmake_target_skip_unavailable' from command line to 'False'
[0.495s] Level 5:colcon.colcon_core.verb:set package 'led_control' build argument 'cmake_clean_cache' from command line to 'False'
[0.495s] Level 5:colcon.colcon_core.verb:set package 'led_control' build argument 'cmake_clean_first' from command line to 'False'
[0.495s] Level 5:colcon.colcon_core.verb:set package 'led_control' build argument 'cmake_force_configure' from command line to 'False'
[0.495s] Level 5:colcon.colcon_core.verb:set package 'led_control' build argument 'ament_cmake_args' from command line to 'None'
[0.495s] Level 5:colcon.colcon_core.verb:set package 'led_control' build argument 'catkin_cmake_args' from command line to 'None'
[0.495s] Level 5:colcon.colcon_core.verb:set package 'led_control' build argument 'catkin_skip_building_tests' from command line to 'False'
[0.495s] DEBUG:colcon.colcon_core.verb:Building package 'led_control' with the following arguments: {'ament_cmake_args': None, 'build_base': '/root/ros_ws/build/led_control', 'catkin_cmake_args': None, 'catkin_skip_building_tests': False, 'cmake_args': None, 'cmake_clean_cache': False, 'cmake_clean_first': False, 'cmake_force_configure': False, 'cmake_target': None, 'cmake_target_skip_unavailable': False, 'install_base': '/root/ros_ws/install/led_control', 'merge_install': False, 'path': '/root/ros_ws/src/led_control', 'symlink_install': False, 'test_result_base': None}
[0.497s] Level 5:colcon.colcon_core.verb:set package 'pi_hub_srvs' build argument 'cmake_args' from command line to 'None'
[0.497s] Level 5:colcon.colcon_core.verb:set package 'pi_hub_srvs' build argument 'cmake_target' from command line to 'None'
[0.497s] Level 5:colcon.colcon_core.verb:set package 'pi_hub_srvs' build argument 'cmake_target_skip_unavailable' from command line to 'False'
[0.497s] Level 5:colcon.colcon_core.verb:set package 'pi_hub_srvs' build argument 'cmake_clean_cache' from command line to 'False'
[0.497s] Level 5:colcon.colcon_core.verb:set package 'pi_hub_srvs' build argument 'cmake_clean_first' from command line to 'False'
[0.497s] Level 5:colcon.colcon_core.verb:set package 'pi_hub_srvs' build argument 'cmake_force_configure' from command line to 'False'
[0.498s] Level 5:colcon.colcon_core.verb:set package 'pi_hub_srvs' build argument 'ament_cmake_args' from command line to 'None'
[0.498s] Level 5:colcon.colcon_core.verb:set package 'pi_hub_srvs' build argument 'catkin_cmake_args' from command line to 'None'
[0.498s] Level 5:colcon.colcon_core.verb:set package 'pi_hub_srvs' build argument 'catkin_skip_building_tests' from command line to 'False'
[0.498s] DEBUG:colcon.colcon_core.verb:Building package 'pi_hub_srvs' with the following arguments: {'ament_cmake_args': None, 'build_base': '/root/ros_ws/build/pi_hub_srvs', 'catkin_cmake_args': None, 'catkin_skip_building_tests': False, 'cmake_args': None, 'cmake_clean_cache': False, 'cmake_clean_first': False, 'cmake_force_configure': False, 'cmake_target': None, 'cmake_target_skip_unavailable': False, 'install_base': '/root/ros_ws/install/pi_hub_srvs', 'merge_install': False, 'path': '/root/ros_ws/src/pi_hub_srvs', 'symlink_install': False, 'test_result_base': None}
[0.500s] Level 5:colcon.colcon_core.verb:set package 'pump_control' build argument 'cmake_args' from command line to 'None'
[0.500s] Level 5:colcon.colcon_core.verb:set package 'pump_control' build argument 'cmake_target' from command line to 'None'
[0.500s] Level 5:colcon.colcon_core.verb:set package 'pump_control' build argument 'cmake_target_skip_unavailable' from command line to 'False'
[0.500s] Level 5:colcon.colcon_core.verb:set package 'pump_control' build argument 'cmake_clean_cache' from command line to 'False'
[0.500s] Level 5:colcon.colcon_core.verb:set package 'pump_control' build argument 'cmake_clean_first' from command line to 'False'
[0.500s] Level 5:colcon.colcon_core.verb:set package 'pump_control' build argument 'cmake_force_configure' from command line to 'False'
[0.500s] Level 5:colcon.colcon_core.verb:set package 'pump_control' build argument 'ament_cmake_args' from command line to 'None'
[0.500s] Level 5:colcon.colcon_core.verb:set package 'pump_control' build argument 'catkin_cmake_args' from command line to 'None'
[0.500s] Level 5:colcon.colcon_core.verb:set package 'pump_control' build argument 'catkin_skip_building_tests' from command line to 'False'
[0.500s] DEBUG:colcon.colcon_core.verb:Building package 'pump_control' with the following arguments: {'ament_cmake_args': None, 'build_base': '/root/ros_ws/build/pump_control', 'catkin_cmake_args': None, 'catkin_skip_building_tests': False, 'cmake_args': None, 'cmake_clean_cache': False, 'cmake_clean_first': False, 'cmake_force_configure': False, 'cmake_target': None, 'cmake_target_skip_unavailable': False, 'install_base': '/root/ros_ws/install/pump_control', 'merge_install': False, 'path': '/root/ros_ws/src/pump_control', 'symlink_install': False, 'test_result_base': None}
[0.503s] Level 5:colcon.colcon_core.verb:set package 'pi_hub' build argument 'cmake_args' from command line to 'None'
[0.503s] Level 5:colcon.colcon_core.verb:set package 'pi_hub' build argument 'cmake_target' from command line to 'None'
[0.503s] Level 5:colcon.colcon_core.verb:set package 'pi_hub' build argument 'cmake_target_skip_unavailable' from command line to 'False'
[0.503s] Level 5:colcon.colcon_core.verb:set package 'pi_hub' build argument 'cmake_clean_cache' from command line to 'False'
[0.503s] Level 5:colcon.colcon_core.verb:set package 'pi_hub' build argument 'cmake_clean_first' from command line to 'False'
[0.503s] Level 5:colcon.colcon_core.verb:set package 'pi_hub' build argument 'cmake_force_configure' from command line to 'False'
[0.503s] Level 5:colcon.colcon_core.verb:set package 'pi_hub' build argument 'ament_cmake_args' from command line to 'None'
[0.503s] Level 5:colcon.colcon_core.verb:set package 'pi_hub' build argument 'catkin_cmake_args' from command line to 'None'
[0.503s] Level 5:colcon.colcon_core.verb:set package 'pi_hub' build argument 'catkin_skip_building_tests' from command line to 'False'
[0.503s] DEBUG:colcon.colcon_core.verb:Building package 'pi_hub' with the following arguments: {'ament_cmake_args': None, 'build_base': '/root/ros_ws/build/pi_hub', 'catkin_cmake_args': None, 'catkin_skip_building_tests': False, 'cmake_args': None, 'cmake_clean_cache': False, 'cmake_clean_first': False, 'cmake_force_configure': False, 'cmake_target': None, 'cmake_target_skip_unavailable': False, 'install_base': '/root/ros_ws/install/pi_hub', 'merge_install': False, 'path': '/root/ros_ws/src/pi_hub', 'symlink_install': False, 'test_result_base': None}
[0.505s] INFO:colcon.colcon_core.executor:Executing jobs using 'parallel' executor
[0.511s] DEBUG:colcon.colcon_parallel_executor.executor.parallel:run_until_complete
[0.511s] INFO:colcon.colcon_ros.task.ament_python.build:Building ROS package in '/root/ros_ws/src/led_control' with build type 'ament_python'
[0.512s] Level 1:colcon.colcon_core.shell:create_environment_hook('led_control', 'ament_prefix_path')
[0.522s] INFO:colcon.colcon_core.plugin_system:Skipping extension 'colcon_core.shell.bat': Not used on non-Windows systems
[0.523s] INFO:colcon.colcon_core.shell:Creating environment hook '/root/ros_ws/install/led_control/share/led_control/hook/ament_prefix_path.ps1'
[0.524s] INFO:colcon.colcon_core.shell:Creating environment descriptor '/root/ros_ws/install/led_control/share/led_control/hook/ament_prefix_path.dsv'
[0.525s] INFO:colcon.colcon_core.shell:Creating environment hook '/root/ros_ws/install/led_control/share/led_control/hook/ament_prefix_path.sh'
[0.528s] INFO:colcon.colcon_core.shell:Skip shell extension 'powershell' for command environment: Not usable outside of PowerShell
[0.528s] DEBUG:colcon.colcon_core.shell:Skip shell extension 'dsv' for command environment
[0.538s] INFO:colcon.colcon_ros.task.ament_python.build:Building ROS package in '/root/ros_ws/src/pump_control' with build type 'ament_python'
[0.538s] Level 1:colcon.colcon_core.shell:create_environment_hook('pump_control', 'ament_prefix_path')
[0.542s] INFO:colcon.colcon_core.shell:Creating environment hook '/root/ros_ws/install/pump_control/share/pump_control/hook/ament_prefix_path.ps1'
[0.543s] INFO:colcon.colcon_core.shell:Creating environment descriptor '/root/ros_ws/install/pump_control/share/pump_control/hook/ament_prefix_path.dsv'
[0.543s] INFO:colcon.colcon_core.shell:Creating environment hook '/root/ros_ws/install/pump_control/share/pump_control/hook/ament_prefix_path.sh'
[0.546s] INFO:colcon.colcon_core.shell:Skip shell extension 'powershell' for command environment: Not usable outside of PowerShell
[0.546s] DEBUG:colcon.colcon_core.shell:Skip shell extension 'dsv' for command environment
[0.556s] INFO:colcon.colcon_ros.task.ament_cmake.build:Building ROS package in '/root/ros_ws/src/pi_hub_srvs' with build type 'ament_cmake'
[0.557s] INFO:colcon.colcon_cmake.task.cmake.build:Building CMake package in '/root/ros_ws/src/pi_hub_srvs'
[0.562s] INFO:colcon.colcon_core.shell:Skip shell extension 'powershell' for command environment: Not usable outside of PowerShell
[0.562s] DEBUG:colcon.colcon_core.shell:Skip shell extension 'dsv' for command environment
[0.928s] INFO:colcon.colcon_core.task.python.build:Building Python package in '/root/ros_ws/src/led_control'
[0.931s] INFO:colcon.colcon_core.shell:Skip shell extension 'powershell' for command environment: Not usable outside of PowerShell
[0.931s] DEBUG:colcon.colcon_core.shell:Skip shell extension 'dsv' for command environment
[1.296s] INFO:colcon.colcon_core.task.python.build:Building Python package in '/root/ros_ws/src/pump_control'
[1.299s] INFO:colcon.colcon_core.shell:Skip shell extension 'powershell' for command environment: Not usable outside of PowerShell
[1.299s] DEBUG:colcon.colcon_core.shell:Skip shell extension 'dsv' for command environment
[1.313s] DEBUG:colcon.colcon_core.event_handler.log_command:Invoking command in '/root/ros_ws/build/pi_hub_srvs': CMAKE_PREFIX_PATH=${CMAKE_PREFIX_PATH}:/root/ros_ws/install/time_schedule:/root/ros_ws/install/pi_hub:/root/ros_ws/install/pump_control:/root/ros_ws/install/led_control:/root/ros_ws/install/gpio_conf:/opt/ros/humble /usr/bin/cmake --build /root/ros_ws/build/pi_hub_srvs -- -j4 -l4
[2.262s] DEBUG:colcon.colcon_core.event_handler.log_command:Invoking command in '/root/ros_ws/src/pump_control': PYTHONPATH=/root/ros_ws/build/pump_control/prefix_override:/root/ros_ws/install/pump_control/lib/python3.10/site-packages:${PYTHONPATH} /usr/bin/python3 setup.py egg_info --egg-base ../../build/pump_control build --build-base /root/ros_ws/build/pump_control/build install --record /root/ros_ws/build/pump_control/install.log --install-scripts $base/lib/pump_control --single-version-externally-managed
[2.712s] DEBUG:colcon.colcon_core.event_handler.log_command:Invoking command in '/root/ros_ws/src/led_control': PYTHONPATH=/root/ros_ws/build/led_control/prefix_override:/root/ros_ws/install/led_control/lib/python3.10/site-packages:${PYTHONPATH} /usr/bin/python3 setup.py egg_info --egg-base ../../build/led_control build --build-base /root/ros_ws/build/led_control/build install --record /root/ros_ws/build/led_control/install.log --install-scripts $base/lib/led_control --single-version-externally-managed
[2.954s] DEBUG:colcon.colcon_core.event_handler.log_command:Invoked command in '/root/ros_ws/build/pi_hub_srvs' returned '0': CMAKE_PREFIX_PATH=${CMAKE_PREFIX_PATH}:/root/ros_ws/install/time_schedule:/root/ros_ws/install/pi_hub:/root/ros_ws/install/pump_control:/root/ros_ws/install/led_control:/root/ros_ws/install/gpio_conf:/opt/ros/humble /usr/bin/cmake --build /root/ros_ws/build/pi_hub_srvs -- -j4 -l4
[3.054s] DEBUG:colcon.colcon_core.event_handler.log_command:Invoked command in '/root/ros_ws/src/pump_control' returned '0': PYTHONPATH=/root/ros_ws/build/pump_control/prefix_override:/root/ros_ws/install/pump_control/lib/python3.10/site-packages:${PYTHONPATH} /usr/bin/python3 setup.py egg_info --egg-base ../../build/pump_control build --build-base /root/ros_ws/build/pump_control/build install --record /root/ros_ws/build/pump_control/install.log --install-scripts $base/lib/pump_control --single-version-externally-managed
[3.066s] Level 1:colcon.colcon_core.environment:checking '/root/ros_ws/install/pump_control' for CMake module files
[3.070s] Level 1:colcon.colcon_core.environment:checking '/root/ros_ws/install/pump_control' for CMake config files
[3.073s] Level 1:colcon.colcon_core.environment:checking '/root/ros_ws/install/pump_control/lib'
[3.073s] Level 1:colcon.colcon_core.environment:checking '/root/ros_ws/install/pump_control/bin'
[3.074s] Level 1:colcon.colcon_core.environment:checking '/root/ros_ws/install/pump_control/lib/pkgconfig/pump_control.pc'
[3.075s] Level 1:colcon.colcon_core.environment:checking '/root/ros_ws/install/pump_control/lib/python3.10/site-packages'
[3.076s] Level 1:colcon.colcon_core.shell:create_environment_hook('pump_control', 'pythonpath')
[3.079s] INFO:colcon.colcon_core.shell:Creating environment hook '/root/ros_ws/install/pump_control/share/pump_control/hook/pythonpath.ps1'
[3.081s] INFO:colcon.colcon_core.shell:Creating environment descriptor '/root/ros_ws/install/pump_control/share/pump_control/hook/pythonpath.dsv'
[3.082s] INFO:colcon.colcon_core.shell:Creating environment hook '/root/ros_ws/install/pump_control/share/pump_control/hook/pythonpath.sh'
[3.084s] Level 1:colcon.colcon_core.environment:checking '/root/ros_ws/install/pump_control/bin'
[3.089s] Level 1:colcon.colcon_core.environment:create_environment_scripts_only(pump_control)
[3.096s] INFO:colcon.colcon_core.shell:Creating package script '/root/ros_ws/install/pump_control/share/pump_control/package.ps1'
[3.104s] INFO:colcon.colcon_core.shell:Creating package descriptor '/root/ros_ws/install/pump_control/share/pump_control/package.dsv'
[3.108s] INFO:colcon.colcon_core.shell:Creating package script '/root/ros_ws/install/pump_control/share/pump_control/package.sh'
[3.117s] INFO:colcon.colcon_core.shell:Creating package script '/root/ros_ws/install/pump_control/share/pump_control/package.bash'
[3.119s] INFO:colcon.colcon_core.shell:Creating package script '/root/ros_ws/install/pump_control/share/pump_control/package.zsh'
[3.121s] Level 1:colcon.colcon_core.environment:create_file_with_runtime_dependencies(/root/ros_ws/install/pump_control/share/colcon-core/packages/pump_control)
[3.647s] Level 1:colcon.colcon_core.environment:checking '/root/ros_ws/install/led_control' for CMake module files
[3.648s] DEBUG:colcon.colcon_core.event_handler.log_command:Invoked command in '/root/ros_ws/src/led_control' returned '0': PYTHONPATH=/root/ros_ws/build/led_control/prefix_override:/root/ros_ws/install/led_control/lib/python3.10/site-packages:${PYTHONPATH} /usr/bin/python3 setup.py egg_info --egg-base ../../build/led_control build --build-base /root/ros_ws/build/led_control/build install --record /root/ros_ws/build/led_control/install.log --install-scripts $base/lib/led_control --single-version-externally-managed
[3.656s] Level 1:colcon.colcon_core.environment:checking '/root/ros_ws/install/led_control' for CMake config files
[3.659s] Level 1:colcon.colcon_core.environment:checking '/root/ros_ws/install/led_control/lib'
[3.660s] Level 1:colcon.colcon_core.environment:checking '/root/ros_ws/install/led_control/bin'
[3.660s] Level 1:colcon.colcon_core.environment:checking '/root/ros_ws/install/led_control/lib/pkgconfig/led_control.pc'
[3.660s] Level 1:colcon.colcon_core.environment:checking '/root/ros_ws/install/led_control/lib/python3.10/site-packages'
[3.661s] Level 1:colcon.colcon_core.shell:create_environment_hook('led_control', 'pythonpath')
[3.665s] INFO:colcon.colcon_core.shell:Creating environment hook '/root/ros_ws/install/led_control/share/led_control/hook/pythonpath.ps1'
[3.666s] INFO:colcon.colcon_core.shell:Creating environment descriptor '/root/ros_ws/install/led_control/share/led_control/hook/pythonpath.dsv'
[3.666s] INFO:colcon.colcon_core.shell:Creating environment hook '/root/ros_ws/install/led_control/share/led_control/hook/pythonpath.sh'
[3.667s] Level 1:colcon.colcon_core.environment:checking '/root/ros_ws/install/led_control/bin'
[3.667s] Level 1:colcon.colcon_core.environment:create_environment_scripts_only(led_control)
[3.670s] INFO:colcon.colcon_core.shell:Creating package script '/root/ros_ws/install/led_control/share/led_control/package.ps1'
[3.672s] INFO:colcon.colcon_core.shell:Creating package descriptor '/root/ros_ws/install/led_control/share/led_control/package.dsv'
[3.674s] INFO:colcon.colcon_core.shell:Creating package script '/root/ros_ws/install/led_control/share/led_control/package.sh'
[3.675s] INFO:colcon.colcon_core.shell:Creating package script '/root/ros_ws/install/led_control/share/led_control/package.bash'
[3.677s] INFO:colcon.colcon_core.shell:Creating package script '/root/ros_ws/install/led_control/share/led_control/package.zsh'
[3.678s] Level 1:colcon.colcon_core.environment:create_file_with_runtime_dependencies(/root/ros_ws/install/led_control/share/colcon-core/packages/led_control)
[3.680s] INFO:colcon.colcon_ros.task.ament_python.build:Building ROS package in '/root/ros_ws/src/pi_hub' with build type 'ament_python'
[3.681s] Level 1:colcon.colcon_core.shell:create_environment_hook('pi_hub', 'ament_prefix_path')
[3.683s] INFO:colcon.colcon_core.shell:Creating environment hook '/root/ros_ws/install/pi_hub/share/pi_hub/hook/ament_prefix_path.ps1'
[3.686s] INFO:colcon.colcon_core.shell:Creating environment descriptor '/root/ros_ws/install/pi_hub/share/pi_hub/hook/ament_prefix_path.dsv'
[3.689s] INFO:colcon.colcon_core.shell:Creating environment hook '/root/ros_ws/install/pi_hub/share/pi_hub/hook/ament_prefix_path.sh'
[3.694s] INFO:colcon.colcon_core.shell:Skip shell extension 'powershell' for command environment: Not usable outside of PowerShell
[3.694s] DEBUG:colcon.colcon_core.shell:Skip shell extension 'dsv' for command environment
[3.737s] DEBUG:colcon.colcon_core.event_handler.log_command:Invoking command in '/root/ros_ws/build/pi_hub_srvs': CMAKE_PREFIX_PATH=${CMAKE_PREFIX_PATH}:/root/ros_ws/install/time_schedule:/root/ros_ws/install/pi_hub:/root/ros_ws/install/pump_control:/root/ros_ws/install/led_control:/root/ros_ws/install/gpio_conf:/opt/ros/humble /usr/bin/cmake --install /root/ros_ws/build/pi_hub_srvs
[4.538s] INFO:colcon.colcon_core.task.python.build:Building Python package in '/root/ros_ws/src/pi_hub'
[4.543s] INFO:colcon.colcon_core.shell:Skip shell extension 'powershell' for command environment: Not usable outside of PowerShell
[4.543s] DEBUG:colcon.colcon_core.shell:Skip shell extension 'dsv' for command environment
[4.567s] Level 1:colcon.colcon_core.environment:create_environment_scripts_only(pi_hub_srvs)
[4.568s] DEBUG:colcon.colcon_core.event_handler.log_command:Invoked command in '/root/ros_ws/build/pi_hub_srvs' returned '0': CMAKE_PREFIX_PATH=${CMAKE_PREFIX_PATH}:/root/ros_ws/install/time_schedule:/root/ros_ws/install/pi_hub:/root/ros_ws/install/pump_control:/root/ros_ws/install/led_control:/root/ros_ws/install/gpio_conf:/opt/ros/humble /usr/bin/cmake --install /root/ros_ws/build/pi_hub_srvs
[4.576s] Level 1:colcon.colcon_core.environment:checking '/root/ros_ws/install/pi_hub_srvs' for CMake module files
[4.578s] Level 1:colcon.colcon_core.environment:checking '/root/ros_ws/install/pi_hub_srvs' for CMake config files
[4.579s] Level 1:colcon.colcon_core.shell:create_environment_hook('pi_hub_srvs', 'cmake_prefix_path')
[4.582s] INFO:colcon.colcon_core.shell:Creating environment hook '/root/ros_ws/install/pi_hub_srvs/share/pi_hub_srvs/hook/cmake_prefix_path.ps1'
[4.583s] INFO:colcon.colcon_core.shell:Creating environment descriptor '/root/ros_ws/install/pi_hub_srvs/share/pi_hub_srvs/hook/cmake_prefix_path.dsv'
[4.584s] INFO:colcon.colcon_core.shell:Creating environment hook '/root/ros_ws/install/pi_hub_srvs/share/pi_hub_srvs/hook/cmake_prefix_path.sh'
[4.586s] Level 1:colcon.colcon_core.environment:checking '/root/ros_ws/install/pi_hub_srvs/lib'
[4.586s] Level 1:colcon.colcon_core.shell:create_environment_hook('pi_hub_srvs', 'ld_library_path_lib')
[4.591s] INFO:colcon.colcon_core.shell:Creating environment hook '/root/ros_ws/install/pi_hub_srvs/share/pi_hub_srvs/hook/ld_library_path_lib.ps1'
[4.593s] INFO:colcon.colcon_core.shell:Creating environment descriptor '/root/ros_ws/install/pi_hub_srvs/share/pi_hub_srvs/hook/ld_library_path_lib.dsv'
[4.594s] INFO:colcon.colcon_core.shell:Creating environment hook '/root/ros_ws/install/pi_hub_srvs/share/pi_hub_srvs/hook/ld_library_path_lib.sh'
[4.595s] Level 1:colcon.colcon_core.environment:checking '/root/ros_ws/install/pi_hub_srvs/bin'
[4.595s] Level 1:colcon.colcon_core.environment:checking '/root/ros_ws/install/pi_hub_srvs/lib/pkgconfig/pi_hub_srvs.pc'
[4.596s] Level 1:colcon.colcon_core.environment:checking '/root/ros_ws/install/pi_hub_srvs/lib/python3.10/site-packages'
[4.597s] Level 1:colcon.colcon_core.environment:checking '/root/ros_ws/install/pi_hub_srvs/bin'
[4.600s] INFO:colcon.colcon_core.shell:Creating package script '/root/ros_ws/install/pi_hub_srvs/share/pi_hub_srvs/package.ps1'
[4.602s] INFO:colcon.colcon_core.shell:Creating package descriptor '/root/ros_ws/install/pi_hub_srvs/share/pi_hub_srvs/package.dsv'
[4.606s] INFO:colcon.colcon_core.shell:Creating package script '/root/ros_ws/install/pi_hub_srvs/share/pi_hub_srvs/package.sh'
[4.609s] INFO:colcon.colcon_core.shell:Creating package script '/root/ros_ws/install/pi_hub_srvs/share/pi_hub_srvs/package.bash'
[4.611s] INFO:colcon.colcon_core.shell:Creating package script '/root/ros_ws/install/pi_hub_srvs/share/pi_hub_srvs/package.zsh'
[4.612s] Level 1:colcon.colcon_core.environment:create_file_with_runtime_dependencies(/root/ros_ws/install/pi_hub_srvs/share/colcon-core/packages/pi_hub_srvs)
[4.942s] Level 1:colcon.colcon_core.environment:create_environment_scripts_only(pi_hub_srvs)
[4.947s] Level 1:colcon.colcon_core.environment:checking '/root/ros_ws/install/pi_hub_srvs' for CMake module files
[4.948s] Level 1:colcon.colcon_core.environment:checking '/root/ros_ws/install/pi_hub_srvs' for CMake config files
[4.950s] Level 1:colcon.colcon_core.shell:create_environment_hook('pi_hub_srvs', 'cmake_prefix_path')
[4.957s] INFO:colcon.colcon_core.shell:Creating environment hook '/root/ros_ws/install/pi_hub_srvs/share/pi_hub_srvs/hook/cmake_prefix_path.ps1'
[4.958s] INFO:colcon.colcon_core.shell:Creating environment descriptor '/root/ros_ws/install/pi_hub_srvs/share/pi_hub_srvs/hook/cmake_prefix_path.dsv'
[4.959s] INFO:colcon.colcon_core.shell:Creating environment hook '/root/ros_ws/install/pi_hub_srvs/share/pi_hub_srvs/hook/cmake_prefix_path.sh'
[4.961s] Level 1:colcon.colcon_core.environment:checking '/root/ros_ws/install/pi_hub_srvs/lib'
[4.961s] Level 1:colcon.colcon_core.shell:create_environment_hook('pi_hub_srvs', 'ld_library_path_lib')
[4.964s] INFO:colcon.colcon_core.shell:Creating environment hook '/root/ros_ws/install/pi_hub_srvs/share/pi_hub_srvs/hook/ld_library_path_lib.ps1'
[4.965s] INFO:colcon.colcon_core.shell:Creating environment descriptor '/root/ros_ws/install/pi_hub_srvs/share/pi_hub_srvs/hook/ld_library_path_lib.dsv'
[4.966s] INFO:colcon.colcon_core.shell:Creating environment hook '/root/ros_ws/install/pi_hub_srvs/share/pi_hub_srvs/hook/ld_library_path_lib.sh'
[4.967s] Level 1:colcon.colcon_core.environment:checking '/root/ros_ws/install/pi_hub_srvs/bin'
[4.967s] Level 1:colcon.colcon_core.environment:checking '/root/ros_ws/install/pi_hub_srvs/lib/pkgconfig/pi_hub_srvs.pc'
[4.968s] Level 1:colcon.colcon_core.environment:checking '/root/ros_ws/install/pi_hub_srvs/lib/python3.10/site-packages'
[4.969s] Level 1:colcon.colcon_core.environment:checking '/root/ros_ws/install/pi_hub_srvs/bin'
[4.974s] INFO:colcon.colcon_core.shell:Creating package script '/root/ros_ws/install/pi_hub_srvs/share/pi_hub_srvs/package.ps1'
[4.975s] INFO:colcon.colcon_core.shell:Creating package descriptor '/root/ros_ws/install/pi_hub_srvs/share/pi_hub_srvs/package.dsv'
[4.976s] INFO:colcon.colcon_core.shell:Creating package script '/root/ros_ws/install/pi_hub_srvs/share/pi_hub_srvs/package.sh'
[4.977s] INFO:colcon.colcon_core.shell:Creating package script '/root/ros_ws/install/pi_hub_srvs/share/pi_hub_srvs/package.bash'
[4.978s] INFO:colcon.colcon_core.shell:Creating package script '/root/ros_ws/install/pi_hub_srvs/share/pi_hub_srvs/package.zsh'
[4.979s] Level 1:colcon.colcon_core.environment:create_file_with_runtime_dependencies(/root/ros_ws/install/pi_hub_srvs/share/colcon-core/packages/pi_hub_srvs)
[5.459s] DEBUG:colcon.colcon_core.event_handler.log_command:Invoking command in '/root/ros_ws/src/pi_hub': AMENT_PREFIX_PATH=/root/ros_ws/install/pump_control:/root/ros_ws/install/led_control:/root/ros_ws/install/time_schedule:/root/ros_ws/install/pi_hub:/root/ros_ws/install/pi_hub_srvs:/root/ros_ws/install/gpio_conf:/opt/ros/humble PYTHONPATH=/root/ros_ws/build/pi_hub/prefix_override:/root/ros_ws/install/pi_hub/lib/python3.10/site-packages:/root/ros_ws/install/pump_control/lib/python3.10/site-packages:/root/ros_ws/install/led_control/lib/python3.10/site-packages:/root/ros_ws/install/time_schedule/lib/python3.10/site-packages:/root/ros_ws/install/pi_hub/lib/python3.10/site-packages:/root/ros_ws/install/pi_hub_srvs/local/lib/python3.10/dist-packages:/root/ros_ws/install/gpio_conf/lib/python3.10/site-packages:/opt/ros/humble/lib/python3.10/site-packages:/opt/ros/humble/local/lib/python3.10/dist-packages /usr/bin/python3 setup.py egg_info --egg-base ../../build/pi_hub build --build-base /root/ros_ws/build/pi_hub/build install --record /root/ros_ws/build/pi_hub/install.log --install-scripts $base/lib/pi_hub --single-version-externally-managed
[6.099s] Level 1:colcon.colcon_core.environment:checking '/root/ros_ws/install/pi_hub' for CMake module files
[6.101s] DEBUG:colcon.colcon_core.event_handler.log_command:Invoked command in '/root/ros_ws/src/pi_hub' returned '0': AMENT_PREFIX_PATH=/root/ros_ws/install/pump_control:/root/ros_ws/install/led_control:/root/ros_ws/install/time_schedule:/root/ros_ws/install/pi_hub:/root/ros_ws/install/pi_hub_srvs:/root/ros_ws/install/gpio_conf:/opt/ros/humble PYTHONPATH=/root/ros_ws/build/pi_hub/prefix_override:/root/ros_ws/install/pi_hub/lib/python3.10/site-packages:/root/ros_ws/install/pump_control/lib/python3.10/site-packages:/root/ros_ws/install/led_control/lib/python3.10/site-packages:/root/ros_ws/install/time_schedule/lib/python3.10/site-packages:/root/ros_ws/install/pi_hub/lib/python3.10/site-packages:/root/ros_ws/install/pi_hub_srvs/local/lib/python3.10/dist-packages:/root/ros_ws/install/gpio_conf/lib/python3.10/site-packages:/opt/ros/humble/lib/python3.10/site-packages:/opt/ros/humble/local/lib/python3.10/dist-packages /usr/bin/python3 setup.py egg_info --egg-base ../../build/pi_hub build --build-base /root/ros_ws/build/pi_hub/build install --record /root/ros_ws/build/pi_hub/install.log --install-scripts $base/lib/pi_hub --single-version-externally-managed
[6.102s] Level 1:colcon.colcon_core.environment:checking '/root/ros_ws/install/pi_hub' for CMake config files
[6.103s] Level 1:colcon.colcon_core.environment:checking '/root/ros_ws/install/pi_hub/lib'
[6.104s] Level 1:colcon.colcon_core.environment:checking '/root/ros_ws/install/pi_hub/bin'
[6.104s] Level 1:colcon.colcon_core.environment:checking '/root/ros_ws/install/pi_hub/lib/pkgconfig/pi_hub.pc'
[6.104s] Level 1:colcon.colcon_core.environment:checking '/root/ros_ws/install/pi_hub/lib/python3.10/site-packages'
[6.105s] Level 1:colcon.colcon_core.shell:create_environment_hook('pi_hub', 'pythonpath')
[6.109s] INFO:colcon.colcon_core.shell:Creating environment hook '/root/ros_ws/install/pi_hub/share/pi_hub/hook/pythonpath.ps1'
[6.111s] INFO:colcon.colcon_core.shell:Creating environment descriptor '/root/ros_ws/install/pi_hub/share/pi_hub/hook/pythonpath.dsv'
[6.112s] INFO:colcon.colcon_core.shell:Creating environment hook '/root/ros_ws/install/pi_hub/share/pi_hub/hook/pythonpath.sh'
[6.113s] Level 1:colcon.colcon_core.environment:checking '/root/ros_ws/install/pi_hub/bin'
[6.114s] Level 1:colcon.colcon_core.environment:create_environment_scripts_only(pi_hub)
[6.116s] INFO:colcon.colcon_core.shell:Creating package script '/root/ros_ws/install/pi_hub/share/pi_hub/package.ps1'
[6.118s] INFO:colcon.colcon_core.shell:Creating package descriptor '/root/ros_ws/install/pi_hub/share/pi_hub/package.dsv'
[6.120s] INFO:colcon.colcon_core.shell:Creating package script '/root/ros_ws/install/pi_hub/share/pi_hub/package.sh'
[6.123s] INFO:colcon.colcon_core.shell:Creating package script '/root/ros_ws/install/pi_hub/share/pi_hub/package.bash'
[6.124s] INFO:colcon.colcon_core.shell:Creating package script '/root/ros_ws/install/pi_hub/share/pi_hub/package.zsh'
[6.125s] Level 1:colcon.colcon_core.environment:create_file_with_runtime_dependencies(/root/ros_ws/install/pi_hub/share/colcon-core/packages/pi_hub)
[6.125s] DEBUG:colcon.colcon_parallel_executor.executor.parallel:closing loop
[6.126s] DEBUG:colcon.colcon_parallel_executor.executor.parallel:loop closed
[6.126s] DEBUG:colcon.colcon_parallel_executor.executor.parallel:run_until_complete finished with '0'
[6.126s] DEBUG:colcon.colcon_core.event_reactor:joining thread
[6.141s] INFO:colcon.colcon_core.plugin_system:Skipping extension 'colcon_notification.desktop_notification.notify_send': Could not find 'notify-send'
[6.142s] INFO:colcon.colcon_core.plugin_system:Skipping extension 'colcon_notification.desktop_notification.terminal_notifier': Not used on non-Darwin systems
[6.142s] INFO:colcon.colcon_core.plugin_system:Skipping extension 'colcon_notification.desktop_notification.win32': Not used on non-Windows systems
[6.142s] INFO:colcon.colcon_notification.desktop_notification:Sending desktop notification using 'notify2'
[6.142s] DEBUG:colcon.colcon_notification.desktop_notification.notify2:Failed to initialize notify2: org.freedesktop.DBus.Error.NotSupported: Unable to autolaunch a dbus-daemon without a $DISPLAY for X11
[6.142s] DEBUG:colcon.colcon_core.event_reactor:joined thread
[6.145s] INFO:colcon.colcon_core.shell:Creating prefix script '/root/ros_ws/install/local_setup.ps1'
[6.147s] INFO:colcon.colcon_core.shell:Creating prefix util module '/root/ros_ws/install/_local_setup_util_ps1.py'
[6.150s] INFO:colcon.colcon_core.shell:Creating prefix chain script '/root/ros_ws/install/setup.ps1'
[6.153s] INFO:colcon.colcon_core.shell:Creating prefix script '/root/ros_ws/install/local_setup.sh'
[6.155s] INFO:colcon.colcon_core.shell:Creating prefix util module '/root/ros_ws/install/_local_setup_util_sh.py'
[6.157s] INFO:colcon.colcon_core.shell:Creating prefix chain script '/root/ros_ws/install/setup.sh'
[6.161s] INFO:colcon.colcon_core.shell:Creating prefix script '/root/ros_ws/install/local_setup.bash'
[6.162s] INFO:colcon.colcon_core.shell:Creating prefix chain script '/root/ros_ws/install/setup.bash'
[6.165s] INFO:colcon.colcon_core.shell:Creating prefix script '/root/ros_ws/install/local_setup.zsh'
[6.166s] INFO:colcon.colcon_core.shell:Creating prefix chain script '/root/ros_ws/install/setup.zsh'
