[2.845s] Invoking command in '/root/ros_ws/src/led_control': PYTHONPATH=/root/ros_ws/build/led_control/prefix_override:/root/ros_ws/install/led_control/lib/python3.10/site-packages:${PYTHONPATH} /usr/bin/python3 setup.py egg_info --egg-base ../../build/led_control build --build-base /root/ros_ws/build/led_control/build install --record /root/ros_ws/build/led_control/install.log --install-scripts $base/lib/led_control --single-version-externally-managed
[3.569s] /usr/lib/python3/dist-packages/setuptools/dist.py:723: UserWarning: Usage of dash-separated 'script-dir' will not be supported in future versions. Please use the underscore name 'script_dir' instead
[3.570s]   warnings.warn(
[3.631s] running egg_info
[3.632s] writing ../../build/led_control/led_control.egg-info/PKG-INFO
[3.633s] writing dependency_links to ../../build/led_control/led_control.egg-info/dependency_links.txt
[3.654s] writing entry points to ../../build/led_control/led_control.egg-info/entry_points.txt
[3.659s] writing requirements to ../../build/led_control/led_control.egg-info/requires.txt
[3.659s] writing top-level names to ../../build/led_control/led_control.egg-info/top_level.txt
[3.660s] reading manifest file '../../build/led_control/led_control.egg-info/SOURCES.txt'
[3.661s] writing manifest file '../../build/led_control/led_control.egg-info/SOURCES.txt'
[3.661s] running build
[3.661s] running build_py
[3.678s] running install
[3.679s] running install_lib
[3.681s] /usr/lib/python3/dist-packages/setuptools/command/install.py:34: SetuptoolsDeprecationWarning: setup.py install is deprecated. Use build and pip and other standards-based tools.
[3.681s]   warnings.warn(
[3.693s] running install_data
[3.695s] running install_egg_info
[3.724s] removing '/root/ros_ws/install/led_control/lib/python3.10/site-packages/led_control-0.0.0-py3.10.egg-info' (and everything under it)
[3.728s] Copying ../../build/led_control/led_control.egg-info to /root/ros_ws/install/led_control/lib/python3.10/site-packages/led_control-0.0.0-py3.10.egg-info
[3.741s] running install_scripts
[3.962s] Installing led_control_node script to /root/ros_ws/install/led_control/lib/led_control
[3.963s] writing list of installed files to '/root/ros_ws/build/led_control/install.log'
[4.057s] Invoked command in '/root/ros_ws/src/led_control' returned '0': PYTHONPATH=/root/ros_ws/build/led_control/prefix_override:/root/ros_ws/install/led_control/lib/python3.10/site-packages:${PYTHONPATH} /usr/bin/python3 setup.py egg_info --egg-base ../../build/led_control build --build-base /root/ros_ws/build/led_control/build install --record /root/ros_ws/build/led_control/install.log --install-scripts $base/lib/led_control --single-version-externally-managed
