[1.067s] Invoking command in '/root/ros_ws/src/led_control': PYTHONPATH=/root/ros_ws/build/led_control/prefix_override:/root/ros_ws/install/led_control/lib/python3.10/site-packages:${PYTHONPATH} /usr/bin/python3 setup.py egg_info --egg-base ../../build/led_control build --build-base /root/ros_ws/build/led_control/build install --record /root/ros_ws/build/led_control/install.log --install-scripts $base/lib/led_control --single-version-externally-managed
[1.227s] /usr/lib/python3/dist-packages/setuptools/dist.py:723: UserWarning: Usage of dash-separated 'script-dir' will not be supported in future versions. Please use the underscore name 'script_dir' instead
[1.227s]   warnings.warn(
[1.233s] running egg_info
[1.233s] writing ../../build/led_control/led_control.egg-info/PKG-INFO
[1.233s] writing dependency_links to ../../build/led_control/led_control.egg-info/dependency_links.txt
[1.234s] writing entry points to ../../build/led_control/led_control.egg-info/entry_points.txt
[1.234s] writing requirements to ../../build/led_control/led_control.egg-info/requires.txt
[1.234s] writing top-level names to ../../build/led_control/led_control.egg-info/top_level.txt
[1.235s] reading manifest file '../../build/led_control/led_control.egg-info/SOURCES.txt'
[1.235s] writing manifest file '../../build/led_control/led_control.egg-info/SOURCES.txt'
[1.235s] running build
[1.236s] running build_py
[1.236s] running install
[1.236s] /usr/lib/python3/dist-packages/setuptools/command/install.py:34: SetuptoolsDeprecationWarning: setup.py install is deprecated. Use build and pip and other standards-based tools.
[1.236s]   warnings.warn(
[1.236s] running install_lib
[1.237s] running install_data
[1.237s] running install_egg_info
[1.238s] removing '/root/ros_ws/install/led_control/lib/python3.10/site-packages/led_control-0.0.0-py3.10.egg-info' (and everything under it)
[1.239s] Copying ../../build/led_control/led_control.egg-info to /root/ros_ws/install/led_control/lib/python3.10/site-packages/led_control-0.0.0-py3.10.egg-info
[1.239s] running install_scripts
[1.255s] Installing led_control_node script to /root/ros_ws/install/led_control/lib/led_control
[1.255s] writing list of installed files to '/root/ros_ws/build/led_control/install.log'
[1.282s] Invoked command in '/root/ros_ws/src/led_control' returned '0': PYTHONPATH=/root/ros_ws/build/led_control/prefix_override:/root/ros_ws/install/led_control/lib/python3.10/site-packages:${PYTHONPATH} /usr/bin/python3 setup.py egg_info --egg-base ../../build/led_control build --build-base /root/ros_ws/build/led_control/build install --record /root/ros_ws/build/led_control/install.log --install-scripts $base/lib/led_control --single-version-externally-managed
