[1.847s] Invoking command in '/root/ros_ws/src/led_control': PYTHONPATH=/root/ros_ws/build/led_control/prefix_override:/root/ros_ws/install/led_control/lib/python3.10/site-packages:${PYTHONPATH} /usr/bin/python3 setup.py egg_info --egg-base ../../build/led_control build --build-base /root/ros_ws/build/led_control/build install --record /root/ros_ws/build/led_control/install.log --install-scripts $base/lib/led_control --single-version-externally-managed
[2.450s] /usr/lib/python3/dist-packages/setuptools/dist.py:723: UserWarning: Usage of dash-separated 'script-dir' will not be supported in future versions. Please use the underscore name 'script_dir' instead
[2.450s]   warnings.warn(
[2.485s] running egg_info
[2.502s] writing ../../build/led_control/led_control.egg-info/PKG-INFO
[2.503s] writing dependency_links to ../../build/led_control/led_control.egg-info/dependency_links.txt
[2.509s] writing entry points to ../../build/led_control/led_control.egg-info/entry_points.txt
[2.509s] writing requirements to ../../build/led_control/led_control.egg-info/requires.txt
[2.509s] writing top-level names to ../../build/led_control/led_control.egg-info/top_level.txt
[2.513s] reading manifest file '../../build/led_control/led_control.egg-info/SOURCES.txt'
[2.513s] writing manifest file '../../build/led_control/led_control.egg-info/SOURCES.txt'
[2.514s] running build
[2.514s] running build_py
[2.522s] /usr/lib/python3/dist-packages/setuptools/command/install.py:34: SetuptoolsDeprecationWarning: setup.py install is deprecated. Use build and pip and other standards-based tools.
[2.523s]   warnings.warn(
[2.523s] running install
[2.525s] running install_lib
[2.527s] running install_data
[2.529s] running install_egg_info
[2.545s] removing '/root/ros_ws/install/led_control/lib/python3.10/site-packages/led_control-0.0.0-py3.10.egg-info' (and everything under it)
[2.552s] Copying ../../build/led_control/led_control.egg-info to /root/ros_ws/install/led_control/lib/python3.10/site-packages/led_control-0.0.0-py3.10.egg-info
[2.560s] running install_scripts
[2.604s] Installing led_control_node script to /root/ros_ws/install/led_control/lib/led_control
[2.604s] writing list of installed files to '/root/ros_ws/build/led_control/install.log'
[2.709s] Invoked command in '/root/ros_ws/src/led_control' returned '0': PYTHONPATH=/root/ros_ws/build/led_control/prefix_override:/root/ros_ws/install/led_control/lib/python3.10/site-packages:${PYTHONPATH} /usr/bin/python3 setup.py egg_info --egg-base ../../build/led_control build --build-base /root/ros_ws/build/led_control/build install --record /root/ros_ws/build/led_control/install.log --install-scripts $base/lib/led_control --single-version-externally-managed
