[1.993s] Invoking command in '/root/ros_ws/src/pump_control': PYTHONPATH=/root/ros_ws/build/pump_control/prefix_override:/root/ros_ws/install/pump_control/lib/python3.10/site-packages:${PYTHONPATH} /usr/bin/python3 setup.py egg_info --egg-base ../../build/pump_control build --build-base /root/ros_ws/build/pump_control/build install --record /root/ros_ws/build/pump_control/install.log --install-scripts $base/lib/pump_control --single-version-externally-managed
[2.866s] /usr/lib/python3/dist-packages/setuptools/dist.py:723: UserWarning: Usage of dash-separated 'script-dir' will not be supported in future versions. Please use the underscore name 'script_dir' instead
[2.866s]   warnings.warn(
[2.997s] running egg_info
[3.011s] writing ../../build/pump_control/pump_control.egg-info/PKG-INFO
[3.012s] writing dependency_links to ../../build/pump_control/pump_control.egg-info/dependency_links.txt
[3.054s] writing entry points to ../../build/pump_control/pump_control.egg-info/entry_points.txt
[3.057s] writing requirements to ../../build/pump_control/pump_control.egg-info/requires.txt
[3.058s] writing top-level names to ../../build/pump_control/pump_control.egg-info/top_level.txt
[3.094s] reading manifest file '../../build/pump_control/pump_control.egg-info/SOURCES.txt'
[3.096s] writing manifest file '../../build/pump_control/pump_control.egg-info/SOURCES.txt'
[3.108s] running build
[3.108s] running build_py
[3.108s] copying pump_control/pump_control_node.py -> /root/ros_ws/build/pump_control/build/lib/pump_control
[3.114s] running install
[3.115s] running install_lib
[3.115s] copying /root/ros_ws/build/pump_control/build/lib/pump_control/pump_control_node.py -> /root/ros_ws/install/pump_control/lib/python3.10/site-packages/pump_control
[3.115s] /usr/lib/python3/dist-packages/setuptools/command/install.py:34: SetuptoolsDeprecationWarning: setup.py install is deprecated. Use build and pip and other standards-based tools.
[3.115s]   warnings.warn(
[3.123s] byte-compiling /root/ros_ws/install/pump_control/lib/python3.10/site-packages/pump_control/pump_control_node.py to pump_control_node.cpython-310.pyc
[3.147s] running install_data
[3.158s] running install_egg_info
[3.161s] removing '/root/ros_ws/install/pump_control/lib/python3.10/site-packages/pump_control-0.0.0-py3.10.egg-info' (and everything under it)
[3.169s] Copying ../../build/pump_control/pump_control.egg-info to /root/ros_ws/install/pump_control/lib/python3.10/site-packages/pump_control-0.0.0-py3.10.egg-info
[3.208s] running install_scripts
[3.295s] Installing pump_control_node script to /root/ros_ws/install/pump_control/lib/pump_control
[3.296s] writing list of installed files to '/root/ros_ws/build/pump_control/install.log'
[3.382s] Invoked command in '/root/ros_ws/src/pump_control' returned '0': PYTHONPATH=/root/ros_ws/build/pump_control/prefix_override:/root/ros_ws/install/pump_control/lib/python3.10/site-packages:${PYTHONPATH} /usr/bin/python3 setup.py egg_info --egg-base ../../build/pump_control build --build-base /root/ros_ws/build/pump_control/build install --record /root/ros_ws/build/pump_control/install.log --install-scripts $base/lib/pump_control --single-version-externally-managed
