[2.267s] Invoking command in '/root/ros_ws/src/pump_control': PYTHONPATH=/root/ros_ws/build/pump_control/prefix_override:/root/ros_ws/install/pump_control/lib/python3.10/site-packages:${PYTHONPATH} /usr/bin/python3 setup.py egg_info --egg-base ../../build/pump_control build --build-base /root/ros_ws/build/pump_control/build install --record /root/ros_ws/build/pump_control/install.log --install-scripts $base/lib/pump_control --single-version-externally-managed
[2.956s] /usr/lib/python3/dist-packages/setuptools/dist.py:723: UserWarning: Usage of dash-separated 'script-dir' will not be supported in future versions. Please use the underscore name 'script_dir' instead
[2.957s]   warnings.warn(
[2.982s] running egg_info
[2.985s] writing ../../build/pump_control/pump_control.egg-info/PKG-INFO
[2.986s] writing dependency_links to ../../build/pump_control/pump_control.egg-info/dependency_links.txt
[2.986s] writing entry points to ../../build/pump_control/pump_control.egg-info/entry_points.txt
[2.987s] writing requirements to ../../build/pump_control/pump_control.egg-info/requires.txt
[2.988s] writing top-level names to ../../build/pump_control/pump_control.egg-info/top_level.txt
[3.006s] reading manifest file '../../build/pump_control/pump_control.egg-info/SOURCES.txt'
[3.008s] writing manifest file '../../build/pump_control/pump_control.egg-info/SOURCES.txt'
[3.009s] running build
[3.009s] running build_py
[3.009s] copying pump_control/pump_control_node.py -> /root/ros_ws/build/pump_control/build/lib/pump_control
[3.011s] running install
[3.011s] /usr/lib/python3/dist-packages/setuptools/command/install.py:34: SetuptoolsDeprecationWarning: setup.py install is deprecated. Use build and pip and other standards-based tools.
[3.011s]   warnings.warn(
[3.012s] running install_lib
[3.021s] copying /root/ros_ws/build/pump_control/build/lib/pump_control/pump_control_node.py -> /root/ros_ws/install/pump_control/lib/python3.10/site-packages/pump_control
[3.024s] byte-compiling /root/ros_ws/install/pump_control/lib/python3.10/site-packages/pump_control/pump_control_node.py to pump_control_node.cpython-310.pyc
[3.028s] running install_data
[3.029s] running install_egg_info
[3.036s] removing '/root/ros_ws/install/pump_control/lib/python3.10/site-packages/pump_control-0.0.0-py3.10.egg-info' (and everything under it)
[3.037s] Copying ../../build/pump_control/pump_control.egg-info to /root/ros_ws/install/pump_control/lib/python3.10/site-packages/pump_control-0.0.0-py3.10.egg-info
[3.049s] running install_scripts
[3.173s] Installing pump_control_node script to /root/ros_ws/install/pump_control/lib/pump_control
[3.174s] writing list of installed files to '/root/ros_ws/build/pump_control/install.log'
[3.361s] Invoked command in '/root/ros_ws/src/pump_control' returned '0': PYTHONPATH=/root/ros_ws/build/pump_control/prefix_override:/root/ros_ws/install/pump_control/lib/python3.10/site-packages:${PYTHONPATH} /usr/bin/python3 setup.py egg_info --egg-base ../../build/pump_control build --build-base /root/ros_ws/build/pump_control/build install --record /root/ros_ws/build/pump_control/install.log --install-scripts $base/lib/pump_control --single-version-externally-managed
