/usr/lib/python3/dist-packages/setuptools/dist.py:723: UserWarning: Usage of dash-separated 'script-dir' will not be supported in future versions. Please use the underscore name 'script_dir' instead
  warnings.warn(
running egg_info
creating ../../build/time_schedule/time_schedule.egg-info
writing ../../build/time_schedule/time_schedule.egg-info/PKG-INFO
writing dependency_links to ../../build/time_schedule/time_schedule.egg-info/dependency_links.txt
writing entry points to ../../build/time_schedule/time_schedule.egg-info/entry_points.txt
writing requirements to ../../build/time_schedule/time_schedule.egg-info/requires.txt
writing top-level names to ../../build/time_schedule/time_schedule.egg-info/top_level.txt
writing manifest file '../../build/time_schedule/time_schedule.egg-info/SOURCES.txt'
reading manifest file '../../build/time_schedule/time_schedule.egg-info/SOURCES.txt'
writing manifest file '../../build/time_schedule/time_schedule.egg-info/SOURCES.txt'
running build
running build_py
creating /root/ros_ws/build/time_schedule/build
creating /root/ros_ws/build/time_schedule/build/lib
creating /root/ros_ws/build/time_schedule/build/lib/time_schedule
copying time_schedule/time_schedule_node.py -> /root/ros_ws/build/time_schedule/build/lib/time_schedule
copying time_schedule/__init__.py -> /root/ros_ws/build/time_schedule/build/lib/time_schedule
running install
running install_lib
/usr/lib/python3/dist-packages/setuptools/command/install.py:34: SetuptoolsDeprecationWarning: setup.py install is deprecated. Use build and pip and other standards-based tools.
  warnings.warn(
running install_data
running install_egg_info
removing '/root/ros_ws/install/time_schedule/lib/python3.10/site-packages/time_schedule-0.0.0-py3.10.egg-info' (and everything under it)
Copying ../../build/time_schedule/time_schedule.egg-info to /root/ros_ws/install/time_schedule/lib/python3.10/site-packages/time_schedule-0.0.0-py3.10.egg-info
running install_scripts
Installing time_schedule_node script to /root/ros_ws/install/time_schedule/lib/time_schedule
writing list of installed files to '/root/ros_ws/build/time_schedule/install.log'
