[0.241s] DEBUG:colcon:Command line arguments: ['/usr/bin/colcon', 'build', '--packages-select', 'pi_hub_srvs']
[0.241s] DEBUG:colcon:Parsed command line arguments: Namespace(ament_cmake_args=None, base_paths=['.'], build_base='build', catkin_cmake_args=None, catkin_skip_building_tests=False, cmake_args=None, cmake_clean_cache=False, cmake_clean_first=False, cmake_force_configure=False, cmake_target=None, cmake_target_skip_unavailable=False, continue_on_error=False, event_handlers=None, executor='parallel', ignore_user_meta=False, install_base='install', log_base=None, log_level=None, main=<bound method BuildVerb.main of <colcon_core.verb.build.BuildVerb object at 0x7f5088cd05b0>>, merge_install=False, metas=['./colcon.meta'], mixin=None, mixin_files=None, mixin_verb=('build',), packages_above=None, packages_above_and_dependencies=None, packages_above_depth=None, packages_end=None, packages_ignore=None, packages_ignore_regex=None, packages_select=['pi_hub_srvs'], packages_select_build_failed=False, packages_select_by_dep=None, packages_select_regex=None, packages_select_test_failures=False, packages_skip=None, packages_skip_build_finished=False, packages_skip_by_dep=None, packages_skip_regex=None, packages_skip_test_passed=False, packages_skip_up_to=None, packages_start=None, packages_up_to=None, packages_up_to_regex=None, parallel_workers=4, paths=None, symlink_install=False, test_result_base=None, verb_extension=<colcon_core.verb.build.BuildVerb object at 0x7f5088cd05b0>, verb_name='build', verb_parser=<colcon_mixin.mixin.mixin_argument.MixinArgumentDecorator object at 0x7f5088cd0c10>)
[0.275s] Level 1:colcon.colcon_core.package_discovery:discover_packages(colcon_meta) check parameters
[0.275s] INFO:colcon.colcon_metadata.package_discovery.colcon_meta:Using configuration from '/root/.colcon/metadata/default/Gazebo.meta'
[0.276s] INFO:colcon.colcon_metadata.package_discovery.colcon_meta:Using configuration from '/root/.colcon/metadata/default/fastrtps.meta'
[0.276s] Level 1:colcon.colcon_core.package_discovery:discover_packages(recursive) check parameters
[0.276s] Level 1:colcon.colcon_core.package_discovery:discover_packages(ignore) check parameters
[0.276s] Level 1:colcon.colcon_core.package_discovery:discover_packages(path) check parameters
[0.276s] Level 1:colcon.colcon_core.package_discovery:discover_packages(colcon_meta) discover
[0.276s] Level 1:colcon.colcon_core.package_discovery:discover_packages(recursive) discover
[0.276s] INFO:colcon.colcon_core.package_discovery:Crawling recursively for packages in '/root/ros_ws/src/pi_hub_srvs'
[0.277s] Level 1:colcon.colcon_core.package_identification:_identify(.) by extensions ['ignore', 'ignore_ament_install']
[0.277s] Level 1:colcon.colcon_core.package_identification:_identify(.) by extension 'ignore'
[0.277s] Level 1:colcon.colcon_core.package_identification:_identify(.) by extension 'ignore_ament_install'
[0.277s] Level 1:colcon.colcon_core.package_identification:_identify(.) by extensions ['colcon_pkg']
[0.277s] Level 1:colcon.colcon_core.package_identification:_identify(.) by extension 'colcon_pkg'
[0.277s] Level 1:colcon.colcon_core.package_identification:_identify(.) by extensions ['colcon_meta']
[0.277s] Level 1:colcon.colcon_core.package_identification:_identify(.) by extension 'colcon_meta'
[0.277s] Level 1:colcon.colcon_core.package_identification:_identify(.) by extensions ['ros']
[0.277s] Level 1:colcon.colcon_core.package_identification:_identify(.) by extension 'ros'
[0.299s] DEBUG:colcon.colcon_core.package_identification:Package '.' with type 'ros.ament_cmake' and name 'pi_hub_srvs'
[0.299s] Level 1:colcon.colcon_core.package_discovery:discover_packages(recursive) using defaults
[0.299s] Level 1:colcon.colcon_core.package_discovery:discover_packages(ignore) discover
[0.299s] Level 1:colcon.colcon_core.package_discovery:discover_packages(ignore) using defaults
[0.299s] Level 1:colcon.colcon_core.package_discovery:discover_packages(path) discover
[0.299s] Level 1:colcon.colcon_core.package_discovery:discover_packages(path) using defaults
[0.345s] Level 5:colcon.colcon_core.verb:set package 'pi_hub_srvs' build argument 'cmake_args' from command line to 'None'
[0.345s] Level 5:colcon.colcon_core.verb:set package 'pi_hub_srvs' build argument 'cmake_target' from command line to 'None'
[0.345s] Level 5:colcon.colcon_core.verb:set package 'pi_hub_srvs' build argument 'cmake_target_skip_unavailable' from command line to 'False'
[0.345s] Level 5:colcon.colcon_core.verb:set package 'pi_hub_srvs' build argument 'cmake_clean_cache' from command line to 'False'
[0.345s] Level 5:colcon.colcon_core.verb:set package 'pi_hub_srvs' build argument 'cmake_clean_first' from command line to 'False'
[0.345s] Level 5:colcon.colcon_core.verb:set package 'pi_hub_srvs' build argument 'cmake_force_configure' from command line to 'False'
[0.345s] Level 5:colcon.colcon_core.verb:set package 'pi_hub_srvs' build argument 'ament_cmake_args' from command line to 'None'
[0.345s] Level 5:colcon.colcon_core.verb:set package 'pi_hub_srvs' build argument 'catkin_cmake_args' from command line to 'None'
[0.345s] Level 5:colcon.colcon_core.verb:set package 'pi_hub_srvs' build argument 'catkin_skip_building_tests' from command line to 'False'
[0.346s] DEBUG:colcon.colcon_core.verb:Building package 'pi_hub_srvs' with the following arguments: {'ament_cmake_args': None, 'build_base': '/root/ros_ws/src/pi_hub_srvs/build/pi_hub_srvs', 'catkin_cmake_args': None, 'catkin_skip_building_tests': False, 'cmake_args': None, 'cmake_clean_cache': False, 'cmake_clean_first': False, 'cmake_force_configure': False, 'cmake_target': None, 'cmake_target_skip_unavailable': False, 'install_base': '/root/ros_ws/src/pi_hub_srvs/install/pi_hub_srvs', 'merge_install': False, 'path': '/root/ros_ws/src/pi_hub_srvs', 'symlink_install': False, 'test_result_base': None}
[0.346s] INFO:colcon.colcon_core.executor:Executing jobs using 'parallel' executor
[0.352s] DEBUG:colcon.colcon_parallel_executor.executor.parallel:run_until_complete
[0.352s] INFO:colcon.colcon_ros.task.ament_cmake.build:Building ROS package in '/root/ros_ws/src/pi_hub_srvs' with build type 'ament_cmake'
[0.353s] INFO:colcon.colcon_cmake.task.cmake.build:Building CMake package in '/root/ros_ws/src/pi_hub_srvs'
[0.374s] INFO:colcon.colcon_core.plugin_system:Skipping extension 'colcon_core.shell.bat': Not used on non-Windows systems
[0.376s] INFO:colcon.colcon_core.shell:Skip shell extension 'powershell' for command environment: Not usable outside of PowerShell
[0.376s] DEBUG:colcon.colcon_core.shell:Skip shell extension 'dsv' for command environment
[0.412s] DEBUG:colcon.colcon_core.event_handler.log_command:Invoking command in '/root/ros_ws/src/pi_hub_srvs/build/pi_hub_srvs': CMAKE_PREFIX_PATH=/opt/ros/foxy:/root/ros_ws/install/time_schedule:/root/ros_ws/install/pump_control:/root/ros_ws/install/pi_hub:/root/ros_ws/install/led_control:/root/ros_ws/install/gpio_conf /usr/bin/cmake /root/ros_ws/src/pi_hub_srvs -DCMAKE_INSTALL_PREFIX=/root/ros_ws/src/pi_hub_srvs/install/pi_hub_srvs
[5.217s] DEBUG:colcon.colcon_core.event_handler.log_command:Invoked command in '/root/ros_ws/src/pi_hub_srvs/build/pi_hub_srvs' returned '0': CMAKE_PREFIX_PATH=/opt/ros/foxy:/root/ros_ws/install/time_schedule:/root/ros_ws/install/pump_control:/root/ros_ws/install/pi_hub:/root/ros_ws/install/led_control:/root/ros_ws/install/gpio_conf /usr/bin/cmake /root/ros_ws/src/pi_hub_srvs -DCMAKE_INSTALL_PREFIX=/root/ros_ws/src/pi_hub_srvs/install/pi_hub_srvs
[5.226s] DEBUG:colcon.colcon_core.event_handler.log_command:Invoking command in '/root/ros_ws/src/pi_hub_srvs/build/pi_hub_srvs': CMAKE_PREFIX_PATH=/opt/ros/foxy:/root/ros_ws/install/time_schedule:/root/ros_ws/install/pump_control:/root/ros_ws/install/pi_hub:/root/ros_ws/install/led_control:/root/ros_ws/install/gpio_conf /usr/bin/cmake --build /root/ros_ws/src/pi_hub_srvs/build/pi_hub_srvs -- -j4 -l4
[19.102s] DEBUG:colcon.colcon_core.event_handler.log_command:Invoked command in '/root/ros_ws/src/pi_hub_srvs/build/pi_hub_srvs' returned '0': CMAKE_PREFIX_PATH=/opt/ros/foxy:/root/ros_ws/install/time_schedule:/root/ros_ws/install/pump_control:/root/ros_ws/install/pi_hub:/root/ros_ws/install/led_control:/root/ros_ws/install/gpio_conf /usr/bin/cmake --build /root/ros_ws/src/pi_hub_srvs/build/pi_hub_srvs -- -j4 -l4
[19.255s] DEBUG:colcon.colcon_core.event_handler.log_command:Invoking command in '/root/ros_ws/src/pi_hub_srvs/build/pi_hub_srvs': CMAKE_PREFIX_PATH=/opt/ros/foxy:/root/ros_ws/install/time_schedule:/root/ros_ws/install/pump_control:/root/ros_ws/install/pi_hub:/root/ros_ws/install/led_control:/root/ros_ws/install/gpio_conf /usr/bin/cmake --install /root/ros_ws/src/pi_hub_srvs/build/pi_hub_srvs
[19.439s] Level 1:colcon.colcon_core.environment:create_environment_scripts_only(pi_hub_srvs)
[19.441s] DEBUG:colcon.colcon_core.event_handler.log_command:Invoked command in '/root/ros_ws/src/pi_hub_srvs/build/pi_hub_srvs' returned '0': CMAKE_PREFIX_PATH=/opt/ros/foxy:/root/ros_ws/install/time_schedule:/root/ros_ws/install/pump_control:/root/ros_ws/install/pi_hub:/root/ros_ws/install/led_control:/root/ros_ws/install/gpio_conf /usr/bin/cmake --install /root/ros_ws/src/pi_hub_srvs/build/pi_hub_srvs
[19.452s] Level 1:colcon.colcon_core.environment:checking '/root/ros_ws/src/pi_hub_srvs/install/pi_hub_srvs' for CMake module files
[19.453s] Level 1:colcon.colcon_core.environment:checking '/root/ros_ws/src/pi_hub_srvs/install/pi_hub_srvs' for CMake config files
[19.454s] Level 1:colcon.colcon_core.shell:create_environment_hook('pi_hub_srvs', 'cmake_prefix_path')
[19.455s] INFO:colcon.colcon_core.shell:Creating environment hook '/root/ros_ws/src/pi_hub_srvs/install/pi_hub_srvs/share/pi_hub_srvs/hook/cmake_prefix_path.ps1'
[19.456s] INFO:colcon.colcon_core.shell:Creating environment descriptor '/root/ros_ws/src/pi_hub_srvs/install/pi_hub_srvs/share/pi_hub_srvs/hook/cmake_prefix_path.dsv'
[19.457s] INFO:colcon.colcon_core.shell:Creating environment hook '/root/ros_ws/src/pi_hub_srvs/install/pi_hub_srvs/share/pi_hub_srvs/hook/cmake_prefix_path.sh'
[19.458s] Level 1:colcon.colcon_core.environment:checking '/root/ros_ws/src/pi_hub_srvs/install/pi_hub_srvs/lib'
[19.459s] Level 1:colcon.colcon_core.shell:create_environment_hook('pi_hub_srvs', 'ld_library_path_lib')
[19.461s] INFO:colcon.colcon_core.shell:Creating environment hook '/root/ros_ws/src/pi_hub_srvs/install/pi_hub_srvs/share/pi_hub_srvs/hook/ld_library_path_lib.ps1'
[19.461s] INFO:colcon.colcon_core.shell:Creating environment descriptor '/root/ros_ws/src/pi_hub_srvs/install/pi_hub_srvs/share/pi_hub_srvs/hook/ld_library_path_lib.dsv'
[19.462s] INFO:colcon.colcon_core.shell:Creating environment hook '/root/ros_ws/src/pi_hub_srvs/install/pi_hub_srvs/share/pi_hub_srvs/hook/ld_library_path_lib.sh'
[19.462s] Level 1:colcon.colcon_core.environment:checking '/root/ros_ws/src/pi_hub_srvs/install/pi_hub_srvs/bin'
[19.462s] Level 1:colcon.colcon_core.environment:checking '/root/ros_ws/src/pi_hub_srvs/install/pi_hub_srvs/lib/pkgconfig/pi_hub_srvs.pc'
[19.463s] Level 1:colcon.colcon_core.environment:checking '/root/ros_ws/src/pi_hub_srvs/install/pi_hub_srvs/lib/python3.8/site-packages'
[19.463s] Level 1:colcon.colcon_core.shell:create_environment_hook('pi_hub_srvs', 'pythonpath')
[19.465s] INFO:colcon.colcon_core.shell:Creating environment hook '/root/ros_ws/src/pi_hub_srvs/install/pi_hub_srvs/share/pi_hub_srvs/hook/pythonpath.ps1'
[19.466s] INFO:colcon.colcon_core.shell:Creating environment descriptor '/root/ros_ws/src/pi_hub_srvs/install/pi_hub_srvs/share/pi_hub_srvs/hook/pythonpath.dsv'
[19.466s] INFO:colcon.colcon_core.shell:Creating environment hook '/root/ros_ws/src/pi_hub_srvs/install/pi_hub_srvs/share/pi_hub_srvs/hook/pythonpath.sh'
[19.467s] Level 1:colcon.colcon_core.environment:checking '/root/ros_ws/src/pi_hub_srvs/install/pi_hub_srvs/bin'
[19.469s] INFO:colcon.colcon_core.shell:Creating package script '/root/ros_ws/src/pi_hub_srvs/install/pi_hub_srvs/share/pi_hub_srvs/package.ps1'
[19.470s] INFO:colcon.colcon_core.shell:Creating package descriptor '/root/ros_ws/src/pi_hub_srvs/install/pi_hub_srvs/share/pi_hub_srvs/package.dsv'
[19.471s] INFO:colcon.colcon_core.shell:Creating package script '/root/ros_ws/src/pi_hub_srvs/install/pi_hub_srvs/share/pi_hub_srvs/package.sh'
[19.473s] INFO:colcon.colcon_core.shell:Creating package script '/root/ros_ws/src/pi_hub_srvs/install/pi_hub_srvs/share/pi_hub_srvs/package.bash'
[19.474s] INFO:colcon.colcon_core.shell:Creating package script '/root/ros_ws/src/pi_hub_srvs/install/pi_hub_srvs/share/pi_hub_srvs/package.zsh'
[19.475s] Level 1:colcon.colcon_core.environment:create_file_with_runtime_dependencies(/root/ros_ws/src/pi_hub_srvs/install/pi_hub_srvs/share/colcon-core/packages/pi_hub_srvs)
[19.604s] Level 1:colcon.colcon_core.environment:create_environment_scripts_only(pi_hub_srvs)
[19.612s] Level 1:colcon.colcon_core.environment:checking '/root/ros_ws/src/pi_hub_srvs/install/pi_hub_srvs' for CMake module files
[19.613s] Level 1:colcon.colcon_core.environment:checking '/root/ros_ws/src/pi_hub_srvs/install/pi_hub_srvs' for CMake config files
[19.614s] Level 1:colcon.colcon_core.shell:create_environment_hook('pi_hub_srvs', 'cmake_prefix_path')
[19.621s] INFO:colcon.colcon_core.shell:Creating environment hook '/root/ros_ws/src/pi_hub_srvs/install/pi_hub_srvs/share/pi_hub_srvs/hook/cmake_prefix_path.ps1'
[19.623s] INFO:colcon.colcon_core.shell:Creating environment descriptor '/root/ros_ws/src/pi_hub_srvs/install/pi_hub_srvs/share/pi_hub_srvs/hook/cmake_prefix_path.dsv'
[19.626s] INFO:colcon.colcon_core.shell:Creating environment hook '/root/ros_ws/src/pi_hub_srvs/install/pi_hub_srvs/share/pi_hub_srvs/hook/cmake_prefix_path.sh'
[19.628s] Level 1:colcon.colcon_core.environment:checking '/root/ros_ws/src/pi_hub_srvs/install/pi_hub_srvs/lib'
[19.629s] Level 1:colcon.colcon_core.shell:create_environment_hook('pi_hub_srvs', 'ld_library_path_lib')
[19.634s] INFO:colcon.colcon_core.shell:Creating environment hook '/root/ros_ws/src/pi_hub_srvs/install/pi_hub_srvs/share/pi_hub_srvs/hook/ld_library_path_lib.ps1'
[19.634s] INFO:colcon.colcon_core.shell:Creating environment descriptor '/root/ros_ws/src/pi_hub_srvs/install/pi_hub_srvs/share/pi_hub_srvs/hook/ld_library_path_lib.dsv'
[19.635s] INFO:colcon.colcon_core.shell:Creating environment hook '/root/ros_ws/src/pi_hub_srvs/install/pi_hub_srvs/share/pi_hub_srvs/hook/ld_library_path_lib.sh'
[19.636s] Level 1:colcon.colcon_core.environment:checking '/root/ros_ws/src/pi_hub_srvs/install/pi_hub_srvs/bin'
[19.636s] Level 1:colcon.colcon_core.environment:checking '/root/ros_ws/src/pi_hub_srvs/install/pi_hub_srvs/lib/pkgconfig/pi_hub_srvs.pc'
[19.637s] Level 1:colcon.colcon_core.environment:checking '/root/ros_ws/src/pi_hub_srvs/install/pi_hub_srvs/lib/python3.8/site-packages'
[19.637s] Level 1:colcon.colcon_core.shell:create_environment_hook('pi_hub_srvs', 'pythonpath')
[19.640s] INFO:colcon.colcon_core.shell:Creating environment hook '/root/ros_ws/src/pi_hub_srvs/install/pi_hub_srvs/share/pi_hub_srvs/hook/pythonpath.ps1'
[19.641s] INFO:colcon.colcon_core.shell:Creating environment descriptor '/root/ros_ws/src/pi_hub_srvs/install/pi_hub_srvs/share/pi_hub_srvs/hook/pythonpath.dsv'
[19.641s] INFO:colcon.colcon_core.shell:Creating environment hook '/root/ros_ws/src/pi_hub_srvs/install/pi_hub_srvs/share/pi_hub_srvs/hook/pythonpath.sh'
[19.642s] Level 1:colcon.colcon_core.environment:checking '/root/ros_ws/src/pi_hub_srvs/install/pi_hub_srvs/bin'
[19.646s] INFO:colcon.colcon_core.shell:Creating package script '/root/ros_ws/src/pi_hub_srvs/install/pi_hub_srvs/share/pi_hub_srvs/package.ps1'
[19.647s] INFO:colcon.colcon_core.shell:Creating package descriptor '/root/ros_ws/src/pi_hub_srvs/install/pi_hub_srvs/share/pi_hub_srvs/package.dsv'
[19.649s] INFO:colcon.colcon_core.shell:Creating package script '/root/ros_ws/src/pi_hub_srvs/install/pi_hub_srvs/share/pi_hub_srvs/package.sh'
[19.650s] INFO:colcon.colcon_core.shell:Creating package script '/root/ros_ws/src/pi_hub_srvs/install/pi_hub_srvs/share/pi_hub_srvs/package.bash'
[19.651s] INFO:colcon.colcon_core.shell:Creating package script '/root/ros_ws/src/pi_hub_srvs/install/pi_hub_srvs/share/pi_hub_srvs/package.zsh'
[19.652s] Level 1:colcon.colcon_core.environment:create_file_with_runtime_dependencies(/root/ros_ws/src/pi_hub_srvs/install/pi_hub_srvs/share/colcon-core/packages/pi_hub_srvs)
[19.654s] DEBUG:colcon.colcon_parallel_executor.executor.parallel:closing loop
[19.655s] DEBUG:colcon.colcon_parallel_executor.executor.parallel:loop closed
[19.655s] DEBUG:colcon.colcon_parallel_executor.executor.parallel:run_until_complete finished with '0'
[19.655s] DEBUG:colcon.colcon_core.event_reactor:joining thread
[19.674s] INFO:colcon.colcon_core.plugin_system:Skipping extension 'colcon_notification.desktop_notification.notify_send': Could not find 'notify-send'
[19.674s] INFO:colcon.colcon_core.plugin_system:Skipping extension 'colcon_notification.desktop_notification.terminal_notifier': Not used on non-Darwin systems
[19.674s] INFO:colcon.colcon_core.plugin_system:Skipping extension 'colcon_notification.desktop_notification.win32': Not used on non-Windows systems
[19.675s] INFO:colcon.colcon_notification.desktop_notification:Sending desktop notification using 'notify2'
[19.675s] DEBUG:colcon.colcon_notification.desktop_notification.notify2:Failed to initialize notify2: org.freedesktop.DBus.Error.NotSupported: Unable to autolaunch a dbus-daemon without a $DISPLAY for X11
[19.675s] DEBUG:colcon.colcon_core.event_reactor:joined thread
[19.679s] INFO:colcon.colcon_core.shell:Creating prefix script '/root/ros_ws/src/pi_hub_srvs/install/local_setup.ps1'
[19.681s] INFO:colcon.colcon_core.shell:Creating prefix util module '/root/ros_ws/src/pi_hub_srvs/install/_local_setup_util_ps1.py'
[19.685s] INFO:colcon.colcon_core.shell:Creating prefix chain script '/root/ros_ws/src/pi_hub_srvs/install/setup.ps1'
[19.689s] INFO:colcon.colcon_core.shell:Creating prefix script '/root/ros_ws/src/pi_hub_srvs/install/local_setup.sh'
[19.691s] INFO:colcon.colcon_core.shell:Creating prefix util module '/root/ros_ws/src/pi_hub_srvs/install/_local_setup_util_sh.py'
[19.692s] INFO:colcon.colcon_core.shell:Creating prefix chain script '/root/ros_ws/src/pi_hub_srvs/install/setup.sh'
[19.696s] INFO:colcon.colcon_core.shell:Creating prefix script '/root/ros_ws/src/pi_hub_srvs/install/local_setup.bash'
[19.698s] INFO:colcon.colcon_core.shell:Creating prefix chain script '/root/ros_ws/src/pi_hub_srvs/install/setup.bash'
[19.703s] INFO:colcon.colcon_core.shell:Creating prefix script '/root/ros_ws/src/pi_hub_srvs/install/local_setup.zsh'
[19.705s] INFO:colcon.colcon_core.shell:Creating prefix chain script '/root/ros_ws/src/pi_hub_srvs/install/setup.zsh'
