[1.064s] Invoking command in '/root/ros_ws/build/pi_hub_srvs': CMAKE_PREFIX_PATH=${CMAKE_PREFIX_PATH}:/root/ros_ws/install/time_schedule:/root/ros_ws/install/pi_hub:/root/ros_ws/install/pump_control:/root/ros_ws/install/led_control:/root/ros_ws/install/gpio_conf:/opt/ros/humble /usr/bin/cmake --build /root/ros_ws/build/pi_hub_srvs -- -j4 -l4
[1.224s] [  2%] Built target pi_hub_srvs__cpp
[1.260s] [ 12%] Built target pi_hub_srvs__rosidl_generator_c
[1.327s] [ 12%] Built target ament_cmake_python_copy_pi_hub_srvs
[1.335s] [ 23%] Built target pi_hub_srvs__rosidl_typesupport_cpp
[1.341s] [ 34%] Built target pi_hub_srvs__rosidl_typesupport_fastrtps_cpp
[1.363s] [ 44%] Built target pi_hub_srvs__rosidl_typesupport_introspection_cpp
[1.447s] [ 55%] Built target pi_hub_srvs__rosidl_typesupport_introspection_c
[1.501s] [ 65%] Built target pi_hub_srvs__rosidl_typesupport_c
[1.502s] [ 76%] Built target pi_hub_srvs__rosidl_typesupport_fastrtps_c
[1.652s] [ 76%] Built target pi_hub_srvs
[1.895s] [ 78%] Built target pi_hub_srvs__py
[2.063s] [ 87%] Built target pi_hub_srvs__rosidl_generator_py
[2.254s] [ 91%] Built target pi_hub_srvs__rosidl_typesupport_introspection_c__pyext
[2.301s] [ 95%] Built target pi_hub_srvs__rosidl_typesupport_fastrtps_c__pyext
[2.349s] [100%] Built target pi_hub_srvs__rosidl_typesupport_c__pyext
[2.492s] running egg_info
[2.495s] writing pi_hub_srvs.egg-info/PKG-INFO
[2.495s] writing dependency_links to pi_hub_srvs.egg-info/dependency_links.txt
[2.499s] writing top-level names to pi_hub_srvs.egg-info/top_level.txt
[2.500s] reading manifest file 'pi_hub_srvs.egg-info/SOURCES.txt'
[2.507s] writing manifest file 'pi_hub_srvs.egg-info/SOURCES.txt'
[2.648s] [100%] Built target ament_cmake_python_build_pi_hub_srvs_egg
[2.711s] Invoked command in '/root/ros_ws/build/pi_hub_srvs' returned '0': CMAKE_PREFIX_PATH=${CMAKE_PREFIX_PATH}:/root/ros_ws/install/time_schedule:/root/ros_ws/install/pi_hub:/root/ros_ws/install/pump_control:/root/ros_ws/install/led_control:/root/ros_ws/install/gpio_conf:/opt/ros/humble /usr/bin/cmake --build /root/ros_ws/build/pi_hub_srvs -- -j4 -l4
[3.228s] Invoking command in '/root/ros_ws/build/pi_hub_srvs': CMAKE_PREFIX_PATH=${CMAKE_PREFIX_PATH}:/root/ros_ws/install/time_schedule:/root/ros_ws/install/pi_hub:/root/ros_ws/install/pump_control:/root/ros_ws/install/led_control:/root/ros_ws/install/gpio_conf:/opt/ros/humble /usr/bin/cmake --install /root/ros_ws/build/pi_hub_srvs
[3.246s] -- Install configuration: ""
[3.246s] -- Up-to-date: /root/ros_ws/install/pi_hub_srvs/share/ament_index/resource_index/rosidl_interfaces/pi_hub_srvs
[3.246s] -- Up-to-date: /root/ros_ws/install/pi_hub_srvs/include/pi_hub_srvs/pi_hub_srvs
[3.247s] -- Up-to-date: /root/ros_ws/install/pi_hub_srvs/include/pi_hub_srvs/pi_hub_srvs/msg
[3.247s] -- Up-to-date: /root/ros_ws/install/pi_hub_srvs/include/pi_hub_srvs/pi_hub_srvs/msg/rosidl_generator_c__visibility_control.h
[3.247s] -- Up-to-date: /root/ros_ws/install/pi_hub_srvs/include/pi_hub_srvs/pi_hub_srvs/srv
[3.248s] -- Up-to-date: /root/ros_ws/install/pi_hub_srvs/include/pi_hub_srvs/pi_hub_srvs/srv/detail
[3.248s] -- Up-to-date: /root/ros_ws/install/pi_hub_srvs/include/pi_hub_srvs/pi_hub_srvs/srv/detail/turn_off__type_support.h
[3.248s] -- Up-to-date: /root/ros_ws/install/pi_hub_srvs/include/pi_hub_srvs/pi_hub_srvs/srv/detail/control__struct.h
[3.248s] -- Up-to-date: /root/ros_ws/install/pi_hub_srvs/include/pi_hub_srvs/pi_hub_srvs/srv/detail/control__functions.c
[3.248s] -- Up-to-date: /root/ros_ws/install/pi_hub_srvs/include/pi_hub_srvs/pi_hub_srvs/srv/detail/control__functions.h
[3.249s] -- Up-to-date: /root/ros_ws/install/pi_hub_srvs/include/pi_hub_srvs/pi_hub_srvs/srv/detail/turn_off__functions.h
[3.249s] -- Up-to-date: /root/ros_ws/install/pi_hub_srvs/include/pi_hub_srvs/pi_hub_srvs/srv/detail/turn_on__functions.c
[3.249s] -- Up-to-date: /root/ros_ws/install/pi_hub_srvs/include/pi_hub_srvs/pi_hub_srvs/srv/detail/turn_on__functions.h
[3.250s] -- Up-to-date: /root/ros_ws/install/pi_hub_srvs/include/pi_hub_srvs/pi_hub_srvs/srv/detail/turn_off__struct.h
[3.250s] -- Up-to-date: /root/ros_ws/install/pi_hub_srvs/include/pi_hub_srvs/pi_hub_srvs/srv/detail/control__type_support.h
[3.250s] -- Up-to-date: /root/ros_ws/install/pi_hub_srvs/include/pi_hub_srvs/pi_hub_srvs/srv/detail/turn_on__struct.h
[3.251s] -- Up-to-date: /root/ros_ws/install/pi_hub_srvs/include/pi_hub_srvs/pi_hub_srvs/srv/detail/turn_off__functions.c
[3.251s] -- Up-to-date: /root/ros_ws/install/pi_hub_srvs/include/pi_hub_srvs/pi_hub_srvs/srv/detail/turn_on__type_support.h
[3.251s] -- Up-to-date: /root/ros_ws/install/pi_hub_srvs/include/pi_hub_srvs/pi_hub_srvs/srv/turn_off.h
[3.251s] -- Up-to-date: /root/ros_ws/install/pi_hub_srvs/include/pi_hub_srvs/pi_hub_srvs/srv/turn_on.h
[3.251s] -- Up-to-date: /root/ros_ws/install/pi_hub_srvs/include/pi_hub_srvs/pi_hub_srvs/srv/control.h
[3.251s] -- Up-to-date: /root/ros_ws/install/pi_hub_srvs/share/pi_hub_srvs/environment/library_path.sh
[3.252s] -- Up-to-date: /root/ros_ws/install/pi_hub_srvs/share/pi_hub_srvs/environment/library_path.dsv
[3.252s] -- Up-to-date: /root/ros_ws/install/pi_hub_srvs/lib/libpi_hub_srvs__rosidl_generator_c.so
[3.252s] -- Up-to-date: /root/ros_ws/install/pi_hub_srvs/include/pi_hub_srvs/pi_hub_srvs
[3.252s] -- Up-to-date: /root/ros_ws/install/pi_hub_srvs/include/pi_hub_srvs/pi_hub_srvs/msg
[3.253s] -- Up-to-date: /root/ros_ws/install/pi_hub_srvs/include/pi_hub_srvs/pi_hub_srvs/msg/rosidl_typesupport_fastrtps_c__visibility_control.h
[3.253s] -- Up-to-date: /root/ros_ws/install/pi_hub_srvs/include/pi_hub_srvs/pi_hub_srvs/srv
[3.253s] -- Up-to-date: /root/ros_ws/install/pi_hub_srvs/include/pi_hub_srvs/pi_hub_srvs/srv/detail
[3.263s] -- Up-to-date: /root/ros_ws/install/pi_hub_srvs/include/pi_hub_srvs/pi_hub_srvs/srv/detail/turn_off__rosidl_typesupport_fastrtps_c.h
[3.263s] -- Up-to-date: /root/ros_ws/install/pi_hub_srvs/include/pi_hub_srvs/pi_hub_srvs/srv/detail/turn_on__rosidl_typesupport_fastrtps_c.h
[3.263s] -- Up-to-date: /root/ros_ws/install/pi_hub_srvs/include/pi_hub_srvs/pi_hub_srvs/srv/detail/control__rosidl_typesupport_fastrtps_c.h
[3.264s] -- Up-to-date: /root/ros_ws/install/pi_hub_srvs/lib/libpi_hub_srvs__rosidl_typesupport_fastrtps_c.so
[3.264s] -- Up-to-date: /root/ros_ws/install/pi_hub_srvs/include/pi_hub_srvs/pi_hub_srvs
[3.264s] -- Up-to-date: /root/ros_ws/install/pi_hub_srvs/include/pi_hub_srvs/pi_hub_srvs/srv
[3.265s] -- Up-to-date: /root/ros_ws/install/pi_hub_srvs/include/pi_hub_srvs/pi_hub_srvs/srv/control.hpp
[3.265s] -- Up-to-date: /root/ros_ws/install/pi_hub_srvs/include/pi_hub_srvs/pi_hub_srvs/srv/detail
[3.265s] -- Up-to-date: /root/ros_ws/install/pi_hub_srvs/include/pi_hub_srvs/pi_hub_srvs/srv/detail/turn_off__builder.hpp
[3.265s] -- Up-to-date: /root/ros_ws/install/pi_hub_srvs/include/pi_hub_srvs/pi_hub_srvs/srv/detail/turn_off__traits.hpp
[3.266s] -- Up-to-date: /root/ros_ws/install/pi_hub_srvs/include/pi_hub_srvs/pi_hub_srvs/srv/detail/turn_off__struct.hpp
[3.266s] -- Up-to-date: /root/ros_ws/install/pi_hub_srvs/include/pi_hub_srvs/pi_hub_srvs/srv/detail/turn_on__builder.hpp
[3.268s] -- Up-to-date: /root/ros_ws/install/pi_hub_srvs/include/pi_hub_srvs/pi_hub_srvs/srv/detail/control__traits.hpp
[3.268s] -- Up-to-date: /root/ros_ws/install/pi_hub_srvs/include/pi_hub_srvs/pi_hub_srvs/srv/detail/control__struct.hpp
[3.271s] -- Up-to-date: /root/ros_ws/install/pi_hub_srvs/include/pi_hub_srvs/pi_hub_srvs/srv/detail/control__builder.hpp
[3.275s] -- Up-to-date: /root/ros_ws/install/pi_hub_srvs/include/pi_hub_srvs/pi_hub_srvs/srv/detail/turn_on__struct.hpp
[3.276s] -- Up-to-date: /root/ros_ws/install/pi_hub_srvs/include/pi_hub_srvs/pi_hub_srvs/srv/detail/turn_on__traits.hpp
[3.277s] -- Up-to-date: /root/ros_ws/install/pi_hub_srvs/include/pi_hub_srvs/pi_hub_srvs/srv/turn_off.hpp
[3.278s] -- Up-to-date: /root/ros_ws/install/pi_hub_srvs/include/pi_hub_srvs/pi_hub_srvs/srv/turn_on.hpp
[3.280s] -- Up-to-date: /root/ros_ws/install/pi_hub_srvs/include/pi_hub_srvs/pi_hub_srvs
[3.282s] -- Up-to-date: /root/ros_ws/install/pi_hub_srvs/include/pi_hub_srvs/pi_hub_srvs/msg
[3.283s] -- Up-to-date: /root/ros_ws/install/pi_hub_srvs/include/pi_hub_srvs/pi_hub_srvs/msg/rosidl_typesupport_fastrtps_cpp__visibility_control.h
[3.285s] -- Up-to-date: /root/ros_ws/install/pi_hub_srvs/include/pi_hub_srvs/pi_hub_srvs/srv
[3.286s] -- Up-to-date: /root/ros_ws/install/pi_hub_srvs/include/pi_hub_srvs/pi_hub_srvs/srv/detail
[3.287s] -- Up-to-date: /root/ros_ws/install/pi_hub_srvs/include/pi_hub_srvs/pi_hub_srvs/srv/detail/control__rosidl_typesupport_fastrtps_cpp.hpp
[3.290s] -- Up-to-date: /root/ros_ws/install/pi_hub_srvs/include/pi_hub_srvs/pi_hub_srvs/srv/detail/turn_on__rosidl_typesupport_fastrtps_cpp.hpp
[3.291s] -- Up-to-date: /root/ros_ws/install/pi_hub_srvs/include/pi_hub_srvs/pi_hub_srvs/srv/detail/dds_fastrtps
[3.291s] -- Up-to-date: /root/ros_ws/install/pi_hub_srvs/include/pi_hub_srvs/pi_hub_srvs/srv/detail/turn_off__rosidl_typesupport_fastrtps_cpp.hpp
[3.292s] -- Up-to-date: /root/ros_ws/install/pi_hub_srvs/lib/libpi_hub_srvs__rosidl_typesupport_fastrtps_cpp.so
[3.293s] -- Up-to-date: /root/ros_ws/install/pi_hub_srvs/include/pi_hub_srvs/pi_hub_srvs
[3.295s] -- Up-to-date: /root/ros_ws/install/pi_hub_srvs/include/pi_hub_srvs/pi_hub_srvs/msg
[3.299s] -- Up-to-date: /root/ros_ws/install/pi_hub_srvs/include/pi_hub_srvs/pi_hub_srvs/msg/rosidl_typesupport_introspection_c__visibility_control.h
[3.302s] -- Up-to-date: /root/ros_ws/install/pi_hub_srvs/include/pi_hub_srvs/pi_hub_srvs/srv
[3.311s] -- Up-to-date: /root/ros_ws/install/pi_hub_srvs/include/pi_hub_srvs/pi_hub_srvs/srv/detail
[3.312s] -- Up-to-date: /root/ros_ws/install/pi_hub_srvs/include/pi_hub_srvs/pi_hub_srvs/srv/detail/control__type_support.c
[3.313s] -- Up-to-date: /root/ros_ws/install/pi_hub_srvs/include/pi_hub_srvs/pi_hub_srvs/srv/detail/turn_on__type_support.c
[3.314s] -- Up-to-date: /root/ros_ws/install/pi_hub_srvs/include/pi_hub_srvs/pi_hub_srvs/srv/detail/control__rosidl_typesupport_introspection_c.h
[3.315s] -- Up-to-date: /root/ros_ws/install/pi_hub_srvs/include/pi_hub_srvs/pi_hub_srvs/srv/detail/turn_off__rosidl_typesupport_introspection_c.h
[3.315s] -- Up-to-date: /root/ros_ws/install/pi_hub_srvs/include/pi_hub_srvs/pi_hub_srvs/srv/detail/turn_off__type_support.c
[3.316s] -- Up-to-date: /root/ros_ws/install/pi_hub_srvs/include/pi_hub_srvs/pi_hub_srvs/srv/detail/turn_on__rosidl_typesupport_introspection_c.h
[3.317s] -- Up-to-date: /root/ros_ws/install/pi_hub_srvs/lib/libpi_hub_srvs__rosidl_typesupport_introspection_c.so
[3.318s] -- Up-to-date: /root/ros_ws/install/pi_hub_srvs/lib/libpi_hub_srvs__rosidl_typesupport_c.so
[3.319s] -- Up-to-date: /root/ros_ws/install/pi_hub_srvs/include/pi_hub_srvs/pi_hub_srvs
[3.322s] -- Up-to-date: /root/ros_ws/install/pi_hub_srvs/include/pi_hub_srvs/pi_hub_srvs/srv
[3.323s] -- Up-to-date: /root/ros_ws/install/pi_hub_srvs/include/pi_hub_srvs/pi_hub_srvs/srv/detail
[3.324s] -- Up-to-date: /root/ros_ws/install/pi_hub_srvs/include/pi_hub_srvs/pi_hub_srvs/srv/detail/turn_on__type_support.cpp
[3.325s] -- Up-to-date: /root/ros_ws/install/pi_hub_srvs/include/pi_hub_srvs/pi_hub_srvs/srv/detail/turn_on__rosidl_typesupport_introspection_cpp.hpp
[3.326s] -- Up-to-date: /root/ros_ws/install/pi_hub_srvs/include/pi_hub_srvs/pi_hub_srvs/srv/detail/turn_off__type_support.cpp
[3.327s] -- Up-to-date: /root/ros_ws/install/pi_hub_srvs/include/pi_hub_srvs/pi_hub_srvs/srv/detail/turn_off__rosidl_typesupport_introspection_cpp.hpp
[3.329s] -- Up-to-date: /root/ros_ws/install/pi_hub_srvs/include/pi_hub_srvs/pi_hub_srvs/srv/detail/control__rosidl_typesupport_introspection_cpp.hpp
[3.330s] -- Up-to-date: /root/ros_ws/install/pi_hub_srvs/include/pi_hub_srvs/pi_hub_srvs/srv/detail/control__type_support.cpp
[3.331s] -- Up-to-date: /root/ros_ws/install/pi_hub_srvs/lib/libpi_hub_srvs__rosidl_typesupport_introspection_cpp.so
[3.335s] -- Up-to-date: /root/ros_ws/install/pi_hub_srvs/lib/libpi_hub_srvs__rosidl_typesupport_cpp.so
[3.335s] -- Up-to-date: /root/ros_ws/install/pi_hub_srvs/share/pi_hub_srvs/environment/pythonpath.sh
[3.336s] -- Up-to-date: /root/ros_ws/install/pi_hub_srvs/share/pi_hub_srvs/environment/pythonpath.dsv
[3.336s] -- Up-to-date: /root/ros_ws/install/pi_hub_srvs/local/lib/python3.10/dist-packages/pi_hub_srvs-0.0.0-py3.10.egg-info
[3.338s] -- Installing: /root/ros_ws/install/pi_hub_srvs/local/lib/python3.10/dist-packages/pi_hub_srvs-0.0.0-py3.10.egg-info/SOURCES.txt
[3.338s] -- Installing: /root/ros_ws/install/pi_hub_srvs/local/lib/python3.10/dist-packages/pi_hub_srvs-0.0.0-py3.10.egg-info/dependency_links.txt
[3.339s] -- Installing: /root/ros_ws/install/pi_hub_srvs/local/lib/python3.10/dist-packages/pi_hub_srvs-0.0.0-py3.10.egg-info/PKG-INFO
[3.340s] -- Installing: /root/ros_ws/install/pi_hub_srvs/local/lib/python3.10/dist-packages/pi_hub_srvs-0.0.0-py3.10.egg-info/top_level.txt
[3.341s] -- Up-to-date: /root/ros_ws/install/pi_hub_srvs/local/lib/python3.10/dist-packages/pi_hub_srvs
[3.344s] -- Up-to-date: /root/ros_ws/install/pi_hub_srvs/local/lib/python3.10/dist-packages/pi_hub_srvs/_pi_hub_srvs_s.ep.rosidl_typesupport_c.c
[3.344s] -- Up-to-date: /root/ros_ws/install/pi_hub_srvs/local/lib/python3.10/dist-packages/pi_hub_srvs/pi_hub_srvs_s__rosidl_typesupport_c.cpython-310-x86_64-linux-gnu.so
[3.345s] -- Up-to-date: /root/ros_ws/install/pi_hub_srvs/local/lib/python3.10/dist-packages/pi_hub_srvs/_pi_hub_srvs_s.ep.rosidl_typesupport_fastrtps_c.c
[3.345s] -- Up-to-date: /root/ros_ws/install/pi_hub_srvs/local/lib/python3.10/dist-packages/pi_hub_srvs/libpi_hub_srvs__rosidl_generator_py.so
[3.346s] -- Up-to-date: /root/ros_ws/install/pi_hub_srvs/local/lib/python3.10/dist-packages/pi_hub_srvs/srv
[3.347s] -- Up-to-date: /root/ros_ws/install/pi_hub_srvs/local/lib/python3.10/dist-packages/pi_hub_srvs/srv/_turn_off_s.c
[3.348s] -- Up-to-date: /root/ros_ws/install/pi_hub_srvs/local/lib/python3.10/dist-packages/pi_hub_srvs/srv/_control_s.c
[3.350s] -- Up-to-date: /root/ros_ws/install/pi_hub_srvs/local/lib/python3.10/dist-packages/pi_hub_srvs/srv/_turn_off.py
[3.351s] -- Up-to-date: /root/ros_ws/install/pi_hub_srvs/local/lib/python3.10/dist-packages/pi_hub_srvs/srv/_control.py
[3.351s] -- Up-to-date: /root/ros_ws/install/pi_hub_srvs/local/lib/python3.10/dist-packages/pi_hub_srvs/srv/__init__.py
[3.353s] -- Up-to-date: /root/ros_ws/install/pi_hub_srvs/local/lib/python3.10/dist-packages/pi_hub_srvs/srv/_turn_on.py
[3.356s] -- Up-to-date: /root/ros_ws/install/pi_hub_srvs/local/lib/python3.10/dist-packages/pi_hub_srvs/srv/_turn_on_s.c
[3.356s] -- Up-to-date: /root/ros_ws/install/pi_hub_srvs/local/lib/python3.10/dist-packages/pi_hub_srvs/_pi_hub_srvs_s.ep.rosidl_typesupport_introspection_c.c
[3.357s] -- Up-to-date: /root/ros_ws/install/pi_hub_srvs/local/lib/python3.10/dist-packages/pi_hub_srvs/pi_hub_srvs_s__rosidl_typesupport_introspection_c.cpython-310-x86_64-linux-gnu.so
[3.358s] -- Up-to-date: /root/ros_ws/install/pi_hub_srvs/local/lib/python3.10/dist-packages/pi_hub_srvs/pi_hub_srvs_s__rosidl_typesupport_fastrtps_c.cpython-310-x86_64-linux-gnu.so
[3.359s] -- Up-to-date: /root/ros_ws/install/pi_hub_srvs/local/lib/python3.10/dist-packages/pi_hub_srvs/__init__.py
[3.493s] Listing '/root/ros_ws/install/pi_hub_srvs/local/lib/python3.10/dist-packages/pi_hub_srvs'...
[3.493s] Listing '/root/ros_ws/install/pi_hub_srvs/local/lib/python3.10/dist-packages/pi_hub_srvs/srv'...
[3.527s] -- Up-to-date: /root/ros_ws/install/pi_hub_srvs/local/lib/python3.10/dist-packages/pi_hub_srvs/pi_hub_srvs_s__rosidl_typesupport_fastrtps_c.cpython-310-x86_64-linux-gnu.so
[3.532s] -- Up-to-date: /root/ros_ws/install/pi_hub_srvs/local/lib/python3.10/dist-packages/pi_hub_srvs/pi_hub_srvs_s__rosidl_typesupport_introspection_c.cpython-310-x86_64-linux-gnu.so
[3.532s] -- Up-to-date: /root/ros_ws/install/pi_hub_srvs/local/lib/python3.10/dist-packages/pi_hub_srvs/pi_hub_srvs_s__rosidl_typesupport_c.cpython-310-x86_64-linux-gnu.so
[3.543s] -- Up-to-date: /root/ros_ws/install/pi_hub_srvs/lib/libpi_hub_srvs__rosidl_generator_py.so
[3.546s] -- Up-to-date: /root/ros_ws/install/pi_hub_srvs/share/pi_hub_srvs/srv/TurnOn.idl
[3.546s] -- Up-to-date: /root/ros_ws/install/pi_hub_srvs/share/pi_hub_srvs/srv/TurnOff.idl
[3.546s] -- Up-to-date: /root/ros_ws/install/pi_hub_srvs/share/pi_hub_srvs/srv/Control.idl
[3.546s] -- Up-to-date: /root/ros_ws/install/pi_hub_srvs/share/pi_hub_srvs/srv/TurnOn.srv
[3.546s] -- Up-to-date: /root/ros_ws/install/pi_hub_srvs/share/pi_hub_srvs/srv/TurnOn_Request.msg
[3.547s] -- Up-to-date: /root/ros_ws/install/pi_hub_srvs/share/pi_hub_srvs/srv/TurnOn_Response.msg
[3.547s] -- Up-to-date: /root/ros_ws/install/pi_hub_srvs/share/pi_hub_srvs/srv/TurnOff.srv
[3.547s] -- Up-to-date: /root/ros_ws/install/pi_hub_srvs/share/pi_hub_srvs/srv/TurnOff_Request.msg
[3.547s] -- Up-to-date: /root/ros_ws/install/pi_hub_srvs/share/pi_hub_srvs/srv/TurnOff_Response.msg
[3.548s] -- Up-to-date: /root/ros_ws/install/pi_hub_srvs/share/pi_hub_srvs/srv/Control.srv
[3.548s] -- Up-to-date: /root/ros_ws/install/pi_hub_srvs/share/pi_hub_srvs/srv/Control_Request.msg
[3.548s] -- Up-to-date: /root/ros_ws/install/pi_hub_srvs/share/pi_hub_srvs/srv/Control_Response.msg
[3.548s] -- Up-to-date: /root/ros_ws/install/pi_hub_srvs/share/ament_index/resource_index/package_run_dependencies/pi_hub_srvs
[3.548s] -- Up-to-date: /root/ros_ws/install/pi_hub_srvs/share/ament_index/resource_index/parent_prefix_path/pi_hub_srvs
[3.550s] -- Up-to-date: /root/ros_ws/install/pi_hub_srvs/share/pi_hub_srvs/environment/ament_prefix_path.sh
[3.550s] -- Up-to-date: /root/ros_ws/install/pi_hub_srvs/share/pi_hub_srvs/environment/ament_prefix_path.dsv
[3.550s] -- Up-to-date: /root/ros_ws/install/pi_hub_srvs/share/pi_hub_srvs/environment/path.sh
[3.551s] -- Up-to-date: /root/ros_ws/install/pi_hub_srvs/share/pi_hub_srvs/environment/path.dsv
[3.551s] -- Up-to-date: /root/ros_ws/install/pi_hub_srvs/share/pi_hub_srvs/local_setup.bash
[3.551s] -- Up-to-date: /root/ros_ws/install/pi_hub_srvs/share/pi_hub_srvs/local_setup.sh
[3.551s] -- Up-to-date: /root/ros_ws/install/pi_hub_srvs/share/pi_hub_srvs/local_setup.zsh
[3.551s] -- Up-to-date: /root/ros_ws/install/pi_hub_srvs/share/pi_hub_srvs/local_setup.dsv
[3.551s] -- Installing: /root/ros_ws/install/pi_hub_srvs/share/pi_hub_srvs/package.dsv
[3.552s] -- Up-to-date: /root/ros_ws/install/pi_hub_srvs/share/ament_index/resource_index/packages/pi_hub_srvs
[3.552s] -- Up-to-date: /root/ros_ws/install/pi_hub_srvs/share/pi_hub_srvs/cmake/export_pi_hub_srvs__rosidl_generator_cExport.cmake
[3.552s] -- Up-to-date: /root/ros_ws/install/pi_hub_srvs/share/pi_hub_srvs/cmake/export_pi_hub_srvs__rosidl_generator_cExport-noconfig.cmake
[3.553s] -- Up-to-date: /root/ros_ws/install/pi_hub_srvs/share/pi_hub_srvs/cmake/export_pi_hub_srvs__rosidl_typesupport_fastrtps_cExport.cmake
[3.559s] -- Up-to-date: /root/ros_ws/install/pi_hub_srvs/share/pi_hub_srvs/cmake/export_pi_hub_srvs__rosidl_typesupport_fastrtps_cExport-noconfig.cmake
[3.560s] -- Up-to-date: /root/ros_ws/install/pi_hub_srvs/share/pi_hub_srvs/cmake/export_pi_hub_srvs__rosidl_generator_cppExport.cmake
[3.560s] -- Up-to-date: /root/ros_ws/install/pi_hub_srvs/share/pi_hub_srvs/cmake/export_pi_hub_srvs__rosidl_typesupport_fastrtps_cppExport.cmake
[3.560s] -- Up-to-date: /root/ros_ws/install/pi_hub_srvs/share/pi_hub_srvs/cmake/export_pi_hub_srvs__rosidl_typesupport_fastrtps_cppExport-noconfig.cmake
[3.561s] -- Up-to-date: /root/ros_ws/install/pi_hub_srvs/share/pi_hub_srvs/cmake/pi_hub_srvs__rosidl_typesupport_introspection_cExport.cmake
[3.561s] -- Up-to-date: /root/ros_ws/install/pi_hub_srvs/share/pi_hub_srvs/cmake/pi_hub_srvs__rosidl_typesupport_introspection_cExport-noconfig.cmake
[3.562s] -- Up-to-date: /root/ros_ws/install/pi_hub_srvs/share/pi_hub_srvs/cmake/pi_hub_srvs__rosidl_typesupport_cExport.cmake
[3.563s] -- Up-to-date: /root/ros_ws/install/pi_hub_srvs/share/pi_hub_srvs/cmake/pi_hub_srvs__rosidl_typesupport_cExport-noconfig.cmake
[3.563s] -- Up-to-date: /root/ros_ws/install/pi_hub_srvs/share/pi_hub_srvs/cmake/pi_hub_srvs__rosidl_typesupport_introspection_cppExport.cmake
[3.563s] -- Up-to-date: /root/ros_ws/install/pi_hub_srvs/share/pi_hub_srvs/cmake/pi_hub_srvs__rosidl_typesupport_introspection_cppExport-noconfig.cmake
[3.564s] -- Up-to-date: /root/ros_ws/install/pi_hub_srvs/share/pi_hub_srvs/cmake/pi_hub_srvs__rosidl_typesupport_cppExport.cmake
[3.581s] -- Up-to-date: /root/ros_ws/install/pi_hub_srvs/share/pi_hub_srvs/cmake/pi_hub_srvs__rosidl_typesupport_cppExport-noconfig.cmake
[3.582s] -- Up-to-date: /root/ros_ws/install/pi_hub_srvs/share/pi_hub_srvs/cmake/export_pi_hub_srvs__rosidl_generator_pyExport.cmake
[3.582s] -- Up-to-date: /root/ros_ws/install/pi_hub_srvs/share/pi_hub_srvs/cmake/export_pi_hub_srvs__rosidl_generator_pyExport-noconfig.cmake
[3.582s] -- Up-to-date: /root/ros_ws/install/pi_hub_srvs/share/pi_hub_srvs/cmake/rosidl_cmake-extras.cmake
[3.582s] -- Up-to-date: /root/ros_ws/install/pi_hub_srvs/share/pi_hub_srvs/cmake/ament_cmake_export_dependencies-extras.cmake
[3.583s] -- Up-to-date: /root/ros_ws/install/pi_hub_srvs/share/pi_hub_srvs/cmake/ament_cmake_export_include_directories-extras.cmake
[3.583s] -- Up-to-date: /root/ros_ws/install/pi_hub_srvs/share/pi_hub_srvs/cmake/ament_cmake_export_libraries-extras.cmake
[3.583s] -- Up-to-date: /root/ros_ws/install/pi_hub_srvs/share/pi_hub_srvs/cmake/ament_cmake_export_targets-extras.cmake
[3.583s] -- Up-to-date: /root/ros_ws/install/pi_hub_srvs/share/pi_hub_srvs/cmake/rosidl_cmake_export_typesupport_targets-extras.cmake
[3.583s] -- Up-to-date: /root/ros_ws/install/pi_hub_srvs/share/pi_hub_srvs/cmake/rosidl_cmake_export_typesupport_libraries-extras.cmake
[3.584s] -- Up-to-date: /root/ros_ws/install/pi_hub_srvs/share/pi_hub_srvs/cmake/pi_hub_srvsConfig.cmake
[3.584s] -- Up-to-date: /root/ros_ws/install/pi_hub_srvs/share/pi_hub_srvs/cmake/pi_hub_srvsConfig-version.cmake
[3.584s] -- Up-to-date: /root/ros_ws/install/pi_hub_srvs/share/pi_hub_srvs/package.xml
[3.634s] Invoked command in '/root/ros_ws/build/pi_hub_srvs' returned '0': CMAKE_PREFIX_PATH=${CMAKE_PREFIX_PATH}:/root/ros_ws/install/time_schedule:/root/ros_ws/install/pi_hub:/root/ros_ws/install/pump_control:/root/ros_ws/install/led_control:/root/ros_ws/install/gpio_conf:/opt/ros/humble /usr/bin/cmake --install /root/ros_ws/build/pi_hub_srvs
