[2.362s] Invoking command in '/root/ros_ws/src/pump_control': PYTHONPATH=/root/ros_ws/build/pump_control/prefix_override:/root/ros_ws/install/pump_control/lib/python3.10/site-packages:${PYTHONPATH} /usr/bin/python3 setup.py egg_info --egg-base ../../build/pump_control build --build-base /root/ros_ws/build/pump_control/build install --record /root/ros_ws/build/pump_control/install.log --install-scripts $base/lib/pump_control --single-version-externally-managed
[3.088s] /usr/lib/python3/dist-packages/setuptools/dist.py:723: UserWarning: Usage of dash-separated 'script-dir' will not be supported in future versions. Please use the underscore name 'script_dir' instead
[3.088s]   warnings.warn(
[3.110s] running egg_info
[3.112s] creating ../../build/pump_control/pump_control.egg-info
[3.112s] writing ../../build/pump_control/pump_control.egg-info/PKG-INFO
[3.113s] writing dependency_links to ../../build/pump_control/pump_control.egg-info/dependency_links.txt
[3.113s] writing entry points to ../../build/pump_control/pump_control.egg-info/entry_points.txt
[3.114s] writing requirements to ../../build/pump_control/pump_control.egg-info/requires.txt
[3.114s] writing top-level names to ../../build/pump_control/pump_control.egg-info/top_level.txt
[3.114s] writing manifest file '../../build/pump_control/pump_control.egg-info/SOURCES.txt'
[3.117s] reading manifest file '../../build/pump_control/pump_control.egg-info/SOURCES.txt'
[3.119s] writing manifest file '../../build/pump_control/pump_control.egg-info/SOURCES.txt'
[3.119s] running build
[3.120s] running build_py
[3.120s] creating /root/ros_ws/build/pump_control/build
[3.120s] creating /root/ros_ws/build/pump_control/build/lib
[3.121s] creating /root/ros_ws/build/pump_control/build/lib/pump_control
[3.121s] copying pump_control/pump_control_node.py -> /root/ros_ws/build/pump_control/build/lib/pump_control
[3.121s] copying pump_control/__init__.py -> /root/ros_ws/build/pump_control/build/lib/pump_control
[3.121s] running install
[3.122s] /usr/lib/python3/dist-packages/setuptools/command/install.py:34: SetuptoolsDeprecationWarning: setup.py install is deprecated. Use build and pip and other standards-based tools.
[3.123s]   warnings.warn(
[3.125s] running install_lib
[3.128s] creating /root/ros_ws/install/pump_control/lib/python3.10/site-packages/pump_control
[3.129s] copying /root/ros_ws/build/pump_control/build/lib/pump_control/pump_control_node.py -> /root/ros_ws/install/pump_control/lib/python3.10/site-packages/pump_control
[3.131s] copying /root/ros_ws/build/pump_control/build/lib/pump_control/__init__.py -> /root/ros_ws/install/pump_control/lib/python3.10/site-packages/pump_control
[3.135s] byte-compiling /root/ros_ws/install/pump_control/lib/python3.10/site-packages/pump_control/pump_control_node.py to pump_control_node.cpython-310.pyc
[3.139s] byte-compiling /root/ros_ws/install/pump_control/lib/python3.10/site-packages/pump_control/__init__.py to __init__.cpython-310.pyc
[3.141s] running install_data
[3.157s] creating /root/ros_ws/install/pump_control/share/ament_index
[3.160s] creating /root/ros_ws/install/pump_control/share/ament_index/resource_index
[3.163s] creating /root/ros_ws/install/pump_control/share/ament_index/resource_index/packages
[3.165s] copying resource/pump_control -> /root/ros_ws/install/pump_control/share/ament_index/resource_index/packages
[3.166s] copying package.xml -> /root/ros_ws/install/pump_control/share/pump_control
[3.168s] running install_egg_info
[3.179s] Copying ../../build/pump_control/pump_control.egg-info to /root/ros_ws/install/pump_control/lib/python3.10/site-packages/pump_control-0.0.0-py3.10.egg-info
[3.186s] running install_scripts
[3.288s] Installing pump_control_node script to /root/ros_ws/install/pump_control/lib/pump_control
[3.297s] writing list of installed files to '/root/ros_ws/build/pump_control/install.log'
[3.400s] Invoked command in '/root/ros_ws/src/pump_control' returned '0': PYTHONPATH=/root/ros_ws/build/pump_control/prefix_override:/root/ros_ws/install/pump_control/lib/python3.10/site-packages:${PYTHONPATH} /usr/bin/python3 setup.py egg_info --egg-base ../../build/pump_control build --build-base /root/ros_ws/build/pump_control/build install --record /root/ros_ws/build/pump_control/install.log --install-scripts $base/lib/pump_control --single-version-externally-managed
