[0.537s] DEBUG:colcon:Command line arguments: ['/usr/bin/colcon', 'build']
[0.537s] DEBUG:colcon:Parsed command line arguments: Namespace(log_base=None, log_level=None, verb_name='build', build_base='build', install_base='install', merge_install=False, symlink_install=False, test_result_base=None, continue_on_error=False, executor='parallel', parallel_workers=4, event_handlers=None, ignore_user_meta=False, metas=['./colcon.meta'], base_paths=['.'], packages_ignore=None, packages_ignore_regex=None, paths=None, packages_up_to=None, packages_up_to_regex=None, packages_above=None, packages_above_and_dependencies=None, packages_above_depth=None, packages_select_by_dep=None, packages_skip_by_dep=None, packages_skip_up_to=None, packages_select_build_failed=False, packages_skip_build_finished=False, packages_select_test_failures=False, packages_skip_test_passed=False, packages_select=None, packages_skip=None, packages_select_regex=None, packages_skip_regex=None, packages_start=None, packages_end=None, cmake_args=None, cmake_target=None, cmake_target_skip_unavailable=False, cmake_clean_cache=False, cmake_clean_first=False, cmake_force_configure=False, ament_cmake_args=None, catkin_cmake_args=None, catkin_skip_building_tests=False, mixin_files=None, mixin=None, verb_parser=<colcon_mixin.mixin.mixin_argument.MixinArgumentDecorator object at 0x7f8ae2ecea70>, verb_extension=<colcon_core.verb.build.BuildVerb object at 0x7f8ae383fac0>, main=<bound method BuildVerb.main of <colcon_core.verb.build.BuildVerb object at 0x7f8ae383fac0>>, mixin_verb=('build',))
[0.616s] Level 1:colcon.colcon_core.package_discovery:discover_packages(colcon_meta) check parameters
[0.618s] INFO:colcon.colcon_metadata.package_discovery.colcon_meta:Using configuration from '/root/.colcon/metadata/default/Gazebo.meta'
[0.620s] INFO:colcon.colcon_metadata.package_discovery.colcon_meta:Using configuration from '/root/.colcon/metadata/default/fastrtps.meta'
[0.620s] Level 1:colcon.colcon_core.package_discovery:discover_packages(recursive) check parameters
[0.621s] Level 1:colcon.colcon_core.package_discovery:discover_packages(ignore) check parameters
[0.621s] Level 1:colcon.colcon_core.package_discovery:discover_packages(path) check parameters
[0.621s] Level 1:colcon.colcon_core.package_discovery:discover_packages(colcon_meta) discover
[0.621s] Level 1:colcon.colcon_core.package_discovery:discover_packages(recursive) discover
[0.622s] INFO:colcon.colcon_core.package_discovery:Crawling recursively for packages in '/root/ros_ws'
[0.622s] Level 1:colcon.colcon_core.package_identification:_identify(.) by extensions ['ignore', 'ignore_ament_install']
[0.623s] Level 1:colcon.colcon_core.package_identification:_identify(.) by extension 'ignore'
[0.623s] Level 1:colcon.colcon_core.package_identification:_identify(.) by extension 'ignore_ament_install'
[0.623s] Level 1:colcon.colcon_core.package_identification:_identify(.) by extensions ['colcon_pkg']
[0.623s] Level 1:colcon.colcon_core.package_identification:_identify(.) by extension 'colcon_pkg'
[0.623s] Level 1:colcon.colcon_core.package_identification:_identify(.) by extensions ['colcon_meta']
[0.623s] Level 1:colcon.colcon_core.package_identification:_identify(.) by extension 'colcon_meta'
[0.624s] Level 1:colcon.colcon_core.package_identification:_identify(.) by extensions ['ros']
[0.624s] Level 1:colcon.colcon_core.package_identification:_identify(.) by extension 'ros'
[0.646s] Level 1:colcon.colcon_core.package_identification:_identify(.) by extensions ['cmake', 'python']
[0.646s] Level 1:colcon.colcon_core.package_identification:_identify(.) by extension 'cmake'
[0.647s] Level 1:colcon.colcon_core.package_identification:_identify(.) by extension 'python'
[0.647s] Level 1:colcon.colcon_core.package_identification:_identify(.) by extensions ['python_setup_py']
[0.647s] Level 1:colcon.colcon_core.package_identification:_identify(.) by extension 'python_setup_py'
[0.647s] Level 1:colcon.colcon_core.package_identification:_identify(build) by extensions ['ignore', 'ignore_ament_install']
[0.647s] Level 1:colcon.colcon_core.package_identification:_identify(build) by extension 'ignore'
[0.647s] Level 1:colcon.colcon_core.package_identification:_identify(build) ignored
[0.647s] Level 1:colcon.colcon_core.package_identification:_identify(install) by extensions ['ignore', 'ignore_ament_install']
[0.648s] Level 1:colcon.colcon_core.package_identification:_identify(install) by extension 'ignore'
[0.648s] Level 1:colcon.colcon_core.package_identification:_identify(install) ignored
[0.648s] Level 1:colcon.colcon_core.package_identification:_identify(log) by extensions ['ignore', 'ignore_ament_install']
[0.648s] Level 1:colcon.colcon_core.package_identification:_identify(log) by extension 'ignore'
[0.648s] Level 1:colcon.colcon_core.package_identification:_identify(log) ignored
[0.648s] Level 1:colcon.colcon_core.package_identification:_identify(src) by extensions ['ignore', 'ignore_ament_install']
[0.649s] Level 1:colcon.colcon_core.package_identification:_identify(src) by extension 'ignore'
[0.649s] Level 1:colcon.colcon_core.package_identification:_identify(src) by extension 'ignore_ament_install'
[0.649s] Level 1:colcon.colcon_core.package_identification:_identify(src) by extensions ['colcon_pkg']
[0.649s] Level 1:colcon.colcon_core.package_identification:_identify(src) by extension 'colcon_pkg'
[0.649s] Level 1:colcon.colcon_core.package_identification:_identify(src) by extensions ['colcon_meta']
[0.649s] Level 1:colcon.colcon_core.package_identification:_identify(src) by extension 'colcon_meta'
[0.649s] Level 1:colcon.colcon_core.package_identification:_identify(src) by extensions ['ros']
[0.649s] Level 1:colcon.colcon_core.package_identification:_identify(src) by extension 'ros'
[0.649s] Level 1:colcon.colcon_core.package_identification:_identify(src) by extensions ['cmake', 'python']
[0.649s] Level 1:colcon.colcon_core.package_identification:_identify(src) by extension 'cmake'
[0.650s] Level 1:colcon.colcon_core.package_identification:_identify(src) by extension 'python'
[0.650s] Level 1:colcon.colcon_core.package_identification:_identify(src) by extensions ['python_setup_py']
[0.650s] Level 1:colcon.colcon_core.package_identification:_identify(src) by extension 'python_setup_py'
[0.650s] Level 1:colcon.colcon_core.package_identification:_identify(src/led_control) by extensions ['ignore', 'ignore_ament_install']
[0.650s] Level 1:colcon.colcon_core.package_identification:_identify(src/led_control) by extension 'ignore'
[0.650s] Level 1:colcon.colcon_core.package_identification:_identify(src/led_control) by extension 'ignore_ament_install'
[0.650s] Level 1:colcon.colcon_core.package_identification:_identify(src/led_control) by extensions ['colcon_pkg']
[0.650s] Level 1:colcon.colcon_core.package_identification:_identify(src/led_control) by extension 'colcon_pkg'
[0.650s] Level 1:colcon.colcon_core.package_identification:_identify(src/led_control) by extensions ['colcon_meta']
[0.650s] Level 1:colcon.colcon_core.package_identification:_identify(src/led_control) by extension 'colcon_meta'
[0.651s] Level 1:colcon.colcon_core.package_identification:_identify(src/led_control) by extensions ['ros']
[0.651s] Level 1:colcon.colcon_core.package_identification:_identify(src/led_control) by extension 'ros'
[0.657s] DEBUG:colcon.colcon_core.package_identification:Package 'src/led_control' with type 'ros.ament_python' and name 'led_control'
[0.657s] Level 1:colcon.colcon_core.package_identification:_identify(src/pi_hub) by extensions ['ignore', 'ignore_ament_install']
[0.657s] Level 1:colcon.colcon_core.package_identification:_identify(src/pi_hub) by extension 'ignore'
[0.657s] Level 1:colcon.colcon_core.package_identification:_identify(src/pi_hub) by extension 'ignore_ament_install'
[0.658s] Level 1:colcon.colcon_core.package_identification:_identify(src/pi_hub) by extensions ['colcon_pkg']
[0.658s] Level 1:colcon.colcon_core.package_identification:_identify(src/pi_hub) by extension 'colcon_pkg'
[0.658s] Level 1:colcon.colcon_core.package_identification:_identify(src/pi_hub) by extensions ['colcon_meta']
[0.658s] Level 1:colcon.colcon_core.package_identification:_identify(src/pi_hub) by extension 'colcon_meta'
[0.658s] Level 1:colcon.colcon_core.package_identification:_identify(src/pi_hub) by extensions ['ros']
[0.658s] Level 1:colcon.colcon_core.package_identification:_identify(src/pi_hub) by extension 'ros'
[0.659s] DEBUG:colcon.colcon_core.package_identification:Package 'src/pi_hub' with type 'ros.ament_python' and name 'pi_hub'
[0.659s] Level 1:colcon.colcon_core.package_identification:_identify(src/pi_hub_srvs) by extensions ['ignore', 'ignore_ament_install']
[0.660s] Level 1:colcon.colcon_core.package_identification:_identify(src/pi_hub_srvs) by extension 'ignore'
[0.660s] Level 1:colcon.colcon_core.package_identification:_identify(src/pi_hub_srvs) by extension 'ignore_ament_install'
[0.660s] Level 1:colcon.colcon_core.package_identification:_identify(src/pi_hub_srvs) by extensions ['colcon_pkg']
[0.660s] Level 1:colcon.colcon_core.package_identification:_identify(src/pi_hub_srvs) by extension 'colcon_pkg'
[0.660s] Level 1:colcon.colcon_core.package_identification:_identify(src/pi_hub_srvs) by extensions ['colcon_meta']
[0.660s] Level 1:colcon.colcon_core.package_identification:_identify(src/pi_hub_srvs) by extension 'colcon_meta'
[0.661s] Level 1:colcon.colcon_core.package_identification:_identify(src/pi_hub_srvs) by extensions ['ros']
[0.661s] Level 1:colcon.colcon_core.package_identification:_identify(src/pi_hub_srvs) by extension 'ros'
[0.662s] DEBUG:colcon.colcon_core.package_identification:Package 'src/pi_hub_srvs' with type 'ros.ament_cmake' and name 'pi_hub_srvs'
[0.662s] Level 1:colcon.colcon_core.package_identification:_identify(src/pump_control) by extensions ['ignore', 'ignore_ament_install']
[0.662s] Level 1:colcon.colcon_core.package_identification:_identify(src/pump_control) by extension 'ignore'
[0.663s] Level 1:colcon.colcon_core.package_identification:_identify(src/pump_control) by extension 'ignore_ament_install'
[0.663s] Level 1:colcon.colcon_core.package_identification:_identify(src/pump_control) by extensions ['colcon_pkg']
[0.663s] Level 1:colcon.colcon_core.package_identification:_identify(src/pump_control) by extension 'colcon_pkg'
[0.663s] Level 1:colcon.colcon_core.package_identification:_identify(src/pump_control) by extensions ['colcon_meta']
[0.663s] Level 1:colcon.colcon_core.package_identification:_identify(src/pump_control) by extension 'colcon_meta'
[0.663s] Level 1:colcon.colcon_core.package_identification:_identify(src/pump_control) by extensions ['ros']
[0.663s] Level 1:colcon.colcon_core.package_identification:_identify(src/pump_control) by extension 'ros'
[0.664s] DEBUG:colcon.colcon_core.package_identification:Package 'src/pump_control' with type 'ros.ament_python' and name 'pump_control'
[0.664s] Level 1:colcon.colcon_core.package_discovery:discover_packages(recursive) using defaults
[0.664s] Level 1:colcon.colcon_core.package_discovery:discover_packages(ignore) discover
[0.664s] Level 1:colcon.colcon_core.package_discovery:discover_packages(ignore) using defaults
[0.664s] Level 1:colcon.colcon_core.package_discovery:discover_packages(path) discover
[0.664s] Level 1:colcon.colcon_core.package_discovery:discover_packages(path) using defaults
[0.740s] Level 5:colcon.colcon_core.verb:set package 'led_control' build argument 'cmake_args' from command line to 'None'
[0.740s] Level 5:colcon.colcon_core.verb:set package 'led_control' build argument 'cmake_target' from command line to 'None'
[0.740s] Level 5:colcon.colcon_core.verb:set package 'led_control' build argument 'cmake_target_skip_unavailable' from command line to 'False'
[0.740s] Level 5:colcon.colcon_core.verb:set package 'led_control' build argument 'cmake_clean_cache' from command line to 'False'
[0.740s] Level 5:colcon.colcon_core.verb:set package 'led_control' build argument 'cmake_clean_first' from command line to 'False'
[0.741s] Level 5:colcon.colcon_core.verb:set package 'led_control' build argument 'cmake_force_configure' from command line to 'False'
[0.741s] Level 5:colcon.colcon_core.verb:set package 'led_control' build argument 'ament_cmake_args' from command line to 'None'
[0.741s] Level 5:colcon.colcon_core.verb:set package 'led_control' build argument 'catkin_cmake_args' from command line to 'None'
[0.741s] Level 5:colcon.colcon_core.verb:set package 'led_control' build argument 'catkin_skip_building_tests' from command line to 'False'
[0.741s] DEBUG:colcon.colcon_core.verb:Building package 'led_control' with the following arguments: {'ament_cmake_args': None, 'build_base': '/root/ros_ws/build/led_control', 'catkin_cmake_args': None, 'catkin_skip_building_tests': False, 'cmake_args': None, 'cmake_clean_cache': False, 'cmake_clean_first': False, 'cmake_force_configure': False, 'cmake_target': None, 'cmake_target_skip_unavailable': False, 'install_base': '/root/ros_ws/install/led_control', 'merge_install': False, 'path': '/root/ros_ws/src/led_control', 'symlink_install': False, 'test_result_base': None}
[0.742s] Level 5:colcon.colcon_core.verb:set package 'pi_hub_srvs' build argument 'cmake_args' from command line to 'None'
[0.742s] Level 5:colcon.colcon_core.verb:set package 'pi_hub_srvs' build argument 'cmake_target' from command line to 'None'
[0.742s] Level 5:colcon.colcon_core.verb:set package 'pi_hub_srvs' build argument 'cmake_target_skip_unavailable' from command line to 'False'
[0.742s] Level 5:colcon.colcon_core.verb:set package 'pi_hub_srvs' build argument 'cmake_clean_cache' from command line to 'False'
[0.742s] Level 5:colcon.colcon_core.verb:set package 'pi_hub_srvs' build argument 'cmake_clean_first' from command line to 'False'
[0.742s] Level 5:colcon.colcon_core.verb:set package 'pi_hub_srvs' build argument 'cmake_force_configure' from command line to 'False'
[0.742s] Level 5:colcon.colcon_core.verb:set package 'pi_hub_srvs' build argument 'ament_cmake_args' from command line to 'None'
[0.742s] Level 5:colcon.colcon_core.verb:set package 'pi_hub_srvs' build argument 'catkin_cmake_args' from command line to 'None'
[0.742s] Level 5:colcon.colcon_core.verb:set package 'pi_hub_srvs' build argument 'catkin_skip_building_tests' from command line to 'False'
[0.743s] DEBUG:colcon.colcon_core.verb:Building package 'pi_hub_srvs' with the following arguments: {'ament_cmake_args': None, 'build_base': '/root/ros_ws/build/pi_hub_srvs', 'catkin_cmake_args': None, 'catkin_skip_building_tests': False, 'cmake_args': None, 'cmake_clean_cache': False, 'cmake_clean_first': False, 'cmake_force_configure': False, 'cmake_target': None, 'cmake_target_skip_unavailable': False, 'install_base': '/root/ros_ws/install/pi_hub_srvs', 'merge_install': False, 'path': '/root/ros_ws/src/pi_hub_srvs', 'symlink_install': False, 'test_result_base': None}
[0.744s] Level 5:colcon.colcon_core.verb:set package 'pump_control' build argument 'cmake_args' from command line to 'None'
[0.744s] Level 5:colcon.colcon_core.verb:set package 'pump_control' build argument 'cmake_target' from command line to 'None'
[0.744s] Level 5:colcon.colcon_core.verb:set package 'pump_control' build argument 'cmake_target_skip_unavailable' from command line to 'False'
[0.744s] Level 5:colcon.colcon_core.verb:set package 'pump_control' build argument 'cmake_clean_cache' from command line to 'False'
[0.744s] Level 5:colcon.colcon_core.verb:set package 'pump_control' build argument 'cmake_clean_first' from command line to 'False'
[0.744s] Level 5:colcon.colcon_core.verb:set package 'pump_control' build argument 'cmake_force_configure' from command line to 'False'
[0.744s] Level 5:colcon.colcon_core.verb:set package 'pump_control' build argument 'ament_cmake_args' from command line to 'None'
[0.744s] Level 5:colcon.colcon_core.verb:set package 'pump_control' build argument 'catkin_cmake_args' from command line to 'None'
[0.744s] Level 5:colcon.colcon_core.verb:set package 'pump_control' build argument 'catkin_skip_building_tests' from command line to 'False'
[0.744s] DEBUG:colcon.colcon_core.verb:Building package 'pump_control' with the following arguments: {'ament_cmake_args': None, 'build_base': '/root/ros_ws/build/pump_control', 'catkin_cmake_args': None, 'catkin_skip_building_tests': False, 'cmake_args': None, 'cmake_clean_cache': False, 'cmake_clean_first': False, 'cmake_force_configure': False, 'cmake_target': None, 'cmake_target_skip_unavailable': False, 'install_base': '/root/ros_ws/install/pump_control', 'merge_install': False, 'path': '/root/ros_ws/src/pump_control', 'symlink_install': False, 'test_result_base': None}
[0.746s] Level 5:colcon.colcon_core.verb:set package 'pi_hub' build argument 'cmake_args' from command line to 'None'
[0.746s] Level 5:colcon.colcon_core.verb:set package 'pi_hub' build argument 'cmake_target' from command line to 'None'
[0.746s] Level 5:colcon.colcon_core.verb:set package 'pi_hub' build argument 'cmake_target_skip_unavailable' from command line to 'False'
[0.746s] Level 5:colcon.colcon_core.verb:set package 'pi_hub' build argument 'cmake_clean_cache' from command line to 'False'
[0.746s] Level 5:colcon.colcon_core.verb:set package 'pi_hub' build argument 'cmake_clean_first' from command line to 'False'
[0.746s] Level 5:colcon.colcon_core.verb:set package 'pi_hub' build argument 'cmake_force_configure' from command line to 'False'
[0.746s] Level 5:colcon.colcon_core.verb:set package 'pi_hub' build argument 'ament_cmake_args' from command line to 'None'
[0.746s] Level 5:colcon.colcon_core.verb:set package 'pi_hub' build argument 'catkin_cmake_args' from command line to 'None'
[0.746s] Level 5:colcon.colcon_core.verb:set package 'pi_hub' build argument 'catkin_skip_building_tests' from command line to 'False'
[0.746s] DEBUG:colcon.colcon_core.verb:Building package 'pi_hub' with the following arguments: {'ament_cmake_args': None, 'build_base': '/root/ros_ws/build/pi_hub', 'catkin_cmake_args': None, 'catkin_skip_building_tests': False, 'cmake_args': None, 'cmake_clean_cache': False, 'cmake_clean_first': False, 'cmake_force_configure': False, 'cmake_target': None, 'cmake_target_skip_unavailable': False, 'install_base': '/root/ros_ws/install/pi_hub', 'merge_install': False, 'path': '/root/ros_ws/src/pi_hub', 'symlink_install': False, 'test_result_base': None}
[0.747s] INFO:colcon.colcon_core.executor:Executing jobs using 'parallel' executor
[0.752s] DEBUG:colcon.colcon_parallel_executor.executor.parallel:run_until_complete
[0.753s] INFO:colcon.colcon_ros.task.ament_python.build:Building ROS package in '/root/ros_ws/src/led_control' with build type 'ament_python'
[0.754s] Level 1:colcon.colcon_core.shell:create_environment_hook('led_control', 'ament_prefix_path')
[0.765s] INFO:colcon.colcon_core.plugin_system:Skipping extension 'colcon_core.shell.bat': Not used on non-Windows systems
[0.766s] INFO:colcon.colcon_core.shell:Creating environment hook '/root/ros_ws/install/led_control/share/led_control/hook/ament_prefix_path.ps1'
[0.767s] INFO:colcon.colcon_core.shell:Creating environment descriptor '/root/ros_ws/install/led_control/share/led_control/hook/ament_prefix_path.dsv'
[0.768s] INFO:colcon.colcon_core.shell:Creating environment hook '/root/ros_ws/install/led_control/share/led_control/hook/ament_prefix_path.sh'
[0.774s] INFO:colcon.colcon_core.shell:Skip shell extension 'powershell' for command environment: Not usable outside of PowerShell
[0.774s] DEBUG:colcon.colcon_core.shell:Skip shell extension 'dsv' for command environment
[0.786s] INFO:colcon.colcon_ros.task.ament_python.build:Building ROS package in '/root/ros_ws/src/pump_control' with build type 'ament_python'
[0.786s] Level 1:colcon.colcon_core.shell:create_environment_hook('pump_control', 'ament_prefix_path')
[0.794s] INFO:colcon.colcon_core.shell:Creating environment hook '/root/ros_ws/install/pump_control/share/pump_control/hook/ament_prefix_path.ps1'
[0.795s] INFO:colcon.colcon_core.shell:Creating environment descriptor '/root/ros_ws/install/pump_control/share/pump_control/hook/ament_prefix_path.dsv'
[0.796s] INFO:colcon.colcon_core.shell:Creating environment hook '/root/ros_ws/install/pump_control/share/pump_control/hook/ament_prefix_path.sh'
[0.808s] INFO:colcon.colcon_core.shell:Skip shell extension 'powershell' for command environment: Not usable outside of PowerShell
[0.808s] DEBUG:colcon.colcon_core.shell:Skip shell extension 'dsv' for command environment
[0.818s] INFO:colcon.colcon_ros.task.ament_cmake.build:Building ROS package in '/root/ros_ws/src/pi_hub_srvs' with build type 'ament_cmake'
[0.819s] INFO:colcon.colcon_cmake.task.cmake.build:Building CMake package in '/root/ros_ws/src/pi_hub_srvs'
[0.827s] INFO:colcon.colcon_core.shell:Skip shell extension 'powershell' for command environment: Not usable outside of PowerShell
[0.828s] DEBUG:colcon.colcon_core.shell:Skip shell extension 'dsv' for command environment
[1.288s] DEBUG:colcon.colcon_parallel_executor.executor.parallel:run_until_complete was interrupted
[1.289s] DEBUG:colcon.colcon_parallel_executor.executor.parallel:run_until_complete again
[1.674s] INFO:colcon.colcon_core.task.python.build:Building Python package in '/root/ros_ws/src/pump_control'
[1.677s] INFO:colcon.colcon_core.shell:Skip shell extension 'powershell' for command environment: Not usable outside of PowerShell
[1.677s] DEBUG:colcon.colcon_core.shell:Skip shell extension 'dsv' for command environment
[1.690s] DEBUG:colcon.colcon_core.event_handler.log_command:Invoking command in '/root/ros_ws/build/pi_hub_srvs': CMAKE_PREFIX_PATH=${CMAKE_PREFIX_PATH}:/root/ros_ws/install/time_schedule:/root/ros_ws/install/pi_hub:/root/ros_ws/install/pump_control:/root/ros_ws/install/led_control:/root/ros_ws/install/gpio_conf:/opt/ros/humble /usr/bin/cmake --build /root/ros_ws/build/pi_hub_srvs -- -j4 -l4
[1.707s] DEBUG:colcon.colcon_parallel_executor.executor.parallel:run_until_complete finished
[1.707s] DEBUG:colcon.colcon_parallel_executor.executor.parallel:closing loop
[1.708s] DEBUG:colcon.colcon_parallel_executor.executor.parallel:loop closed
[1.708s] DEBUG:colcon.colcon_core.event_reactor:joining thread
[1.723s] INFO:colcon.colcon_core.plugin_system:Skipping extension 'colcon_notification.desktop_notification.notify_send': Could not find 'notify-send'
[1.723s] INFO:colcon.colcon_core.plugin_system:Skipping extension 'colcon_notification.desktop_notification.terminal_notifier': Not used on non-Darwin systems
[1.723s] INFO:colcon.colcon_core.plugin_system:Skipping extension 'colcon_notification.desktop_notification.win32': Not used on non-Windows systems
[1.723s] INFO:colcon.colcon_notification.desktop_notification:Sending desktop notification using 'notify2'
[1.723s] DEBUG:colcon.colcon_notification.desktop_notification.notify2:Failed to initialize notify2: org.freedesktop.DBus.Error.NotSupported: Unable to autolaunch a dbus-daemon without a $DISPLAY for X11
[1.724s] DEBUG:colcon.colcon_core.event_reactor:joined thread
[1.727s] INFO:colcon.colcon_core.shell:Creating prefix script '/root/ros_ws/install/local_setup.ps1'
[1.728s] INFO:colcon.colcon_core.shell:Creating prefix util module '/root/ros_ws/install/_local_setup_util_ps1.py'
[1.730s] INFO:colcon.colcon_core.shell:Creating prefix chain script '/root/ros_ws/install/setup.ps1'
[1.732s] INFO:colcon.colcon_core.shell:Creating prefix script '/root/ros_ws/install/local_setup.sh'
[1.733s] INFO:colcon.colcon_core.shell:Creating prefix util module '/root/ros_ws/install/_local_setup_util_sh.py'
[1.733s] INFO:colcon.colcon_core.shell:Creating prefix chain script '/root/ros_ws/install/setup.sh'
[1.737s] INFO:colcon.colcon_core.shell:Creating prefix script '/root/ros_ws/install/local_setup.bash'
[1.739s] INFO:colcon.colcon_core.shell:Creating prefix chain script '/root/ros_ws/install/setup.bash'
[1.742s] INFO:colcon.colcon_core.shell:Creating prefix script '/root/ros_ws/install/local_setup.zsh'
[1.743s] INFO:colcon.colcon_core.shell:Creating prefix chain script '/root/ros_ws/install/setup.zsh'
