[0.337s] Invoking command in '/root/ros_ws/src/pump_control': PYTHONPATH=/root/ros_ws/build/pump_control/prefix_override:/root/ros_ws/install/pump_control/lib/python3.10/site-packages:${PYTHONPATH} /usr/bin/python3 setup.py egg_info --egg-base ../../build/pump_control build --build-base /root/ros_ws/build/pump_control/build install --record /root/ros_ws/build/pump_control/install.log --install-scripts $base/lib/pump_control --single-version-externally-managed
[0.460s] /usr/lib/python3/dist-packages/setuptools/dist.py:723: UserWarning: Usage of dash-separated 'script-dir' will not be supported in future versions. Please use the underscore name 'script_dir' instead
[0.460s]   warnings.warn(
[0.465s] running egg_info
[0.465s] creating ../../build/pump_control/pump_control.egg-info
[0.465s] writing ../../build/pump_control/pump_control.egg-info/PKG-INFO
[0.465s] writing dependency_links to ../../build/pump_control/pump_control.egg-info/dependency_links.txt
[0.466s] writing entry points to ../../build/pump_control/pump_control.egg-info/entry_points.txt
[0.466s] writing requirements to ../../build/pump_control/pump_control.egg-info/requires.txt
[0.466s] writing top-level names to ../../build/pump_control/pump_control.egg-info/top_level.txt
[0.466s] writing manifest file '../../build/pump_control/pump_control.egg-info/SOURCES.txt'
[0.467s] reading manifest file '../../build/pump_control/pump_control.egg-info/SOURCES.txt'
[0.467s] writing manifest file '../../build/pump_control/pump_control.egg-info/SOURCES.txt'
[0.467s] running build
[0.467s] running build_py
[0.467s] creating /root/ros_ws/build/pump_control/build
[0.467s] creating /root/ros_ws/build/pump_control/build/lib
[0.467s] creating /root/ros_ws/build/pump_control/build/lib/pump_control
[0.468s] copying pump_control/pump_control_node.py -> /root/ros_ws/build/pump_control/build/lib/pump_control
[0.468s] copying pump_control/__init__.py -> /root/ros_ws/build/pump_control/build/lib/pump_control
[0.468s] running install
[0.468s] /usr/lib/python3/dist-packages/setuptools/command/install.py:34: SetuptoolsDeprecationWarning: setup.py install is deprecated. Use build and pip and other standards-based tools.
[0.468s]   warnings.warn(
[0.468s] running install_lib
[0.469s] running install_data
[0.469s] running install_egg_info
[0.470s] removing '/root/ros_ws/install/pump_control/lib/python3.10/site-packages/pump_control-0.0.0-py3.10.egg-info' (and everything under it)
[0.470s] Copying ../../build/pump_control/pump_control.egg-info to /root/ros_ws/install/pump_control/lib/python3.10/site-packages/pump_control-0.0.0-py3.10.egg-info
[0.471s] running install_scripts
[0.485s] Installing pump_control_node script to /root/ros_ws/install/pump_control/lib/pump_control
[0.485s] writing list of installed files to '/root/ros_ws/build/pump_control/install.log'
[0.499s] Invoked command in '/root/ros_ws/src/pump_control' returned '0': PYTHONPATH=/root/ros_ws/build/pump_control/prefix_override:/root/ros_ws/install/pump_control/lib/python3.10/site-packages:${PYTHONPATH} /usr/bin/python3 setup.py egg_info --egg-base ../../build/pump_control build --build-base /root/ros_ws/build/pump_control/build install --record /root/ros_ws/build/pump_control/install.log --install-scripts $base/lib/pump_control --single-version-externally-managed
