[1.802s] Invoking command in '/root/ros_ws/src/pi_hub': AMENT_PREFIX_PATH=/root/ros_ws/install/pump_control:/root/ros_ws/install/led_control:/root/ros_ws/install/time_schedule:/root/ros_ws/install/pi_hub:/root/ros_ws/install/pi_hub_srvs:/root/ros_ws/install/gpio_conf:/opt/ros/humble PYTHONPATH=/root/ros_ws/build/pi_hub/prefix_override:/root/ros_ws/install/pi_hub/lib/python3.10/site-packages:/root/ros_ws/install/pump_control/lib/python3.10/site-packages:/root/ros_ws/install/led_control/lib/python3.10/site-packages:/root/ros_ws/install/time_schedule/lib/python3.10/site-packages:/root/ros_ws/install/pi_hub/lib/python3.10/site-packages:/root/ros_ws/install/pi_hub_srvs/local/lib/python3.10/dist-packages:/root/ros_ws/install/gpio_conf/lib/python3.10/site-packages:/opt/ros/humble/lib/python3.10/site-packages:/opt/ros/humble/local/lib/python3.10/dist-packages /usr/bin/python3 setup.py egg_info --egg-base ../../build/pi_hub build --build-base /root/ros_ws/build/pi_hub/build install --record /root/ros_ws/build/pi_hub/install.log --install-scripts $base/lib/pi_hub --single-version-externally-managed
[2.231s] /usr/lib/python3/dist-packages/setuptools/dist.py:723: UserWarning: Usage of dash-separated 'script-dir' will not be supported in future versions. Please use the underscore name 'script_dir' instead
[2.231s]   warnings.warn(
[2.247s] running egg_info
[2.248s] writing ../../build/pi_hub/pi_hub.egg-info/PKG-INFO
[2.248s] writing dependency_links to ../../build/pi_hub/pi_hub.egg-info/dependency_links.txt
[2.248s] writing entry points to ../../build/pi_hub/pi_hub.egg-info/entry_points.txt
[2.249s] writing requirements to ../../build/pi_hub/pi_hub.egg-info/requires.txt
[2.249s] writing top-level names to ../../build/pi_hub/pi_hub.egg-info/top_level.txt
[2.252s] reading manifest file '../../build/pi_hub/pi_hub.egg-info/SOURCES.txt'
[2.255s] writing manifest file '../../build/pi_hub/pi_hub.egg-info/SOURCES.txt'
[2.256s] running build
[2.256s] running build_py
[2.257s] running install
[2.258s] /usr/lib/python3/dist-packages/setuptools/command/install.py:34: SetuptoolsDeprecationWarning: setup.py install is deprecated. Use build and pip and other standards-based tools.
[2.258s]   warnings.warn(
[2.259s] running install_lib
[2.262s] running install_data
[2.264s] running install_egg_info
[2.269s] removing '/root/ros_ws/install/pi_hub/lib/python3.10/site-packages/pi_hub-0.0.0-py3.10.egg-info' (and everything under it)
[2.270s] Copying ../../build/pi_hub/pi_hub.egg-info to /root/ros_ws/install/pi_hub/lib/python3.10/site-packages/pi_hub-0.0.0-py3.10.egg-info
[2.274s] running install_scripts
[2.325s] Installing pi_hub_node script to /root/ros_ws/install/pi_hub/lib/pi_hub
[2.326s] writing list of installed files to '/root/ros_ws/build/pi_hub/install.log'
[2.378s] Invoked command in '/root/ros_ws/src/pi_hub' returned '0': AMENT_PREFIX_PATH=/root/ros_ws/install/pump_control:/root/ros_ws/install/led_control:/root/ros_ws/install/time_schedule:/root/ros_ws/install/pi_hub:/root/ros_ws/install/pi_hub_srvs:/root/ros_ws/install/gpio_conf:/opt/ros/humble PYTHONPATH=/root/ros_ws/build/pi_hub/prefix_override:/root/ros_ws/install/pi_hub/lib/python3.10/site-packages:/root/ros_ws/install/pump_control/lib/python3.10/site-packages:/root/ros_ws/install/led_control/lib/python3.10/site-packages:/root/ros_ws/install/time_schedule/lib/python3.10/site-packages:/root/ros_ws/install/pi_hub/lib/python3.10/site-packages:/root/ros_ws/install/pi_hub_srvs/local/lib/python3.10/dist-packages:/root/ros_ws/install/gpio_conf/lib/python3.10/site-packages:/opt/ros/humble/lib/python3.10/site-packages:/opt/ros/humble/local/lib/python3.10/dist-packages /usr/bin/python3 setup.py egg_info --egg-base ../../build/pi_hub build --build-base /root/ros_ws/build/pi_hub/build install --record /root/ros_ws/build/pi_hub/install.log --install-scripts $base/lib/pi_hub --single-version-externally-managed
