[0.419s] DEBUG:colcon:Command line arguments: ['/usr/bin/colcon', 'build']
[0.419s] DEBUG:colcon:Parsed command line arguments: Namespace(log_base=None, log_level=None, verb_name='build', build_base='build', install_base='install', merge_install=False, symlink_install=False, test_result_base=None, continue_on_error=False, executor='parallel', parallel_workers=4, event_handlers=None, ignore_user_meta=False, metas=['./colcon.meta'], base_paths=['.'], packages_ignore=None, packages_ignore_regex=None, paths=None, packages_up_to=None, packages_up_to_regex=None, packages_above=None, packages_above_and_dependencies=None, packages_above_depth=None, packages_select_by_dep=None, packages_skip_by_dep=None, packages_skip_up_to=None, packages_select_build_failed=False, packages_skip_build_finished=False, packages_select_test_failures=False, packages_skip_test_passed=False, packages_select=None, packages_skip=None, packages_select_regex=None, packages_skip_regex=None, packages_start=None, packages_end=None, cmake_args=None, cmake_target=None, cmake_target_skip_unavailable=False, cmake_clean_cache=False, cmake_clean_first=False, cmake_force_configure=False, ament_cmake_args=None, catkin_cmake_args=None, catkin_skip_building_tests=False, mixin_files=None, mixin=None, verb_parser=<colcon_mixin.mixin.mixin_argument.MixinArgumentDecorator object at 0x7f4f89776680>, verb_extension=<colcon_core.verb.build.BuildVerb object at 0x7f4f896bff70>, main=<bound method BuildVerb.main of <colcon_core.verb.build.BuildVerb object at 0x7f4f896bff70>>, mixin_verb=('build',))
[0.478s] Level 1:colcon.colcon_core.package_discovery:discover_packages(colcon_meta) check parameters
[0.480s] INFO:colcon.colcon_metadata.package_discovery.colcon_meta:Using configuration from '/root/.colcon/metadata/default/Gazebo.meta'
[0.481s] INFO:colcon.colcon_metadata.package_discovery.colcon_meta:Using configuration from '/root/.colcon/metadata/default/fastrtps.meta'
[0.482s] Level 1:colcon.colcon_core.package_discovery:discover_packages(recursive) check parameters
[0.482s] Level 1:colcon.colcon_core.package_discovery:discover_packages(ignore) check parameters
[0.482s] Level 1:colcon.colcon_core.package_discovery:discover_packages(path) check parameters
[0.482s] Level 1:colcon.colcon_core.package_discovery:discover_packages(colcon_meta) discover
[0.483s] Level 1:colcon.colcon_core.package_discovery:discover_packages(recursive) discover
[0.483s] INFO:colcon.colcon_core.package_discovery:Crawling recursively for packages in '/root/ros_ws'
[0.484s] Level 1:colcon.colcon_core.package_identification:_identify(.) by extensions ['ignore', 'ignore_ament_install']
[0.484s] Level 1:colcon.colcon_core.package_identification:_identify(.) by extension 'ignore'
[0.486s] Level 1:colcon.colcon_core.package_identification:_identify(.) by extension 'ignore_ament_install'
[0.486s] Level 1:colcon.colcon_core.package_identification:_identify(.) by extensions ['colcon_pkg']
[0.487s] Level 1:colcon.colcon_core.package_identification:_identify(.) by extension 'colcon_pkg'
[0.487s] Level 1:colcon.colcon_core.package_identification:_identify(.) by extensions ['colcon_meta']
[0.487s] Level 1:colcon.colcon_core.package_identification:_identify(.) by extension 'colcon_meta'
[0.487s] Level 1:colcon.colcon_core.package_identification:_identify(.) by extensions ['ros']
[0.487s] Level 1:colcon.colcon_core.package_identification:_identify(.) by extension 'ros'
[0.531s] Level 1:colcon.colcon_core.package_identification:_identify(.) by extensions ['cmake', 'python']
[0.532s] Level 1:colcon.colcon_core.package_identification:_identify(.) by extension 'cmake'
[0.532s] Level 1:colcon.colcon_core.package_identification:_identify(.) by extension 'python'
[0.532s] Level 1:colcon.colcon_core.package_identification:_identify(.) by extensions ['python_setup_py']
[0.532s] Level 1:colcon.colcon_core.package_identification:_identify(.) by extension 'python_setup_py'
[0.532s] Level 1:colcon.colcon_core.package_identification:_identify(build) by extensions ['ignore', 'ignore_ament_install']
[0.533s] Level 1:colcon.colcon_core.package_identification:_identify(build) by extension 'ignore'
[0.533s] Level 1:colcon.colcon_core.package_identification:_identify(build) ignored
[0.533s] Level 1:colcon.colcon_core.package_identification:_identify(install) by extensions ['ignore', 'ignore_ament_install']
[0.534s] Level 1:colcon.colcon_core.package_identification:_identify(install) by extension 'ignore'
[0.534s] Level 1:colcon.colcon_core.package_identification:_identify(install) ignored
[0.534s] Level 1:colcon.colcon_core.package_identification:_identify(log) by extensions ['ignore', 'ignore_ament_install']
[0.534s] Level 1:colcon.colcon_core.package_identification:_identify(log) by extension 'ignore'
[0.535s] Level 1:colcon.colcon_core.package_identification:_identify(log) ignored
[0.535s] Level 1:colcon.colcon_core.package_identification:_identify(src) by extensions ['ignore', 'ignore_ament_install']
[0.535s] Level 1:colcon.colcon_core.package_identification:_identify(src) by extension 'ignore'
[0.535s] Level 1:colcon.colcon_core.package_identification:_identify(src) by extension 'ignore_ament_install'
[0.535s] Level 1:colcon.colcon_core.package_identification:_identify(src) by extensions ['colcon_pkg']
[0.535s] Level 1:colcon.colcon_core.package_identification:_identify(src) by extension 'colcon_pkg'
[0.536s] Level 1:colcon.colcon_core.package_identification:_identify(src) by extensions ['colcon_meta']
[0.536s] Level 1:colcon.colcon_core.package_identification:_identify(src) by extension 'colcon_meta'
[0.536s] Level 1:colcon.colcon_core.package_identification:_identify(src) by extensions ['ros']
[0.536s] Level 1:colcon.colcon_core.package_identification:_identify(src) by extension 'ros'
[0.536s] Level 1:colcon.colcon_core.package_identification:_identify(src) by extensions ['cmake', 'python']
[0.537s] Level 1:colcon.colcon_core.package_identification:_identify(src) by extension 'cmake'
[0.537s] Level 1:colcon.colcon_core.package_identification:_identify(src) by extension 'python'
[0.537s] Level 1:colcon.colcon_core.package_identification:_identify(src) by extensions ['python_setup_py']
[0.537s] Level 1:colcon.colcon_core.package_identification:_identify(src) by extension 'python_setup_py'
[0.538s] Level 1:colcon.colcon_core.package_identification:_identify(src/led_control) by extensions ['ignore', 'ignore_ament_install']
[0.538s] Level 1:colcon.colcon_core.package_identification:_identify(src/led_control) by extension 'ignore'
[0.538s] Level 1:colcon.colcon_core.package_identification:_identify(src/led_control) by extension 'ignore_ament_install'
[0.538s] Level 1:colcon.colcon_core.package_identification:_identify(src/led_control) by extensions ['colcon_pkg']
[0.538s] Level 1:colcon.colcon_core.package_identification:_identify(src/led_control) by extension 'colcon_pkg'
[0.538s] Level 1:colcon.colcon_core.package_identification:_identify(src/led_control) by extensions ['colcon_meta']
[0.538s] Level 1:colcon.colcon_core.package_identification:_identify(src/led_control) by extension 'colcon_meta'
[0.539s] Level 1:colcon.colcon_core.package_identification:_identify(src/led_control) by extensions ['ros']
[0.539s] Level 1:colcon.colcon_core.package_identification:_identify(src/led_control) by extension 'ros'
[0.547s] DEBUG:colcon.colcon_core.package_identification:Package 'src/led_control' with type 'ros.ament_python' and name 'led_control'
[0.547s] Level 1:colcon.colcon_core.package_identification:_identify(src/pi_hub) by extensions ['ignore', 'ignore_ament_install']
[0.547s] Level 1:colcon.colcon_core.package_identification:_identify(src/pi_hub) by extension 'ignore'
[0.547s] Level 1:colcon.colcon_core.package_identification:_identify(src/pi_hub) by extension 'ignore_ament_install'
[0.548s] Level 1:colcon.colcon_core.package_identification:_identify(src/pi_hub) by extensions ['colcon_pkg']
[0.548s] Level 1:colcon.colcon_core.package_identification:_identify(src/pi_hub) by extension 'colcon_pkg'
[0.548s] Level 1:colcon.colcon_core.package_identification:_identify(src/pi_hub) by extensions ['colcon_meta']
[0.548s] Level 1:colcon.colcon_core.package_identification:_identify(src/pi_hub) by extension 'colcon_meta'
[0.548s] Level 1:colcon.colcon_core.package_identification:_identify(src/pi_hub) by extensions ['ros']
[0.548s] Level 1:colcon.colcon_core.package_identification:_identify(src/pi_hub) by extension 'ros'
[0.550s] DEBUG:colcon.colcon_core.package_identification:Package 'src/pi_hub' with type 'ros.ament_python' and name 'pi_hub'
[0.550s] Level 1:colcon.colcon_core.package_identification:_identify(src/pi_hub_srvs) by extensions ['ignore', 'ignore_ament_install']
[0.551s] Level 1:colcon.colcon_core.package_identification:_identify(src/pi_hub_srvs) by extension 'ignore'
[0.551s] Level 1:colcon.colcon_core.package_identification:_identify(src/pi_hub_srvs) by extension 'ignore_ament_install'
[0.551s] Level 1:colcon.colcon_core.package_identification:_identify(src/pi_hub_srvs) by extensions ['colcon_pkg']
[0.551s] Level 1:colcon.colcon_core.package_identification:_identify(src/pi_hub_srvs) by extension 'colcon_pkg'
[0.551s] Level 1:colcon.colcon_core.package_identification:_identify(src/pi_hub_srvs) by extensions ['colcon_meta']
[0.551s] Level 1:colcon.colcon_core.package_identification:_identify(src/pi_hub_srvs) by extension 'colcon_meta'
[0.552s] Level 1:colcon.colcon_core.package_identification:_identify(src/pi_hub_srvs) by extensions ['ros']
[0.552s] Level 1:colcon.colcon_core.package_identification:_identify(src/pi_hub_srvs) by extension 'ros'
[0.554s] DEBUG:colcon.colcon_core.package_identification:Package 'src/pi_hub_srvs' with type 'ros.ament_cmake' and name 'pi_hub_srvs'
[0.554s] Level 1:colcon.colcon_core.package_identification:_identify(src/pump_control) by extensions ['ignore', 'ignore_ament_install']
[0.554s] Level 1:colcon.colcon_core.package_identification:_identify(src/pump_control) by extension 'ignore'
[0.555s] Level 1:colcon.colcon_core.package_identification:_identify(src/pump_control) by extension 'ignore_ament_install'
[0.555s] Level 1:colcon.colcon_core.package_identification:_identify(src/pump_control) by extensions ['colcon_pkg']
[0.555s] Level 1:colcon.colcon_core.package_identification:_identify(src/pump_control) by extension 'colcon_pkg'
[0.555s] Level 1:colcon.colcon_core.package_identification:_identify(src/pump_control) by extensions ['colcon_meta']
[0.555s] Level 1:colcon.colcon_core.package_identification:_identify(src/pump_control) by extension 'colcon_meta'
[0.555s] Level 1:colcon.colcon_core.package_identification:_identify(src/pump_control) by extensions ['ros']
[0.555s] Level 1:colcon.colcon_core.package_identification:_identify(src/pump_control) by extension 'ros'
[0.556s] DEBUG:colcon.colcon_core.package_identification:Package 'src/pump_control' with type 'ros.ament_python' and name 'pump_control'
[0.557s] Level 1:colcon.colcon_core.package_discovery:discover_packages(recursive) using defaults
[0.557s] Level 1:colcon.colcon_core.package_discovery:discover_packages(ignore) discover
[0.557s] Level 1:colcon.colcon_core.package_discovery:discover_packages(ignore) using defaults
[0.557s] Level 1:colcon.colcon_core.package_discovery:discover_packages(path) discover
[0.557s] Level 1:colcon.colcon_core.package_discovery:discover_packages(path) using defaults
[0.637s] Level 5:colcon.colcon_core.verb:set package 'led_control' build argument 'cmake_args' from command line to 'None'
[0.638s] Level 5:colcon.colcon_core.verb:set package 'led_control' build argument 'cmake_target' from command line to 'None'
[0.638s] Level 5:colcon.colcon_core.verb:set package 'led_control' build argument 'cmake_target_skip_unavailable' from command line to 'False'
[0.638s] Level 5:colcon.colcon_core.verb:set package 'led_control' build argument 'cmake_clean_cache' from command line to 'False'
[0.638s] Level 5:colcon.colcon_core.verb:set package 'led_control' build argument 'cmake_clean_first' from command line to 'False'
[0.638s] Level 5:colcon.colcon_core.verb:set package 'led_control' build argument 'cmake_force_configure' from command line to 'False'
[0.638s] Level 5:colcon.colcon_core.verb:set package 'led_control' build argument 'ament_cmake_args' from command line to 'None'
[0.638s] Level 5:colcon.colcon_core.verb:set package 'led_control' build argument 'catkin_cmake_args' from command line to 'None'
[0.638s] Level 5:colcon.colcon_core.verb:set package 'led_control' build argument 'catkin_skip_building_tests' from command line to 'False'
[0.638s] DEBUG:colcon.colcon_core.verb:Building package 'led_control' with the following arguments: {'ament_cmake_args': None, 'build_base': '/root/ros_ws/build/led_control', 'catkin_cmake_args': None, 'catkin_skip_building_tests': False, 'cmake_args': None, 'cmake_clean_cache': False, 'cmake_clean_first': False, 'cmake_force_configure': False, 'cmake_target': None, 'cmake_target_skip_unavailable': False, 'install_base': '/root/ros_ws/install/led_control', 'merge_install': False, 'path': '/root/ros_ws/src/led_control', 'symlink_install': False, 'test_result_base': None}
[0.640s] Level 5:colcon.colcon_core.verb:set package 'pi_hub_srvs' build argument 'cmake_args' from command line to 'None'
[0.640s] Level 5:colcon.colcon_core.verb:set package 'pi_hub_srvs' build argument 'cmake_target' from command line to 'None'
[0.640s] Level 5:colcon.colcon_core.verb:set package 'pi_hub_srvs' build argument 'cmake_target_skip_unavailable' from command line to 'False'
[0.640s] Level 5:colcon.colcon_core.verb:set package 'pi_hub_srvs' build argument 'cmake_clean_cache' from command line to 'False'
[0.641s] Level 5:colcon.colcon_core.verb:set package 'pi_hub_srvs' build argument 'cmake_clean_first' from command line to 'False'
[0.641s] Level 5:colcon.colcon_core.verb:set package 'pi_hub_srvs' build argument 'cmake_force_configure' from command line to 'False'
[0.641s] Level 5:colcon.colcon_core.verb:set package 'pi_hub_srvs' build argument 'ament_cmake_args' from command line to 'None'
[0.641s] Level 5:colcon.colcon_core.verb:set package 'pi_hub_srvs' build argument 'catkin_cmake_args' from command line to 'None'
[0.641s] Level 5:colcon.colcon_core.verb:set package 'pi_hub_srvs' build argument 'catkin_skip_building_tests' from command line to 'False'
[0.641s] DEBUG:colcon.colcon_core.verb:Building package 'pi_hub_srvs' with the following arguments: {'ament_cmake_args': None, 'build_base': '/root/ros_ws/build/pi_hub_srvs', 'catkin_cmake_args': None, 'catkin_skip_building_tests': False, 'cmake_args': None, 'cmake_clean_cache': False, 'cmake_clean_first': False, 'cmake_force_configure': False, 'cmake_target': None, 'cmake_target_skip_unavailable': False, 'install_base': '/root/ros_ws/install/pi_hub_srvs', 'merge_install': False, 'path': '/root/ros_ws/src/pi_hub_srvs', 'symlink_install': False, 'test_result_base': None}
[0.643s] Level 5:colcon.colcon_core.verb:set package 'pump_control' build argument 'cmake_args' from command line to 'None'
[0.643s] Level 5:colcon.colcon_core.verb:set package 'pump_control' build argument 'cmake_target' from command line to 'None'
[0.643s] Level 5:colcon.colcon_core.verb:set package 'pump_control' build argument 'cmake_target_skip_unavailable' from command line to 'False'
[0.643s] Level 5:colcon.colcon_core.verb:set package 'pump_control' build argument 'cmake_clean_cache' from command line to 'False'
[0.643s] Level 5:colcon.colcon_core.verb:set package 'pump_control' build argument 'cmake_clean_first' from command line to 'False'
[0.643s] Level 5:colcon.colcon_core.verb:set package 'pump_control' build argument 'cmake_force_configure' from command line to 'False'
[0.643s] Level 5:colcon.colcon_core.verb:set package 'pump_control' build argument 'ament_cmake_args' from command line to 'None'
[0.643s] Level 5:colcon.colcon_core.verb:set package 'pump_control' build argument 'catkin_cmake_args' from command line to 'None'
[0.643s] Level 5:colcon.colcon_core.verb:set package 'pump_control' build argument 'catkin_skip_building_tests' from command line to 'False'
[0.644s] DEBUG:colcon.colcon_core.verb:Building package 'pump_control' with the following arguments: {'ament_cmake_args': None, 'build_base': '/root/ros_ws/build/pump_control', 'catkin_cmake_args': None, 'catkin_skip_building_tests': False, 'cmake_args': None, 'cmake_clean_cache': False, 'cmake_clean_first': False, 'cmake_force_configure': False, 'cmake_target': None, 'cmake_target_skip_unavailable': False, 'install_base': '/root/ros_ws/install/pump_control', 'merge_install': False, 'path': '/root/ros_ws/src/pump_control', 'symlink_install': False, 'test_result_base': None}
[0.646s] Level 5:colcon.colcon_core.verb:set package 'pi_hub' build argument 'cmake_args' from command line to 'None'
[0.646s] Level 5:colcon.colcon_core.verb:set package 'pi_hub' build argument 'cmake_target' from command line to 'None'
[0.646s] Level 5:colcon.colcon_core.verb:set package 'pi_hub' build argument 'cmake_target_skip_unavailable' from command line to 'False'
[0.646s] Level 5:colcon.colcon_core.verb:set package 'pi_hub' build argument 'cmake_clean_cache' from command line to 'False'
[0.646s] Level 5:colcon.colcon_core.verb:set package 'pi_hub' build argument 'cmake_clean_first' from command line to 'False'
[0.646s] Level 5:colcon.colcon_core.verb:set package 'pi_hub' build argument 'cmake_force_configure' from command line to 'False'
[0.646s] Level 5:colcon.colcon_core.verb:set package 'pi_hub' build argument 'ament_cmake_args' from command line to 'None'
[0.646s] Level 5:colcon.colcon_core.verb:set package 'pi_hub' build argument 'catkin_cmake_args' from command line to 'None'
[0.646s] Level 5:colcon.colcon_core.verb:set package 'pi_hub' build argument 'catkin_skip_building_tests' from command line to 'False'
[0.646s] DEBUG:colcon.colcon_core.verb:Building package 'pi_hub' with the following arguments: {'ament_cmake_args': None, 'build_base': '/root/ros_ws/build/pi_hub', 'catkin_cmake_args': None, 'catkin_skip_building_tests': False, 'cmake_args': None, 'cmake_clean_cache': False, 'cmake_clean_first': False, 'cmake_force_configure': False, 'cmake_target': None, 'cmake_target_skip_unavailable': False, 'install_base': '/root/ros_ws/install/pi_hub', 'merge_install': False, 'path': '/root/ros_ws/src/pi_hub', 'symlink_install': False, 'test_result_base': None}
[0.648s] INFO:colcon.colcon_core.executor:Executing jobs using 'parallel' executor
[0.653s] DEBUG:colcon.colcon_parallel_executor.executor.parallel:run_until_complete
[0.653s] INFO:colcon.colcon_ros.task.ament_python.build:Building ROS package in '/root/ros_ws/src/led_control' with build type 'ament_python'
[0.654s] Level 1:colcon.colcon_core.shell:create_environment_hook('led_control', 'ament_prefix_path')
[0.664s] INFO:colcon.colcon_core.plugin_system:Skipping extension 'colcon_core.shell.bat': Not used on non-Windows systems
[0.664s] INFO:colcon.colcon_core.shell:Creating environment hook '/root/ros_ws/install/led_control/share/led_control/hook/ament_prefix_path.ps1'
[0.666s] INFO:colcon.colcon_core.shell:Creating environment descriptor '/root/ros_ws/install/led_control/share/led_control/hook/ament_prefix_path.dsv'
[0.667s] INFO:colcon.colcon_core.shell:Creating environment hook '/root/ros_ws/install/led_control/share/led_control/hook/ament_prefix_path.sh'
[0.673s] INFO:colcon.colcon_core.shell:Skip shell extension 'powershell' for command environment: Not usable outside of PowerShell
[0.674s] DEBUG:colcon.colcon_core.shell:Skip shell extension 'dsv' for command environment
[0.683s] INFO:colcon.colcon_ros.task.ament_python.build:Building ROS package in '/root/ros_ws/src/pump_control' with build type 'ament_python'
[0.683s] Level 1:colcon.colcon_core.shell:create_environment_hook('pump_control', 'ament_prefix_path')
[0.687s] INFO:colcon.colcon_core.shell:Creating environment hook '/root/ros_ws/install/pump_control/share/pump_control/hook/ament_prefix_path.ps1'
[0.688s] INFO:colcon.colcon_core.shell:Creating environment descriptor '/root/ros_ws/install/pump_control/share/pump_control/hook/ament_prefix_path.dsv'
[0.689s] INFO:colcon.colcon_core.shell:Creating environment hook '/root/ros_ws/install/pump_control/share/pump_control/hook/ament_prefix_path.sh'
[0.696s] INFO:colcon.colcon_core.shell:Skip shell extension 'powershell' for command environment: Not usable outside of PowerShell
[0.696s] DEBUG:colcon.colcon_core.shell:Skip shell extension 'dsv' for command environment
[0.712s] INFO:colcon.colcon_ros.task.ament_cmake.build:Building ROS package in '/root/ros_ws/src/pi_hub_srvs' with build type 'ament_cmake'
[0.713s] INFO:colcon.colcon_cmake.task.cmake.build:Building CMake package in '/root/ros_ws/src/pi_hub_srvs'
[0.721s] INFO:colcon.colcon_core.shell:Skip shell extension 'powershell' for command environment: Not usable outside of PowerShell
[0.722s] DEBUG:colcon.colcon_core.shell:Skip shell extension 'dsv' for command environment
[1.350s] INFO:colcon.colcon_core.task.python.build:Building Python package in '/root/ros_ws/src/led_control'
[1.354s] INFO:colcon.colcon_core.shell:Skip shell extension 'powershell' for command environment: Not usable outside of PowerShell
[1.354s] DEBUG:colcon.colcon_core.shell:Skip shell extension 'dsv' for command environment
[1.864s] INFO:colcon.colcon_core.task.python.build:Building Python package in '/root/ros_ws/src/pump_control'
[1.869s] INFO:colcon.colcon_core.shell:Skip shell extension 'powershell' for command environment: Not usable outside of PowerShell
[1.869s] DEBUG:colcon.colcon_core.shell:Skip shell extension 'dsv' for command environment
[1.895s] DEBUG:colcon.colcon_core.event_handler.log_command:Invoking command in '/root/ros_ws/build/pi_hub_srvs': CMAKE_PREFIX_PATH=${CMAKE_PREFIX_PATH}:/root/ros_ws/install/time_schedule:/root/ros_ws/install/pi_hub:/root/ros_ws/install/pump_control:/root/ros_ws/install/led_control:/root/ros_ws/install/gpio_conf:/opt/ros/humble /usr/bin/cmake --build /root/ros_ws/build/pi_hub_srvs -- -j4 -l4
[3.567s] DEBUG:colcon.colcon_core.event_handler.log_command:Invoking command in '/root/ros_ws/src/pump_control': PYTHONPATH=/root/ros_ws/build/pump_control/prefix_override:/root/ros_ws/install/pump_control/lib/python3.10/site-packages:${PYTHONPATH} /usr/bin/python3 setup.py egg_info --egg-base ../../build/pump_control build --build-base /root/ros_ws/build/pump_control/build install --record /root/ros_ws/build/pump_control/install.log --install-scripts $base/lib/pump_control --single-version-externally-managed
[3.614s] DEBUG:colcon.colcon_core.event_handler.log_command:Invoking command in '/root/ros_ws/src/led_control': PYTHONPATH=/root/ros_ws/build/led_control/prefix_override:/root/ros_ws/install/led_control/lib/python3.10/site-packages:${PYTHONPATH} /usr/bin/python3 setup.py egg_info --egg-base ../../build/led_control build --build-base /root/ros_ws/build/led_control/build install --record /root/ros_ws/build/led_control/install.log --install-scripts $base/lib/led_control --single-version-externally-managed
[4.507s] DEBUG:colcon.colcon_core.event_handler.log_command:Invoked command in '/root/ros_ws/build/pi_hub_srvs' returned '0': CMAKE_PREFIX_PATH=${CMAKE_PREFIX_PATH}:/root/ros_ws/install/time_schedule:/root/ros_ws/install/pi_hub:/root/ros_ws/install/pump_control:/root/ros_ws/install/led_control:/root/ros_ws/install/gpio_conf:/opt/ros/humble /usr/bin/cmake --build /root/ros_ws/build/pi_hub_srvs -- -j4 -l4
[5.516s] DEBUG:colcon.colcon_core.event_handler.log_command:Invoked command in '/root/ros_ws/src/led_control' returned '0': PYTHONPATH=/root/ros_ws/build/led_control/prefix_override:/root/ros_ws/install/led_control/lib/python3.10/site-packages:${PYTHONPATH} /usr/bin/python3 setup.py egg_info --egg-base ../../build/led_control build --build-base /root/ros_ws/build/led_control/build install --record /root/ros_ws/build/led_control/install.log --install-scripts $base/lib/led_control --single-version-externally-managed
[5.530s] Level 1:colcon.colcon_core.environment:checking '/root/ros_ws/install/led_control' for CMake module files
[5.531s] Level 1:colcon.colcon_core.environment:checking '/root/ros_ws/install/led_control' for CMake config files
[5.532s] Level 1:colcon.colcon_core.environment:checking '/root/ros_ws/install/led_control/lib'
[5.533s] Level 1:colcon.colcon_core.environment:checking '/root/ros_ws/install/led_control/bin'
[5.533s] Level 1:colcon.colcon_core.environment:checking '/root/ros_ws/install/led_control/lib/pkgconfig/led_control.pc'
[5.534s] Level 1:colcon.colcon_core.environment:checking '/root/ros_ws/install/led_control/lib/python3.10/site-packages'
[5.534s] Level 1:colcon.colcon_core.shell:create_environment_hook('led_control', 'pythonpath')
[5.553s] INFO:colcon.colcon_core.shell:Creating environment hook '/root/ros_ws/install/led_control/share/led_control/hook/pythonpath.ps1'
[5.555s] INFO:colcon.colcon_core.shell:Creating environment descriptor '/root/ros_ws/install/led_control/share/led_control/hook/pythonpath.dsv'
[5.559s] INFO:colcon.colcon_core.shell:Creating environment hook '/root/ros_ws/install/led_control/share/led_control/hook/pythonpath.sh'
[5.562s] Level 1:colcon.colcon_core.environment:checking '/root/ros_ws/install/led_control/bin'
[5.562s] Level 1:colcon.colcon_core.environment:create_environment_scripts_only(led_control)
[5.566s] INFO:colcon.colcon_core.shell:Creating package script '/root/ros_ws/install/led_control/share/led_control/package.ps1'
[5.568s] INFO:colcon.colcon_core.shell:Creating package descriptor '/root/ros_ws/install/led_control/share/led_control/package.dsv'
[5.570s] INFO:colcon.colcon_core.shell:Creating package script '/root/ros_ws/install/led_control/share/led_control/package.sh'
[5.572s] INFO:colcon.colcon_core.shell:Creating package script '/root/ros_ws/install/led_control/share/led_control/package.bash'
[5.575s] INFO:colcon.colcon_core.shell:Creating package script '/root/ros_ws/install/led_control/share/led_control/package.zsh'
[5.581s] Level 1:colcon.colcon_core.environment:create_file_with_runtime_dependencies(/root/ros_ws/install/led_control/share/colcon-core/packages/led_control)
[5.593s] DEBUG:colcon.colcon_core.event_handler.log_command:Invoked command in '/root/ros_ws/src/pump_control' returned '0': PYTHONPATH=/root/ros_ws/build/pump_control/prefix_override:/root/ros_ws/install/pump_control/lib/python3.10/site-packages:${PYTHONPATH} /usr/bin/python3 setup.py egg_info --egg-base ../../build/pump_control build --build-base /root/ros_ws/build/pump_control/build install --record /root/ros_ws/build/pump_control/install.log --install-scripts $base/lib/pump_control --single-version-externally-managed
[5.594s] Level 1:colcon.colcon_core.environment:checking '/root/ros_ws/install/pump_control' for CMake module files
[5.595s] Level 1:colcon.colcon_core.environment:checking '/root/ros_ws/install/pump_control' for CMake config files
[5.600s] Level 1:colcon.colcon_core.environment:checking '/root/ros_ws/install/pump_control/lib'
[5.600s] Level 1:colcon.colcon_core.environment:checking '/root/ros_ws/install/pump_control/bin'
[5.600s] Level 1:colcon.colcon_core.environment:checking '/root/ros_ws/install/pump_control/lib/pkgconfig/pump_control.pc'
[5.601s] Level 1:colcon.colcon_core.environment:checking '/root/ros_ws/install/pump_control/lib/python3.10/site-packages'
[5.601s] Level 1:colcon.colcon_core.shell:create_environment_hook('pump_control', 'pythonpath')
[5.605s] INFO:colcon.colcon_core.shell:Creating environment hook '/root/ros_ws/install/pump_control/share/pump_control/hook/pythonpath.ps1'
[5.607s] INFO:colcon.colcon_core.shell:Creating environment descriptor '/root/ros_ws/install/pump_control/share/pump_control/hook/pythonpath.dsv'
[5.609s] INFO:colcon.colcon_core.shell:Creating environment hook '/root/ros_ws/install/pump_control/share/pump_control/hook/pythonpath.sh'
[5.611s] Level 1:colcon.colcon_core.environment:checking '/root/ros_ws/install/pump_control/bin'
[5.611s] Level 1:colcon.colcon_core.environment:create_environment_scripts_only(pump_control)
[5.616s] INFO:colcon.colcon_core.shell:Creating package script '/root/ros_ws/install/pump_control/share/pump_control/package.ps1'
[5.617s] INFO:colcon.colcon_core.shell:Creating package descriptor '/root/ros_ws/install/pump_control/share/pump_control/package.dsv'
[5.619s] INFO:colcon.colcon_core.shell:Creating package script '/root/ros_ws/install/pump_control/share/pump_control/package.sh'
[5.620s] INFO:colcon.colcon_core.shell:Creating package script '/root/ros_ws/install/pump_control/share/pump_control/package.bash'
[5.622s] INFO:colcon.colcon_core.shell:Creating package script '/root/ros_ws/install/pump_control/share/pump_control/package.zsh'
[5.623s] Level 1:colcon.colcon_core.environment:create_file_with_runtime_dependencies(/root/ros_ws/install/pump_control/share/colcon-core/packages/pump_control)
[5.635s] INFO:colcon.colcon_ros.task.ament_python.build:Building ROS package in '/root/ros_ws/src/pi_hub' with build type 'ament_python'
[5.636s] Level 1:colcon.colcon_core.shell:create_environment_hook('pi_hub', 'ament_prefix_path')
[5.656s] INFO:colcon.colcon_core.shell:Creating environment hook '/root/ros_ws/install/pi_hub/share/pi_hub/hook/ament_prefix_path.ps1'
[5.658s] INFO:colcon.colcon_core.shell:Creating environment descriptor '/root/ros_ws/install/pi_hub/share/pi_hub/hook/ament_prefix_path.dsv'
[5.661s] INFO:colcon.colcon_core.shell:Creating environment hook '/root/ros_ws/install/pi_hub/share/pi_hub/hook/ament_prefix_path.sh'
[5.667s] INFO:colcon.colcon_core.shell:Skip shell extension 'powershell' for command environment: Not usable outside of PowerShell
[5.667s] DEBUG:colcon.colcon_core.shell:Skip shell extension 'dsv' for command environment
[6.594s] INFO:colcon.colcon_core.task.python.build:Building Python package in '/root/ros_ws/src/pi_hub'
[6.601s] INFO:colcon.colcon_core.shell:Skip shell extension 'powershell' for command environment: Not usable outside of PowerShell
[6.601s] DEBUG:colcon.colcon_core.shell:Skip shell extension 'dsv' for command environment
[6.658s] DEBUG:colcon.colcon_core.event_handler.log_command:Invoking command in '/root/ros_ws/build/pi_hub_srvs': CMAKE_PREFIX_PATH=${CMAKE_PREFIX_PATH}:/root/ros_ws/install/time_schedule:/root/ros_ws/install/pi_hub:/root/ros_ws/install/pump_control:/root/ros_ws/install/led_control:/root/ros_ws/install/gpio_conf:/opt/ros/humble /usr/bin/cmake --install /root/ros_ws/build/pi_hub_srvs
[6.970s] Level 1:colcon.colcon_core.environment:create_environment_scripts_only(pi_hub_srvs)
[6.978s] Level 1:colcon.colcon_core.environment:checking '/root/ros_ws/install/pi_hub_srvs' for CMake module files
[6.979s] Level 1:colcon.colcon_core.environment:checking '/root/ros_ws/install/pi_hub_srvs' for CMake config files
[6.981s] Level 1:colcon.colcon_core.shell:create_environment_hook('pi_hub_srvs', 'cmake_prefix_path')
[6.987s] INFO:colcon.colcon_core.shell:Creating environment hook '/root/ros_ws/install/pi_hub_srvs/share/pi_hub_srvs/hook/cmake_prefix_path.ps1'
[6.999s] INFO:colcon.colcon_core.shell:Creating environment descriptor '/root/ros_ws/install/pi_hub_srvs/share/pi_hub_srvs/hook/cmake_prefix_path.dsv'
[7.002s] INFO:colcon.colcon_core.shell:Creating environment hook '/root/ros_ws/install/pi_hub_srvs/share/pi_hub_srvs/hook/cmake_prefix_path.sh'
[7.006s] Level 1:colcon.colcon_core.environment:checking '/root/ros_ws/install/pi_hub_srvs/lib'
[7.007s] DEBUG:colcon.colcon_core.event_handler.log_command:Invoked command in '/root/ros_ws/build/pi_hub_srvs' returned '0': CMAKE_PREFIX_PATH=${CMAKE_PREFIX_PATH}:/root/ros_ws/install/time_schedule:/root/ros_ws/install/pi_hub:/root/ros_ws/install/pump_control:/root/ros_ws/install/led_control:/root/ros_ws/install/gpio_conf:/opt/ros/humble /usr/bin/cmake --install /root/ros_ws/build/pi_hub_srvs
[7.008s] Level 1:colcon.colcon_core.shell:create_environment_hook('pi_hub_srvs', 'ld_library_path_lib')
[7.014s] INFO:colcon.colcon_core.shell:Creating environment hook '/root/ros_ws/install/pi_hub_srvs/share/pi_hub_srvs/hook/ld_library_path_lib.ps1'
[7.015s] INFO:colcon.colcon_core.shell:Creating environment descriptor '/root/ros_ws/install/pi_hub_srvs/share/pi_hub_srvs/hook/ld_library_path_lib.dsv'
[7.016s] INFO:colcon.colcon_core.shell:Creating environment hook '/root/ros_ws/install/pi_hub_srvs/share/pi_hub_srvs/hook/ld_library_path_lib.sh'
[7.018s] Level 1:colcon.colcon_core.environment:checking '/root/ros_ws/install/pi_hub_srvs/bin'
[7.018s] Level 1:colcon.colcon_core.environment:checking '/root/ros_ws/install/pi_hub_srvs/lib/pkgconfig/pi_hub_srvs.pc'
[7.019s] Level 1:colcon.colcon_core.environment:checking '/root/ros_ws/install/pi_hub_srvs/lib/python3.10/site-packages'
[7.020s] Level 1:colcon.colcon_core.environment:checking '/root/ros_ws/install/pi_hub_srvs/bin'
[7.023s] INFO:colcon.colcon_core.shell:Creating package script '/root/ros_ws/install/pi_hub_srvs/share/pi_hub_srvs/package.ps1'
[7.025s] INFO:colcon.colcon_core.shell:Creating package descriptor '/root/ros_ws/install/pi_hub_srvs/share/pi_hub_srvs/package.dsv'
[7.026s] INFO:colcon.colcon_core.shell:Creating package script '/root/ros_ws/install/pi_hub_srvs/share/pi_hub_srvs/package.sh'
[7.028s] INFO:colcon.colcon_core.shell:Creating package script '/root/ros_ws/install/pi_hub_srvs/share/pi_hub_srvs/package.bash'
[7.030s] INFO:colcon.colcon_core.shell:Creating package script '/root/ros_ws/install/pi_hub_srvs/share/pi_hub_srvs/package.zsh'
[7.035s] Level 1:colcon.colcon_core.environment:create_file_with_runtime_dependencies(/root/ros_ws/install/pi_hub_srvs/share/colcon-core/packages/pi_hub_srvs)
[7.438s] Level 1:colcon.colcon_core.environment:create_environment_scripts_only(pi_hub_srvs)
[7.443s] Level 1:colcon.colcon_core.environment:checking '/root/ros_ws/install/pi_hub_srvs' for CMake module files
[7.445s] Level 1:colcon.colcon_core.environment:checking '/root/ros_ws/install/pi_hub_srvs' for CMake config files
[7.446s] Level 1:colcon.colcon_core.shell:create_environment_hook('pi_hub_srvs', 'cmake_prefix_path')
[7.449s] INFO:colcon.colcon_core.shell:Creating environment hook '/root/ros_ws/install/pi_hub_srvs/share/pi_hub_srvs/hook/cmake_prefix_path.ps1'
[7.450s] INFO:colcon.colcon_core.shell:Creating environment descriptor '/root/ros_ws/install/pi_hub_srvs/share/pi_hub_srvs/hook/cmake_prefix_path.dsv'
[7.451s] INFO:colcon.colcon_core.shell:Creating environment hook '/root/ros_ws/install/pi_hub_srvs/share/pi_hub_srvs/hook/cmake_prefix_path.sh'
[7.453s] Level 1:colcon.colcon_core.environment:checking '/root/ros_ws/install/pi_hub_srvs/lib'
[7.453s] Level 1:colcon.colcon_core.shell:create_environment_hook('pi_hub_srvs', 'ld_library_path_lib')
[7.458s] INFO:colcon.colcon_core.shell:Creating environment hook '/root/ros_ws/install/pi_hub_srvs/share/pi_hub_srvs/hook/ld_library_path_lib.ps1'
[7.459s] INFO:colcon.colcon_core.shell:Creating environment descriptor '/root/ros_ws/install/pi_hub_srvs/share/pi_hub_srvs/hook/ld_library_path_lib.dsv'
[7.459s] INFO:colcon.colcon_core.shell:Creating environment hook '/root/ros_ws/install/pi_hub_srvs/share/pi_hub_srvs/hook/ld_library_path_lib.sh'
[7.460s] Level 1:colcon.colcon_core.environment:checking '/root/ros_ws/install/pi_hub_srvs/bin'
[7.461s] Level 1:colcon.colcon_core.environment:checking '/root/ros_ws/install/pi_hub_srvs/lib/pkgconfig/pi_hub_srvs.pc'
[7.461s] Level 1:colcon.colcon_core.environment:checking '/root/ros_ws/install/pi_hub_srvs/lib/python3.10/site-packages'
[7.462s] Level 1:colcon.colcon_core.environment:checking '/root/ros_ws/install/pi_hub_srvs/bin'
[7.465s] INFO:colcon.colcon_core.shell:Creating package script '/root/ros_ws/install/pi_hub_srvs/share/pi_hub_srvs/package.ps1'
[7.466s] INFO:colcon.colcon_core.shell:Creating package descriptor '/root/ros_ws/install/pi_hub_srvs/share/pi_hub_srvs/package.dsv'
[7.467s] INFO:colcon.colcon_core.shell:Creating package script '/root/ros_ws/install/pi_hub_srvs/share/pi_hub_srvs/package.sh'
[7.469s] INFO:colcon.colcon_core.shell:Creating package script '/root/ros_ws/install/pi_hub_srvs/share/pi_hub_srvs/package.bash'
[7.470s] INFO:colcon.colcon_core.shell:Creating package script '/root/ros_ws/install/pi_hub_srvs/share/pi_hub_srvs/package.zsh'
[7.471s] Level 1:colcon.colcon_core.environment:create_file_with_runtime_dependencies(/root/ros_ws/install/pi_hub_srvs/share/colcon-core/packages/pi_hub_srvs)
[7.740s] DEBUG:colcon.colcon_core.event_handler.log_command:Invoking command in '/root/ros_ws/src/pi_hub': AMENT_PREFIX_PATH=/root/ros_ws/install/pump_control:/root/ros_ws/install/led_control:/root/ros_ws/install/time_schedule:/root/ros_ws/install/pi_hub:/root/ros_ws/install/pi_hub_srvs:/root/ros_ws/install/gpio_conf:/opt/ros/humble PYTHONPATH=/root/ros_ws/build/pi_hub/prefix_override:/root/ros_ws/install/pi_hub/lib/python3.10/site-packages:/root/ros_ws/install/pump_control/lib/python3.10/site-packages:/root/ros_ws/install/led_control/lib/python3.10/site-packages:/root/ros_ws/install/time_schedule/lib/python3.10/site-packages:/root/ros_ws/install/pi_hub/lib/python3.10/site-packages:/root/ros_ws/install/pi_hub_srvs/local/lib/python3.10/dist-packages:/root/ros_ws/install/gpio_conf/lib/python3.10/site-packages:/opt/ros/humble/lib/python3.10/site-packages:/opt/ros/humble/local/lib/python3.10/dist-packages /usr/bin/python3 setup.py egg_info --egg-base ../../build/pi_hub build --build-base /root/ros_ws/build/pi_hub/build install --record /root/ros_ws/build/pi_hub/install.log --install-scripts $base/lib/pi_hub --single-version-externally-managed
[8.524s] DEBUG:colcon.colcon_core.event_handler.log_command:Invoked command in '/root/ros_ws/src/pi_hub' returned '0': AMENT_PREFIX_PATH=/root/ros_ws/install/pump_control:/root/ros_ws/install/led_control:/root/ros_ws/install/time_schedule:/root/ros_ws/install/pi_hub:/root/ros_ws/install/pi_hub_srvs:/root/ros_ws/install/gpio_conf:/opt/ros/humble PYTHONPATH=/root/ros_ws/build/pi_hub/prefix_override:/root/ros_ws/install/pi_hub/lib/python3.10/site-packages:/root/ros_ws/install/pump_control/lib/python3.10/site-packages:/root/ros_ws/install/led_control/lib/python3.10/site-packages:/root/ros_ws/install/time_schedule/lib/python3.10/site-packages:/root/ros_ws/install/pi_hub/lib/python3.10/site-packages:/root/ros_ws/install/pi_hub_srvs/local/lib/python3.10/dist-packages:/root/ros_ws/install/gpio_conf/lib/python3.10/site-packages:/opt/ros/humble/lib/python3.10/site-packages:/opt/ros/humble/local/lib/python3.10/dist-packages /usr/bin/python3 setup.py egg_info --egg-base ../../build/pi_hub build --build-base /root/ros_ws/build/pi_hub/build install --record /root/ros_ws/build/pi_hub/install.log --install-scripts $base/lib/pi_hub --single-version-externally-managed
[8.528s] Level 1:colcon.colcon_core.environment:checking '/root/ros_ws/install/pi_hub' for CMake module files
[8.529s] Level 1:colcon.colcon_core.environment:checking '/root/ros_ws/install/pi_hub' for CMake config files
[8.531s] Level 1:colcon.colcon_core.environment:checking '/root/ros_ws/install/pi_hub/lib'
[8.532s] Level 1:colcon.colcon_core.environment:checking '/root/ros_ws/install/pi_hub/bin'
[8.532s] Level 1:colcon.colcon_core.environment:checking '/root/ros_ws/install/pi_hub/lib/pkgconfig/pi_hub.pc'
[8.532s] Level 1:colcon.colcon_core.environment:checking '/root/ros_ws/install/pi_hub/lib/python3.10/site-packages'
[8.533s] Level 1:colcon.colcon_core.shell:create_environment_hook('pi_hub', 'pythonpath')
[8.536s] INFO:colcon.colcon_core.shell:Creating environment hook '/root/ros_ws/install/pi_hub/share/pi_hub/hook/pythonpath.ps1'
[8.537s] INFO:colcon.colcon_core.shell:Creating environment descriptor '/root/ros_ws/install/pi_hub/share/pi_hub/hook/pythonpath.dsv'
[8.539s] INFO:colcon.colcon_core.shell:Creating environment hook '/root/ros_ws/install/pi_hub/share/pi_hub/hook/pythonpath.sh'
[8.542s] Level 1:colcon.colcon_core.environment:checking '/root/ros_ws/install/pi_hub/bin'
[8.542s] Level 1:colcon.colcon_core.environment:create_environment_scripts_only(pi_hub)
[8.546s] INFO:colcon.colcon_core.shell:Creating package script '/root/ros_ws/install/pi_hub/share/pi_hub/package.ps1'
[8.550s] INFO:colcon.colcon_core.shell:Creating package descriptor '/root/ros_ws/install/pi_hub/share/pi_hub/package.dsv'
[8.552s] INFO:colcon.colcon_core.shell:Creating package script '/root/ros_ws/install/pi_hub/share/pi_hub/package.sh'
[8.554s] INFO:colcon.colcon_core.shell:Creating package script '/root/ros_ws/install/pi_hub/share/pi_hub/package.bash'
[8.557s] INFO:colcon.colcon_core.shell:Creating package script '/root/ros_ws/install/pi_hub/share/pi_hub/package.zsh'
[8.558s] Level 1:colcon.colcon_core.environment:create_file_with_runtime_dependencies(/root/ros_ws/install/pi_hub/share/colcon-core/packages/pi_hub)
[8.562s] DEBUG:colcon.colcon_parallel_executor.executor.parallel:closing loop
[8.563s] DEBUG:colcon.colcon_parallel_executor.executor.parallel:loop closed
[8.563s] DEBUG:colcon.colcon_parallel_executor.executor.parallel:run_until_complete finished with '0'
[8.564s] DEBUG:colcon.colcon_core.event_reactor:joining thread
[8.596s] INFO:colcon.colcon_core.plugin_system:Skipping extension 'colcon_notification.desktop_notification.notify_send': Could not find 'notify-send'
[8.596s] INFO:colcon.colcon_core.plugin_system:Skipping extension 'colcon_notification.desktop_notification.terminal_notifier': Not used on non-Darwin systems
[8.596s] INFO:colcon.colcon_core.plugin_system:Skipping extension 'colcon_notification.desktop_notification.win32': Not used on non-Windows systems
[8.596s] INFO:colcon.colcon_notification.desktop_notification:Sending desktop notification using 'notify2'
[8.596s] DEBUG:colcon.colcon_notification.desktop_notification.notify2:Failed to initialize notify2: org.freedesktop.DBus.Error.NotSupported: Unable to autolaunch a dbus-daemon without a $DISPLAY for X11
[8.597s] DEBUG:colcon.colcon_core.event_reactor:joined thread
[8.601s] INFO:colcon.colcon_core.shell:Creating prefix script '/root/ros_ws/install/local_setup.ps1'
[8.604s] INFO:colcon.colcon_core.shell:Creating prefix util module '/root/ros_ws/install/_local_setup_util_ps1.py'
[8.608s] INFO:colcon.colcon_core.shell:Creating prefix chain script '/root/ros_ws/install/setup.ps1'
[8.615s] INFO:colcon.colcon_core.shell:Creating prefix script '/root/ros_ws/install/local_setup.sh'
[8.616s] INFO:colcon.colcon_core.shell:Creating prefix util module '/root/ros_ws/install/_local_setup_util_sh.py'
[8.618s] INFO:colcon.colcon_core.shell:Creating prefix chain script '/root/ros_ws/install/setup.sh'
[8.621s] INFO:colcon.colcon_core.shell:Creating prefix script '/root/ros_ws/install/local_setup.bash'
[8.623s] INFO:colcon.colcon_core.shell:Creating prefix chain script '/root/ros_ws/install/setup.bash'
[8.626s] INFO:colcon.colcon_core.shell:Creating prefix script '/root/ros_ws/install/local_setup.zsh'
[8.628s] INFO:colcon.colcon_core.shell:Creating prefix chain script '/root/ros_ws/install/setup.zsh'
