[1.137s] Invoking command in '/root/ros_ws/src/pump_control': PYTHONPATH=/root/ros_ws/build/pump_control/prefix_override:/root/ros_ws/install/pump_control/lib/python3.10/site-packages:${PYTHONPATH} /usr/bin/python3 setup.py egg_info --egg-base ../../build/pump_control build --build-base /root/ros_ws/build/pump_control/build install --record /root/ros_ws/build/pump_control/install.log --install-scripts $base/lib/pump_control --single-version-externally-managed
[1.284s] /usr/lib/python3/dist-packages/setuptools/dist.py:723: UserWarning: Usage of dash-separated 'script-dir' will not be supported in future versions. Please use the underscore name 'script_dir' instead
[1.284s]   warnings.warn(
[1.291s] running egg_info
[1.292s] writing ../../build/pump_control/pump_control.egg-info/PKG-INFO
[1.292s] writing dependency_links to ../../build/pump_control/pump_control.egg-info/dependency_links.txt
[1.292s] writing entry points to ../../build/pump_control/pump_control.egg-info/entry_points.txt
[1.292s] writing requirements to ../../build/pump_control/pump_control.egg-info/requires.txt
[1.293s] writing top-level names to ../../build/pump_control/pump_control.egg-info/top_level.txt
[1.294s] reading manifest file '../../build/pump_control/pump_control.egg-info/SOURCES.txt'
[1.295s] writing manifest file '../../build/pump_control/pump_control.egg-info/SOURCES.txt'
[1.295s] running build
[1.295s] running build_py
[1.295s] running install
[1.296s] /usr/lib/python3/dist-packages/setuptools/command/install.py:34: SetuptoolsDeprecationWarning: setup.py install is deprecated. Use build and pip and other standards-based tools.
[1.296s]   warnings.warn(
[1.300s] running install_lib
[1.300s] running install_data
[1.300s] running install_egg_info
[1.300s] removing '/root/ros_ws/install/pump_control/lib/python3.10/site-packages/pump_control-0.0.0-py3.10.egg-info' (and everything under it)
[1.300s] Copying ../../build/pump_control/pump_control.egg-info to /root/ros_ws/install/pump_control/lib/python3.10/site-packages/pump_control-0.0.0-py3.10.egg-info
[1.301s] running install_scripts
[1.323s] Installing pump_control_node script to /root/ros_ws/install/pump_control/lib/pump_control
[1.323s] writing list of installed files to '/root/ros_ws/build/pump_control/install.log'
[1.346s] Invoked command in '/root/ros_ws/src/pump_control' returned '0': PYTHONPATH=/root/ros_ws/build/pump_control/prefix_override:/root/ros_ws/install/pump_control/lib/python3.10/site-packages:${PYTHONPATH} /usr/bin/python3 setup.py egg_info --egg-base ../../build/pump_control build --build-base /root/ros_ws/build/pump_control/build install --record /root/ros_ws/build/pump_control/install.log --install-scripts $base/lib/pump_control --single-version-externally-managed
