[1.933s] Invoking command in '/root/ros_ws/src/led_control': PYTHONPATH=/root/ros_ws/build/led_control/prefix_override:/root/ros_ws/install/led_control/lib/python3.10/site-packages:${PYTHONPATH} /usr/bin/python3 setup.py egg_info --egg-base ../../build/led_control build --build-base /root/ros_ws/build/led_control/build install --record /root/ros_ws/build/led_control/install.log --install-scripts $base/lib/led_control --single-version-externally-managed
[2.615s] /usr/lib/python3/dist-packages/setuptools/dist.py:723: UserWarning: Usage of dash-separated 'script-dir' will not be supported in future versions. Please use the underscore name 'script_dir' instead
[2.615s]   warnings.warn(
[2.641s] running egg_info
[2.641s] creating ../../build/led_control/led_control.egg-info
[2.642s] writing ../../build/led_control/led_control.egg-info/PKG-INFO
[2.650s] writing dependency_links to ../../build/led_control/led_control.egg-info/dependency_links.txt
[2.650s] writing entry points to ../../build/led_control/led_control.egg-info/entry_points.txt
[2.650s] /usr/lib/python3/dist-packages/setuptools/command/install.py:34: SetuptoolsDeprecationWarning: setup.py install is deprecated. Use build and pip and other standards-based tools.
[2.650s]   warnings.warn(
[2.651s] writing requirements to ../../build/led_control/led_control.egg-info/requires.txt
[2.651s] writing top-level names to ../../build/led_control/led_control.egg-info/top_level.txt
[2.651s] writing manifest file '../../build/led_control/led_control.egg-info/SOURCES.txt'
[2.651s] reading manifest file '../../build/led_control/led_control.egg-info/SOURCES.txt'
[2.651s] writing manifest file '../../build/led_control/led_control.egg-info/SOURCES.txt'
[2.651s] running build
[2.651s] running build_py
[2.652s] creating /root/ros_ws/build/led_control/build
[2.652s] creating /root/ros_ws/build/led_control/build/lib
[2.652s] creating /root/ros_ws/build/led_control/build/lib/led_control
[2.652s] copying led_control/led_control_node.py -> /root/ros_ws/build/led_control/build/lib/led_control
[2.652s] copying led_control/__init__.py -> /root/ros_ws/build/led_control/build/lib/led_control
[2.652s] running install
[2.672s] running install_lib
[2.673s] running install_data
[2.674s] running install_egg_info
[2.675s] removing '/root/ros_ws/install/led_control/lib/python3.10/site-packages/led_control-0.0.0-py3.10.egg-info' (and everything under it)
[2.676s] Copying ../../build/led_control/led_control.egg-info to /root/ros_ws/install/led_control/lib/python3.10/site-packages/led_control-0.0.0-py3.10.egg-info
[2.681s] running install_scripts
[2.738s] Installing led_control_node script to /root/ros_ws/install/led_control/lib/led_control
[2.739s] writing list of installed files to '/root/ros_ws/build/led_control/install.log'
[2.823s] Invoked command in '/root/ros_ws/src/led_control' returned '0': PYTHONPATH=/root/ros_ws/build/led_control/prefix_override:/root/ros_ws/install/led_control/lib/python3.10/site-packages:${PYTHONPATH} /usr/bin/python3 setup.py egg_info --egg-base ../../build/led_control build --build-base /root/ros_ws/build/led_control/build install --record /root/ros_ws/build/led_control/install.log --install-scripts $base/lib/led_control --single-version-externally-managed
