[0.926s] Invoking command in '/root/ros_ws/build/pi_hub_srvs': CMAKE_PREFIX_PATH=${CMAKE_PREFIX_PATH}:/root/ros_ws/install/time_schedule:/root/ros_ws/install/pi_hub:/root/ros_ws/install/pump_control:/root/ros_ws/install/led_control:/root/ros_ws/install/gpio_conf:/opt/ros/humble /usr/bin/cmake /root/ros_ws/src/pi_hub_srvs -DCMAKE_INSTALL_PREFIX=/root/ros_ws/install/pi_hub_srvs
[1.269s] -- The C compiler identification is GNU 11.3.0
[1.633s] -- The CXX compiler identification is GNU 11.3.0
[1.668s] -- Detecting C compiler ABI info
[1.947s] -- Detecting C compiler ABI info - done
[2.005s] -- Check for working C compiler: /usr/bin/cc - skipped
[2.018s] -- Detecting C compile features
[2.024s] -- Detecting C compile features - done
[2.046s] -- Detecting CXX compiler ABI info
[2.439s] -- Detecting CXX compiler ABI info - done
[2.489s] -- Check for working CXX compiler: /usr/bin/c++ - skipped
[2.490s] -- Detecting CXX compile features
[2.492s] -- Detecting CXX compile features - done
[2.504s] -- Found ament_cmake: 1.3.2 (/opt/ros/humble/share/ament_cmake/cmake)
[3.048s] -- Found Python3: /usr/bin/python3.10 (found version "3.10.6") found components: Interpreter 
[3.648s] -- Found std_msgs: 4.2.2 (/opt/ros/humble/share/std_msgs/cmake)
[3.878s] -- Found rosidl_generator_c: 3.1.3 (/opt/ros/humble/share/rosidl_generator_c/cmake)
[3.906s] -- Found rosidl_adapter: 3.1.3 (/opt/ros/humble/share/rosidl_adapter/cmake)
[3.948s] -- Found rosidl_generator_cpp: 3.1.3 (/opt/ros/humble/share/rosidl_generator_cpp/cmake)
[4.045s] -- Using all available rosidl_typesupport_c: rosidl_typesupport_fastrtps_c;rosidl_typesupport_introspection_c
[4.108s] -- Using all available rosidl_typesupport_cpp: rosidl_typesupport_fastrtps_cpp;rosidl_typesupport_introspection_cpp
[4.466s] -- Found rosidl_default_generators: 1.2.0 (/opt/ros/humble/share/rosidl_default_generators/cmake)
[5.455s] -- Found ament_cmake_ros: 0.10.0 (/opt/ros/humble/share/ament_cmake_ros/cmake)
[6.302s] -- Using all available rosidl_typesupport_c: rosidl_typesupport_fastrtps_c;rosidl_typesupport_introspection_c
[6.640s] -- Using all available rosidl_typesupport_cpp: rosidl_typesupport_fastrtps_cpp;rosidl_typesupport_introspection_cpp
[6.692s] -- Found PythonInterp: /usr/bin/python3 (found suitable version "3.10.6", minimum required is "3.6") 
[6.696s] -- Found python_cmake_module: 0.10.0 (/opt/ros/humble/share/python_cmake_module/cmake)
[6.726s] -- Found PythonLibs: /usr/lib/x86_64-linux-gnu/libpython3.10.so (found suitable version "3.10.6", minimum required is "3.5") 
[6.726s] -- Using PYTHON_EXECUTABLE: /usr/bin/python3
[6.726s] -- Using PYTHON_INCLUDE_DIRS: /usr/include/python3.10
[6.726s] -- Using PYTHON_LIBRARIES: /usr/lib/x86_64-linux-gnu/libpython3.10.so
[6.751s] -- Found PythonExtra: .so  
[6.832s] -- Found ament_lint_auto: 0.12.4 (/opt/ros/humble/share/ament_lint_auto/cmake)
[6.897s] -- Added test 'copyright' to check source files copyright and LICENSE
[6.902s] -- Added test 'lint_cmake' to check CMake code style
[6.905s] -- Added test 'xmllint' to check XML markup files
[6.911s] -- Configuring done
[7.005s] -- Generating done
[7.011s] -- Build files have been written to: /root/ros_ws/build/pi_hub_srvs
[7.020s] Invoked command in '/root/ros_ws/build/pi_hub_srvs' returned '0': CMAKE_PREFIX_PATH=${CMAKE_PREFIX_PATH}:/root/ros_ws/install/time_schedule:/root/ros_ws/install/pi_hub:/root/ros_ws/install/pump_control:/root/ros_ws/install/led_control:/root/ros_ws/install/gpio_conf:/opt/ros/humble /usr/bin/cmake /root/ros_ws/src/pi_hub_srvs -DCMAKE_INSTALL_PREFIX=/root/ros_ws/install/pi_hub_srvs
[7.023s] Invoking command in '/root/ros_ws/build/pi_hub_srvs': CMAKE_PREFIX_PATH=${CMAKE_PREFIX_PATH}:/root/ros_ws/install/time_schedule:/root/ros_ws/install/pi_hub:/root/ros_ws/install/pump_control:/root/ros_ws/install/led_control:/root/ros_ws/install/gpio_conf:/opt/ros/humble /usr/bin/cmake --build /root/ros_ws/build/pi_hub_srvs -- -j4 -l4
[7.149s] [  2%] [34m[1mGenerating C++ code for ROS interfaces[0m
[7.154s] [  4%] [34m[1mGenerating C code for ROS interfaces[0m
[7.292s] [  4%] Built target ament_cmake_python_copy_pi_hub_srvs
[8.218s] running egg_info
[8.220s] creating pi_hub_srvs.egg-info
[8.220s] writing pi_hub_srvs.egg-info/PKG-INFO
[8.221s] writing dependency_links to pi_hub_srvs.egg-info/dependency_links.txt
[8.221s] writing top-level names to pi_hub_srvs.egg-info/top_level.txt
[8.221s] writing manifest file 'pi_hub_srvs.egg-info/SOURCES.txt'
[8.231s] reading manifest file 'pi_hub_srvs.egg-info/SOURCES.txt'
[8.231s] writing manifest file 'pi_hub_srvs.egg-info/SOURCES.txt'
[8.341s] [  4%] Built target ament_cmake_python_build_pi_hub_srvs_egg
[8.952s] [  4%] Built target pi_hub_srvs__cpp
[9.069s] [  6%] [34m[1mGenerating C++ type support dispatch for ROS interfaces[0m
[9.130s] [  8%] [34m[1mGenerating C++ type support for eProsima Fast-RTPS[0m
[9.274s] [ 10%] [34m[1mGenerating C++ introspection for ROS interfaces[0m
[9.613s] [ 12%] [32mBuilding C object CMakeFiles/pi_hub_srvs__rosidl_generator_c.dir/rosidl_generator_c/pi_hub_srvs/srv/detail/turn_on__functions.c.o[0m
[9.898s] [ 14%] [32mBuilding C object CMakeFiles/pi_hub_srvs__rosidl_generator_c.dir/rosidl_generator_c/pi_hub_srvs/srv/detail/turn_off__functions.c.o[0m
[10.140s] [ 17%] [32mBuilding C object CMakeFiles/pi_hub_srvs__rosidl_generator_c.dir/rosidl_generator_c/pi_hub_srvs/srv/detail/control__functions.c.o[0m
[10.359s] [ 19%] [32mBuilding CXX object CMakeFiles/pi_hub_srvs__rosidl_typesupport_cpp.dir/rosidl_typesupport_cpp/pi_hub_srvs/srv/turn_on__type_support.cpp.o[0m
[10.430s] [ 21%] [32m[1mLinking C shared library libpi_hub_srvs__rosidl_generator_c.so[0m
[10.848s] [ 21%] Built target pi_hub_srvs__rosidl_generator_c
[10.886s] [ 23%] [34m[1mGenerating C type support for eProsima Fast-RTPS[0m
[10.948s] [ 25%] [32mBuilding CXX object CMakeFiles/pi_hub_srvs__rosidl_typesupport_fastrtps_cpp.dir/rosidl_typesupport_fastrtps_cpp/pi_hub_srvs/srv/detail/dds_fastrtps/turn_on__type_support.cpp.o[0m
[11.427s] [ 27%] [32mBuilding CXX object CMakeFiles/pi_hub_srvs__rosidl_typesupport_introspection_cpp.dir/rosidl_typesupport_introspection_cpp/pi_hub_srvs/srv/detail/turn_on__type_support.cpp.o[0m
[11.904s] [ 29%] [32mBuilding CXX object CMakeFiles/pi_hub_srvs__rosidl_typesupport_cpp.dir/rosidl_typesupport_cpp/pi_hub_srvs/srv/turn_off__type_support.cpp.o[0m
[12.626s] [ 31%] [32mBuilding CXX object CMakeFiles/pi_hub_srvs__rosidl_typesupport_fastrtps_cpp.dir/rosidl_typesupport_fastrtps_cpp/pi_hub_srvs/srv/detail/dds_fastrtps/turn_off__type_support.cpp.o[0m
[13.370s] [ 34%] [32mBuilding CXX object CMakeFiles/pi_hub_srvs__rosidl_typesupport_fastrtps_c.dir/rosidl_typesupport_fastrtps_c/pi_hub_srvs/srv/detail/turn_on__type_support_c.cpp.o[0m
[13.420s] [ 36%] [32mBuilding CXX object CMakeFiles/pi_hub_srvs__rosidl_typesupport_introspection_cpp.dir/rosidl_typesupport_introspection_cpp/pi_hub_srvs/srv/detail/turn_off__type_support.cpp.o[0m
[13.726s] [ 38%] [32mBuilding CXX object CMakeFiles/pi_hub_srvs__rosidl_typesupport_cpp.dir/rosidl_typesupport_cpp/pi_hub_srvs/srv/control__type_support.cpp.o[0m
[14.891s] [ 40%] [32mBuilding CXX object CMakeFiles/pi_hub_srvs__rosidl_typesupport_fastrtps_cpp.dir/rosidl_typesupport_fastrtps_cpp/pi_hub_srvs/srv/detail/dds_fastrtps/control__type_support.cpp.o[0m
[15.236s] [ 42%] [32mBuilding CXX object CMakeFiles/pi_hub_srvs__rosidl_typesupport_introspection_cpp.dir/rosidl_typesupport_introspection_cpp/pi_hub_srvs/srv/detail/control__type_support.cpp.o[0m
[15.384s] [ 44%] [32m[1mLinking CXX shared library libpi_hub_srvs__rosidl_typesupport_cpp.so[0m
[15.656s] [ 44%] Built target pi_hub_srvs__rosidl_typesupport_cpp
[15.689s] [ 46%] [34m[1mGenerating C introspection for ROS interfaces[0m
[15.699s] [ 48%] [32mBuilding CXX object CMakeFiles/pi_hub_srvs__rosidl_typesupport_fastrtps_c.dir/rosidl_typesupport_fastrtps_c/pi_hub_srvs/srv/detail/turn_off__type_support_c.cpp.o[0m
[16.322s] [ 51%] [32m[1mLinking CXX shared library libpi_hub_srvs__rosidl_typesupport_fastrtps_cpp.so[0m
[16.524s] [ 51%] Built target pi_hub_srvs__rosidl_typesupport_fastrtps_cpp
[16.541s] [ 53%] [32mBuilding CXX object CMakeFiles/pi_hub_srvs__rosidl_typesupport_fastrtps_c.dir/rosidl_typesupport_fastrtps_c/pi_hub_srvs/srv/detail/control__type_support_c.cpp.o[0m
[16.621s] [ 55%] [32m[1mLinking CXX shared library libpi_hub_srvs__rosidl_typesupport_introspection_cpp.so[0m
[16.674s] [ 57%] [34m[1mGenerating C type support dispatch for ROS interfaces[0m
[16.725s] [ 57%] Built target pi_hub_srvs__rosidl_typesupport_introspection_cpp
[16.887s] [ 59%] [32mBuilding C object CMakeFiles/pi_hub_srvs__rosidl_typesupport_introspection_c.dir/rosidl_typesupport_introspection_c/pi_hub_srvs/srv/detail/turn_off__type_support.c.o[0m
[16.898s] [ 61%] [32mBuilding C object CMakeFiles/pi_hub_srvs__rosidl_typesupport_introspection_c.dir/rosidl_typesupport_introspection_c/pi_hub_srvs/srv/detail/turn_on__type_support.c.o[0m
[16.992s] [ 63%] [32mBuilding C object CMakeFiles/pi_hub_srvs__rosidl_typesupport_introspection_c.dir/rosidl_typesupport_introspection_c/pi_hub_srvs/srv/detail/control__type_support.c.o[0m
[17.072s] [ 65%] [32m[1mLinking C shared library libpi_hub_srvs__rosidl_typesupport_introspection_c.so[0m
[17.139s] [ 65%] Built target pi_hub_srvs__rosidl_typesupport_introspection_c
[17.360s] [ 68%] [32m[1mLinking CXX shared library libpi_hub_srvs__rosidl_typesupport_fastrtps_c.so[0m
[17.422s] [ 70%] [32mBuilding CXX object CMakeFiles/pi_hub_srvs__rosidl_typesupport_c.dir/rosidl_typesupport_c/pi_hub_srvs/srv/turn_on__type_support.cpp.o[0m
[17.423s] [ 72%] [32mBuilding CXX object CMakeFiles/pi_hub_srvs__rosidl_typesupport_c.dir/rosidl_typesupport_c/pi_hub_srvs/srv/turn_off__type_support.cpp.o[0m
[17.435s] [ 74%] [32mBuilding CXX object CMakeFiles/pi_hub_srvs__rosidl_typesupport_c.dir/rosidl_typesupport_c/pi_hub_srvs/srv/control__type_support.cpp.o[0m
[17.538s] [ 76%] [32m[1mLinking CXX shared library libpi_hub_srvs__rosidl_typesupport_c.so[0m
[17.565s] [ 76%] Built target pi_hub_srvs__rosidl_typesupport_fastrtps_c
[17.617s] [ 76%] Built target pi_hub_srvs__rosidl_typesupport_c
[17.644s] [ 76%] Built target pi_hub_srvs
[17.671s] [ 78%] [34m[1mGenerating Python code for ROS interfaces[0m
[19.233s] [ 78%] Built target pi_hub_srvs__py
[19.271s] [ 80%] [32mBuilding C object CMakeFiles/pi_hub_srvs__rosidl_generator_py.dir/rosidl_generator_py/pi_hub_srvs/srv/_turn_on_s.c.o[0m
[19.271s] [ 82%] [32mBuilding C object CMakeFiles/pi_hub_srvs__rosidl_generator_py.dir/rosidl_generator_py/pi_hub_srvs/srv/_turn_off_s.c.o[0m
[19.271s] [ 85%] [32mBuilding C object CMakeFiles/pi_hub_srvs__rosidl_generator_py.dir/rosidl_generator_py/pi_hub_srvs/srv/_control_s.c.o[0m
[19.566s] [ 87%] [32m[1mLinking C shared library rosidl_generator_py/pi_hub_srvs/libpi_hub_srvs__rosidl_generator_py.so[0m
[19.639s] [ 87%] Built target pi_hub_srvs__rosidl_generator_py
[19.673s] [ 89%] [32mBuilding C object CMakeFiles/pi_hub_srvs__rosidl_typesupport_introspection_c__pyext.dir/rosidl_generator_py/pi_hub_srvs/_pi_hub_srvs_s.ep.rosidl_typesupport_introspection_c.c.o[0m
[19.674s] [ 91%] [32mBuilding C object CMakeFiles/pi_hub_srvs__rosidl_typesupport_fastrtps_c__pyext.dir/rosidl_generator_py/pi_hub_srvs/_pi_hub_srvs_s.ep.rosidl_typesupport_fastrtps_c.c.o[0m
[19.680s] [ 93%] [32mBuilding C object CMakeFiles/pi_hub_srvs__rosidl_typesupport_c__pyext.dir/rosidl_generator_py/pi_hub_srvs/_pi_hub_srvs_s.ep.rosidl_typesupport_c.c.o[0m
[19.985s] [ 95%] [32m[1mLinking C shared library rosidl_generator_py/pi_hub_srvs/pi_hub_srvs_s__rosidl_typesupport_introspection_c.cpython-310-x86_64-linux-gnu.so[0m
[19.992s] [ 97%] [32m[1mLinking C shared library rosidl_generator_py/pi_hub_srvs/pi_hub_srvs_s__rosidl_typesupport_fastrtps_c.cpython-310-x86_64-linux-gnu.so[0m
[19.997s] [100%] [32m[1mLinking C shared library rosidl_generator_py/pi_hub_srvs/pi_hub_srvs_s__rosidl_typesupport_c.cpython-310-x86_64-linux-gnu.so[0m
[20.104s] [100%] Built target pi_hub_srvs__rosidl_typesupport_fastrtps_c__pyext
[20.105s] [100%] Built target pi_hub_srvs__rosidl_typesupport_introspection_c__pyext
[20.114s] [100%] Built target pi_hub_srvs__rosidl_typesupport_c__pyext
[20.133s] Invoked command in '/root/ros_ws/build/pi_hub_srvs' returned '0': CMAKE_PREFIX_PATH=${CMAKE_PREFIX_PATH}:/root/ros_ws/install/time_schedule:/root/ros_ws/install/pi_hub:/root/ros_ws/install/pump_control:/root/ros_ws/install/led_control:/root/ros_ws/install/gpio_conf:/opt/ros/humble /usr/bin/cmake --build /root/ros_ws/build/pi_hub_srvs -- -j4 -l4
[20.289s] Invoking command in '/root/ros_ws/build/pi_hub_srvs': CMAKE_PREFIX_PATH=${CMAKE_PREFIX_PATH}:/root/ros_ws/install/time_schedule:/root/ros_ws/install/pi_hub:/root/ros_ws/install/pump_control:/root/ros_ws/install/led_control:/root/ros_ws/install/gpio_conf:/opt/ros/humble /usr/bin/cmake --install /root/ros_ws/build/pi_hub_srvs
[20.303s] -- Install configuration: ""
[20.303s] -- Installing: /root/ros_ws/install/pi_hub_srvs/share/ament_index/resource_index/rosidl_interfaces/pi_hub_srvs
[20.304s] -- Up-to-date: /root/ros_ws/install/pi_hub_srvs/include/pi_hub_srvs/pi_hub_srvs
[20.305s] -- Up-to-date: /root/ros_ws/install/pi_hub_srvs/include/pi_hub_srvs/pi_hub_srvs/msg
[20.305s] -- Installing: /root/ros_ws/install/pi_hub_srvs/include/pi_hub_srvs/pi_hub_srvs/msg/rosidl_generator_c__visibility_control.h
[20.306s] -- Up-to-date: /root/ros_ws/install/pi_hub_srvs/include/pi_hub_srvs/pi_hub_srvs/srv
[20.306s] -- Up-to-date: /root/ros_ws/install/pi_hub_srvs/include/pi_hub_srvs/pi_hub_srvs/srv/detail
[20.306s] -- Installing: /root/ros_ws/install/pi_hub_srvs/include/pi_hub_srvs/pi_hub_srvs/srv/detail/turn_off__type_support.h
[20.307s] -- Installing: /root/ros_ws/install/pi_hub_srvs/include/pi_hub_srvs/pi_hub_srvs/srv/detail/control__struct.h
[20.307s] -- Installing: /root/ros_ws/install/pi_hub_srvs/include/pi_hub_srvs/pi_hub_srvs/srv/detail/control__functions.c
[20.308s] -- Installing: /root/ros_ws/install/pi_hub_srvs/include/pi_hub_srvs/pi_hub_srvs/srv/detail/control__functions.h
[20.308s] -- Installing: /root/ros_ws/install/pi_hub_srvs/include/pi_hub_srvs/pi_hub_srvs/srv/detail/turn_off__functions.h
[20.309s] -- Installing: /root/ros_ws/install/pi_hub_srvs/include/pi_hub_srvs/pi_hub_srvs/srv/detail/turn_on__functions.c
[20.309s] -- Installing: /root/ros_ws/install/pi_hub_srvs/include/pi_hub_srvs/pi_hub_srvs/srv/detail/turn_on__functions.h
[20.309s] -- Installing: /root/ros_ws/install/pi_hub_srvs/include/pi_hub_srvs/pi_hub_srvs/srv/detail/turn_off__struct.h
[20.309s] -- Installing: /root/ros_ws/install/pi_hub_srvs/include/pi_hub_srvs/pi_hub_srvs/srv/detail/control__type_support.h
[20.310s] -- Installing: /root/ros_ws/install/pi_hub_srvs/include/pi_hub_srvs/pi_hub_srvs/srv/detail/turn_on__struct.h
[20.310s] -- Installing: /root/ros_ws/install/pi_hub_srvs/include/pi_hub_srvs/pi_hub_srvs/srv/detail/turn_off__functions.c
[20.310s] -- Installing: /root/ros_ws/install/pi_hub_srvs/include/pi_hub_srvs/pi_hub_srvs/srv/detail/turn_on__type_support.h
[20.310s] -- Installing: /root/ros_ws/install/pi_hub_srvs/include/pi_hub_srvs/pi_hub_srvs/srv/turn_off.h
[20.311s] -- Installing: /root/ros_ws/install/pi_hub_srvs/include/pi_hub_srvs/pi_hub_srvs/srv/turn_on.h
[20.311s] -- Installing: /root/ros_ws/install/pi_hub_srvs/include/pi_hub_srvs/pi_hub_srvs/srv/control.h
[20.311s] -- Up-to-date: /root/ros_ws/install/pi_hub_srvs/share/pi_hub_srvs/environment/library_path.sh
[20.311s] -- Installing: /root/ros_ws/install/pi_hub_srvs/share/pi_hub_srvs/environment/library_path.dsv
[20.312s] -- Installing: /root/ros_ws/install/pi_hub_srvs/lib/libpi_hub_srvs__rosidl_generator_c.so
[20.313s] -- Set runtime path of "/root/ros_ws/install/pi_hub_srvs/lib/libpi_hub_srvs__rosidl_generator_c.so" to ""
[20.313s] -- Up-to-date: /root/ros_ws/install/pi_hub_srvs/include/pi_hub_srvs/pi_hub_srvs
[20.313s] -- Up-to-date: /root/ros_ws/install/pi_hub_srvs/include/pi_hub_srvs/pi_hub_srvs/msg
[20.314s] -- Installing: /root/ros_ws/install/pi_hub_srvs/include/pi_hub_srvs/pi_hub_srvs/msg/rosidl_typesupport_fastrtps_c__visibility_control.h
[20.314s] -- Up-to-date: /root/ros_ws/install/pi_hub_srvs/include/pi_hub_srvs/pi_hub_srvs/srv
[20.314s] -- Up-to-date: /root/ros_ws/install/pi_hub_srvs/include/pi_hub_srvs/pi_hub_srvs/srv/detail
[20.314s] -- Installing: /root/ros_ws/install/pi_hub_srvs/include/pi_hub_srvs/pi_hub_srvs/srv/detail/turn_off__rosidl_typesupport_fastrtps_c.h
[20.314s] -- Installing: /root/ros_ws/install/pi_hub_srvs/include/pi_hub_srvs/pi_hub_srvs/srv/detail/turn_on__rosidl_typesupport_fastrtps_c.h
[20.315s] -- Installing: /root/ros_ws/install/pi_hub_srvs/include/pi_hub_srvs/pi_hub_srvs/srv/detail/control__rosidl_typesupport_fastrtps_c.h
[20.315s] -- Installing: /root/ros_ws/install/pi_hub_srvs/lib/libpi_hub_srvs__rosidl_typesupport_fastrtps_c.so
[20.316s] -- Set runtime path of "/root/ros_ws/install/pi_hub_srvs/lib/libpi_hub_srvs__rosidl_typesupport_fastrtps_c.so" to ""
[20.316s] -- Up-to-date: /root/ros_ws/install/pi_hub_srvs/include/pi_hub_srvs/pi_hub_srvs
[20.316s] -- Up-to-date: /root/ros_ws/install/pi_hub_srvs/include/pi_hub_srvs/pi_hub_srvs/srv
[20.316s] -- Installing: /root/ros_ws/install/pi_hub_srvs/include/pi_hub_srvs/pi_hub_srvs/srv/control.hpp
[20.317s] -- Up-to-date: /root/ros_ws/install/pi_hub_srvs/include/pi_hub_srvs/pi_hub_srvs/srv/detail
[20.317s] -- Installing: /root/ros_ws/install/pi_hub_srvs/include/pi_hub_srvs/pi_hub_srvs/srv/detail/turn_off__builder.hpp
[20.317s] -- Installing: /root/ros_ws/install/pi_hub_srvs/include/pi_hub_srvs/pi_hub_srvs/srv/detail/turn_off__traits.hpp
[20.317s] -- Installing: /root/ros_ws/install/pi_hub_srvs/include/pi_hub_srvs/pi_hub_srvs/srv/detail/turn_off__struct.hpp
[20.318s] -- Installing: /root/ros_ws/install/pi_hub_srvs/include/pi_hub_srvs/pi_hub_srvs/srv/detail/turn_on__builder.hpp
[20.318s] -- Installing: /root/ros_ws/install/pi_hub_srvs/include/pi_hub_srvs/pi_hub_srvs/srv/detail/control__traits.hpp
[20.318s] -- Installing: /root/ros_ws/install/pi_hub_srvs/include/pi_hub_srvs/pi_hub_srvs/srv/detail/control__struct.hpp
[20.318s] -- Installing: /root/ros_ws/install/pi_hub_srvs/include/pi_hub_srvs/pi_hub_srvs/srv/detail/control__builder.hpp
[20.319s] -- Installing: /root/ros_ws/install/pi_hub_srvs/include/pi_hub_srvs/pi_hub_srvs/srv/detail/turn_on__struct.hpp
[20.319s] -- Installing: /root/ros_ws/install/pi_hub_srvs/include/pi_hub_srvs/pi_hub_srvs/srv/detail/turn_on__traits.hpp
[20.319s] -- Installing: /root/ros_ws/install/pi_hub_srvs/include/pi_hub_srvs/pi_hub_srvs/srv/turn_off.hpp
[20.319s] -- Installing: /root/ros_ws/install/pi_hub_srvs/include/pi_hub_srvs/pi_hub_srvs/srv/turn_on.hpp
[20.320s] -- Up-to-date: /root/ros_ws/install/pi_hub_srvs/include/pi_hub_srvs/pi_hub_srvs
[20.320s] -- Up-to-date: /root/ros_ws/install/pi_hub_srvs/include/pi_hub_srvs/pi_hub_srvs/msg
[20.320s] -- Installing: /root/ros_ws/install/pi_hub_srvs/include/pi_hub_srvs/pi_hub_srvs/msg/rosidl_typesupport_fastrtps_cpp__visibility_control.h
[20.320s] -- Up-to-date: /root/ros_ws/install/pi_hub_srvs/include/pi_hub_srvs/pi_hub_srvs/srv
[20.321s] -- Up-to-date: /root/ros_ws/install/pi_hub_srvs/include/pi_hub_srvs/pi_hub_srvs/srv/detail
[20.321s] -- Installing: /root/ros_ws/install/pi_hub_srvs/include/pi_hub_srvs/pi_hub_srvs/srv/detail/control__rosidl_typesupport_fastrtps_cpp.hpp
[20.322s] -- Installing: /root/ros_ws/install/pi_hub_srvs/include/pi_hub_srvs/pi_hub_srvs/srv/detail/turn_on__rosidl_typesupport_fastrtps_cpp.hpp
[20.322s] -- Up-to-date: /root/ros_ws/install/pi_hub_srvs/include/pi_hub_srvs/pi_hub_srvs/srv/detail/dds_fastrtps
[20.322s] -- Installing: /root/ros_ws/install/pi_hub_srvs/include/pi_hub_srvs/pi_hub_srvs/srv/detail/turn_off__rosidl_typesupport_fastrtps_cpp.hpp
[20.322s] -- Installing: /root/ros_ws/install/pi_hub_srvs/lib/libpi_hub_srvs__rosidl_typesupport_fastrtps_cpp.so
[20.323s] -- Set runtime path of "/root/ros_ws/install/pi_hub_srvs/lib/libpi_hub_srvs__rosidl_typesupport_fastrtps_cpp.so" to ""
[20.323s] -- Up-to-date: /root/ros_ws/install/pi_hub_srvs/include/pi_hub_srvs/pi_hub_srvs
[20.324s] -- Up-to-date: /root/ros_ws/install/pi_hub_srvs/include/pi_hub_srvs/pi_hub_srvs/msg
[20.324s] -- Installing: /root/ros_ws/install/pi_hub_srvs/include/pi_hub_srvs/pi_hub_srvs/msg/rosidl_typesupport_introspection_c__visibility_control.h
[20.324s] -- Up-to-date: /root/ros_ws/install/pi_hub_srvs/include/pi_hub_srvs/pi_hub_srvs/srv
[20.325s] -- Up-to-date: /root/ros_ws/install/pi_hub_srvs/include/pi_hub_srvs/pi_hub_srvs/srv/detail
[20.325s] -- Installing: /root/ros_ws/install/pi_hub_srvs/include/pi_hub_srvs/pi_hub_srvs/srv/detail/control__type_support.c
[20.325s] -- Installing: /root/ros_ws/install/pi_hub_srvs/include/pi_hub_srvs/pi_hub_srvs/srv/detail/turn_on__type_support.c
[20.325s] -- Installing: /root/ros_ws/install/pi_hub_srvs/include/pi_hub_srvs/pi_hub_srvs/srv/detail/control__rosidl_typesupport_introspection_c.h
[20.325s] -- Installing: /root/ros_ws/install/pi_hub_srvs/include/pi_hub_srvs/pi_hub_srvs/srv/detail/turn_off__rosidl_typesupport_introspection_c.h
[20.326s] -- Installing: /root/ros_ws/install/pi_hub_srvs/include/pi_hub_srvs/pi_hub_srvs/srv/detail/turn_off__type_support.c
[20.326s] -- Installing: /root/ros_ws/install/pi_hub_srvs/include/pi_hub_srvs/pi_hub_srvs/srv/detail/turn_on__rosidl_typesupport_introspection_c.h
[20.326s] -- Installing: /root/ros_ws/install/pi_hub_srvs/lib/libpi_hub_srvs__rosidl_typesupport_introspection_c.so
[20.327s] -- Set runtime path of "/root/ros_ws/install/pi_hub_srvs/lib/libpi_hub_srvs__rosidl_typesupport_introspection_c.so" to ""
[20.327s] -- Installing: /root/ros_ws/install/pi_hub_srvs/lib/libpi_hub_srvs__rosidl_typesupport_c.so
[20.328s] -- Set runtime path of "/root/ros_ws/install/pi_hub_srvs/lib/libpi_hub_srvs__rosidl_typesupport_c.so" to ""
[20.329s] -- Up-to-date: /root/ros_ws/install/pi_hub_srvs/include/pi_hub_srvs/pi_hub_srvs
[20.329s] -- Up-to-date: /root/ros_ws/install/pi_hub_srvs/include/pi_hub_srvs/pi_hub_srvs/srv
[20.329s] -- Up-to-date: /root/ros_ws/install/pi_hub_srvs/include/pi_hub_srvs/pi_hub_srvs/srv/detail
[20.329s] -- Installing: /root/ros_ws/install/pi_hub_srvs/include/pi_hub_srvs/pi_hub_srvs/srv/detail/turn_on__type_support.cpp
[20.330s] -- Installing: /root/ros_ws/install/pi_hub_srvs/include/pi_hub_srvs/pi_hub_srvs/srv/detail/turn_on__rosidl_typesupport_introspection_cpp.hpp
[20.330s] -- Installing: /root/ros_ws/install/pi_hub_srvs/include/pi_hub_srvs/pi_hub_srvs/srv/detail/turn_off__type_support.cpp
[20.330s] -- Installing: /root/ros_ws/install/pi_hub_srvs/include/pi_hub_srvs/pi_hub_srvs/srv/detail/turn_off__rosidl_typesupport_introspection_cpp.hpp
[20.330s] -- Installing: /root/ros_ws/install/pi_hub_srvs/include/pi_hub_srvs/pi_hub_srvs/srv/detail/control__rosidl_typesupport_introspection_cpp.hpp
[20.330s] -- Installing: /root/ros_ws/install/pi_hub_srvs/include/pi_hub_srvs/pi_hub_srvs/srv/detail/control__type_support.cpp
[20.331s] -- Installing: /root/ros_ws/install/pi_hub_srvs/lib/libpi_hub_srvs__rosidl_typesupport_introspection_cpp.so
[20.332s] -- Set runtime path of "/root/ros_ws/install/pi_hub_srvs/lib/libpi_hub_srvs__rosidl_typesupport_introspection_cpp.so" to ""
[20.332s] -- Installing: /root/ros_ws/install/pi_hub_srvs/lib/libpi_hub_srvs__rosidl_typesupport_cpp.so
[20.333s] -- Set runtime path of "/root/ros_ws/install/pi_hub_srvs/lib/libpi_hub_srvs__rosidl_typesupport_cpp.so" to ""
[20.334s] -- Installing: /root/ros_ws/install/pi_hub_srvs/share/pi_hub_srvs/environment/pythonpath.sh
[20.334s] -- Installing: /root/ros_ws/install/pi_hub_srvs/share/pi_hub_srvs/environment/pythonpath.dsv
[20.334s] -- Up-to-date: /root/ros_ws/install/pi_hub_srvs/local/lib/python3.10/dist-packages/pi_hub_srvs-0.0.0-py3.10.egg-info
[20.335s] -- Installing: /root/ros_ws/install/pi_hub_srvs/local/lib/python3.10/dist-packages/pi_hub_srvs-0.0.0-py3.10.egg-info/SOURCES.txt
[20.335s] -- Installing: /root/ros_ws/install/pi_hub_srvs/local/lib/python3.10/dist-packages/pi_hub_srvs-0.0.0-py3.10.egg-info/dependency_links.txt
[20.335s] -- Installing: /root/ros_ws/install/pi_hub_srvs/local/lib/python3.10/dist-packages/pi_hub_srvs-0.0.0-py3.10.egg-info/PKG-INFO
[20.335s] -- Installing: /root/ros_ws/install/pi_hub_srvs/local/lib/python3.10/dist-packages/pi_hub_srvs-0.0.0-py3.10.egg-info/top_level.txt
[20.336s] -- Up-to-date: /root/ros_ws/install/pi_hub_srvs/local/lib/python3.10/dist-packages/pi_hub_srvs
[20.336s] -- Installing: /root/ros_ws/install/pi_hub_srvs/local/lib/python3.10/dist-packages/pi_hub_srvs/_pi_hub_srvs_s.ep.rosidl_typesupport_c.c
[20.337s] -- Installing: /root/ros_ws/install/pi_hub_srvs/local/lib/python3.10/dist-packages/pi_hub_srvs/pi_hub_srvs_s__rosidl_typesupport_c.cpython-310-x86_64-linux-gnu.so
[20.337s] -- Installing: /root/ros_ws/install/pi_hub_srvs/local/lib/python3.10/dist-packages/pi_hub_srvs/_pi_hub_srvs_s.ep.rosidl_typesupport_fastrtps_c.c
[20.337s] -- Installing: /root/ros_ws/install/pi_hub_srvs/local/lib/python3.10/dist-packages/pi_hub_srvs/libpi_hub_srvs__rosidl_generator_py.so
[20.338s] -- Up-to-date: /root/ros_ws/install/pi_hub_srvs/local/lib/python3.10/dist-packages/pi_hub_srvs/srv
[20.338s] -- Installing: /root/ros_ws/install/pi_hub_srvs/local/lib/python3.10/dist-packages/pi_hub_srvs/srv/_turn_off_s.c
[20.338s] -- Installing: /root/ros_ws/install/pi_hub_srvs/local/lib/python3.10/dist-packages/pi_hub_srvs/srv/_control_s.c
[20.338s] -- Installing: /root/ros_ws/install/pi_hub_srvs/local/lib/python3.10/dist-packages/pi_hub_srvs/srv/_turn_off.py
[20.339s] -- Installing: /root/ros_ws/install/pi_hub_srvs/local/lib/python3.10/dist-packages/pi_hub_srvs/srv/_control.py
[20.339s] -- Installing: /root/ros_ws/install/pi_hub_srvs/local/lib/python3.10/dist-packages/pi_hub_srvs/srv/__init__.py
[20.340s] -- Installing: /root/ros_ws/install/pi_hub_srvs/local/lib/python3.10/dist-packages/pi_hub_srvs/srv/_turn_on.py
[20.340s] -- Installing: /root/ros_ws/install/pi_hub_srvs/local/lib/python3.10/dist-packages/pi_hub_srvs/srv/_turn_on_s.c
[20.341s] -- Installing: /root/ros_ws/install/pi_hub_srvs/local/lib/python3.10/dist-packages/pi_hub_srvs/_pi_hub_srvs_s.ep.rosidl_typesupport_introspection_c.c
[20.341s] -- Installing: /root/ros_ws/install/pi_hub_srvs/local/lib/python3.10/dist-packages/pi_hub_srvs/pi_hub_srvs_s__rosidl_typesupport_introspection_c.cpython-310-x86_64-linux-gnu.so
[20.341s] -- Installing: /root/ros_ws/install/pi_hub_srvs/local/lib/python3.10/dist-packages/pi_hub_srvs/pi_hub_srvs_s__rosidl_typesupport_fastrtps_c.cpython-310-x86_64-linux-gnu.so
[20.341s] -- Installing: /root/ros_ws/install/pi_hub_srvs/local/lib/python3.10/dist-packages/pi_hub_srvs/__init__.py
[20.396s] Listing '/root/ros_ws/install/pi_hub_srvs/local/lib/python3.10/dist-packages/pi_hub_srvs'...
[20.397s] Compiling '/root/ros_ws/install/pi_hub_srvs/local/lib/python3.10/dist-packages/pi_hub_srvs/__init__.py'...
[20.397s] Listing '/root/ros_ws/install/pi_hub_srvs/local/lib/python3.10/dist-packages/pi_hub_srvs/srv'...
[20.397s] Compiling '/root/ros_ws/install/pi_hub_srvs/local/lib/python3.10/dist-packages/pi_hub_srvs/srv/__init__.py'...
[20.397s] Compiling '/root/ros_ws/install/pi_hub_srvs/local/lib/python3.10/dist-packages/pi_hub_srvs/srv/_control.py'...
[20.397s] Compiling '/root/ros_ws/install/pi_hub_srvs/local/lib/python3.10/dist-packages/pi_hub_srvs/srv/_turn_off.py'...
[20.397s] Compiling '/root/ros_ws/install/pi_hub_srvs/local/lib/python3.10/dist-packages/pi_hub_srvs/srv/_turn_on.py'...
[20.409s] -- Installing: /root/ros_ws/install/pi_hub_srvs/local/lib/python3.10/dist-packages/pi_hub_srvs/pi_hub_srvs_s__rosidl_typesupport_fastrtps_c.cpython-310-x86_64-linux-gnu.so
[20.410s] -- Set runtime path of "/root/ros_ws/install/pi_hub_srvs/local/lib/python3.10/dist-packages/pi_hub_srvs/pi_hub_srvs_s__rosidl_typesupport_fastrtps_c.cpython-310-x86_64-linux-gnu.so" to ""
[20.410s] -- Installing: /root/ros_ws/install/pi_hub_srvs/local/lib/python3.10/dist-packages/pi_hub_srvs/pi_hub_srvs_s__rosidl_typesupport_introspection_c.cpython-310-x86_64-linux-gnu.so
[20.411s] -- Set runtime path of "/root/ros_ws/install/pi_hub_srvs/local/lib/python3.10/dist-packages/pi_hub_srvs/pi_hub_srvs_s__rosidl_typesupport_introspection_c.cpython-310-x86_64-linux-gnu.so" to ""
[20.412s] -- Installing: /root/ros_ws/install/pi_hub_srvs/local/lib/python3.10/dist-packages/pi_hub_srvs/pi_hub_srvs_s__rosidl_typesupport_c.cpython-310-x86_64-linux-gnu.so
[20.412s] -- Set runtime path of "/root/ros_ws/install/pi_hub_srvs/local/lib/python3.10/dist-packages/pi_hub_srvs/pi_hub_srvs_s__rosidl_typesupport_c.cpython-310-x86_64-linux-gnu.so" to ""
[20.413s] -- Installing: /root/ros_ws/install/pi_hub_srvs/lib/libpi_hub_srvs__rosidl_generator_py.so
[20.414s] -- Set runtime path of "/root/ros_ws/install/pi_hub_srvs/lib/libpi_hub_srvs__rosidl_generator_py.so" to ""
[20.414s] -- Installing: /root/ros_ws/install/pi_hub_srvs/share/pi_hub_srvs/srv/TurnOn.idl
[20.414s] -- Installing: /root/ros_ws/install/pi_hub_srvs/share/pi_hub_srvs/srv/TurnOff.idl
[20.414s] -- Installing: /root/ros_ws/install/pi_hub_srvs/share/pi_hub_srvs/srv/Control.idl
[20.415s] -- Up-to-date: /root/ros_ws/install/pi_hub_srvs/share/pi_hub_srvs/srv/TurnOn.srv
[20.415s] -- Installing: /root/ros_ws/install/pi_hub_srvs/share/pi_hub_srvs/srv/TurnOn_Request.msg
[20.415s] -- Installing: /root/ros_ws/install/pi_hub_srvs/share/pi_hub_srvs/srv/TurnOn_Response.msg
[20.416s] -- Up-to-date: /root/ros_ws/install/pi_hub_srvs/share/pi_hub_srvs/srv/TurnOff.srv
[20.416s] -- Installing: /root/ros_ws/install/pi_hub_srvs/share/pi_hub_srvs/srv/TurnOff_Request.msg
[20.416s] -- Installing: /root/ros_ws/install/pi_hub_srvs/share/pi_hub_srvs/srv/TurnOff_Response.msg
[20.416s] -- Up-to-date: /root/ros_ws/install/pi_hub_srvs/share/pi_hub_srvs/srv/Control.srv
[20.417s] -- Installing: /root/ros_ws/install/pi_hub_srvs/share/pi_hub_srvs/srv/Control_Request.msg
[20.417s] -- Installing: /root/ros_ws/install/pi_hub_srvs/share/pi_hub_srvs/srv/Control_Response.msg
[20.417s] -- Installing: /root/ros_ws/install/pi_hub_srvs/share/ament_index/resource_index/package_run_dependencies/pi_hub_srvs
[20.417s] -- Installing: /root/ros_ws/install/pi_hub_srvs/share/ament_index/resource_index/parent_prefix_path/pi_hub_srvs
[20.418s] -- Up-to-date: /root/ros_ws/install/pi_hub_srvs/share/pi_hub_srvs/environment/ament_prefix_path.sh
[20.418s] -- Installing: /root/ros_ws/install/pi_hub_srvs/share/pi_hub_srvs/environment/ament_prefix_path.dsv
[20.418s] -- Up-to-date: /root/ros_ws/install/pi_hub_srvs/share/pi_hub_srvs/environment/path.sh
[20.418s] -- Installing: /root/ros_ws/install/pi_hub_srvs/share/pi_hub_srvs/environment/path.dsv
[20.418s] -- Installing: /root/ros_ws/install/pi_hub_srvs/share/pi_hub_srvs/local_setup.bash
[20.419s] -- Installing: /root/ros_ws/install/pi_hub_srvs/share/pi_hub_srvs/local_setup.sh
[20.419s] -- Installing: /root/ros_ws/install/pi_hub_srvs/share/pi_hub_srvs/local_setup.zsh
[20.419s] -- Installing: /root/ros_ws/install/pi_hub_srvs/share/pi_hub_srvs/local_setup.dsv
[20.420s] -- Installing: /root/ros_ws/install/pi_hub_srvs/share/pi_hub_srvs/package.dsv
[20.420s] -- Installing: /root/ros_ws/install/pi_hub_srvs/share/ament_index/resource_index/packages/pi_hub_srvs
[20.420s] -- Installing: /root/ros_ws/install/pi_hub_srvs/share/pi_hub_srvs/cmake/export_pi_hub_srvs__rosidl_generator_cExport.cmake
[20.421s] -- Installing: /root/ros_ws/install/pi_hub_srvs/share/pi_hub_srvs/cmake/export_pi_hub_srvs__rosidl_generator_cExport-noconfig.cmake
[20.421s] -- Installing: /root/ros_ws/install/pi_hub_srvs/share/pi_hub_srvs/cmake/export_pi_hub_srvs__rosidl_typesupport_fastrtps_cExport.cmake
[20.422s] -- Installing: /root/ros_ws/install/pi_hub_srvs/share/pi_hub_srvs/cmake/export_pi_hub_srvs__rosidl_typesupport_fastrtps_cExport-noconfig.cmake
[20.422s] -- Installing: /root/ros_ws/install/pi_hub_srvs/share/pi_hub_srvs/cmake/export_pi_hub_srvs__rosidl_generator_cppExport.cmake
[20.423s] -- Installing: /root/ros_ws/install/pi_hub_srvs/share/pi_hub_srvs/cmake/export_pi_hub_srvs__rosidl_typesupport_fastrtps_cppExport.cmake
[20.423s] -- Installing: /root/ros_ws/install/pi_hub_srvs/share/pi_hub_srvs/cmake/export_pi_hub_srvs__rosidl_typesupport_fastrtps_cppExport-noconfig.cmake
[20.423s] -- Installing: /root/ros_ws/install/pi_hub_srvs/share/pi_hub_srvs/cmake/pi_hub_srvs__rosidl_typesupport_introspection_cExport.cmake
[20.424s] -- Installing: /root/ros_ws/install/pi_hub_srvs/share/pi_hub_srvs/cmake/pi_hub_srvs__rosidl_typesupport_introspection_cExport-noconfig.cmake
[20.424s] -- Installing: /root/ros_ws/install/pi_hub_srvs/share/pi_hub_srvs/cmake/pi_hub_srvs__rosidl_typesupport_cExport.cmake
[20.425s] -- Installing: /root/ros_ws/install/pi_hub_srvs/share/pi_hub_srvs/cmake/pi_hub_srvs__rosidl_typesupport_cExport-noconfig.cmake
[20.425s] -- Installing: /root/ros_ws/install/pi_hub_srvs/share/pi_hub_srvs/cmake/pi_hub_srvs__rosidl_typesupport_introspection_cppExport.cmake
[20.425s] -- Installing: /root/ros_ws/install/pi_hub_srvs/share/pi_hub_srvs/cmake/pi_hub_srvs__rosidl_typesupport_introspection_cppExport-noconfig.cmake
[20.426s] -- Installing: /root/ros_ws/install/pi_hub_srvs/share/pi_hub_srvs/cmake/pi_hub_srvs__rosidl_typesupport_cppExport.cmake
[20.426s] -- Installing: /root/ros_ws/install/pi_hub_srvs/share/pi_hub_srvs/cmake/pi_hub_srvs__rosidl_typesupport_cppExport-noconfig.cmake
[20.427s] -- Installing: /root/ros_ws/install/pi_hub_srvs/share/pi_hub_srvs/cmake/export_pi_hub_srvs__rosidl_generator_pyExport.cmake
[20.427s] -- Installing: /root/ros_ws/install/pi_hub_srvs/share/pi_hub_srvs/cmake/export_pi_hub_srvs__rosidl_generator_pyExport-noconfig.cmake
[20.427s] -- Installing: /root/ros_ws/install/pi_hub_srvs/share/pi_hub_srvs/cmake/rosidl_cmake-extras.cmake
[20.428s] -- Installing: /root/ros_ws/install/pi_hub_srvs/share/pi_hub_srvs/cmake/ament_cmake_export_dependencies-extras.cmake
[20.428s] -- Installing: /root/ros_ws/install/pi_hub_srvs/share/pi_hub_srvs/cmake/ament_cmake_export_include_directories-extras.cmake
[20.428s] -- Installing: /root/ros_ws/install/pi_hub_srvs/share/pi_hub_srvs/cmake/ament_cmake_export_libraries-extras.cmake
[20.429s] -- Installing: /root/ros_ws/install/pi_hub_srvs/share/pi_hub_srvs/cmake/ament_cmake_export_targets-extras.cmake
[20.429s] -- Installing: /root/ros_ws/install/pi_hub_srvs/share/pi_hub_srvs/cmake/rosidl_cmake_export_typesupport_targets-extras.cmake
[20.430s] -- Installing: /root/ros_ws/install/pi_hub_srvs/share/pi_hub_srvs/cmake/rosidl_cmake_export_typesupport_libraries-extras.cmake
[20.430s] -- Installing: /root/ros_ws/install/pi_hub_srvs/share/pi_hub_srvs/cmake/pi_hub_srvsConfig.cmake
[20.430s] -- Installing: /root/ros_ws/install/pi_hub_srvs/share/pi_hub_srvs/cmake/pi_hub_srvsConfig-version.cmake
[20.431s] -- Up-to-date: /root/ros_ws/install/pi_hub_srvs/share/pi_hub_srvs/package.xml
[20.437s] Invoked command in '/root/ros_ws/build/pi_hub_srvs' returned '0': CMAKE_PREFIX_PATH=${CMAKE_PREFIX_PATH}:/root/ros_ws/install/time_schedule:/root/ros_ws/install/pi_hub:/root/ros_ws/install/pump_control:/root/ros_ws/install/led_control:/root/ros_ws/install/gpio_conf:/opt/ros/humble /usr/bin/cmake --install /root/ros_ws/build/pi_hub_srvs
