[1.856s] Invoking command in '/root/ros_ws/src/pump_control': PYTHONPATH=/root/ros_ws/build/pump_control/prefix_override:/root/ros_ws/install/pump_control/lib/python3.10/site-packages:${PYTHONPATH} /usr/bin/python3 setup.py egg_info --egg-base ../../build/pump_control build --build-base /root/ros_ws/build/pump_control/build install --record /root/ros_ws/build/pump_control/install.log --install-scripts $base/lib/pump_control --single-version-externally-managed
[2.805s] /usr/lib/python3/dist-packages/setuptools/dist.py:723: UserWarning: Usage of dash-separated 'script-dir' will not be supported in future versions. Please use the underscore name 'script_dir' instead
[2.805s]   warnings.warn(
[2.831s] running egg_info
[2.833s] writing ../../build/pump_control/pump_control.egg-info/PKG-INFO
[2.833s] writing dependency_links to ../../build/pump_control/pump_control.egg-info/dependency_links.txt
[2.834s] writing entry points to ../../build/pump_control/pump_control.egg-info/entry_points.txt
[2.835s] writing requirements to ../../build/pump_control/pump_control.egg-info/requires.txt
[2.836s] writing top-level names to ../../build/pump_control/pump_control.egg-info/top_level.txt
[2.842s] reading manifest file '../../build/pump_control/pump_control.egg-info/SOURCES.txt'
[2.844s] writing manifest file '../../build/pump_control/pump_control.egg-info/SOURCES.txt'
[2.845s] running build
[2.845s] running build_py
[2.846s] copying pump_control/pump_control_node.py -> /root/ros_ws/build/pump_control/build/lib/pump_control
[2.846s] running install
[2.846s] /usr/lib/python3/dist-packages/setuptools/command/install.py:34: SetuptoolsDeprecationWarning: setup.py install is deprecated. Use build and pip and other standards-based tools.
[2.847s]   warnings.warn(
[2.847s] running install_lib
[2.848s] copying /root/ros_ws/build/pump_control/build/lib/pump_control/pump_control_node.py -> /root/ros_ws/install/pump_control/lib/python3.10/site-packages/pump_control
[2.849s] byte-compiling /root/ros_ws/install/pump_control/lib/python3.10/site-packages/pump_control/pump_control_node.py to pump_control_node.cpython-310.pyc
[2.855s] running install_data
[2.858s] running install_egg_info
[2.860s] removing '/root/ros_ws/install/pump_control/lib/python3.10/site-packages/pump_control-0.0.0-py3.10.egg-info' (and everything under it)
[2.861s] Copying ../../build/pump_control/pump_control.egg-info to /root/ros_ws/install/pump_control/lib/python3.10/site-packages/pump_control-0.0.0-py3.10.egg-info
[2.863s] running install_scripts
[2.920s] Installing pump_control_node script to /root/ros_ws/install/pump_control/lib/pump_control
[2.921s] writing list of installed files to '/root/ros_ws/build/pump_control/install.log'
[3.000s] Invoked command in '/root/ros_ws/src/pump_control' returned '0': PYTHONPATH=/root/ros_ws/build/pump_control/prefix_override:/root/ros_ws/install/pump_control/lib/python3.10/site-packages:${PYTHONPATH} /usr/bin/python3 setup.py egg_info --egg-base ../../build/pump_control build --build-base /root/ros_ws/build/pump_control/build install --record /root/ros_ws/build/pump_control/install.log --install-scripts $base/lib/pump_control --single-version-externally-managed
