[2.352s] Invoking command in '/root/ros_ws/src/pump_control': PYTHONPATH=/root/ros_ws/build/pump_control/prefix_override:/root/ros_ws/install/pump_control/lib/python3.10/site-packages:${PYTHONPATH} /usr/bin/python3 setup.py egg_info --egg-base ../../build/pump_control build --build-base /root/ros_ws/build/pump_control/build install --record /root/ros_ws/build/pump_control/install.log --install-scripts $base/lib/pump_control --single-version-externally-managed
[3.160s] /usr/lib/python3/dist-packages/setuptools/dist.py:723: UserWarning: Usage of dash-separated 'script-dir' will not be supported in future versions. Please use the underscore name 'script_dir' instead
[3.160s]   warnings.warn(
[3.180s] running egg_info
[3.182s] writing ../../build/pump_control/pump_control.egg-info/PKG-INFO
[3.183s] writing dependency_links to ../../build/pump_control/pump_control.egg-info/dependency_links.txt
[3.183s] writing entry points to ../../build/pump_control/pump_control.egg-info/entry_points.txt
[3.184s] writing requirements to ../../build/pump_control/pump_control.egg-info/requires.txt
[3.184s] writing top-level names to ../../build/pump_control/pump_control.egg-info/top_level.txt
[3.188s] reading manifest file '../../build/pump_control/pump_control.egg-info/SOURCES.txt'
[3.190s] writing manifest file '../../build/pump_control/pump_control.egg-info/SOURCES.txt'
[3.191s] running build
[3.191s] running build_py
[3.194s] running install
[3.196s] /usr/lib/python3/dist-packages/setuptools/command/install.py:34: SetuptoolsDeprecationWarning: setup.py install is deprecated. Use build and pip and other standards-based tools.
[3.196s]   warnings.warn(
[3.196s] running install_lib
[3.200s] running install_data
[3.201s] running install_egg_info
[3.205s] removing '/root/ros_ws/install/pump_control/lib/python3.10/site-packages/pump_control-0.0.0-py3.10.egg-info' (and everything under it)
[3.206s] Copying ../../build/pump_control/pump_control.egg-info to /root/ros_ws/install/pump_control/lib/python3.10/site-packages/pump_control-0.0.0-py3.10.egg-info
[3.216s] running install_scripts
[3.279s] Installing pump_control_node script to /root/ros_ws/install/pump_control/lib/pump_control
[3.280s] writing list of installed files to '/root/ros_ws/build/pump_control/install.log'
[3.454s] Invoked command in '/root/ros_ws/src/pump_control' returned '0': PYTHONPATH=/root/ros_ws/build/pump_control/prefix_override:/root/ros_ws/install/pump_control/lib/python3.10/site-packages:${PYTHONPATH} /usr/bin/python3 setup.py egg_info --egg-base ../../build/pump_control build --build-base /root/ros_ws/build/pump_control/build install --record /root/ros_ws/build/pump_control/install.log --install-scripts $base/lib/pump_control --single-version-externally-managed
