/usr/lib/python3/dist-packages/setuptools/dist.py:723: UserWarning: Usage of dash-separated 'script-dir' will not be supported in future versions. Please use the underscore name 'script_dir' instead
  warnings.warn(
running egg_info
creating ../../build/gpio_conf/gpio_conf.egg-info
writing ../../build/gpio_conf/gpio_conf.egg-info/PKG-INFO
writing dependency_links to ../../build/gpio_conf/gpio_conf.egg-info/dependency_links.txt
writing entry points to ../../build/gpio_conf/gpio_conf.egg-info/entry_points.txt
writing requirements to ../../build/gpio_conf/gpio_conf.egg-info/requires.txt
writing top-level names to ../../build/gpio_conf/gpio_conf.egg-info/top_level.txt
writing manifest file '../../build/gpio_conf/gpio_conf.egg-info/SOURCES.txt'
reading manifest file '../../build/gpio_conf/gpio_conf.egg-info/SOURCES.txt'
writing manifest file '../../build/gpio_conf/gpio_conf.egg-info/SOURCES.txt'
running build
running build_py
creating /root/ros_ws/build/gpio_conf/build
creating /root/ros_ws/build/gpio_conf/build/lib
creating /root/ros_ws/build/gpio_conf/build/lib/gpio_conf
copying gpio_conf/gpio_conf_node.py -> /root/ros_ws/build/gpio_conf/build/lib/gpio_conf
/usr/lib/python3/dist-packages/setuptools/command/install.py:34: SetuptoolsDeprecationWarning: setup.py install is deprecated. Use build and pip and other standards-based tools.
  warnings.warn(
copying gpio_conf/__init__.py -> /root/ros_ws/build/gpio_conf/build/lib/gpio_conf
running install
running install_lib
creating /root/ros_ws/install/gpio_conf/lib/python3.10/site-packages/gpio_conf
copying /root/ros_ws/build/gpio_conf/build/lib/gpio_conf/gpio_conf_node.py -> /root/ros_ws/install/gpio_conf/lib/python3.10/site-packages/gpio_conf
copying /root/ros_ws/build/gpio_conf/build/lib/gpio_conf/__init__.py -> /root/ros_ws/install/gpio_conf/lib/python3.10/site-packages/gpio_conf
byte-compiling /root/ros_ws/install/gpio_conf/lib/python3.10/site-packages/gpio_conf/gpio_conf_node.py to gpio_conf_node.cpython-310.pyc
byte-compiling /root/ros_ws/install/gpio_conf/lib/python3.10/site-packages/gpio_conf/__init__.py to __init__.cpython-310.pyc
running install_data
creating /root/ros_ws/install/gpio_conf/share/ament_index
creating /root/ros_ws/install/gpio_conf/share/ament_index/resource_index
creating /root/ros_ws/install/gpio_conf/share/ament_index/resource_index/packages
copying resource/gpio_conf -> /root/ros_ws/install/gpio_conf/share/ament_index/resource_index/packages
copying package.xml -> /root/ros_ws/install/gpio_conf/share/gpio_conf
running install_egg_info
Copying ../../build/gpio_conf/gpio_conf.egg-info to /root/ros_ws/install/gpio_conf/lib/python3.10/site-packages/gpio_conf-0.0.0-py3.10.egg-info
running install_scripts
Installing gpio_conf_node script to /root/ros_ws/install/gpio_conf/lib/gpio_conf
writing list of installed files to '/root/ros_ws/build/gpio_conf/install.log'
