[2.435s] Invoking command in '/root/ros_ws/src/pump_control': PYTHONPATH=/root/ros_ws/build/pump_control/prefix_override:/root/ros_ws/install/pump_control/lib/python3.10/site-packages:${PYTHONPATH} /usr/bin/python3 setup.py egg_info --egg-base ../../build/pump_control build --build-base /root/ros_ws/build/pump_control/build install --record /root/ros_ws/build/pump_control/install.log --install-scripts $base/lib/pump_control --single-version-externally-managed
[3.208s] /usr/lib/python3/dist-packages/setuptools/dist.py:723: UserWarning: Usage of dash-separated 'script-dir' will not be supported in future versions. Please use the underscore name 'script_dir' instead
[3.209s]   warnings.warn(
[3.227s] running egg_info
[3.229s] writing ../../build/pump_control/pump_control.egg-info/PKG-INFO
[3.230s] writing dependency_links to ../../build/pump_control/pump_control.egg-info/dependency_links.txt
[3.230s] writing entry points to ../../build/pump_control/pump_control.egg-info/entry_points.txt
[3.231s] writing requirements to ../../build/pump_control/pump_control.egg-info/requires.txt
[3.231s] writing top-level names to ../../build/pump_control/pump_control.egg-info/top_level.txt
[3.236s] reading manifest file '../../build/pump_control/pump_control.egg-info/SOURCES.txt'
[3.240s] writing manifest file '../../build/pump_control/pump_control.egg-info/SOURCES.txt'
[3.241s] running build
[3.241s] running build_py
[3.242s] copying pump_control/pump_control_node.py -> /root/ros_ws/build/pump_control/build/lib/pump_control
[3.244s] running install
[3.244s] running install_lib
[3.244s] /usr/lib/python3/dist-packages/setuptools/command/install.py:34: SetuptoolsDeprecationWarning: setup.py install is deprecated. Use build and pip and other standards-based tools.
[3.245s]   warnings.warn(
[3.246s] copying /root/ros_ws/build/pump_control/build/lib/pump_control/pump_control_node.py -> /root/ros_ws/install/pump_control/lib/python3.10/site-packages/pump_control
[3.247s] byte-compiling /root/ros_ws/install/pump_control/lib/python3.10/site-packages/pump_control/pump_control_node.py to pump_control_node.cpython-310.pyc
[3.250s] running install_data
[3.251s] running install_egg_info
[3.260s] removing '/root/ros_ws/install/pump_control/lib/python3.10/site-packages/pump_control-0.0.0-py3.10.egg-info' (and everything under it)
[3.261s] Copying ../../build/pump_control/pump_control.egg-info to /root/ros_ws/install/pump_control/lib/python3.10/site-packages/pump_control-0.0.0-py3.10.egg-info
[3.266s] running install_scripts
[3.368s] Installing pump_control_node script to /root/ros_ws/install/pump_control/lib/pump_control
[3.368s] writing list of installed files to '/root/ros_ws/build/pump_control/install.log'
[3.466s] Invoked command in '/root/ros_ws/src/pump_control' returned '0': PYTHONPATH=/root/ros_ws/build/pump_control/prefix_override:/root/ros_ws/install/pump_control/lib/python3.10/site-packages:${PYTHONPATH} /usr/bin/python3 setup.py egg_info --egg-base ../../build/pump_control build --build-base /root/ros_ws/build/pump_control/build install --record /root/ros_ws/build/pump_control/install.log --install-scripts $base/lib/pump_control --single-version-externally-managed
