[0.938s] Invoking command in '/root/ros_ws/src/gpio_conf': PYTHONPATH=/root/ros_ws/install/gpio_conf/lib/python3.8/site-packages: /usr/bin/python3 setup.py egg_info --egg-base ../../build/gpio_conf build --build-base /root/ros_ws/build/gpio_conf/build install --prefix /root/ros_ws/install/gpio_conf --record /root/ros_ws/build/gpio_conf/install.log --single-version-externally-managed
[1.079s] running egg_info
[1.080s] creating ../../build/gpio_conf/gpio_conf.egg-info
[1.080s] writing ../../build/gpio_conf/gpio_conf.egg-info/PKG-INFO
[1.081s] writing dependency_links to ../../build/gpio_conf/gpio_conf.egg-info/dependency_links.txt
[1.081s] writing entry points to ../../build/gpio_conf/gpio_conf.egg-info/entry_points.txt
[1.081s] writing requirements to ../../build/gpio_conf/gpio_conf.egg-info/requires.txt
[1.081s] writing top-level names to ../../build/gpio_conf/gpio_conf.egg-info/top_level.txt
[1.082s] writing manifest file '../../build/gpio_conf/gpio_conf.egg-info/SOURCES.txt'
[1.125s] reading manifest file '../../build/gpio_conf/gpio_conf.egg-info/SOURCES.txt'
[1.126s] writing manifest file '../../build/gpio_conf/gpio_conf.egg-info/SOURCES.txt'
[1.126s] running build
[1.126s] running build_py
[1.127s] creating /root/ros_ws/build/gpio_conf/build
[1.127s] creating /root/ros_ws/build/gpio_conf/build/lib
[1.127s] creating /root/ros_ws/build/gpio_conf/build/lib/gpio_conf
[1.127s] copying gpio_conf/gpio_conf_node.py -> /root/ros_ws/build/gpio_conf/build/lib/gpio_conf
[1.127s] copying gpio_conf/__init__.py -> /root/ros_ws/build/gpio_conf/build/lib/gpio_conf
[1.128s] running install
[1.128s] running install_lib
[1.129s] creating /root/ros_ws/install/gpio_conf/lib/python3.8/site-packages/gpio_conf
[1.129s] copying /root/ros_ws/build/gpio_conf/build/lib/gpio_conf/gpio_conf_node.py -> /root/ros_ws/install/gpio_conf/lib/python3.8/site-packages/gpio_conf
[1.129s] copying /root/ros_ws/build/gpio_conf/build/lib/gpio_conf/__init__.py -> /root/ros_ws/install/gpio_conf/lib/python3.8/site-packages/gpio_conf
[1.129s] byte-compiling /root/ros_ws/install/gpio_conf/lib/python3.8/site-packages/gpio_conf/gpio_conf_node.py to gpio_conf_node.cpython-38.pyc
[1.130s] byte-compiling /root/ros_ws/install/gpio_conf/lib/python3.8/site-packages/gpio_conf/__init__.py to __init__.cpython-38.pyc
[1.130s] running install_data
[1.131s] creating /root/ros_ws/install/gpio_conf/share/ament_index
[1.131s] creating /root/ros_ws/install/gpio_conf/share/ament_index/resource_index
[1.132s] creating /root/ros_ws/install/gpio_conf/share/ament_index/resource_index/packages
[1.132s] copying resource/gpio_conf -> /root/ros_ws/install/gpio_conf/share/ament_index/resource_index/packages
[1.132s] copying package.xml -> /root/ros_ws/install/gpio_conf/share/gpio_conf
[1.132s] running install_egg_info
[1.133s] Copying ../../build/gpio_conf/gpio_conf.egg-info to /root/ros_ws/install/gpio_conf/lib/python3.8/site-packages/gpio_conf-0.0.0-py3.8.egg-info
[1.135s] running install_scripts
[1.153s] Installing gpio_conf_node script to /root/ros_ws/install/gpio_conf/lib/gpio_conf
[1.153s] writing list of installed files to '/root/ros_ws/build/gpio_conf/install.log'
[1.194s] Invoked command in '/root/ros_ws/src/gpio_conf' returned '0': PYTHONPATH=/root/ros_ws/install/gpio_conf/lib/python3.8/site-packages: /usr/bin/python3 setup.py egg_info --egg-base ../../build/gpio_conf build --build-base /root/ros_ws/build/gpio_conf/build install --prefix /root/ros_ws/install/gpio_conf --record /root/ros_ws/build/gpio_conf/install.log --single-version-externally-managed
