/usr/lib/python3/dist-packages/setuptools/dist.py:723: UserWarning: Usage of dash-separated 'script-dir' will not be supported in future versions. Please use the underscore name 'script_dir' instead
  warnings.warn(
running egg_info
writing ../../build/gpio_conf/gpio_conf.egg-info/PKG-INFO
writing dependency_links to ../../build/gpio_conf/gpio_conf.egg-info/dependency_links.txt
writing entry points to ../../build/gpio_conf/gpio_conf.egg-info/entry_points.txt
writing requirements to ../../build/gpio_conf/gpio_conf.egg-info/requires.txt
writing top-level names to ../../build/gpio_conf/gpio_conf.egg-info/top_level.txt
reading manifest file '../../build/gpio_conf/gpio_conf.egg-info/SOURCES.txt'
writing manifest file '../../build/gpio_conf/gpio_conf.egg-info/SOURCES.txt'
running build
running build_py
/usr/lib/python3/dist-packages/setuptools/command/install.py:34: SetuptoolsDeprecationWarning: setup.py install is deprecated. Use build and pip and other standards-based tools.
  warnings.warn(
running install
running install_lib
running install_data
running install_egg_info
removing '/root/ros_ws/install/gpio_conf/lib/python3.10/site-packages/gpio_conf-0.0.0-py3.10.egg-info' (and everything under it)
Copying ../../build/gpio_conf/gpio_conf.egg-info to /root/ros_ws/install/gpio_conf/lib/python3.10/site-packages/gpio_conf-0.0.0-py3.10.egg-info
running install_scripts
Installing gpio_conf_node script to /root/ros_ws/install/gpio_conf/lib/gpio_conf
writing list of installed files to '/root/ros_ws/build/gpio_conf/install.log'
