[1.008s] Invoking command in '/root/ros_ws/src/time_schedule': PYTHONPATH=/root/ros_ws/build/time_schedule/prefix_override:/root/ros_ws/install/time_schedule/lib/python3.10/site-packages:${PYTHONPATH} /usr/bin/python3 setup.py egg_info --egg-base ../../build/time_schedule build --build-base /root/ros_ws/build/time_schedule/build install --record /root/ros_ws/build/time_schedule/install.log --install-scripts $base/lib/time_schedule --single-version-externally-managed
[1.143s] /usr/lib/python3/dist-packages/setuptools/dist.py:723: UserWarning: Usage of dash-separated 'script-dir' will not be supported in future versions. Please use the underscore name 'script_dir' instead
[1.143s]   warnings.warn(
[1.149s] running egg_info
[1.150s] creating ../../build/time_schedule/time_schedule.egg-info
[1.150s] writing ../../build/time_schedule/time_schedule.egg-info/PKG-INFO
[1.150s] writing dependency_links to ../../build/time_schedule/time_schedule.egg-info/dependency_links.txt
[1.150s] writing entry points to ../../build/time_schedule/time_schedule.egg-info/entry_points.txt
[1.150s] writing requirements to ../../build/time_schedule/time_schedule.egg-info/requires.txt
[1.150s] writing top-level names to ../../build/time_schedule/time_schedule.egg-info/top_level.txt
[1.150s] writing manifest file '../../build/time_schedule/time_schedule.egg-info/SOURCES.txt'
[1.152s] reading manifest file '../../build/time_schedule/time_schedule.egg-info/SOURCES.txt'
[1.154s] /usr/lib/python3/dist-packages/setuptools/command/install.py:34: SetuptoolsDeprecationWarning: setup.py install is deprecated. Use build and pip and other standards-based tools.
[1.154s]   warnings.warn(
[1.154s] writing manifest file '../../build/time_schedule/time_schedule.egg-info/SOURCES.txt'
[1.154s] running build
[1.154s] running build_py
[1.154s] creating /root/ros_ws/build/time_schedule/build
[1.155s] creating /root/ros_ws/build/time_schedule/build/lib
[1.155s] creating /root/ros_ws/build/time_schedule/build/lib/time_schedule
[1.155s] copying time_schedule/time_schedule_node.py -> /root/ros_ws/build/time_schedule/build/lib/time_schedule
[1.155s] copying time_schedule/__init__.py -> /root/ros_ws/build/time_schedule/build/lib/time_schedule
[1.155s] running install
[1.155s] running install_lib
[1.155s] creating /root/ros_ws/install/time_schedule/lib/python3.10/site-packages/time_schedule
[1.155s] copying /root/ros_ws/build/time_schedule/build/lib/time_schedule/time_schedule_node.py -> /root/ros_ws/install/time_schedule/lib/python3.10/site-packages/time_schedule
[1.155s] copying /root/ros_ws/build/time_schedule/build/lib/time_schedule/__init__.py -> /root/ros_ws/install/time_schedule/lib/python3.10/site-packages/time_schedule
[1.155s] byte-compiling /root/ros_ws/install/time_schedule/lib/python3.10/site-packages/time_schedule/time_schedule_node.py to time_schedule_node.cpython-310.pyc
[1.155s] byte-compiling /root/ros_ws/install/time_schedule/lib/python3.10/site-packages/time_schedule/__init__.py to __init__.cpython-310.pyc
[1.155s] running install_data
[1.156s] creating /root/ros_ws/install/time_schedule/share/ament_index
[1.156s] creating /root/ros_ws/install/time_schedule/share/ament_index/resource_index
[1.156s] creating /root/ros_ws/install/time_schedule/share/ament_index/resource_index/packages
[1.156s] copying resource/time_schedule -> /root/ros_ws/install/time_schedule/share/ament_index/resource_index/packages
[1.156s] copying package.xml -> /root/ros_ws/install/time_schedule/share/time_schedule
[1.156s] running install_egg_info
[1.158s] Copying ../../build/time_schedule/time_schedule.egg-info to /root/ros_ws/install/time_schedule/lib/python3.10/site-packages/time_schedule-0.0.0-py3.10.egg-info
[1.158s] running install_scripts
[1.181s] Installing time_schedule_node script to /root/ros_ws/install/time_schedule/lib/time_schedule
[1.181s] writing list of installed files to '/root/ros_ws/build/time_schedule/install.log'
[1.204s] Invoked command in '/root/ros_ws/src/time_schedule' returned '0': PYTHONPATH=/root/ros_ws/build/time_schedule/prefix_override:/root/ros_ws/install/time_schedule/lib/python3.10/site-packages:${PYTHONPATH} /usr/bin/python3 setup.py egg_info --egg-base ../../build/time_schedule build --build-base /root/ros_ws/build/time_schedule/build install --record /root/ros_ws/build/time_schedule/install.log --install-scripts $base/lib/time_schedule --single-version-externally-managed
