[2.428s] Invoking command in '/root/ros_ws/src/pump_control': PYTHONPATH=/root/ros_ws/build/pump_control/prefix_override:/root/ros_ws/install/pump_control/lib/python3.10/site-packages:${PYTHONPATH} /usr/bin/python3 setup.py egg_info --egg-base ../../build/pump_control build --build-base /root/ros_ws/build/pump_control/build install --record /root/ros_ws/build/pump_control/install.log --install-scripts $base/lib/pump_control --single-version-externally-managed
[4.896s] /usr/lib/python3/dist-packages/setuptools/dist.py:723: UserWarning: Usage of dash-separated 'script-dir' will not be supported in future versions. Please use the underscore name 'script_dir' instead
[4.900s]   warnings.warn(
[4.926s] running egg_info
[4.929s] writing ../../build/pump_control/pump_control.egg-info/PKG-INFO
[4.930s] writing dependency_links to ../../build/pump_control/pump_control.egg-info/dependency_links.txt
[4.935s] writing entry points to ../../build/pump_control/pump_control.egg-info/entry_points.txt
[4.938s] writing requirements to ../../build/pump_control/pump_control.egg-info/requires.txt
[4.938s] writing top-level names to ../../build/pump_control/pump_control.egg-info/top_level.txt
[4.951s] reading manifest file '../../build/pump_control/pump_control.egg-info/SOURCES.txt'
[4.957s] writing manifest file '../../build/pump_control/pump_control.egg-info/SOURCES.txt'
[4.966s] running build
[4.967s] running build_py
[4.971s] copying pump_control/pump_control_node.py -> /root/ros_ws/build/pump_control/build/lib/pump_control
[4.988s] running install
[4.991s] /usr/lib/python3/dist-packages/setuptools/command/install.py:34: SetuptoolsDeprecationWarning: setup.py install is deprecated. Use build and pip and other standards-based tools.
[4.992s]   warnings.warn(
[4.994s] running install_lib
[4.998s] copying /root/ros_ws/build/pump_control/build/lib/pump_control/pump_control_node.py -> /root/ros_ws/install/pump_control/lib/python3.10/site-packages/pump_control
[5.011s] byte-compiling /root/ros_ws/install/pump_control/lib/python3.10/site-packages/pump_control/pump_control_node.py to pump_control_node.cpython-310.pyc
[5.017s] running install_data
[5.029s] running install_egg_info
[5.043s] removing '/root/ros_ws/install/pump_control/lib/python3.10/site-packages/pump_control-0.0.0-py3.10.egg-info' (and everything under it)
[5.050s] Copying ../../build/pump_control/pump_control.egg-info to /root/ros_ws/install/pump_control/lib/python3.10/site-packages/pump_control-0.0.0-py3.10.egg-info
[5.063s] running install_scripts
[5.273s] Installing pump_control_node script to /root/ros_ws/install/pump_control/lib/pump_control
[5.292s] writing list of installed files to '/root/ros_ws/build/pump_control/install.log'
[5.514s] Invoked command in '/root/ros_ws/src/pump_control' returned '0': PYTHONPATH=/root/ros_ws/build/pump_control/prefix_override:/root/ros_ws/install/pump_control/lib/python3.10/site-packages:${PYTHONPATH} /usr/bin/python3 setup.py egg_info --egg-base ../../build/pump_control build --build-base /root/ros_ws/build/pump_control/build install --record /root/ros_ws/build/pump_control/install.log --install-scripts $base/lib/pump_control --single-version-externally-managed
