/usr/lib/python3/dist-packages/setuptools/dist.py:723: UserWarning: Usage of dash-separated 'script-dir' will not be supported in future versions. Please use the underscore name 'script_dir' instead
  warnings.warn(
running egg_info
writing ../../build/pump_control/pump_control.egg-info/PKG-INFO
writing dependency_links to ../../build/pump_control/pump_control.egg-info/dependency_links.txt
writing entry points to ../../build/pump_control/pump_control.egg-info/entry_points.txt
writing requirements to ../../build/pump_control/pump_control.egg-info/requires.txt
writing top-level names to ../../build/pump_control/pump_control.egg-info/top_level.txt
reading manifest file '../../build/pump_control/pump_control.egg-info/SOURCES.txt'
writing manifest file '../../build/pump_control/pump_control.egg-info/SOURCES.txt'
running build
running build_py
running install
/usr/lib/python3/dist-packages/setuptools/command/install.py:34: SetuptoolsDeprecationWarning: setup.py install is deprecated. Use build and pip and other standards-based tools.
  warnings.warn(
running install_lib
running install_data
running install_egg_info
removing '/root/ros_ws/install/pump_control/lib/python3.10/site-packages/pump_control-0.0.0-py3.10.egg-info' (and everything under it)
Copying ../../build/pump_control/pump_control.egg-info to /root/ros_ws/install/pump_control/lib/python3.10/site-packages/pump_control-0.0.0-py3.10.egg-info
running install_scripts
Installing pump_control_node script to /root/ros_ws/install/pump_control/lib/pump_control
writing list of installed files to '/root/ros_ws/build/pump_control/install.log'
