running egg_info
creating ../../build/pump_control/pump_control.egg-info
writing ../../build/pump_control/pump_control.egg-info/PKG-INFO
writing dependency_links to ../../build/pump_control/pump_control.egg-info/dependency_links.txt
writing entry points to ../../build/pump_control/pump_control.egg-info/entry_points.txt
writing requirements to ../../build/pump_control/pump_control.egg-info/requires.txt
writing top-level names to ../../build/pump_control/pump_control.egg-info/top_level.txt
writing manifest file '../../build/pump_control/pump_control.egg-info/SOURCES.txt'
reading manifest file '../../build/pump_control/pump_control.egg-info/SOURCES.txt'
writing manifest file '../../build/pump_control/pump_control.egg-info/SOURCES.txt'
running build
running build_py
creating /root/ros_ws/build/pump_control/build
creating /root/ros_ws/build/pump_control/build/lib
creating /root/ros_ws/build/pump_control/build/lib/pump_control
copying pump_control/pump_control_node.py -> /root/ros_ws/build/pump_control/build/lib/pump_control
copying pump_control/__init__.py -> /root/ros_ws/build/pump_control/build/lib/pump_control
running install
running install_lib
creating /root/ros_ws/install/pump_control/lib/python3.10/site-packages/pump_control
copying /root/ros_ws/build/pump_control/build/lib/pump_control/pump_control_node.py -> /root/ros_ws/install/pump_control/lib/python3.10/site-packages/pump_control
copying /root/ros_ws/build/pump_control/build/lib/pump_control/__init__.py -> /root/ros_ws/install/pump_control/lib/python3.10/site-packages/pump_control
byte-compiling /root/ros_ws/install/pump_control/lib/python3.10/site-packages/pump_control/pump_control_node.py to pump_control_node.cpython-310.pyc
byte-compiling /root/ros_ws/install/pump_control/lib/python3.10/site-packages/pump_control/__init__.py to __init__.cpython-310.pyc
running install_data
creating /root/ros_ws/install/pump_control/share/ament_index
creating /root/ros_ws/install/pump_control/share/ament_index/resource_index
creating /root/ros_ws/install/pump_control/share/ament_index/resource_index/packages
copying resource/pump_control -> /root/ros_ws/install/pump_control/share/ament_index/resource_index/packages
copying package.xml -> /root/ros_ws/install/pump_control/share/pump_control
running install_egg_info
Copying ../../build/pump_control/pump_control.egg-info to /root/ros_ws/install/pump_control/lib/python3.10/site-packages/pump_control-0.0.0-py3.10.egg-info
running install_scripts
Installing pump_control_node script to /root/ros_ws/install/pump_control/lib/pump_control
writing list of installed files to '/root/ros_ws/build/pump_control/install.log'
