[0.116s] DEBUG:colcon:Command line arguments: ['/usr/bin/colcon', 'list', '-p', '--base-paths', '/root/ros_ws']
[0.116s] DEBUG:colcon:Parsed command line arguments: Namespace(base_paths=['/root/ros_ws'], build_base='build', ignore_user_meta=False, log_base=None, log_level=None, main=<bound method ListVerb.main of <colcon_package_information.verb.list.ListVerb object at 0x7f2db030fb20>>, metas=['./colcon.meta'], mixin=None, mixin_files=None, mixin_verb=('list',), names_only=False, packages_above=None, packages_above_and_dependencies=None, packages_above_depth=None, packages_end=None, packages_ignore=None, packages_ignore_regex=None, packages_select=None, packages_select_build_failed=False, packages_select_by_dep=None, packages_select_regex=None, packages_select_test_failures=False, packages_skip=None, packages_skip_build_finished=False, packages_skip_by_dep=None, packages_skip_regex=None, packages_skip_test_passed=False, packages_skip_up_to=None, packages_start=None, packages_up_to=None, packages_up_to_regex=None, paths=None, paths_only=True, topological_graph=False, topological_graph_density=False, topological_graph_dot=False, topological_graph_dot_cluster=False, topological_graph_dot_include_skipped=False, topological_graph_legend=False, topological_order=False, verb_extension=<colcon_package_information.verb.list.ListVerb object at 0x7f2db030fb20>, verb_name='list', verb_parser=<colcon_mixin.mixin.mixin_argument.MixinArgumentDecorator object at 0x7f2db0254580>)
[0.136s] Level 1:colcon.colcon_core.package_discovery:discover_packages(colcon_meta) check parameters
[0.137s] INFO:colcon.colcon_metadata.package_discovery.colcon_meta:Using configuration from '/root/.colcon/metadata/default/Gazebo.meta'
[0.137s] INFO:colcon.colcon_metadata.package_discovery.colcon_meta:Using configuration from '/root/.colcon/metadata/default/fastrtps.meta'
[0.137s] Level 1:colcon.colcon_core.package_discovery:discover_packages(recursive) check parameters
[0.137s] Level 1:colcon.colcon_core.package_discovery:discover_packages(ignore) check parameters
[0.137s] Level 1:colcon.colcon_core.package_discovery:discover_packages(path) check parameters
[0.137s] Level 1:colcon.colcon_core.package_discovery:discover_packages(recursive) discover
[0.137s] INFO:colcon.colcon_core.package_discovery:Crawling recursively for packages in '/root/ros_ws'
[0.137s] Level 1:colcon.colcon_core.package_identification:_identify(/root/ros_ws) by extensions ['ignore', 'ignore_ament_install']
[0.138s] Level 1:colcon.colcon_core.package_identification:_identify(/root/ros_ws) by extension 'ignore'
[0.138s] Level 1:colcon.colcon_core.package_identification:_identify(/root/ros_ws) by extension 'ignore_ament_install'
[0.138s] Level 1:colcon.colcon_core.package_identification:_identify(/root/ros_ws) by extensions ['colcon_pkg']
[0.138s] Level 1:colcon.colcon_core.package_identification:_identify(/root/ros_ws) by extension 'colcon_pkg'
[0.138s] Level 1:colcon.colcon_core.package_identification:_identify(/root/ros_ws) by extensions ['colcon_meta']
[0.138s] Level 1:colcon.colcon_core.package_identification:_identify(/root/ros_ws) by extension 'colcon_meta'
[0.138s] Level 1:colcon.colcon_core.package_identification:_identify(/root/ros_ws) by extensions ['ros']
[0.138s] Level 1:colcon.colcon_core.package_identification:_identify(/root/ros_ws) by extension 'ros'
[0.146s] Level 1:colcon.colcon_core.package_identification:_identify(/root/ros_ws) by extensions ['cmake', 'python']
[0.146s] Level 1:colcon.colcon_core.package_identification:_identify(/root/ros_ws) by extension 'cmake'
[0.146s] Level 1:colcon.colcon_core.package_identification:_identify(/root/ros_ws) by extension 'python'
[0.146s] Level 1:colcon.colcon_core.package_identification:_identify(/root/ros_ws) by extensions ['python_setup_py']
[0.146s] Level 1:colcon.colcon_core.package_identification:_identify(/root/ros_ws) by extension 'python_setup_py'
[0.146s] Level 1:colcon.colcon_core.package_identification:_identify(/root/ros_ws/build) by extensions ['ignore', 'ignore_ament_install']
[0.147s] Level 1:colcon.colcon_core.package_identification:_identify(/root/ros_ws/build) by extension 'ignore'
[0.147s] Level 1:colcon.colcon_core.package_identification:_identify(/root/ros_ws/build) ignored
[0.147s] Level 1:colcon.colcon_core.package_identification:_identify(/root/ros_ws/install) by extensions ['ignore', 'ignore_ament_install']
[0.147s] Level 1:colcon.colcon_core.package_identification:_identify(/root/ros_ws/install) by extension 'ignore'
[0.147s] Level 1:colcon.colcon_core.package_identification:_identify(/root/ros_ws/install) ignored
[0.147s] Level 1:colcon.colcon_core.package_identification:_identify(/root/ros_ws/log) by extensions ['ignore', 'ignore_ament_install']
[0.147s] Level 1:colcon.colcon_core.package_identification:_identify(/root/ros_ws/log) by extension 'ignore'
[0.147s] Level 1:colcon.colcon_core.package_identification:_identify(/root/ros_ws/log) ignored
[0.147s] Level 1:colcon.colcon_core.package_identification:_identify(/root/ros_ws/src) by extensions ['ignore', 'ignore_ament_install']
[0.147s] Level 1:colcon.colcon_core.package_identification:_identify(/root/ros_ws/src) by extension 'ignore'
[0.147s] Level 1:colcon.colcon_core.package_identification:_identify(/root/ros_ws/src) by extension 'ignore_ament_install'
[0.147s] Level 1:colcon.colcon_core.package_identification:_identify(/root/ros_ws/src) by extensions ['colcon_pkg']
[0.147s] Level 1:colcon.colcon_core.package_identification:_identify(/root/ros_ws/src) by extension 'colcon_pkg'
[0.147s] Level 1:colcon.colcon_core.package_identification:_identify(/root/ros_ws/src) by extensions ['colcon_meta']
[0.147s] Level 1:colcon.colcon_core.package_identification:_identify(/root/ros_ws/src) by extension 'colcon_meta'
[0.147s] Level 1:colcon.colcon_core.package_identification:_identify(/root/ros_ws/src) by extensions ['ros']
[0.147s] Level 1:colcon.colcon_core.package_identification:_identify(/root/ros_ws/src) by extension 'ros'
[0.147s] Level 1:colcon.colcon_core.package_identification:_identify(/root/ros_ws/src) by extensions ['cmake', 'python']
[0.147s] Level 1:colcon.colcon_core.package_identification:_identify(/root/ros_ws/src) by extension 'cmake'
[0.147s] Level 1:colcon.colcon_core.package_identification:_identify(/root/ros_ws/src) by extension 'python'
[0.147s] Level 1:colcon.colcon_core.package_identification:_identify(/root/ros_ws/src) by extensions ['python_setup_py']
[0.148s] Level 1:colcon.colcon_core.package_identification:_identify(/root/ros_ws/src) by extension 'python_setup_py'
[0.148s] Level 1:colcon.colcon_core.package_identification:_identify(/root/ros_ws/src/gpio_conf) by extensions ['ignore', 'ignore_ament_install']
[0.148s] Level 1:colcon.colcon_core.package_identification:_identify(/root/ros_ws/src/gpio_conf) by extension 'ignore'
[0.148s] Level 1:colcon.colcon_core.package_identification:_identify(/root/ros_ws/src/gpio_conf) by extension 'ignore_ament_install'
[0.148s] Level 1:colcon.colcon_core.package_identification:_identify(/root/ros_ws/src/gpio_conf) by extensions ['colcon_pkg']
[0.148s] Level 1:colcon.colcon_core.package_identification:_identify(/root/ros_ws/src/gpio_conf) by extension 'colcon_pkg'
[0.148s] Level 1:colcon.colcon_core.package_identification:_identify(/root/ros_ws/src/gpio_conf) by extensions ['colcon_meta']
[0.148s] Level 1:colcon.colcon_core.package_identification:_identify(/root/ros_ws/src/gpio_conf) by extension 'colcon_meta'
[0.148s] Level 1:colcon.colcon_core.package_identification:_identify(/root/ros_ws/src/gpio_conf) by extensions ['ros']
[0.148s] Level 1:colcon.colcon_core.package_identification:_identify(/root/ros_ws/src/gpio_conf) by extension 'ros'
[0.150s] DEBUG:colcon.colcon_core.package_identification:Package '/root/ros_ws/src/gpio_conf' with type 'ros.ament_python' and name 'gpio_conf'
[0.150s] Level 1:colcon.colcon_core.package_identification:_identify(/root/ros_ws/src/led_control) by extensions ['ignore', 'ignore_ament_install']
[0.150s] Level 1:colcon.colcon_core.package_identification:_identify(/root/ros_ws/src/led_control) by extension 'ignore'
[0.150s] Level 1:colcon.colcon_core.package_identification:_identify(/root/ros_ws/src/led_control) by extension 'ignore_ament_install'
[0.150s] Level 1:colcon.colcon_core.package_identification:_identify(/root/ros_ws/src/led_control) by extensions ['colcon_pkg']
[0.150s] Level 1:colcon.colcon_core.package_identification:_identify(/root/ros_ws/src/led_control) by extension 'colcon_pkg'
[0.150s] Level 1:colcon.colcon_core.package_identification:_identify(/root/ros_ws/src/led_control) by extensions ['colcon_meta']
[0.150s] Level 1:colcon.colcon_core.package_identification:_identify(/root/ros_ws/src/led_control) by extension 'colcon_meta'
[0.150s] Level 1:colcon.colcon_core.package_identification:_identify(/root/ros_ws/src/led_control) by extensions ['ros']
[0.150s] Level 1:colcon.colcon_core.package_identification:_identify(/root/ros_ws/src/led_control) by extension 'ros'
[0.150s] DEBUG:colcon.colcon_core.package_identification:Package '/root/ros_ws/src/led_control' with type 'ros.ament_python' and name 'led_control'
[0.150s] Level 1:colcon.colcon_core.package_identification:_identify(/root/ros_ws/src/pi_hub) by extensions ['ignore', 'ignore_ament_install']
[0.150s] Level 1:colcon.colcon_core.package_identification:_identify(/root/ros_ws/src/pi_hub) by extension 'ignore'
[0.151s] Level 1:colcon.colcon_core.package_identification:_identify(/root/ros_ws/src/pi_hub) by extension 'ignore_ament_install'
[0.151s] Level 1:colcon.colcon_core.package_identification:_identify(/root/ros_ws/src/pi_hub) by extensions ['colcon_pkg']
[0.151s] Level 1:colcon.colcon_core.package_identification:_identify(/root/ros_ws/src/pi_hub) by extension 'colcon_pkg'
[0.151s] Level 1:colcon.colcon_core.package_identification:_identify(/root/ros_ws/src/pi_hub) by extensions ['colcon_meta']
[0.151s] Level 1:colcon.colcon_core.package_identification:_identify(/root/ros_ws/src/pi_hub) by extension 'colcon_meta'
[0.151s] Level 1:colcon.colcon_core.package_identification:_identify(/root/ros_ws/src/pi_hub) by extensions ['ros']
[0.151s] Level 1:colcon.colcon_core.package_identification:_identify(/root/ros_ws/src/pi_hub) by extension 'ros'
[0.152s] DEBUG:colcon.colcon_core.package_identification:Package '/root/ros_ws/src/pi_hub' with type 'ros.ament_python' and name 'pi_hub'
[0.152s] Level 1:colcon.colcon_core.package_identification:_identify(/root/ros_ws/src/pump_control) by extensions ['ignore', 'ignore_ament_install']
[0.152s] Level 1:colcon.colcon_core.package_identification:_identify(/root/ros_ws/src/pump_control) by extension 'ignore'
[0.152s] Level 1:colcon.colcon_core.package_identification:_identify(/root/ros_ws/src/pump_control) by extension 'ignore_ament_install'
[0.152s] Level 1:colcon.colcon_core.package_identification:_identify(/root/ros_ws/src/pump_control) by extensions ['colcon_pkg']
[0.152s] Level 1:colcon.colcon_core.package_identification:_identify(/root/ros_ws/src/pump_control) by extension 'colcon_pkg'
[0.152s] Level 1:colcon.colcon_core.package_identification:_identify(/root/ros_ws/src/pump_control) by extensions ['colcon_meta']
[0.152s] Level 1:colcon.colcon_core.package_identification:_identify(/root/ros_ws/src/pump_control) by extension 'colcon_meta'
[0.152s] Level 1:colcon.colcon_core.package_identification:_identify(/root/ros_ws/src/pump_control) by extensions ['ros']
[0.152s] Level 1:colcon.colcon_core.package_identification:_identify(/root/ros_ws/src/pump_control) by extension 'ros'
[0.152s] DEBUG:colcon.colcon_core.package_identification:Package '/root/ros_ws/src/pump_control' with type 'ros.ament_python' and name 'pump_control'
[0.153s] Level 1:colcon.colcon_core.package_identification:_identify(/root/ros_ws/src/time_schedule) by extensions ['ignore', 'ignore_ament_install']
[0.153s] Level 1:colcon.colcon_core.package_identification:_identify(/root/ros_ws/src/time_schedule) by extension 'ignore'
[0.153s] Level 1:colcon.colcon_core.package_identification:_identify(/root/ros_ws/src/time_schedule) by extension 'ignore_ament_install'
[0.153s] Level 1:colcon.colcon_core.package_identification:_identify(/root/ros_ws/src/time_schedule) by extensions ['colcon_pkg']
[0.153s] Level 1:colcon.colcon_core.package_identification:_identify(/root/ros_ws/src/time_schedule) by extension 'colcon_pkg'
[0.153s] Level 1:colcon.colcon_core.package_identification:_identify(/root/ros_ws/src/time_schedule) by extensions ['colcon_meta']
[0.153s] Level 1:colcon.colcon_core.package_identification:_identify(/root/ros_ws/src/time_schedule) by extension 'colcon_meta'
[0.153s] Level 1:colcon.colcon_core.package_identification:_identify(/root/ros_ws/src/time_schedule) by extensions ['ros']
[0.153s] Level 1:colcon.colcon_core.package_identification:_identify(/root/ros_ws/src/time_schedule) by extension 'ros'
[0.153s] DEBUG:colcon.colcon_core.package_identification:Package '/root/ros_ws/src/time_schedule' with type 'ros.ament_python' and name 'time_schedule'
[0.153s] Level 1:colcon.colcon_core.package_discovery:discover_packages(recursive) using defaults
