[0.346s] DEBUG:colcon:Command line arguments: ['/usr/bin/colcon', 'build']
[0.346s] DEBUG:colcon:Parsed command line arguments: Namespace(log_base=None, log_level=None, verb_name='build', build_base='build', install_base='install', merge_install=False, symlink_install=False, test_result_base=None, continue_on_error=False, executor='parallel', parallel_workers=4, event_handlers=None, ignore_user_meta=False, metas=['./colcon.meta'], base_paths=['.'], packages_ignore=None, packages_ignore_regex=None, paths=None, packages_up_to=None, packages_up_to_regex=None, packages_above=None, packages_above_and_dependencies=None, packages_above_depth=None, packages_select_by_dep=None, packages_skip_by_dep=None, packages_skip_up_to=None, packages_select_build_failed=False, packages_skip_build_finished=False, packages_select_test_failures=False, packages_skip_test_passed=False, packages_select=None, packages_skip=None, packages_select_regex=None, packages_skip_regex=None, packages_start=None, packages_end=None, cmake_args=None, cmake_target=None, cmake_target_skip_unavailable=False, cmake_clean_cache=False, cmake_clean_first=False, cmake_force_configure=False, ament_cmake_args=None, catkin_cmake_args=None, catkin_skip_building_tests=False, mixin_files=None, mixin=None, verb_parser=<colcon_mixin.mixin.mixin_argument.MixinArgumentDecorator object at 0x7f832a8fa4d0>, verb_extension=<colcon_core.verb.build.BuildVerb object at 0x7f832b26fa60>, main=<bound method BuildVerb.main of <colcon_core.verb.build.BuildVerb object at 0x7f832b26fa60>>, mixin_verb=('build',))
[0.375s] Level 1:colcon.colcon_core.package_discovery:discover_packages(colcon_meta) check parameters
[0.376s] INFO:colcon.colcon_metadata.package_discovery.colcon_meta:Using configuration from '/root/.colcon/metadata/default/Gazebo.meta'
[0.377s] INFO:colcon.colcon_metadata.package_discovery.colcon_meta:Using configuration from '/root/.colcon/metadata/default/fastrtps.meta'
[0.377s] Level 1:colcon.colcon_core.package_discovery:discover_packages(recursive) check parameters
[0.377s] Level 1:colcon.colcon_core.package_discovery:discover_packages(ignore) check parameters
[0.377s] Level 1:colcon.colcon_core.package_discovery:discover_packages(path) check parameters
[0.377s] Level 1:colcon.colcon_core.package_discovery:discover_packages(colcon_meta) discover
[0.378s] Level 1:colcon.colcon_core.package_discovery:discover_packages(recursive) discover
[0.378s] INFO:colcon.colcon_core.package_discovery:Crawling recursively for packages in '/root/ros_ws'
[0.378s] Level 1:colcon.colcon_core.package_identification:_identify(.) by extensions ['ignore', 'ignore_ament_install']
[0.378s] Level 1:colcon.colcon_core.package_identification:_identify(.) by extension 'ignore'
[0.378s] Level 1:colcon.colcon_core.package_identification:_identify(.) by extension 'ignore_ament_install'
[0.378s] Level 1:colcon.colcon_core.package_identification:_identify(.) by extensions ['colcon_pkg']
[0.378s] Level 1:colcon.colcon_core.package_identification:_identify(.) by extension 'colcon_pkg'
[0.378s] Level 1:colcon.colcon_core.package_identification:_identify(.) by extensions ['colcon_meta']
[0.379s] Level 1:colcon.colcon_core.package_identification:_identify(.) by extension 'colcon_meta'
[0.379s] Level 1:colcon.colcon_core.package_identification:_identify(.) by extensions ['ros']
[0.379s] Level 1:colcon.colcon_core.package_identification:_identify(.) by extension 'ros'
[0.393s] Level 1:colcon.colcon_core.package_identification:_identify(.) by extensions ['cmake', 'python']
[0.393s] Level 1:colcon.colcon_core.package_identification:_identify(.) by extension 'cmake'
[0.394s] Level 1:colcon.colcon_core.package_identification:_identify(.) by extension 'python'
[0.394s] Level 1:colcon.colcon_core.package_identification:_identify(.) by extensions ['python_setup_py']
[0.394s] Level 1:colcon.colcon_core.package_identification:_identify(.) by extension 'python_setup_py'
[0.394s] Level 1:colcon.colcon_core.package_identification:_identify(build) by extensions ['ignore', 'ignore_ament_install']
[0.394s] Level 1:colcon.colcon_core.package_identification:_identify(build) by extension 'ignore'
[0.394s] Level 1:colcon.colcon_core.package_identification:_identify(build) ignored
[0.395s] Level 1:colcon.colcon_core.package_identification:_identify(install) by extensions ['ignore', 'ignore_ament_install']
[0.395s] Level 1:colcon.colcon_core.package_identification:_identify(install) by extension 'ignore'
[0.395s] Level 1:colcon.colcon_core.package_identification:_identify(install) ignored
[0.395s] Level 1:colcon.colcon_core.package_identification:_identify(log) by extensions ['ignore', 'ignore_ament_install']
[0.395s] Level 1:colcon.colcon_core.package_identification:_identify(log) by extension 'ignore'
[0.395s] Level 1:colcon.colcon_core.package_identification:_identify(log) ignored
[0.396s] Level 1:colcon.colcon_core.package_identification:_identify(src) by extensions ['ignore', 'ignore_ament_install']
[0.396s] Level 1:colcon.colcon_core.package_identification:_identify(src) by extension 'ignore'
[0.396s] Level 1:colcon.colcon_core.package_identification:_identify(src) by extension 'ignore_ament_install'
[0.396s] Level 1:colcon.colcon_core.package_identification:_identify(src) by extensions ['colcon_pkg']
[0.396s] Level 1:colcon.colcon_core.package_identification:_identify(src) by extension 'colcon_pkg'
[0.396s] Level 1:colcon.colcon_core.package_identification:_identify(src) by extensions ['colcon_meta']
[0.396s] Level 1:colcon.colcon_core.package_identification:_identify(src) by extension 'colcon_meta'
[0.396s] Level 1:colcon.colcon_core.package_identification:_identify(src) by extensions ['ros']
[0.397s] Level 1:colcon.colcon_core.package_identification:_identify(src) by extension 'ros'
[0.397s] Level 1:colcon.colcon_core.package_identification:_identify(src) by extensions ['cmake', 'python']
[0.397s] Level 1:colcon.colcon_core.package_identification:_identify(src) by extension 'cmake'
[0.397s] Level 1:colcon.colcon_core.package_identification:_identify(src) by extension 'python'
[0.397s] Level 1:colcon.colcon_core.package_identification:_identify(src) by extensions ['python_setup_py']
[0.397s] Level 1:colcon.colcon_core.package_identification:_identify(src) by extension 'python_setup_py'
[0.397s] Level 1:colcon.colcon_core.package_identification:_identify(src/led_control) by extensions ['ignore', 'ignore_ament_install']
[0.398s] Level 1:colcon.colcon_core.package_identification:_identify(src/led_control) by extension 'ignore'
[0.398s] Level 1:colcon.colcon_core.package_identification:_identify(src/led_control) by extension 'ignore_ament_install'
[0.398s] Level 1:colcon.colcon_core.package_identification:_identify(src/led_control) by extensions ['colcon_pkg']
[0.398s] Level 1:colcon.colcon_core.package_identification:_identify(src/led_control) by extension 'colcon_pkg'
[0.398s] Level 1:colcon.colcon_core.package_identification:_identify(src/led_control) by extensions ['colcon_meta']
[0.398s] Level 1:colcon.colcon_core.package_identification:_identify(src/led_control) by extension 'colcon_meta'
[0.398s] Level 1:colcon.colcon_core.package_identification:_identify(src/led_control) by extensions ['ros']
[0.398s] Level 1:colcon.colcon_core.package_identification:_identify(src/led_control) by extension 'ros'
[0.403s] DEBUG:colcon.colcon_core.package_identification:Package 'src/led_control' with type 'ros.ament_python' and name 'led_control'
[0.403s] Level 1:colcon.colcon_core.package_identification:_identify(src/pi_hub) by extensions ['ignore', 'ignore_ament_install']
[0.403s] Level 1:colcon.colcon_core.package_identification:_identify(src/pi_hub) by extension 'ignore'
[0.403s] Level 1:colcon.colcon_core.package_identification:_identify(src/pi_hub) by extension 'ignore_ament_install'
[0.403s] Level 1:colcon.colcon_core.package_identification:_identify(src/pi_hub) by extensions ['colcon_pkg']
[0.403s] Level 1:colcon.colcon_core.package_identification:_identify(src/pi_hub) by extension 'colcon_pkg'
[0.403s] Level 1:colcon.colcon_core.package_identification:_identify(src/pi_hub) by extensions ['colcon_meta']
[0.404s] Level 1:colcon.colcon_core.package_identification:_identify(src/pi_hub) by extension 'colcon_meta'
[0.404s] Level 1:colcon.colcon_core.package_identification:_identify(src/pi_hub) by extensions ['ros']
[0.404s] Level 1:colcon.colcon_core.package_identification:_identify(src/pi_hub) by extension 'ros'
[0.405s] DEBUG:colcon.colcon_core.package_identification:Package 'src/pi_hub' with type 'ros.ament_python' and name 'pi_hub'
[0.405s] Level 1:colcon.colcon_core.package_identification:_identify(src/pi_hub_srvs) by extensions ['ignore', 'ignore_ament_install']
[0.405s] Level 1:colcon.colcon_core.package_identification:_identify(src/pi_hub_srvs) by extension 'ignore'
[0.406s] Level 1:colcon.colcon_core.package_identification:_identify(src/pi_hub_srvs) by extension 'ignore_ament_install'
[0.406s] Level 1:colcon.colcon_core.package_identification:_identify(src/pi_hub_srvs) by extensions ['colcon_pkg']
[0.406s] Level 1:colcon.colcon_core.package_identification:_identify(src/pi_hub_srvs) by extension 'colcon_pkg'
[0.406s] Level 1:colcon.colcon_core.package_identification:_identify(src/pi_hub_srvs) by extensions ['colcon_meta']
[0.406s] Level 1:colcon.colcon_core.package_identification:_identify(src/pi_hub_srvs) by extension 'colcon_meta'
[0.406s] Level 1:colcon.colcon_core.package_identification:_identify(src/pi_hub_srvs) by extensions ['ros']
[0.406s] Level 1:colcon.colcon_core.package_identification:_identify(src/pi_hub_srvs) by extension 'ros'
[0.408s] DEBUG:colcon.colcon_core.package_identification:Package 'src/pi_hub_srvs' with type 'ros.ament_cmake' and name 'pi_hub_srvs'
[0.408s] Level 1:colcon.colcon_core.package_identification:_identify(src/pump_control) by extensions ['ignore', 'ignore_ament_install']
[0.408s] Level 1:colcon.colcon_core.package_identification:_identify(src/pump_control) by extension 'ignore'
[0.408s] Level 1:colcon.colcon_core.package_identification:_identify(src/pump_control) by extension 'ignore_ament_install'
[0.408s] Level 1:colcon.colcon_core.package_identification:_identify(src/pump_control) by extensions ['colcon_pkg']
[0.408s] Level 1:colcon.colcon_core.package_identification:_identify(src/pump_control) by extension 'colcon_pkg'
[0.408s] Level 1:colcon.colcon_core.package_identification:_identify(src/pump_control) by extensions ['colcon_meta']
[0.409s] Level 1:colcon.colcon_core.package_identification:_identify(src/pump_control) by extension 'colcon_meta'
[0.409s] Level 1:colcon.colcon_core.package_identification:_identify(src/pump_control) by extensions ['ros']
[0.409s] Level 1:colcon.colcon_core.package_identification:_identify(src/pump_control) by extension 'ros'
[0.410s] DEBUG:colcon.colcon_core.package_identification:Package 'src/pump_control' with type 'ros.ament_python' and name 'pump_control'
[0.410s] Level 1:colcon.colcon_core.package_discovery:discover_packages(recursive) using defaults
[0.410s] Level 1:colcon.colcon_core.package_discovery:discover_packages(ignore) discover
[0.410s] Level 1:colcon.colcon_core.package_discovery:discover_packages(ignore) using defaults
[0.410s] Level 1:colcon.colcon_core.package_discovery:discover_packages(path) discover
[0.410s] Level 1:colcon.colcon_core.package_discovery:discover_packages(path) using defaults
[0.457s] Level 5:colcon.colcon_core.verb:set package 'led_control' build argument 'cmake_args' from command line to 'None'
[0.457s] Level 5:colcon.colcon_core.verb:set package 'led_control' build argument 'cmake_target' from command line to 'None'
[0.457s] Level 5:colcon.colcon_core.verb:set package 'led_control' build argument 'cmake_target_skip_unavailable' from command line to 'False'
[0.457s] Level 5:colcon.colcon_core.verb:set package 'led_control' build argument 'cmake_clean_cache' from command line to 'False'
[0.457s] Level 5:colcon.colcon_core.verb:set package 'led_control' build argument 'cmake_clean_first' from command line to 'False'
[0.457s] Level 5:colcon.colcon_core.verb:set package 'led_control' build argument 'cmake_force_configure' from command line to 'False'
[0.457s] Level 5:colcon.colcon_core.verb:set package 'led_control' build argument 'ament_cmake_args' from command line to 'None'
[0.458s] Level 5:colcon.colcon_core.verb:set package 'led_control' build argument 'catkin_cmake_args' from command line to 'None'
[0.458s] Level 5:colcon.colcon_core.verb:set package 'led_control' build argument 'catkin_skip_building_tests' from command line to 'False'
[0.458s] DEBUG:colcon.colcon_core.verb:Building package 'led_control' with the following arguments: {'ament_cmake_args': None, 'build_base': '/root/ros_ws/build/led_control', 'catkin_cmake_args': None, 'catkin_skip_building_tests': False, 'cmake_args': None, 'cmake_clean_cache': False, 'cmake_clean_first': False, 'cmake_force_configure': False, 'cmake_target': None, 'cmake_target_skip_unavailable': False, 'install_base': '/root/ros_ws/install/led_control', 'merge_install': False, 'path': '/root/ros_ws/src/led_control', 'symlink_install': False, 'test_result_base': None}
[0.460s] Level 5:colcon.colcon_core.verb:set package 'pi_hub_srvs' build argument 'cmake_args' from command line to 'None'
[0.460s] Level 5:colcon.colcon_core.verb:set package 'pi_hub_srvs' build argument 'cmake_target' from command line to 'None'
[0.460s] Level 5:colcon.colcon_core.verb:set package 'pi_hub_srvs' build argument 'cmake_target_skip_unavailable' from command line to 'False'
[0.460s] Level 5:colcon.colcon_core.verb:set package 'pi_hub_srvs' build argument 'cmake_clean_cache' from command line to 'False'
[0.460s] Level 5:colcon.colcon_core.verb:set package 'pi_hub_srvs' build argument 'cmake_clean_first' from command line to 'False'
[0.460s] Level 5:colcon.colcon_core.verb:set package 'pi_hub_srvs' build argument 'cmake_force_configure' from command line to 'False'
[0.460s] Level 5:colcon.colcon_core.verb:set package 'pi_hub_srvs' build argument 'ament_cmake_args' from command line to 'None'
[0.460s] Level 5:colcon.colcon_core.verb:set package 'pi_hub_srvs' build argument 'catkin_cmake_args' from command line to 'None'
[0.460s] Level 5:colcon.colcon_core.verb:set package 'pi_hub_srvs' build argument 'catkin_skip_building_tests' from command line to 'False'
[0.460s] DEBUG:colcon.colcon_core.verb:Building package 'pi_hub_srvs' with the following arguments: {'ament_cmake_args': None, 'build_base': '/root/ros_ws/build/pi_hub_srvs', 'catkin_cmake_args': None, 'catkin_skip_building_tests': False, 'cmake_args': None, 'cmake_clean_cache': False, 'cmake_clean_first': False, 'cmake_force_configure': False, 'cmake_target': None, 'cmake_target_skip_unavailable': False, 'install_base': '/root/ros_ws/install/pi_hub_srvs', 'merge_install': False, 'path': '/root/ros_ws/src/pi_hub_srvs', 'symlink_install': False, 'test_result_base': None}
[0.462s] Level 5:colcon.colcon_core.verb:set package 'pump_control' build argument 'cmake_args' from command line to 'None'
[0.463s] Level 5:colcon.colcon_core.verb:set package 'pump_control' build argument 'cmake_target' from command line to 'None'
[0.463s] Level 5:colcon.colcon_core.verb:set package 'pump_control' build argument 'cmake_target_skip_unavailable' from command line to 'False'
[0.463s] Level 5:colcon.colcon_core.verb:set package 'pump_control' build argument 'cmake_clean_cache' from command line to 'False'
[0.463s] Level 5:colcon.colcon_core.verb:set package 'pump_control' build argument 'cmake_clean_first' from command line to 'False'
[0.463s] Level 5:colcon.colcon_core.verb:set package 'pump_control' build argument 'cmake_force_configure' from command line to 'False'
[0.463s] Level 5:colcon.colcon_core.verb:set package 'pump_control' build argument 'ament_cmake_args' from command line to 'None'
[0.463s] Level 5:colcon.colcon_core.verb:set package 'pump_control' build argument 'catkin_cmake_args' from command line to 'None'
[0.463s] Level 5:colcon.colcon_core.verb:set package 'pump_control' build argument 'catkin_skip_building_tests' from command line to 'False'
[0.463s] DEBUG:colcon.colcon_core.verb:Building package 'pump_control' with the following arguments: {'ament_cmake_args': None, 'build_base': '/root/ros_ws/build/pump_control', 'catkin_cmake_args': None, 'catkin_skip_building_tests': False, 'cmake_args': None, 'cmake_clean_cache': False, 'cmake_clean_first': False, 'cmake_force_configure': False, 'cmake_target': None, 'cmake_target_skip_unavailable': False, 'install_base': '/root/ros_ws/install/pump_control', 'merge_install': False, 'path': '/root/ros_ws/src/pump_control', 'symlink_install': False, 'test_result_base': None}
[0.465s] Level 5:colcon.colcon_core.verb:set package 'pi_hub' build argument 'cmake_args' from command line to 'None'
[0.465s] Level 5:colcon.colcon_core.verb:set package 'pi_hub' build argument 'cmake_target' from command line to 'None'
[0.465s] Level 5:colcon.colcon_core.verb:set package 'pi_hub' build argument 'cmake_target_skip_unavailable' from command line to 'False'
[0.465s] Level 5:colcon.colcon_core.verb:set package 'pi_hub' build argument 'cmake_clean_cache' from command line to 'False'
[0.466s] Level 5:colcon.colcon_core.verb:set package 'pi_hub' build argument 'cmake_clean_first' from command line to 'False'
[0.466s] Level 5:colcon.colcon_core.verb:set package 'pi_hub' build argument 'cmake_force_configure' from command line to 'False'
[0.466s] Level 5:colcon.colcon_core.verb:set package 'pi_hub' build argument 'ament_cmake_args' from command line to 'None'
[0.466s] Level 5:colcon.colcon_core.verb:set package 'pi_hub' build argument 'catkin_cmake_args' from command line to 'None'
[0.466s] Level 5:colcon.colcon_core.verb:set package 'pi_hub' build argument 'catkin_skip_building_tests' from command line to 'False'
[0.466s] DEBUG:colcon.colcon_core.verb:Building package 'pi_hub' with the following arguments: {'ament_cmake_args': None, 'build_base': '/root/ros_ws/build/pi_hub', 'catkin_cmake_args': None, 'catkin_skip_building_tests': False, 'cmake_args': None, 'cmake_clean_cache': False, 'cmake_clean_first': False, 'cmake_force_configure': False, 'cmake_target': None, 'cmake_target_skip_unavailable': False, 'install_base': '/root/ros_ws/install/pi_hub', 'merge_install': False, 'path': '/root/ros_ws/src/pi_hub', 'symlink_install': False, 'test_result_base': None}
[0.467s] INFO:colcon.colcon_core.executor:Executing jobs using 'parallel' executor
[0.472s] DEBUG:colcon.colcon_parallel_executor.executor.parallel:run_until_complete
[0.473s] INFO:colcon.colcon_ros.task.ament_python.build:Building ROS package in '/root/ros_ws/src/led_control' with build type 'ament_python'
[0.473s] Level 1:colcon.colcon_core.shell:create_environment_hook('led_control', 'ament_prefix_path')
[0.483s] INFO:colcon.colcon_core.plugin_system:Skipping extension 'colcon_core.shell.bat': Not used on non-Windows systems
[0.484s] INFO:colcon.colcon_core.shell:Creating environment hook '/root/ros_ws/install/led_control/share/led_control/hook/ament_prefix_path.ps1'
[0.485s] INFO:colcon.colcon_core.shell:Creating environment descriptor '/root/ros_ws/install/led_control/share/led_control/hook/ament_prefix_path.dsv'
[0.485s] INFO:colcon.colcon_core.shell:Creating environment hook '/root/ros_ws/install/led_control/share/led_control/hook/ament_prefix_path.sh'
[0.488s] INFO:colcon.colcon_core.shell:Skip shell extension 'powershell' for command environment: Not usable outside of PowerShell
[0.488s] DEBUG:colcon.colcon_core.shell:Skip shell extension 'dsv' for command environment
[0.499s] INFO:colcon.colcon_ros.task.ament_python.build:Building ROS package in '/root/ros_ws/src/pump_control' with build type 'ament_python'
[0.500s] Level 1:colcon.colcon_core.shell:create_environment_hook('pump_control', 'ament_prefix_path')
[0.503s] INFO:colcon.colcon_core.shell:Creating environment hook '/root/ros_ws/install/pump_control/share/pump_control/hook/ament_prefix_path.ps1'
[0.504s] INFO:colcon.colcon_core.shell:Creating environment descriptor '/root/ros_ws/install/pump_control/share/pump_control/hook/ament_prefix_path.dsv'
[0.504s] INFO:colcon.colcon_core.shell:Creating environment hook '/root/ros_ws/install/pump_control/share/pump_control/hook/ament_prefix_path.sh'
[0.507s] INFO:colcon.colcon_core.shell:Skip shell extension 'powershell' for command environment: Not usable outside of PowerShell
[0.508s] DEBUG:colcon.colcon_core.shell:Skip shell extension 'dsv' for command environment
[0.516s] INFO:colcon.colcon_ros.task.ament_cmake.build:Building ROS package in '/root/ros_ws/src/pi_hub_srvs' with build type 'ament_cmake'
[0.517s] INFO:colcon.colcon_cmake.task.cmake.build:Building CMake package in '/root/ros_ws/src/pi_hub_srvs'
[0.523s] INFO:colcon.colcon_core.shell:Skip shell extension 'powershell' for command environment: Not usable outside of PowerShell
[0.523s] DEBUG:colcon.colcon_core.shell:Skip shell extension 'dsv' for command environment
[1.072s] INFO:colcon.colcon_core.task.python.build:Building Python package in '/root/ros_ws/src/led_control'
[1.075s] INFO:colcon.colcon_core.shell:Skip shell extension 'powershell' for command environment: Not usable outside of PowerShell
[1.075s] DEBUG:colcon.colcon_core.shell:Skip shell extension 'dsv' for command environment
[1.609s] INFO:colcon.colcon_core.task.python.build:Building Python package in '/root/ros_ws/src/pump_control'
[1.615s] INFO:colcon.colcon_core.shell:Skip shell extension 'powershell' for command environment: Not usable outside of PowerShell
[1.615s] DEBUG:colcon.colcon_core.shell:Skip shell extension 'dsv' for command environment
[1.633s] DEBUG:colcon.colcon_core.event_handler.log_command:Invoking command in '/root/ros_ws/build/pi_hub_srvs': CMAKE_PREFIX_PATH=${CMAKE_PREFIX_PATH}:/root/ros_ws/install/time_schedule:/root/ros_ws/install/pi_hub:/root/ros_ws/install/pump_control:/root/ros_ws/install/led_control:/root/ros_ws/install/gpio_conf:/opt/ros/humble /usr/bin/cmake --build /root/ros_ws/build/pi_hub_srvs -- -j4 -l4
[2.565s] DEBUG:colcon.colcon_core.event_handler.log_command:Invoking command in '/root/ros_ws/src/pump_control': PYTHONPATH=/root/ros_ws/build/pump_control/prefix_override:/root/ros_ws/install/pump_control/lib/python3.10/site-packages:${PYTHONPATH} /usr/bin/python3 setup.py egg_info --egg-base ../../build/pump_control build --build-base /root/ros_ws/build/pump_control/build install --record /root/ros_ws/build/pump_control/install.log --install-scripts $base/lib/pump_control --single-version-externally-managed
[2.743s] DEBUG:colcon.colcon_core.event_handler.log_command:Invoking command in '/root/ros_ws/src/led_control': PYTHONPATH=/root/ros_ws/build/led_control/prefix_override:/root/ros_ws/install/led_control/lib/python3.10/site-packages:${PYTHONPATH} /usr/bin/python3 setup.py egg_info --egg-base ../../build/led_control build --build-base /root/ros_ws/build/led_control/build install --record /root/ros_ws/build/led_control/install.log --install-scripts $base/lib/led_control --single-version-externally-managed
[3.052s] DEBUG:colcon.colcon_core.event_handler.log_command:Invoked command in '/root/ros_ws/build/pi_hub_srvs' returned '0': CMAKE_PREFIX_PATH=${CMAKE_PREFIX_PATH}:/root/ros_ws/install/time_schedule:/root/ros_ws/install/pi_hub:/root/ros_ws/install/pump_control:/root/ros_ws/install/led_control:/root/ros_ws/install/gpio_conf:/opt/ros/humble /usr/bin/cmake --build /root/ros_ws/build/pi_hub_srvs -- -j4 -l4
[3.484s] DEBUG:colcon.colcon_core.event_handler.log_command:Invoked command in '/root/ros_ws/src/pump_control' returned '0': PYTHONPATH=/root/ros_ws/build/pump_control/prefix_override:/root/ros_ws/install/pump_control/lib/python3.10/site-packages:${PYTHONPATH} /usr/bin/python3 setup.py egg_info --egg-base ../../build/pump_control build --build-base /root/ros_ws/build/pump_control/build install --record /root/ros_ws/build/pump_control/install.log --install-scripts $base/lib/pump_control --single-version-externally-managed
[3.509s] Level 1:colcon.colcon_core.environment:checking '/root/ros_ws/install/pump_control' for CMake module files
[3.510s] Level 1:colcon.colcon_core.environment:checking '/root/ros_ws/install/pump_control' for CMake config files
[3.520s] Level 1:colcon.colcon_core.environment:checking '/root/ros_ws/install/pump_control/lib'
[3.541s] Level 1:colcon.colcon_core.environment:checking '/root/ros_ws/install/pump_control/bin'
[3.541s] Level 1:colcon.colcon_core.environment:checking '/root/ros_ws/install/pump_control/lib/pkgconfig/pump_control.pc'
[3.552s] Level 1:colcon.colcon_core.environment:checking '/root/ros_ws/install/pump_control/lib/python3.10/site-packages'
[3.557s] Level 1:colcon.colcon_core.shell:create_environment_hook('pump_control', 'pythonpath')
[3.567s] INFO:colcon.colcon_core.shell:Creating environment hook '/root/ros_ws/install/pump_control/share/pump_control/hook/pythonpath.ps1'
[3.569s] INFO:colcon.colcon_core.shell:Creating environment descriptor '/root/ros_ws/install/pump_control/share/pump_control/hook/pythonpath.dsv'
[3.570s] INFO:colcon.colcon_core.shell:Creating environment hook '/root/ros_ws/install/pump_control/share/pump_control/hook/pythonpath.sh'
[3.581s] Level 1:colcon.colcon_core.environment:checking '/root/ros_ws/install/pump_control/bin'
[3.582s] Level 1:colcon.colcon_core.environment:create_environment_scripts_only(pump_control)
[3.586s] INFO:colcon.colcon_core.shell:Creating package script '/root/ros_ws/install/pump_control/share/pump_control/package.ps1'
[3.600s] INFO:colcon.colcon_core.shell:Creating package descriptor '/root/ros_ws/install/pump_control/share/pump_control/package.dsv'
[3.610s] INFO:colcon.colcon_core.shell:Creating package script '/root/ros_ws/install/pump_control/share/pump_control/package.sh'
[3.626s] INFO:colcon.colcon_core.shell:Creating package script '/root/ros_ws/install/pump_control/share/pump_control/package.bash'
[3.636s] INFO:colcon.colcon_core.shell:Creating package script '/root/ros_ws/install/pump_control/share/pump_control/package.zsh'
[3.637s] Level 1:colcon.colcon_core.environment:create_file_with_runtime_dependencies(/root/ros_ws/install/pump_control/share/colcon-core/packages/pump_control)
[3.812s] Level 1:colcon.colcon_core.environment:checking '/root/ros_ws/install/led_control' for CMake module files
[3.812s] DEBUG:colcon.colcon_core.event_handler.log_command:Invoked command in '/root/ros_ws/src/led_control' returned '0': PYTHONPATH=/root/ros_ws/build/led_control/prefix_override:/root/ros_ws/install/led_control/lib/python3.10/site-packages:${PYTHONPATH} /usr/bin/python3 setup.py egg_info --egg-base ../../build/led_control build --build-base /root/ros_ws/build/led_control/build install --record /root/ros_ws/build/led_control/install.log --install-scripts $base/lib/led_control --single-version-externally-managed
[3.814s] Level 1:colcon.colcon_core.environment:checking '/root/ros_ws/install/led_control' for CMake config files
[3.816s] Level 1:colcon.colcon_core.environment:checking '/root/ros_ws/install/led_control/lib'
[3.816s] Level 1:colcon.colcon_core.environment:checking '/root/ros_ws/install/led_control/bin'
[3.816s] Level 1:colcon.colcon_core.environment:checking '/root/ros_ws/install/led_control/lib/pkgconfig/led_control.pc'
[3.817s] Level 1:colcon.colcon_core.environment:checking '/root/ros_ws/install/led_control/lib/python3.10/site-packages'
[3.817s] Level 1:colcon.colcon_core.shell:create_environment_hook('led_control', 'pythonpath')
[3.829s] INFO:colcon.colcon_core.shell:Creating environment hook '/root/ros_ws/install/led_control/share/led_control/hook/pythonpath.ps1'
[3.839s] INFO:colcon.colcon_core.shell:Creating environment descriptor '/root/ros_ws/install/led_control/share/led_control/hook/pythonpath.dsv'
[3.845s] INFO:colcon.colcon_core.shell:Creating environment hook '/root/ros_ws/install/led_control/share/led_control/hook/pythonpath.sh'
[3.855s] Level 1:colcon.colcon_core.environment:checking '/root/ros_ws/install/led_control/bin'
[3.861s] Level 1:colcon.colcon_core.environment:create_environment_scripts_only(led_control)
[3.864s] INFO:colcon.colcon_core.shell:Creating package script '/root/ros_ws/install/led_control/share/led_control/package.ps1'
[3.872s] INFO:colcon.colcon_core.shell:Creating package descriptor '/root/ros_ws/install/led_control/share/led_control/package.dsv'
[3.873s] INFO:colcon.colcon_core.shell:Creating package script '/root/ros_ws/install/led_control/share/led_control/package.sh'
[3.885s] INFO:colcon.colcon_core.shell:Creating package script '/root/ros_ws/install/led_control/share/led_control/package.bash'
[3.887s] INFO:colcon.colcon_core.shell:Creating package script '/root/ros_ws/install/led_control/share/led_control/package.zsh'
[3.888s] Level 1:colcon.colcon_core.environment:create_file_with_runtime_dependencies(/root/ros_ws/install/led_control/share/colcon-core/packages/led_control)
[3.893s] INFO:colcon.colcon_ros.task.ament_python.build:Building ROS package in '/root/ros_ws/src/pi_hub' with build type 'ament_python'
[3.895s] Level 1:colcon.colcon_core.shell:create_environment_hook('pi_hub', 'ament_prefix_path')
[3.909s] INFO:colcon.colcon_core.shell:Creating environment hook '/root/ros_ws/install/pi_hub/share/pi_hub/hook/ament_prefix_path.ps1'
[3.913s] INFO:colcon.colcon_core.shell:Creating environment descriptor '/root/ros_ws/install/pi_hub/share/pi_hub/hook/ament_prefix_path.dsv'
[3.917s] INFO:colcon.colcon_core.shell:Creating environment hook '/root/ros_ws/install/pi_hub/share/pi_hub/hook/ament_prefix_path.sh'
[3.930s] INFO:colcon.colcon_core.shell:Skip shell extension 'powershell' for command environment: Not usable outside of PowerShell
[3.930s] DEBUG:colcon.colcon_core.shell:Skip shell extension 'dsv' for command environment
[4.616s] INFO:colcon.colcon_core.task.python.build:Building Python package in '/root/ros_ws/src/pi_hub'
[4.621s] INFO:colcon.colcon_core.shell:Skip shell extension 'powershell' for command environment: Not usable outside of PowerShell
[4.622s] DEBUG:colcon.colcon_core.shell:Skip shell extension 'dsv' for command environment
[4.666s] DEBUG:colcon.colcon_core.event_handler.log_command:Invoking command in '/root/ros_ws/build/pi_hub_srvs': CMAKE_PREFIX_PATH=${CMAKE_PREFIX_PATH}:/root/ros_ws/install/time_schedule:/root/ros_ws/install/pi_hub:/root/ros_ws/install/pump_control:/root/ros_ws/install/led_control:/root/ros_ws/install/gpio_conf:/opt/ros/humble /usr/bin/cmake --install /root/ros_ws/build/pi_hub_srvs
[4.899s] Level 1:colcon.colcon_core.environment:create_environment_scripts_only(pi_hub_srvs)
[4.904s] Level 1:colcon.colcon_core.environment:checking '/root/ros_ws/install/pi_hub_srvs' for CMake module files
[4.912s] Level 1:colcon.colcon_core.environment:checking '/root/ros_ws/install/pi_hub_srvs' for CMake config files
[4.914s] Level 1:colcon.colcon_core.shell:create_environment_hook('pi_hub_srvs', 'cmake_prefix_path')
[4.917s] INFO:colcon.colcon_core.shell:Creating environment hook '/root/ros_ws/install/pi_hub_srvs/share/pi_hub_srvs/hook/cmake_prefix_path.ps1'
[4.920s] INFO:colcon.colcon_core.shell:Creating environment descriptor '/root/ros_ws/install/pi_hub_srvs/share/pi_hub_srvs/hook/cmake_prefix_path.dsv'
[4.921s] INFO:colcon.colcon_core.shell:Creating environment hook '/root/ros_ws/install/pi_hub_srvs/share/pi_hub_srvs/hook/cmake_prefix_path.sh'
[4.922s] Level 1:colcon.colcon_core.environment:checking '/root/ros_ws/install/pi_hub_srvs/lib'
[4.923s] Level 1:colcon.colcon_core.shell:create_environment_hook('pi_hub_srvs', 'ld_library_path_lib')
[4.926s] INFO:colcon.colcon_core.shell:Creating environment hook '/root/ros_ws/install/pi_hub_srvs/share/pi_hub_srvs/hook/ld_library_path_lib.ps1'
[4.935s] INFO:colcon.colcon_core.shell:Creating environment descriptor '/root/ros_ws/install/pi_hub_srvs/share/pi_hub_srvs/hook/ld_library_path_lib.dsv'
[4.937s] INFO:colcon.colcon_core.shell:Creating environment hook '/root/ros_ws/install/pi_hub_srvs/share/pi_hub_srvs/hook/ld_library_path_lib.sh'
[4.940s] Level 1:colcon.colcon_core.environment:checking '/root/ros_ws/install/pi_hub_srvs/bin'
[4.940s] Level 1:colcon.colcon_core.environment:checking '/root/ros_ws/install/pi_hub_srvs/lib/pkgconfig/pi_hub_srvs.pc'
[4.942s] Level 1:colcon.colcon_core.environment:checking '/root/ros_ws/install/pi_hub_srvs/lib/python3.10/site-packages'
[4.946s] Level 1:colcon.colcon_core.environment:checking '/root/ros_ws/install/pi_hub_srvs/bin'
[4.951s] INFO:colcon.colcon_core.shell:Creating package script '/root/ros_ws/install/pi_hub_srvs/share/pi_hub_srvs/package.ps1'
[4.953s] DEBUG:colcon.colcon_core.event_handler.log_command:Invoked command in '/root/ros_ws/build/pi_hub_srvs' returned '0': CMAKE_PREFIX_PATH=${CMAKE_PREFIX_PATH}:/root/ros_ws/install/time_schedule:/root/ros_ws/install/pi_hub:/root/ros_ws/install/pump_control:/root/ros_ws/install/led_control:/root/ros_ws/install/gpio_conf:/opt/ros/humble /usr/bin/cmake --install /root/ros_ws/build/pi_hub_srvs
[4.954s] INFO:colcon.colcon_core.shell:Creating package descriptor '/root/ros_ws/install/pi_hub_srvs/share/pi_hub_srvs/package.dsv'
[4.955s] INFO:colcon.colcon_core.shell:Creating package script '/root/ros_ws/install/pi_hub_srvs/share/pi_hub_srvs/package.sh'
[4.957s] INFO:colcon.colcon_core.shell:Creating package script '/root/ros_ws/install/pi_hub_srvs/share/pi_hub_srvs/package.bash'
[4.958s] INFO:colcon.colcon_core.shell:Creating package script '/root/ros_ws/install/pi_hub_srvs/share/pi_hub_srvs/package.zsh'
[4.959s] Level 1:colcon.colcon_core.environment:create_file_with_runtime_dependencies(/root/ros_ws/install/pi_hub_srvs/share/colcon-core/packages/pi_hub_srvs)
[5.299s] Level 1:colcon.colcon_core.environment:create_environment_scripts_only(pi_hub_srvs)
[5.303s] Level 1:colcon.colcon_core.environment:checking '/root/ros_ws/install/pi_hub_srvs' for CMake module files
[5.304s] Level 1:colcon.colcon_core.environment:checking '/root/ros_ws/install/pi_hub_srvs' for CMake config files
[5.306s] Level 1:colcon.colcon_core.shell:create_environment_hook('pi_hub_srvs', 'cmake_prefix_path')
[5.309s] INFO:colcon.colcon_core.shell:Creating environment hook '/root/ros_ws/install/pi_hub_srvs/share/pi_hub_srvs/hook/cmake_prefix_path.ps1'
[5.310s] INFO:colcon.colcon_core.shell:Creating environment descriptor '/root/ros_ws/install/pi_hub_srvs/share/pi_hub_srvs/hook/cmake_prefix_path.dsv'
[5.310s] INFO:colcon.colcon_core.shell:Creating environment hook '/root/ros_ws/install/pi_hub_srvs/share/pi_hub_srvs/hook/cmake_prefix_path.sh'
[5.312s] Level 1:colcon.colcon_core.environment:checking '/root/ros_ws/install/pi_hub_srvs/lib'
[5.312s] Level 1:colcon.colcon_core.shell:create_environment_hook('pi_hub_srvs', 'ld_library_path_lib')
[5.315s] INFO:colcon.colcon_core.shell:Creating environment hook '/root/ros_ws/install/pi_hub_srvs/share/pi_hub_srvs/hook/ld_library_path_lib.ps1'
[5.319s] INFO:colcon.colcon_core.shell:Creating environment descriptor '/root/ros_ws/install/pi_hub_srvs/share/pi_hub_srvs/hook/ld_library_path_lib.dsv'
[5.320s] INFO:colcon.colcon_core.shell:Creating environment hook '/root/ros_ws/install/pi_hub_srvs/share/pi_hub_srvs/hook/ld_library_path_lib.sh'
[5.325s] Level 1:colcon.colcon_core.environment:checking '/root/ros_ws/install/pi_hub_srvs/bin'
[5.326s] Level 1:colcon.colcon_core.environment:checking '/root/ros_ws/install/pi_hub_srvs/lib/pkgconfig/pi_hub_srvs.pc'
[5.326s] Level 1:colcon.colcon_core.environment:checking '/root/ros_ws/install/pi_hub_srvs/lib/python3.10/site-packages'
[5.327s] Level 1:colcon.colcon_core.environment:checking '/root/ros_ws/install/pi_hub_srvs/bin'
[5.330s] INFO:colcon.colcon_core.shell:Creating package script '/root/ros_ws/install/pi_hub_srvs/share/pi_hub_srvs/package.ps1'
[5.333s] INFO:colcon.colcon_core.shell:Creating package descriptor '/root/ros_ws/install/pi_hub_srvs/share/pi_hub_srvs/package.dsv'
[5.335s] INFO:colcon.colcon_core.shell:Creating package script '/root/ros_ws/install/pi_hub_srvs/share/pi_hub_srvs/package.sh'
[5.339s] INFO:colcon.colcon_core.shell:Creating package script '/root/ros_ws/install/pi_hub_srvs/share/pi_hub_srvs/package.bash'
[5.340s] INFO:colcon.colcon_core.shell:Creating package script '/root/ros_ws/install/pi_hub_srvs/share/pi_hub_srvs/package.zsh'
[5.341s] Level 1:colcon.colcon_core.environment:create_file_with_runtime_dependencies(/root/ros_ws/install/pi_hub_srvs/share/colcon-core/packages/pi_hub_srvs)
[5.585s] DEBUG:colcon.colcon_core.event_handler.log_command:Invoking command in '/root/ros_ws/src/pi_hub': AMENT_PREFIX_PATH=/root/ros_ws/install/pump_control:/root/ros_ws/install/led_control:/root/ros_ws/install/time_schedule:/root/ros_ws/install/pi_hub:/root/ros_ws/install/pi_hub_srvs:/root/ros_ws/install/gpio_conf:/opt/ros/humble PYTHONPATH=/root/ros_ws/build/pi_hub/prefix_override:/root/ros_ws/install/pi_hub/lib/python3.10/site-packages:/root/ros_ws/install/pump_control/lib/python3.10/site-packages:/root/ros_ws/install/led_control/lib/python3.10/site-packages:/root/ros_ws/install/time_schedule/lib/python3.10/site-packages:/root/ros_ws/install/pi_hub/lib/python3.10/site-packages:/root/ros_ws/install/pi_hub_srvs/local/lib/python3.10/dist-packages:/root/ros_ws/install/gpio_conf/lib/python3.10/site-packages:/opt/ros/humble/lib/python3.10/site-packages:/opt/ros/humble/local/lib/python3.10/dist-packages /usr/bin/python3 setup.py egg_info --egg-base ../../build/pi_hub build --build-base /root/ros_ws/build/pi_hub/build install --record /root/ros_ws/build/pi_hub/install.log --install-scripts $base/lib/pi_hub --single-version-externally-managed
[6.385s] DEBUG:colcon.colcon_core.event_handler.log_command:Invoked command in '/root/ros_ws/src/pi_hub' returned '0': AMENT_PREFIX_PATH=/root/ros_ws/install/pump_control:/root/ros_ws/install/led_control:/root/ros_ws/install/time_schedule:/root/ros_ws/install/pi_hub:/root/ros_ws/install/pi_hub_srvs:/root/ros_ws/install/gpio_conf:/opt/ros/humble PYTHONPATH=/root/ros_ws/build/pi_hub/prefix_override:/root/ros_ws/install/pi_hub/lib/python3.10/site-packages:/root/ros_ws/install/pump_control/lib/python3.10/site-packages:/root/ros_ws/install/led_control/lib/python3.10/site-packages:/root/ros_ws/install/time_schedule/lib/python3.10/site-packages:/root/ros_ws/install/pi_hub/lib/python3.10/site-packages:/root/ros_ws/install/pi_hub_srvs/local/lib/python3.10/dist-packages:/root/ros_ws/install/gpio_conf/lib/python3.10/site-packages:/opt/ros/humble/lib/python3.10/site-packages:/opt/ros/humble/local/lib/python3.10/dist-packages /usr/bin/python3 setup.py egg_info --egg-base ../../build/pi_hub build --build-base /root/ros_ws/build/pi_hub/build install --record /root/ros_ws/build/pi_hub/install.log --install-scripts $base/lib/pi_hub --single-version-externally-managed
[6.389s] Level 1:colcon.colcon_core.environment:checking '/root/ros_ws/install/pi_hub' for CMake module files
[6.391s] Level 1:colcon.colcon_core.environment:checking '/root/ros_ws/install/pi_hub' for CMake config files
[6.393s] Level 1:colcon.colcon_core.environment:checking '/root/ros_ws/install/pi_hub/lib'
[6.393s] Level 1:colcon.colcon_core.environment:checking '/root/ros_ws/install/pi_hub/bin'
[6.393s] Level 1:colcon.colcon_core.environment:checking '/root/ros_ws/install/pi_hub/lib/pkgconfig/pi_hub.pc'
[6.394s] Level 1:colcon.colcon_core.environment:checking '/root/ros_ws/install/pi_hub/lib/python3.10/site-packages'
[6.394s] Level 1:colcon.colcon_core.shell:create_environment_hook('pi_hub', 'pythonpath')
[6.398s] INFO:colcon.colcon_core.shell:Creating environment hook '/root/ros_ws/install/pi_hub/share/pi_hub/hook/pythonpath.ps1'
[6.400s] INFO:colcon.colcon_core.shell:Creating environment descriptor '/root/ros_ws/install/pi_hub/share/pi_hub/hook/pythonpath.dsv'
[6.406s] INFO:colcon.colcon_core.shell:Creating environment hook '/root/ros_ws/install/pi_hub/share/pi_hub/hook/pythonpath.sh'
[6.408s] Level 1:colcon.colcon_core.environment:checking '/root/ros_ws/install/pi_hub/bin'
[6.409s] Level 1:colcon.colcon_core.environment:create_environment_scripts_only(pi_hub)
[6.414s] INFO:colcon.colcon_core.shell:Creating package script '/root/ros_ws/install/pi_hub/share/pi_hub/package.ps1'
[6.415s] INFO:colcon.colcon_core.shell:Creating package descriptor '/root/ros_ws/install/pi_hub/share/pi_hub/package.dsv'
[6.417s] INFO:colcon.colcon_core.shell:Creating package script '/root/ros_ws/install/pi_hub/share/pi_hub/package.sh'
[6.419s] INFO:colcon.colcon_core.shell:Creating package script '/root/ros_ws/install/pi_hub/share/pi_hub/package.bash'
[6.420s] INFO:colcon.colcon_core.shell:Creating package script '/root/ros_ws/install/pi_hub/share/pi_hub/package.zsh'
[6.421s] Level 1:colcon.colcon_core.environment:create_file_with_runtime_dependencies(/root/ros_ws/install/pi_hub/share/colcon-core/packages/pi_hub)
[6.425s] DEBUG:colcon.colcon_parallel_executor.executor.parallel:closing loop
[6.425s] DEBUG:colcon.colcon_parallel_executor.executor.parallel:loop closed
[6.428s] DEBUG:colcon.colcon_parallel_executor.executor.parallel:run_until_complete finished with '0'
[6.428s] DEBUG:colcon.colcon_core.event_reactor:joining thread
[6.446s] INFO:colcon.colcon_core.plugin_system:Skipping extension 'colcon_notification.desktop_notification.notify_send': Could not find 'notify-send'
[6.447s] INFO:colcon.colcon_core.plugin_system:Skipping extension 'colcon_notification.desktop_notification.terminal_notifier': Not used on non-Darwin systems
[6.447s] INFO:colcon.colcon_core.plugin_system:Skipping extension 'colcon_notification.desktop_notification.win32': Not used on non-Windows systems
[6.447s] INFO:colcon.colcon_notification.desktop_notification:Sending desktop notification using 'notify2'
[6.447s] DEBUG:colcon.colcon_notification.desktop_notification.notify2:Failed to initialize notify2: org.freedesktop.DBus.Error.NotSupported: Unable to autolaunch a dbus-daemon without a $DISPLAY for X11
[6.447s] DEBUG:colcon.colcon_core.event_reactor:joined thread
[6.450s] INFO:colcon.colcon_core.shell:Creating prefix script '/root/ros_ws/install/local_setup.ps1'
[6.453s] INFO:colcon.colcon_core.shell:Creating prefix util module '/root/ros_ws/install/_local_setup_util_ps1.py'
[6.456s] INFO:colcon.colcon_core.shell:Creating prefix chain script '/root/ros_ws/install/setup.ps1'
[6.460s] INFO:colcon.colcon_core.shell:Creating prefix script '/root/ros_ws/install/local_setup.sh'
[6.465s] INFO:colcon.colcon_core.shell:Creating prefix util module '/root/ros_ws/install/_local_setup_util_sh.py'
[6.466s] INFO:colcon.colcon_core.shell:Creating prefix chain script '/root/ros_ws/install/setup.sh'
[6.471s] INFO:colcon.colcon_core.shell:Creating prefix script '/root/ros_ws/install/local_setup.bash'
[6.472s] INFO:colcon.colcon_core.shell:Creating prefix chain script '/root/ros_ws/install/setup.bash'
[6.475s] INFO:colcon.colcon_core.shell:Creating prefix script '/root/ros_ws/install/local_setup.zsh'
[6.477s] INFO:colcon.colcon_core.shell:Creating prefix chain script '/root/ros_ws/install/setup.zsh'
