[0.763s] Invoking command in '/root/ros_ws/build/pi_hub_srvs': CMAKE_PREFIX_PATH=${CMAKE_PREFIX_PATH}:/root/ros_ws/install/time_schedule:/root/ros_ws/install/pi_hub:/root/ros_ws/install/pump_control:/root/ros_ws/install/led_control:/root/ros_ws/install/gpio_conf:/opt/ros/humble /usr/bin/cmake --build /root/ros_ws/build/pi_hub_srvs -- -j4 -l4
[0.887s] [  2%] Built target pi_hub_srvs__cpp
[0.895s] [ 12%] Built target pi_hub_srvs__rosidl_generator_c
[0.964s] [ 23%] Built target pi_hub_srvs__rosidl_typesupport_introspection_c
[0.964s] [ 23%] Built target ament_cmake_python_copy_pi_hub_srvs
[0.994s] [ 34%] Built target pi_hub_srvs__rosidl_typesupport_fastrtps_c
[1.004s] [ 44%] Built target pi_hub_srvs__rosidl_typesupport_c
[1.076s] [ 55%] Built target pi_hub_srvs__rosidl_typesupport_introspection_cpp
[1.201s] [ 65%] Built target pi_hub_srvs__rosidl_typesupport_cpp
[1.234s] [ 76%] Built target pi_hub_srvs__rosidl_typesupport_fastrtps_cpp
[1.462s] [ 76%] Built target pi_hub_srvs
[1.635s] [ 78%] Built target pi_hub_srvs__py
[1.714s] [ 87%] Built target pi_hub_srvs__rosidl_generator_py
[1.853s] [ 91%] Built target pi_hub_srvs__rosidl_typesupport_introspection_c__pyext
[1.967s] [ 95%] Built target pi_hub_srvs__rosidl_typesupport_fastrtps_c__pyext
[2.001s] [100%] Built target pi_hub_srvs__rosidl_typesupport_c__pyext
[2.297s] running egg_info
[2.303s] writing pi_hub_srvs.egg-info/PKG-INFO
[2.303s] writing dependency_links to pi_hub_srvs.egg-info/dependency_links.txt
[2.304s] writing top-level names to pi_hub_srvs.egg-info/top_level.txt
[2.312s] reading manifest file 'pi_hub_srvs.egg-info/SOURCES.txt'
[2.316s] writing manifest file 'pi_hub_srvs.egg-info/SOURCES.txt'
[2.414s] [100%] Built target ament_cmake_python_build_pi_hub_srvs_egg
[2.468s] Invoked command in '/root/ros_ws/build/pi_hub_srvs' returned '0': CMAKE_PREFIX_PATH=${CMAKE_PREFIX_PATH}:/root/ros_ws/install/time_schedule:/root/ros_ws/install/pi_hub:/root/ros_ws/install/pump_control:/root/ros_ws/install/led_control:/root/ros_ws/install/gpio_conf:/opt/ros/humble /usr/bin/cmake --build /root/ros_ws/build/pi_hub_srvs -- -j4 -l4
[2.835s] Invoking command in '/root/ros_ws/build/pi_hub_srvs': CMAKE_PREFIX_PATH=${CMAKE_PREFIX_PATH}:/root/ros_ws/install/time_schedule:/root/ros_ws/install/pi_hub:/root/ros_ws/install/pump_control:/root/ros_ws/install/led_control:/root/ros_ws/install/gpio_conf:/opt/ros/humble /usr/bin/cmake --install /root/ros_ws/build/pi_hub_srvs
[2.858s] -- Install configuration: ""
[2.871s] -- Up-to-date: /root/ros_ws/install/pi_hub_srvs/share/ament_index/resource_index/rosidl_interfaces/pi_hub_srvs
[2.871s] -- Up-to-date: /root/ros_ws/install/pi_hub_srvs/include/pi_hub_srvs/pi_hub_srvs
[2.872s] -- Up-to-date: /root/ros_ws/install/pi_hub_srvs/include/pi_hub_srvs/pi_hub_srvs/msg
[2.872s] -- Up-to-date: /root/ros_ws/install/pi_hub_srvs/include/pi_hub_srvs/pi_hub_srvs/msg/rosidl_generator_c__visibility_control.h
[2.873s] -- Up-to-date: /root/ros_ws/install/pi_hub_srvs/include/pi_hub_srvs/pi_hub_srvs/srv
[2.874s] -- Up-to-date: /root/ros_ws/install/pi_hub_srvs/include/pi_hub_srvs/pi_hub_srvs/srv/detail
[2.877s] -- Up-to-date: /root/ros_ws/install/pi_hub_srvs/include/pi_hub_srvs/pi_hub_srvs/srv/detail/turn_off__type_support.h
[2.878s] -- Up-to-date: /root/ros_ws/install/pi_hub_srvs/include/pi_hub_srvs/pi_hub_srvs/srv/detail/control__struct.h
[2.879s] -- Up-to-date: /root/ros_ws/install/pi_hub_srvs/include/pi_hub_srvs/pi_hub_srvs/srv/detail/control__functions.c
[2.880s] -- Up-to-date: /root/ros_ws/install/pi_hub_srvs/include/pi_hub_srvs/pi_hub_srvs/srv/detail/control__functions.h
[2.881s] -- Up-to-date: /root/ros_ws/install/pi_hub_srvs/include/pi_hub_srvs/pi_hub_srvs/srv/detail/turn_off__functions.h
[2.881s] -- Up-to-date: /root/ros_ws/install/pi_hub_srvs/include/pi_hub_srvs/pi_hub_srvs/srv/detail/turn_on__functions.c
[2.882s] -- Up-to-date: /root/ros_ws/install/pi_hub_srvs/include/pi_hub_srvs/pi_hub_srvs/srv/detail/turn_on__functions.h
[2.888s] -- Up-to-date: /root/ros_ws/install/pi_hub_srvs/include/pi_hub_srvs/pi_hub_srvs/srv/detail/turn_off__struct.h
[2.896s] -- Up-to-date: /root/ros_ws/install/pi_hub_srvs/include/pi_hub_srvs/pi_hub_srvs/srv/detail/control__type_support.h
[2.897s] -- Up-to-date: /root/ros_ws/install/pi_hub_srvs/include/pi_hub_srvs/pi_hub_srvs/srv/detail/turn_on__struct.h
[2.898s] -- Up-to-date: /root/ros_ws/install/pi_hub_srvs/include/pi_hub_srvs/pi_hub_srvs/srv/detail/turn_off__functions.c
[2.898s] -- Up-to-date: /root/ros_ws/install/pi_hub_srvs/include/pi_hub_srvs/pi_hub_srvs/srv/detail/turn_on__type_support.h
[2.906s] -- Up-to-date: /root/ros_ws/install/pi_hub_srvs/include/pi_hub_srvs/pi_hub_srvs/srv/turn_off.h
[2.909s] -- Up-to-date: /root/ros_ws/install/pi_hub_srvs/include/pi_hub_srvs/pi_hub_srvs/srv/turn_on.h
[2.909s] -- Up-to-date: /root/ros_ws/install/pi_hub_srvs/include/pi_hub_srvs/pi_hub_srvs/srv/control.h
[2.910s] -- Up-to-date: /root/ros_ws/install/pi_hub_srvs/share/pi_hub_srvs/environment/library_path.sh
[2.910s] -- Up-to-date: /root/ros_ws/install/pi_hub_srvs/share/pi_hub_srvs/environment/library_path.dsv
[2.911s] -- Up-to-date: /root/ros_ws/install/pi_hub_srvs/lib/libpi_hub_srvs__rosidl_generator_c.so
[2.911s] -- Up-to-date: /root/ros_ws/install/pi_hub_srvs/include/pi_hub_srvs/pi_hub_srvs
[2.912s] -- Up-to-date: /root/ros_ws/install/pi_hub_srvs/include/pi_hub_srvs/pi_hub_srvs/msg
[2.912s] -- Up-to-date: /root/ros_ws/install/pi_hub_srvs/include/pi_hub_srvs/pi_hub_srvs/msg/rosidl_typesupport_fastrtps_c__visibility_control.h
[2.913s] -- Up-to-date: /root/ros_ws/install/pi_hub_srvs/include/pi_hub_srvs/pi_hub_srvs/srv
[2.914s] -- Up-to-date: /root/ros_ws/install/pi_hub_srvs/include/pi_hub_srvs/pi_hub_srvs/srv/detail
[2.915s] -- Up-to-date: /root/ros_ws/install/pi_hub_srvs/include/pi_hub_srvs/pi_hub_srvs/srv/detail/turn_off__rosidl_typesupport_fastrtps_c.h
[2.916s] -- Up-to-date: /root/ros_ws/install/pi_hub_srvs/include/pi_hub_srvs/pi_hub_srvs/srv/detail/turn_on__rosidl_typesupport_fastrtps_c.h
[2.916s] -- Up-to-date: /root/ros_ws/install/pi_hub_srvs/include/pi_hub_srvs/pi_hub_srvs/srv/detail/control__rosidl_typesupport_fastrtps_c.h
[2.918s] -- Up-to-date: /root/ros_ws/install/pi_hub_srvs/lib/libpi_hub_srvs__rosidl_typesupport_fastrtps_c.so
[2.919s] -- Up-to-date: /root/ros_ws/install/pi_hub_srvs/include/pi_hub_srvs/pi_hub_srvs
[2.920s] -- Up-to-date: /root/ros_ws/install/pi_hub_srvs/include/pi_hub_srvs/pi_hub_srvs/srv
[2.921s] -- Up-to-date: /root/ros_ws/install/pi_hub_srvs/include/pi_hub_srvs/pi_hub_srvs/srv/control.hpp
[2.922s] -- Up-to-date: /root/ros_ws/install/pi_hub_srvs/include/pi_hub_srvs/pi_hub_srvs/srv/detail
[2.937s] -- Up-to-date: /root/ros_ws/install/pi_hub_srvs/include/pi_hub_srvs/pi_hub_srvs/srv/detail/turn_off__builder.hpp
[2.939s] -- Up-to-date: /root/ros_ws/install/pi_hub_srvs/include/pi_hub_srvs/pi_hub_srvs/srv/detail/turn_off__traits.hpp
[2.941s] -- Up-to-date: /root/ros_ws/install/pi_hub_srvs/include/pi_hub_srvs/pi_hub_srvs/srv/detail/turn_off__struct.hpp
[2.942s] -- Up-to-date: /root/ros_ws/install/pi_hub_srvs/include/pi_hub_srvs/pi_hub_srvs/srv/detail/turn_on__builder.hpp
[2.943s] -- Up-to-date: /root/ros_ws/install/pi_hub_srvs/include/pi_hub_srvs/pi_hub_srvs/srv/detail/control__traits.hpp
[2.953s] -- Up-to-date: /root/ros_ws/install/pi_hub_srvs/include/pi_hub_srvs/pi_hub_srvs/srv/detail/control__struct.hpp
[2.954s] -- Up-to-date: /root/ros_ws/install/pi_hub_srvs/include/pi_hub_srvs/pi_hub_srvs/srv/detail/control__builder.hpp
[2.956s] -- Up-to-date: /root/ros_ws/install/pi_hub_srvs/include/pi_hub_srvs/pi_hub_srvs/srv/detail/turn_on__struct.hpp
[2.959s] -- Up-to-date: /root/ros_ws/install/pi_hub_srvs/include/pi_hub_srvs/pi_hub_srvs/srv/detail/turn_on__traits.hpp
[2.960s] -- Up-to-date: /root/ros_ws/install/pi_hub_srvs/include/pi_hub_srvs/pi_hub_srvs/srv/turn_off.hpp
[2.961s] -- Up-to-date: /root/ros_ws/install/pi_hub_srvs/include/pi_hub_srvs/pi_hub_srvs/srv/turn_on.hpp
[2.962s] -- Up-to-date: /root/ros_ws/install/pi_hub_srvs/include/pi_hub_srvs/pi_hub_srvs
[2.964s] -- Up-to-date: /root/ros_ws/install/pi_hub_srvs/include/pi_hub_srvs/pi_hub_srvs/msg
[2.965s] -- Up-to-date: /root/ros_ws/install/pi_hub_srvs/include/pi_hub_srvs/pi_hub_srvs/msg/rosidl_typesupport_fastrtps_cpp__visibility_control.h
[2.985s] -- Up-to-date: /root/ros_ws/install/pi_hub_srvs/include/pi_hub_srvs/pi_hub_srvs/srv
[2.986s] -- Up-to-date: /root/ros_ws/install/pi_hub_srvs/include/pi_hub_srvs/pi_hub_srvs/srv/detail
[2.987s] -- Up-to-date: /root/ros_ws/install/pi_hub_srvs/include/pi_hub_srvs/pi_hub_srvs/srv/detail/control__rosidl_typesupport_fastrtps_cpp.hpp
[2.987s] -- Up-to-date: /root/ros_ws/install/pi_hub_srvs/include/pi_hub_srvs/pi_hub_srvs/srv/detail/turn_on__rosidl_typesupport_fastrtps_cpp.hpp
[2.988s] -- Up-to-date: /root/ros_ws/install/pi_hub_srvs/include/pi_hub_srvs/pi_hub_srvs/srv/detail/dds_fastrtps
[2.988s] -- Up-to-date: /root/ros_ws/install/pi_hub_srvs/include/pi_hub_srvs/pi_hub_srvs/srv/detail/turn_off__rosidl_typesupport_fastrtps_cpp.hpp
[2.993s] -- Up-to-date: /root/ros_ws/install/pi_hub_srvs/lib/libpi_hub_srvs__rosidl_typesupport_fastrtps_cpp.so
[2.994s] -- Up-to-date: /root/ros_ws/install/pi_hub_srvs/include/pi_hub_srvs/pi_hub_srvs
[2.995s] -- Up-to-date: /root/ros_ws/install/pi_hub_srvs/include/pi_hub_srvs/pi_hub_srvs/msg
[2.995s] -- Up-to-date: /root/ros_ws/install/pi_hub_srvs/include/pi_hub_srvs/pi_hub_srvs/msg/rosidl_typesupport_introspection_c__visibility_control.h
[2.997s] -- Up-to-date: /root/ros_ws/install/pi_hub_srvs/include/pi_hub_srvs/pi_hub_srvs/srv
[2.999s] -- Up-to-date: /root/ros_ws/install/pi_hub_srvs/include/pi_hub_srvs/pi_hub_srvs/srv/detail
[3.007s] -- Up-to-date: /root/ros_ws/install/pi_hub_srvs/include/pi_hub_srvs/pi_hub_srvs/srv/detail/control__type_support.c
[3.007s] -- Up-to-date: /root/ros_ws/install/pi_hub_srvs/include/pi_hub_srvs/pi_hub_srvs/srv/detail/turn_on__type_support.c
[3.013s] -- Up-to-date: /root/ros_ws/install/pi_hub_srvs/include/pi_hub_srvs/pi_hub_srvs/srv/detail/control__rosidl_typesupport_introspection_c.h
[3.015s] -- Up-to-date: /root/ros_ws/install/pi_hub_srvs/include/pi_hub_srvs/pi_hub_srvs/srv/detail/turn_off__rosidl_typesupport_introspection_c.h
[3.017s] -- Up-to-date: /root/ros_ws/install/pi_hub_srvs/include/pi_hub_srvs/pi_hub_srvs/srv/detail/turn_off__type_support.c
[3.019s] -- Up-to-date: /root/ros_ws/install/pi_hub_srvs/include/pi_hub_srvs/pi_hub_srvs/srv/detail/turn_on__rosidl_typesupport_introspection_c.h
[3.020s] -- Up-to-date: /root/ros_ws/install/pi_hub_srvs/lib/libpi_hub_srvs__rosidl_typesupport_introspection_c.so
[3.020s] -- Up-to-date: /root/ros_ws/install/pi_hub_srvs/lib/libpi_hub_srvs__rosidl_typesupport_c.so
[3.023s] -- Up-to-date: /root/ros_ws/install/pi_hub_srvs/include/pi_hub_srvs/pi_hub_srvs
[3.032s] -- Up-to-date: /root/ros_ws/install/pi_hub_srvs/include/pi_hub_srvs/pi_hub_srvs/srv
[3.032s] -- Up-to-date: /root/ros_ws/install/pi_hub_srvs/include/pi_hub_srvs/pi_hub_srvs/srv/detail
[3.033s] -- Up-to-date: /root/ros_ws/install/pi_hub_srvs/include/pi_hub_srvs/pi_hub_srvs/srv/detail/turn_on__type_support.cpp
[3.037s] -- Up-to-date: /root/ros_ws/install/pi_hub_srvs/include/pi_hub_srvs/pi_hub_srvs/srv/detail/turn_on__rosidl_typesupport_introspection_cpp.hpp
[3.059s] -- Up-to-date: /root/ros_ws/install/pi_hub_srvs/include/pi_hub_srvs/pi_hub_srvs/srv/detail/turn_off__type_support.cpp
[3.059s] -- Up-to-date: /root/ros_ws/install/pi_hub_srvs/include/pi_hub_srvs/pi_hub_srvs/srv/detail/turn_off__rosidl_typesupport_introspection_cpp.hpp
[3.060s] -- Up-to-date: /root/ros_ws/install/pi_hub_srvs/include/pi_hub_srvs/pi_hub_srvs/srv/detail/control__rosidl_typesupport_introspection_cpp.hpp
[3.061s] -- Up-to-date: /root/ros_ws/install/pi_hub_srvs/include/pi_hub_srvs/pi_hub_srvs/srv/detail/control__type_support.cpp
[3.061s] -- Up-to-date: /root/ros_ws/install/pi_hub_srvs/lib/libpi_hub_srvs__rosidl_typesupport_introspection_cpp.so
[3.068s] -- Up-to-date: /root/ros_ws/install/pi_hub_srvs/lib/libpi_hub_srvs__rosidl_typesupport_cpp.so
[3.069s] -- Up-to-date: /root/ros_ws/install/pi_hub_srvs/share/pi_hub_srvs/environment/pythonpath.sh
[3.070s] -- Up-to-date: /root/ros_ws/install/pi_hub_srvs/share/pi_hub_srvs/environment/pythonpath.dsv
[3.071s] -- Up-to-date: /root/ros_ws/install/pi_hub_srvs/local/lib/python3.10/dist-packages/pi_hub_srvs-0.0.0-py3.10.egg-info
[3.075s] -- Installing: /root/ros_ws/install/pi_hub_srvs/local/lib/python3.10/dist-packages/pi_hub_srvs-0.0.0-py3.10.egg-info/SOURCES.txt
[3.079s] -- Installing: /root/ros_ws/install/pi_hub_srvs/local/lib/python3.10/dist-packages/pi_hub_srvs-0.0.0-py3.10.egg-info/dependency_links.txt
[3.096s] -- Installing: /root/ros_ws/install/pi_hub_srvs/local/lib/python3.10/dist-packages/pi_hub_srvs-0.0.0-py3.10.egg-info/PKG-INFO
[3.097s] -- Installing: /root/ros_ws/install/pi_hub_srvs/local/lib/python3.10/dist-packages/pi_hub_srvs-0.0.0-py3.10.egg-info/top_level.txt
[3.098s] -- Up-to-date: /root/ros_ws/install/pi_hub_srvs/local/lib/python3.10/dist-packages/pi_hub_srvs
[3.098s] -- Up-to-date: /root/ros_ws/install/pi_hub_srvs/local/lib/python3.10/dist-packages/pi_hub_srvs/_pi_hub_srvs_s.ep.rosidl_typesupport_c.c
[3.099s] -- Up-to-date: /root/ros_ws/install/pi_hub_srvs/local/lib/python3.10/dist-packages/pi_hub_srvs/pi_hub_srvs_s__rosidl_typesupport_c.cpython-310-x86_64-linux-gnu.so
[3.101s] -- Up-to-date: /root/ros_ws/install/pi_hub_srvs/local/lib/python3.10/dist-packages/pi_hub_srvs/_pi_hub_srvs_s.ep.rosidl_typesupport_fastrtps_c.c
[3.104s] -- Up-to-date: /root/ros_ws/install/pi_hub_srvs/local/lib/python3.10/dist-packages/pi_hub_srvs/libpi_hub_srvs__rosidl_generator_py.so
[3.104s] -- Up-to-date: /root/ros_ws/install/pi_hub_srvs/local/lib/python3.10/dist-packages/pi_hub_srvs/srv
[3.106s] -- Up-to-date: /root/ros_ws/install/pi_hub_srvs/local/lib/python3.10/dist-packages/pi_hub_srvs/srv/_turn_off_s.c
[3.108s] -- Up-to-date: /root/ros_ws/install/pi_hub_srvs/local/lib/python3.10/dist-packages/pi_hub_srvs/srv/_control_s.c
[3.109s] -- Up-to-date: /root/ros_ws/install/pi_hub_srvs/local/lib/python3.10/dist-packages/pi_hub_srvs/srv/_turn_off.py
[3.109s] -- Up-to-date: /root/ros_ws/install/pi_hub_srvs/local/lib/python3.10/dist-packages/pi_hub_srvs/srv/_control.py
[3.110s] -- Up-to-date: /root/ros_ws/install/pi_hub_srvs/local/lib/python3.10/dist-packages/pi_hub_srvs/srv/__init__.py
[3.111s] -- Up-to-date: /root/ros_ws/install/pi_hub_srvs/local/lib/python3.10/dist-packages/pi_hub_srvs/srv/_turn_on.py
[3.115s] -- Up-to-date: /root/ros_ws/install/pi_hub_srvs/local/lib/python3.10/dist-packages/pi_hub_srvs/srv/_turn_on_s.c
[3.116s] -- Up-to-date: /root/ros_ws/install/pi_hub_srvs/local/lib/python3.10/dist-packages/pi_hub_srvs/_pi_hub_srvs_s.ep.rosidl_typesupport_introspection_c.c
[3.117s] -- Up-to-date: /root/ros_ws/install/pi_hub_srvs/local/lib/python3.10/dist-packages/pi_hub_srvs/pi_hub_srvs_s__rosidl_typesupport_introspection_c.cpython-310-x86_64-linux-gnu.so
[3.117s] -- Up-to-date: /root/ros_ws/install/pi_hub_srvs/local/lib/python3.10/dist-packages/pi_hub_srvs/pi_hub_srvs_s__rosidl_typesupport_fastrtps_c.cpython-310-x86_64-linux-gnu.so
[3.120s] -- Up-to-date: /root/ros_ws/install/pi_hub_srvs/local/lib/python3.10/dist-packages/pi_hub_srvs/__init__.py
[3.297s] Listing '/root/ros_ws/install/pi_hub_srvs/local/lib/python3.10/dist-packages/pi_hub_srvs'...
[3.298s] Listing '/root/ros_ws/install/pi_hub_srvs/local/lib/python3.10/dist-packages/pi_hub_srvs/srv'...
[3.329s] -- Up-to-date: /root/ros_ws/install/pi_hub_srvs/local/lib/python3.10/dist-packages/pi_hub_srvs/pi_hub_srvs_s__rosidl_typesupport_fastrtps_c.cpython-310-x86_64-linux-gnu.so
[3.332s] -- Up-to-date: /root/ros_ws/install/pi_hub_srvs/local/lib/python3.10/dist-packages/pi_hub_srvs/pi_hub_srvs_s__rosidl_typesupport_introspection_c.cpython-310-x86_64-linux-gnu.so
[3.332s] -- Up-to-date: /root/ros_ws/install/pi_hub_srvs/local/lib/python3.10/dist-packages/pi_hub_srvs/pi_hub_srvs_s__rosidl_typesupport_c.cpython-310-x86_64-linux-gnu.so
[3.334s] -- Up-to-date: /root/ros_ws/install/pi_hub_srvs/lib/libpi_hub_srvs__rosidl_generator_py.so
[3.336s] -- Up-to-date: /root/ros_ws/install/pi_hub_srvs/share/pi_hub_srvs/srv/TurnOn.idl
[3.338s] -- Up-to-date: /root/ros_ws/install/pi_hub_srvs/share/pi_hub_srvs/srv/TurnOff.idl
[3.340s] -- Up-to-date: /root/ros_ws/install/pi_hub_srvs/share/pi_hub_srvs/srv/Control.idl
[3.341s] -- Up-to-date: /root/ros_ws/install/pi_hub_srvs/share/pi_hub_srvs/srv/TurnOn.srv
[3.342s] -- Up-to-date: /root/ros_ws/install/pi_hub_srvs/share/pi_hub_srvs/srv/TurnOn_Request.msg
[3.343s] -- Up-to-date: /root/ros_ws/install/pi_hub_srvs/share/pi_hub_srvs/srv/TurnOn_Response.msg
[3.344s] -- Up-to-date: /root/ros_ws/install/pi_hub_srvs/share/pi_hub_srvs/srv/TurnOff.srv
[3.344s] -- Up-to-date: /root/ros_ws/install/pi_hub_srvs/share/pi_hub_srvs/srv/TurnOff_Request.msg
[3.345s] -- Up-to-date: /root/ros_ws/install/pi_hub_srvs/share/pi_hub_srvs/srv/TurnOff_Response.msg
[3.345s] -- Up-to-date: /root/ros_ws/install/pi_hub_srvs/share/pi_hub_srvs/srv/Control.srv
[3.346s] -- Up-to-date: /root/ros_ws/install/pi_hub_srvs/share/pi_hub_srvs/srv/Control_Request.msg
[3.348s] -- Up-to-date: /root/ros_ws/install/pi_hub_srvs/share/pi_hub_srvs/srv/Control_Response.msg
[3.349s] -- Up-to-date: /root/ros_ws/install/pi_hub_srvs/share/ament_index/resource_index/package_run_dependencies/pi_hub_srvs
[3.350s] -- Up-to-date: /root/ros_ws/install/pi_hub_srvs/share/ament_index/resource_index/parent_prefix_path/pi_hub_srvs
[3.350s] -- Up-to-date: /root/ros_ws/install/pi_hub_srvs/share/pi_hub_srvs/environment/ament_prefix_path.sh
[3.351s] -- Up-to-date: /root/ros_ws/install/pi_hub_srvs/share/pi_hub_srvs/environment/ament_prefix_path.dsv
[3.352s] -- Up-to-date: /root/ros_ws/install/pi_hub_srvs/share/pi_hub_srvs/environment/path.sh
[3.353s] -- Up-to-date: /root/ros_ws/install/pi_hub_srvs/share/pi_hub_srvs/environment/path.dsv
[3.353s] -- Up-to-date: /root/ros_ws/install/pi_hub_srvs/share/pi_hub_srvs/local_setup.bash
[3.354s] -- Up-to-date: /root/ros_ws/install/pi_hub_srvs/share/pi_hub_srvs/local_setup.sh
[3.354s] -- Up-to-date: /root/ros_ws/install/pi_hub_srvs/share/pi_hub_srvs/local_setup.zsh
[3.355s] -- Up-to-date: /root/ros_ws/install/pi_hub_srvs/share/pi_hub_srvs/local_setup.dsv
[3.355s] -- Installing: /root/ros_ws/install/pi_hub_srvs/share/pi_hub_srvs/package.dsv
[3.356s] -- Up-to-date: /root/ros_ws/install/pi_hub_srvs/share/ament_index/resource_index/packages/pi_hub_srvs
[3.356s] -- Up-to-date: /root/ros_ws/install/pi_hub_srvs/share/pi_hub_srvs/cmake/export_pi_hub_srvs__rosidl_generator_cExport.cmake
[3.357s] -- Up-to-date: /root/ros_ws/install/pi_hub_srvs/share/pi_hub_srvs/cmake/export_pi_hub_srvs__rosidl_generator_cExport-noconfig.cmake
[3.357s] -- Up-to-date: /root/ros_ws/install/pi_hub_srvs/share/pi_hub_srvs/cmake/export_pi_hub_srvs__rosidl_typesupport_fastrtps_cExport.cmake
[3.358s] -- Up-to-date: /root/ros_ws/install/pi_hub_srvs/share/pi_hub_srvs/cmake/export_pi_hub_srvs__rosidl_typesupport_fastrtps_cExport-noconfig.cmake
[3.359s] -- Up-to-date: /root/ros_ws/install/pi_hub_srvs/share/pi_hub_srvs/cmake/export_pi_hub_srvs__rosidl_generator_cppExport.cmake
[3.360s] -- Up-to-date: /root/ros_ws/install/pi_hub_srvs/share/pi_hub_srvs/cmake/export_pi_hub_srvs__rosidl_typesupport_fastrtps_cppExport.cmake
[3.360s] -- Up-to-date: /root/ros_ws/install/pi_hub_srvs/share/pi_hub_srvs/cmake/export_pi_hub_srvs__rosidl_typesupport_fastrtps_cppExport-noconfig.cmake
[3.361s] -- Up-to-date: /root/ros_ws/install/pi_hub_srvs/share/pi_hub_srvs/cmake/pi_hub_srvs__rosidl_typesupport_introspection_cExport.cmake
[3.361s] -- Up-to-date: /root/ros_ws/install/pi_hub_srvs/share/pi_hub_srvs/cmake/pi_hub_srvs__rosidl_typesupport_introspection_cExport-noconfig.cmake
[3.362s] -- Up-to-date: /root/ros_ws/install/pi_hub_srvs/share/pi_hub_srvs/cmake/pi_hub_srvs__rosidl_typesupport_cExport.cmake
[3.362s] -- Up-to-date: /root/ros_ws/install/pi_hub_srvs/share/pi_hub_srvs/cmake/pi_hub_srvs__rosidl_typesupport_cExport-noconfig.cmake
[3.363s] -- Up-to-date: /root/ros_ws/install/pi_hub_srvs/share/pi_hub_srvs/cmake/pi_hub_srvs__rosidl_typesupport_introspection_cppExport.cmake
[3.363s] -- Up-to-date: /root/ros_ws/install/pi_hub_srvs/share/pi_hub_srvs/cmake/pi_hub_srvs__rosidl_typesupport_introspection_cppExport-noconfig.cmake
[3.364s] -- Up-to-date: /root/ros_ws/install/pi_hub_srvs/share/pi_hub_srvs/cmake/pi_hub_srvs__rosidl_typesupport_cppExport.cmake
[3.364s] -- Up-to-date: /root/ros_ws/install/pi_hub_srvs/share/pi_hub_srvs/cmake/pi_hub_srvs__rosidl_typesupport_cppExport-noconfig.cmake
[3.365s] -- Up-to-date: /root/ros_ws/install/pi_hub_srvs/share/pi_hub_srvs/cmake/export_pi_hub_srvs__rosidl_generator_pyExport.cmake
[3.365s] -- Up-to-date: /root/ros_ws/install/pi_hub_srvs/share/pi_hub_srvs/cmake/export_pi_hub_srvs__rosidl_generator_pyExport-noconfig.cmake
[3.366s] -- Up-to-date: /root/ros_ws/install/pi_hub_srvs/share/pi_hub_srvs/cmake/rosidl_cmake-extras.cmake
[3.366s] -- Up-to-date: /root/ros_ws/install/pi_hub_srvs/share/pi_hub_srvs/cmake/ament_cmake_export_dependencies-extras.cmake
[3.367s] -- Up-to-date: /root/ros_ws/install/pi_hub_srvs/share/pi_hub_srvs/cmake/ament_cmake_export_include_directories-extras.cmake
[3.367s] -- Up-to-date: /root/ros_ws/install/pi_hub_srvs/share/pi_hub_srvs/cmake/ament_cmake_export_libraries-extras.cmake
[3.368s] -- Up-to-date: /root/ros_ws/install/pi_hub_srvs/share/pi_hub_srvs/cmake/ament_cmake_export_targets-extras.cmake
[3.368s] -- Up-to-date: /root/ros_ws/install/pi_hub_srvs/share/pi_hub_srvs/cmake/rosidl_cmake_export_typesupport_targets-extras.cmake
[3.369s] -- Up-to-date: /root/ros_ws/install/pi_hub_srvs/share/pi_hub_srvs/cmake/rosidl_cmake_export_typesupport_libraries-extras.cmake
[3.369s] -- Up-to-date: /root/ros_ws/install/pi_hub_srvs/share/pi_hub_srvs/cmake/pi_hub_srvsConfig.cmake
[3.380s] -- Up-to-date: /root/ros_ws/install/pi_hub_srvs/share/pi_hub_srvs/cmake/pi_hub_srvsConfig-version.cmake
[3.380s] -- Up-to-date: /root/ros_ws/install/pi_hub_srvs/share/pi_hub_srvs/package.xml
[3.887s] Invoked command in '/root/ros_ws/build/pi_hub_srvs' returned '0': CMAKE_PREFIX_PATH=${CMAKE_PREFIX_PATH}:/root/ros_ws/install/time_schedule:/root/ros_ws/install/pi_hub:/root/ros_ws/install/pump_control:/root/ros_ws/install/led_control:/root/ros_ws/install/gpio_conf:/opt/ros/humble /usr/bin/cmake --install /root/ros_ws/build/pi_hub_srvs
