[2.078s] Invoking command in '/root/ros_ws/src/led_control': PYTHONPATH=/root/ros_ws/build/led_control/prefix_override:/root/ros_ws/install/led_control/lib/python3.10/site-packages:${PYTHONPATH} /usr/bin/python3 setup.py egg_info --egg-base ../../build/led_control build --build-base /root/ros_ws/build/led_control/build install --record /root/ros_ws/build/led_control/install.log --install-scripts $base/lib/led_control --single-version-externally-managed
[2.849s] /usr/lib/python3/dist-packages/setuptools/dist.py:723: UserWarning: Usage of dash-separated 'script-dir' will not be supported in future versions. Please use the underscore name 'script_dir' instead
[2.849s]   warnings.warn(
[2.905s] running egg_info
[2.925s] writing ../../build/led_control/led_control.egg-info/PKG-INFO
[2.938s] writing dependency_links to ../../build/led_control/led_control.egg-info/dependency_links.txt
[2.940s] writing entry points to ../../build/led_control/led_control.egg-info/entry_points.txt
[2.941s] writing requirements to ../../build/led_control/led_control.egg-info/requires.txt
[2.941s] writing top-level names to ../../build/led_control/led_control.egg-info/top_level.txt
[2.961s] reading manifest file '../../build/led_control/led_control.egg-info/SOURCES.txt'
[2.978s] writing manifest file '../../build/led_control/led_control.egg-info/SOURCES.txt'
[2.998s] running build
[2.998s] running build_py
[3.006s] running install
[3.007s] /usr/lib/python3/dist-packages/setuptools/command/install.py:34: SetuptoolsDeprecationWarning: setup.py install is deprecated. Use build and pip and other standards-based tools.
[3.007s]   warnings.warn(
[3.008s] running install_lib
[3.016s] running install_data
[3.017s] running install_egg_info
[3.033s] removing '/root/ros_ws/install/led_control/lib/python3.10/site-packages/led_control-0.0.0-py3.10.egg-info' (and everything under it)
[3.042s] Copying ../../build/led_control/led_control.egg-info to /root/ros_ws/install/led_control/lib/python3.10/site-packages/led_control-0.0.0-py3.10.egg-info
[3.058s] running install_scripts
[3.151s] Installing led_control_node script to /root/ros_ws/install/led_control/lib/led_control
[3.151s] writing list of installed files to '/root/ros_ws/build/led_control/install.log'
[3.392s] Invoked command in '/root/ros_ws/src/led_control' returned '0': PYTHONPATH=/root/ros_ws/build/led_control/prefix_override:/root/ros_ws/install/led_control/lib/python3.10/site-packages:${PYTHONPATH} /usr/bin/python3 setup.py egg_info --egg-base ../../build/led_control build --build-base /root/ros_ws/build/led_control/build install --record /root/ros_ws/build/led_control/install.log --install-scripts $base/lib/led_control --single-version-externally-managed
