[1.040s] Invoking command in '/root/ros_ws/src/pump_control': PYTHONPATH=/root/ros_ws/install/pump_control/lib/python3.8/site-packages: /usr/bin/python3 setup.py egg_info --egg-base ../../build/pump_control build --build-base /root/ros_ws/build/pump_control/build install --prefix /root/ros_ws/install/pump_control --record /root/ros_ws/build/pump_control/install.log --single-version-externally-managed
[1.167s] running egg_info
[1.169s] creating ../../build/pump_control/pump_control.egg-info
[1.169s] writing ../../build/pump_control/pump_control.egg-info/PKG-INFO
[1.169s] writing dependency_links to ../../build/pump_control/pump_control.egg-info/dependency_links.txt
[1.170s] writing entry points to ../../build/pump_control/pump_control.egg-info/entry_points.txt
[1.170s] writing requirements to ../../build/pump_control/pump_control.egg-info/requires.txt
[1.170s] writing top-level names to ../../build/pump_control/pump_control.egg-info/top_level.txt
[1.170s] writing manifest file '../../build/pump_control/pump_control.egg-info/SOURCES.txt'
[1.199s] reading manifest file '../../build/pump_control/pump_control.egg-info/SOURCES.txt'
[1.200s] writing manifest file '../../build/pump_control/pump_control.egg-info/SOURCES.txt'
[1.200s] running build
[1.200s] running build_py
[1.200s] creating /root/ros_ws/build/pump_control/build
[1.200s] creating /root/ros_ws/build/pump_control/build/lib
[1.200s] creating /root/ros_ws/build/pump_control/build/lib/pump_control
[1.200s] copying pump_control/pump_control_node.py -> /root/ros_ws/build/pump_control/build/lib/pump_control
[1.200s] copying pump_control/__init__.py -> /root/ros_ws/build/pump_control/build/lib/pump_control
[1.200s] running install
[1.200s] running install_lib
[1.201s] creating /root/ros_ws/install/pump_control/lib/python3.8/site-packages/pump_control
[1.201s] copying /root/ros_ws/build/pump_control/build/lib/pump_control/pump_control_node.py -> /root/ros_ws/install/pump_control/lib/python3.8/site-packages/pump_control
[1.201s] copying /root/ros_ws/build/pump_control/build/lib/pump_control/__init__.py -> /root/ros_ws/install/pump_control/lib/python3.8/site-packages/pump_control
[1.201s] byte-compiling /root/ros_ws/install/pump_control/lib/python3.8/site-packages/pump_control/pump_control_node.py to pump_control_node.cpython-38.pyc
[1.202s] byte-compiling /root/ros_ws/install/pump_control/lib/python3.8/site-packages/pump_control/__init__.py to __init__.cpython-38.pyc
[1.202s] running install_data
[1.202s] creating /root/ros_ws/install/pump_control/share/ament_index
[1.203s] creating /root/ros_ws/install/pump_control/share/ament_index/resource_index
[1.203s] creating /root/ros_ws/install/pump_control/share/ament_index/resource_index/packages
[1.203s] copying resource/pump_control -> /root/ros_ws/install/pump_control/share/ament_index/resource_index/packages
[1.203s] copying package.xml -> /root/ros_ws/install/pump_control/share/pump_control
[1.203s] running install_egg_info
[1.205s] Copying ../../build/pump_control/pump_control.egg-info to /root/ros_ws/install/pump_control/lib/python3.8/site-packages/pump_control-0.0.0-py3.8.egg-info
[1.205s] running install_scripts
[1.217s] Installing pump_control_node script to /root/ros_ws/install/pump_control/lib/pump_control
[1.217s] writing list of installed files to '/root/ros_ws/build/pump_control/install.log'
[1.239s] Invoked command in '/root/ros_ws/src/pump_control' returned '0': PYTHONPATH=/root/ros_ws/install/pump_control/lib/python3.8/site-packages: /usr/bin/python3 setup.py egg_info --egg-base ../../build/pump_control build --build-base /root/ros_ws/build/pump_control/build install --prefix /root/ros_ws/install/pump_control --record /root/ros_ws/build/pump_control/install.log --single-version-externally-managed
