[0.962s] Invoking command in '/root/ros_ws/src/led_control': PYTHONPATH=/root/ros_ws/build/led_control/prefix_override:/root/ros_ws/install/led_control/lib/python3.10/site-packages:${PYTHONPATH} /usr/bin/python3 setup.py egg_info --egg-base ../../build/led_control build --build-base /root/ros_ws/build/led_control/build install --record /root/ros_ws/build/led_control/install.log --install-scripts $base/lib/led_control --single-version-externally-managed
[1.090s] /usr/lib/python3/dist-packages/setuptools/dist.py:723: UserWarning: Usage of dash-separated 'script-dir' will not be supported in future versions. Please use the underscore name 'script_dir' instead
[1.090s]   warnings.warn(
[1.097s] running egg_info
[1.097s] creating ../../build/led_control/led_control.egg-info
[1.098s] writing ../../build/led_control/led_control.egg-info/PKG-INFO
[1.098s] writing dependency_links to ../../build/led_control/led_control.egg-info/dependency_links.txt
[1.098s] writing entry points to ../../build/led_control/led_control.egg-info/entry_points.txt
[1.098s] writing requirements to ../../build/led_control/led_control.egg-info/requires.txt
[1.098s] writing top-level names to ../../build/led_control/led_control.egg-info/top_level.txt
[1.098s] writing manifest file '../../build/led_control/led_control.egg-info/SOURCES.txt'
[1.100s] reading manifest file '../../build/led_control/led_control.egg-info/SOURCES.txt'
[1.100s] writing manifest file '../../build/led_control/led_control.egg-info/SOURCES.txt'
[1.100s] running build
[1.100s] running build_py
[1.100s] creating /root/ros_ws/build/led_control/build
[1.100s] creating /root/ros_ws/build/led_control/build/lib
[1.100s] creating /root/ros_ws/build/led_control/build/lib/led_control
[1.101s] copying led_control/led_control_node.py -> /root/ros_ws/build/led_control/build/lib/led_control
[1.101s] copying led_control/__init__.py -> /root/ros_ws/build/led_control/build/lib/led_control
[1.101s] running install
[1.101s] /usr/lib/python3/dist-packages/setuptools/command/install.py:34: SetuptoolsDeprecationWarning: setup.py install is deprecated. Use build and pip and other standards-based tools.
[1.101s]   warnings.warn(
[1.101s] running install_lib
[1.103s] creating /root/ros_ws/install/led_control/lib/python3.10/site-packages/led_control
[1.103s] copying /root/ros_ws/build/led_control/build/lib/led_control/led_control_node.py -> /root/ros_ws/install/led_control/lib/python3.10/site-packages/led_control
[1.103s] copying /root/ros_ws/build/led_control/build/lib/led_control/__init__.py -> /root/ros_ws/install/led_control/lib/python3.10/site-packages/led_control
[1.103s] byte-compiling /root/ros_ws/install/led_control/lib/python3.10/site-packages/led_control/led_control_node.py to led_control_node.cpython-310.pyc
[1.103s] byte-compiling /root/ros_ws/install/led_control/lib/python3.10/site-packages/led_control/__init__.py to __init__.cpython-310.pyc
[1.103s] running install_data
[1.103s] creating /root/ros_ws/install/led_control/share/ament_index
[1.104s] creating /root/ros_ws/install/led_control/share/ament_index/resource_index
[1.104s] creating /root/ros_ws/install/led_control/share/ament_index/resource_index/packages
[1.104s] copying resource/led_control -> /root/ros_ws/install/led_control/share/ament_index/resource_index/packages
[1.104s] copying package.xml -> /root/ros_ws/install/led_control/share/led_control
[1.104s] running install_egg_info
[1.104s] Copying ../../build/led_control/led_control.egg-info to /root/ros_ws/install/led_control/lib/python3.10/site-packages/led_control-0.0.0-py3.10.egg-info
[1.105s] running install_scripts
[1.121s] Installing led_control_node script to /root/ros_ws/install/led_control/lib/led_control
[1.121s] writing list of installed files to '/root/ros_ws/build/led_control/install.log'
[1.167s] Invoked command in '/root/ros_ws/src/led_control' returned '0': PYTHONPATH=/root/ros_ws/build/led_control/prefix_override:/root/ros_ws/install/led_control/lib/python3.10/site-packages:${PYTHONPATH} /usr/bin/python3 setup.py egg_info --egg-base ../../build/led_control build --build-base /root/ros_ws/build/led_control/build install --record /root/ros_ws/build/led_control/install.log --install-scripts $base/lib/led_control --single-version-externally-managed
