running egg_info
creating ../../build/gpio_conf/gpio_conf.egg-info
writing ../../build/gpio_conf/gpio_conf.egg-info/PKG-INFO
writing dependency_links to ../../build/gpio_conf/gpio_conf.egg-info/dependency_links.txt
writing entry points to ../../build/gpio_conf/gpio_conf.egg-info/entry_points.txt
writing requirements to ../../build/gpio_conf/gpio_conf.egg-info/requires.txt
writing top-level names to ../../build/gpio_conf/gpio_conf.egg-info/top_level.txt
writing manifest file '../../build/gpio_conf/gpio_conf.egg-info/SOURCES.txt'
reading manifest file '../../build/gpio_conf/gpio_conf.egg-info/SOURCES.txt'
writing manifest file '../../build/gpio_conf/gpio_conf.egg-info/SOURCES.txt'
running build
running build_py
creating /root/ros_ws/build/gpio_conf/build
creating /root/ros_ws/build/gpio_conf/build/lib
creating /root/ros_ws/build/gpio_conf/build/lib/gpio_conf
copying gpio_conf/gpio_conf_node.py -> /root/ros_ws/build/gpio_conf/build/lib/gpio_conf
copying gpio_conf/__init__.py -> /root/ros_ws/build/gpio_conf/build/lib/gpio_conf
running install
running install_lib
running install_data
running install_egg_info
removing '/root/ros_ws/install/gpio_conf/lib/python3.10/site-packages/gpio_conf-0.0.0-py3.10.egg-info' (and everything under it)
Copying ../../build/gpio_conf/gpio_conf.egg-info to /root/ros_ws/install/gpio_conf/lib/python3.10/site-packages/gpio_conf-0.0.0-py3.10.egg-info
running install_scripts
Installing gpio_conf_node script to /root/ros_ws/install/gpio_conf/lib/gpio_conf
writing list of installed files to '/root/ros_ws/build/gpio_conf/install.log'
