[1.000s] Invoking command in '/root/ros_ws/src/pi_hub': PYTHONPATH=/root/ros_ws/build/pi_hub/prefix_override:/root/ros_ws/install/pi_hub/lib/python3.10/site-packages:${PYTHONPATH} /usr/bin/python3 setup.py egg_info --egg-base ../../build/pi_hub build --build-base /root/ros_ws/build/pi_hub/build install --record /root/ros_ws/build/pi_hub/install.log --install-scripts $base/lib/pi_hub --single-version-externally-managed
[1.129s] /usr/lib/python3/dist-packages/setuptools/dist.py:723: UserWarning: Usage of dash-separated 'script-dir' will not be supported in future versions. Please use the underscore name 'script_dir' instead
[1.129s]   warnings.warn(
[1.137s] running egg_info
[1.137s] creating ../../build/pi_hub/pi_hub.egg-info
[1.137s] writing ../../build/pi_hub/pi_hub.egg-info/PKG-INFO
[1.137s] writing dependency_links to ../../build/pi_hub/pi_hub.egg-info/dependency_links.txt
[1.137s] writing entry points to ../../build/pi_hub/pi_hub.egg-info/entry_points.txt
[1.137s] writing requirements to ../../build/pi_hub/pi_hub.egg-info/requires.txt
[1.137s] writing top-level names to ../../build/pi_hub/pi_hub.egg-info/top_level.txt
[1.137s] writing manifest file '../../build/pi_hub/pi_hub.egg-info/SOURCES.txt'
[1.139s] reading manifest file '../../build/pi_hub/pi_hub.egg-info/SOURCES.txt'
[1.139s] writing manifest file '../../build/pi_hub/pi_hub.egg-info/SOURCES.txt'
[1.139s] running build
[1.140s] running build_py
[1.140s] creating /root/ros_ws/build/pi_hub/build
[1.140s] creating /root/ros_ws/build/pi_hub/build/lib
[1.140s] creating /root/ros_ws/build/pi_hub/build/lib/pi_hub
[1.141s] copying pi_hub/__init__.py -> /root/ros_ws/build/pi_hub/build/lib/pi_hub
[1.141s] running install
[1.142s] running install_lib
[1.142s] creating /root/ros_ws/install/pi_hub/lib/python3.10/site-packages/pi_hub
[1.142s] /usr/lib/python3/dist-packages/setuptools/command/install.py:34: SetuptoolsDeprecationWarning: setup.py install is deprecated. Use build and pip and other standards-based tools.
[1.142s]   warnings.warn(
[1.142s] copying /root/ros_ws/build/pi_hub/build/lib/pi_hub/__init__.py -> /root/ros_ws/install/pi_hub/lib/python3.10/site-packages/pi_hub
[1.142s] byte-compiling /root/ros_ws/install/pi_hub/lib/python3.10/site-packages/pi_hub/__init__.py to __init__.cpython-310.pyc
[1.143s] running install_data
[1.143s] creating /root/ros_ws/install/pi_hub/share/ament_index
[1.144s] creating /root/ros_ws/install/pi_hub/share/ament_index/resource_index
[1.145s] creating /root/ros_ws/install/pi_hub/share/ament_index/resource_index/packages
[1.145s] copying resource/pi_hub -> /root/ros_ws/install/pi_hub/share/ament_index/resource_index/packages
[1.145s] copying package.xml -> /root/ros_ws/install/pi_hub/share/pi_hub
[1.145s] running install_egg_info
[1.146s] Copying ../../build/pi_hub/pi_hub.egg-info to /root/ros_ws/install/pi_hub/lib/python3.10/site-packages/pi_hub-0.0.0-py3.10.egg-info
[1.147s] running install_scripts
[1.162s] writing list of installed files to '/root/ros_ws/build/pi_hub/install.log'
[1.192s] Invoked command in '/root/ros_ws/src/pi_hub' returned '0': PYTHONPATH=/root/ros_ws/build/pi_hub/prefix_override:/root/ros_ws/install/pi_hub/lib/python3.10/site-packages:${PYTHONPATH} /usr/bin/python3 setup.py egg_info --egg-base ../../build/pi_hub build --build-base /root/ros_ws/build/pi_hub/build install --record /root/ros_ws/build/pi_hub/install.log --install-scripts $base/lib/pi_hub --single-version-externally-managed
