[2.498s] Invoking command in '/root/ros_ws/src/led_control': PYTHONPATH=/root/ros_ws/build/led_control/prefix_override:/root/ros_ws/install/led_control/lib/python3.10/site-packages:${PYTHONPATH} /usr/bin/python3 setup.py egg_info --egg-base ../../build/led_control build --build-base /root/ros_ws/build/led_control/build install --record /root/ros_ws/build/led_control/install.log --install-scripts $base/lib/led_control --single-version-externally-managed
[3.501s] /usr/lib/python3/dist-packages/setuptools/dist.py:723: UserWarning: Usage of dash-separated 'script-dir' will not be supported in future versions. Please use the underscore name 'script_dir' instead
[3.502s]   warnings.warn(
[3.530s] running egg_info
[3.530s] creating ../../build/led_control/led_control.egg-info
[3.530s] writing ../../build/led_control/led_control.egg-info/PKG-INFO
[3.531s] writing dependency_links to ../../build/led_control/led_control.egg-info/dependency_links.txt
[3.533s] writing entry points to ../../build/led_control/led_control.egg-info/entry_points.txt
[3.534s] writing requirements to ../../build/led_control/led_control.egg-info/requires.txt
[3.534s] writing top-level names to ../../build/led_control/led_control.egg-info/top_level.txt
[3.535s] writing manifest file '../../build/led_control/led_control.egg-info/SOURCES.txt'
[3.546s] reading manifest file '../../build/led_control/led_control.egg-info/SOURCES.txt'
[3.550s] writing manifest file '../../build/led_control/led_control.egg-info/SOURCES.txt'
[3.551s] running build
[3.551s] running build_py
[3.554s] creating /root/ros_ws/build/led_control/build
[3.558s] creating /root/ros_ws/build/led_control/build/lib
[3.559s] creating /root/ros_ws/build/led_control/build/lib/led_control
[3.560s] copying led_control/led_control_node.py -> /root/ros_ws/build/led_control/build/lib/led_control
[3.562s] copying led_control/__init__.py -> /root/ros_ws/build/led_control/build/lib/led_control
[3.564s] running install
[3.565s] /usr/lib/python3/dist-packages/setuptools/command/install.py:34: SetuptoolsDeprecationWarning: setup.py install is deprecated. Use build and pip and other standards-based tools.
[3.565s]   warnings.warn(
[3.567s] running install_lib
[3.572s] creating /root/ros_ws/install/led_control/lib/python3.10/site-packages/led_control
[3.575s] copying /root/ros_ws/build/led_control/build/lib/led_control/led_control_node.py -> /root/ros_ws/install/led_control/lib/python3.10/site-packages/led_control
[3.576s] copying /root/ros_ws/build/led_control/build/lib/led_control/__init__.py -> /root/ros_ws/install/led_control/lib/python3.10/site-packages/led_control
[3.582s] byte-compiling /root/ros_ws/install/led_control/lib/python3.10/site-packages/led_control/led_control_node.py to led_control_node.cpython-310.pyc
[3.583s] byte-compiling /root/ros_ws/install/led_control/lib/python3.10/site-packages/led_control/__init__.py to __init__.cpython-310.pyc
[3.585s] running install_data
[3.586s] creating /root/ros_ws/install/led_control/share/ament_index
[3.587s] creating /root/ros_ws/install/led_control/share/ament_index/resource_index
[3.588s] creating /root/ros_ws/install/led_control/share/ament_index/resource_index/packages
[3.588s] copying resource/led_control -> /root/ros_ws/install/led_control/share/ament_index/resource_index/packages
[3.589s] copying package.xml -> /root/ros_ws/install/led_control/share/led_control
[3.592s] running install_egg_info
[3.598s] Copying ../../build/led_control/led_control.egg-info to /root/ros_ws/install/led_control/lib/python3.10/site-packages/led_control-0.0.0-py3.10.egg-info
[3.602s] running install_scripts
[3.698s] Installing led_control_node script to /root/ros_ws/install/led_control/lib/led_control
[3.698s] writing list of installed files to '/root/ros_ws/build/led_control/install.log'
[3.819s] Invoked command in '/root/ros_ws/src/led_control' returned '0': PYTHONPATH=/root/ros_ws/build/led_control/prefix_override:/root/ros_ws/install/led_control/lib/python3.10/site-packages:${PYTHONPATH} /usr/bin/python3 setup.py egg_info --egg-base ../../build/led_control build --build-base /root/ros_ws/build/led_control/build install --record /root/ros_ws/build/led_control/install.log --install-scripts $base/lib/led_control --single-version-externally-managed
