[1.883s] Invoking command in '/root/ros_ws/src/led_control': PYTHONPATH=/root/ros_ws/build/led_control/prefix_override:/root/ros_ws/install/led_control/lib/python3.10/site-packages:${PYTHONPATH} /usr/bin/python3 setup.py egg_info --egg-base ../../build/led_control build --build-base /root/ros_ws/build/led_control/build install --record /root/ros_ws/build/led_control/install.log --install-scripts $base/lib/led_control --single-version-externally-managed
[2.442s] /usr/lib/python3/dist-packages/setuptools/dist.py:723: UserWarning: Usage of dash-separated 'script-dir' will not be supported in future versions. Please use the underscore name 'script_dir' instead
[2.443s]   warnings.warn(
[2.465s] running egg_info
[2.468s] writing ../../build/led_control/led_control.egg-info/PKG-INFO
[2.469s] writing dependency_links to ../../build/led_control/led_control.egg-info/dependency_links.txt
[2.470s] writing entry points to ../../build/led_control/led_control.egg-info/entry_points.txt
[2.470s] writing requirements to ../../build/led_control/led_control.egg-info/requires.txt
[2.471s] writing top-level names to ../../build/led_control/led_control.egg-info/top_level.txt
[2.475s] reading manifest file '../../build/led_control/led_control.egg-info/SOURCES.txt'
[2.478s] writing manifest file '../../build/led_control/led_control.egg-info/SOURCES.txt'
[2.479s] running build
[2.479s] running build_py
[2.480s] running install
[2.481s] /usr/lib/python3/dist-packages/setuptools/command/install.py:34: SetuptoolsDeprecationWarning: setup.py install is deprecated. Use build and pip and other standards-based tools.
[2.482s]   warnings.warn(
[2.483s] running install_lib
[2.487s] running install_data
[2.488s] running install_egg_info
[2.492s] removing '/root/ros_ws/install/led_control/lib/python3.10/site-packages/led_control-0.0.0-py3.10.egg-info' (and everything under it)
[2.494s] Copying ../../build/led_control/led_control.egg-info to /root/ros_ws/install/led_control/lib/python3.10/site-packages/led_control-0.0.0-py3.10.egg-info
[2.500s] running install_scripts
[2.566s] Installing led_control_node script to /root/ros_ws/install/led_control/lib/led_control
[2.567s] writing list of installed files to '/root/ros_ws/build/led_control/install.log'
[2.743s] Invoked command in '/root/ros_ws/src/led_control' returned '0': PYTHONPATH=/root/ros_ws/build/led_control/prefix_override:/root/ros_ws/install/led_control/lib/python3.10/site-packages:${PYTHONPATH} /usr/bin/python3 setup.py egg_info --egg-base ../../build/led_control build --build-base /root/ros_ws/build/led_control/build install --record /root/ros_ws/build/led_control/install.log --install-scripts $base/lib/led_control --single-version-externally-managed
