running egg_info
creating ../../build/time_schedule/time_schedule.egg-info
writing ../../build/time_schedule/time_schedule.egg-info/PKG-INFO
writing dependency_links to ../../build/time_schedule/time_schedule.egg-info/dependency_links.txt
writing entry points to ../../build/time_schedule/time_schedule.egg-info/entry_points.txt
writing requirements to ../../build/time_schedule/time_schedule.egg-info/requires.txt
writing top-level names to ../../build/time_schedule/time_schedule.egg-info/top_level.txt
writing manifest file '../../build/time_schedule/time_schedule.egg-info/SOURCES.txt'
reading manifest file '../../build/time_schedule/time_schedule.egg-info/SOURCES.txt'
writing manifest file '../../build/time_schedule/time_schedule.egg-info/SOURCES.txt'
running build
running build_py
creating /root/ros_ws/build/time_schedule/build
creating /root/ros_ws/build/time_schedule/build/lib
creating /root/ros_ws/build/time_schedule/build/lib/time_schedule
copying time_schedule/time_schedule_node.py -> /root/ros_ws/build/time_schedule/build/lib/time_schedule
copying time_schedule/__init__.py -> /root/ros_ws/build/time_schedule/build/lib/time_schedule
running install
running install_lib
creating /root/ros_ws/install/time_schedule/lib/python3.8/site-packages/time_schedule
copying /root/ros_ws/build/time_schedule/build/lib/time_schedule/time_schedule_node.py -> /root/ros_ws/install/time_schedule/lib/python3.8/site-packages/time_schedule
copying /root/ros_ws/build/time_schedule/build/lib/time_schedule/__init__.py -> /root/ros_ws/install/time_schedule/lib/python3.8/site-packages/time_schedule
byte-compiling /root/ros_ws/install/time_schedule/lib/python3.8/site-packages/time_schedule/time_schedule_node.py to time_schedule_node.cpython-38.pyc
byte-compiling /root/ros_ws/install/time_schedule/lib/python3.8/site-packages/time_schedule/__init__.py to __init__.cpython-38.pyc
running install_data
creating /root/ros_ws/install/time_schedule/share/ament_index
creating /root/ros_ws/install/time_schedule/share/ament_index/resource_index
creating /root/ros_ws/install/time_schedule/share/ament_index/resource_index/packages
copying resource/time_schedule -> /root/ros_ws/install/time_schedule/share/ament_index/resource_index/packages
copying package.xml -> /root/ros_ws/install/time_schedule/share/time_schedule
running install_egg_info
Copying ../../build/time_schedule/time_schedule.egg-info to /root/ros_ws/install/time_schedule/lib/python3.8/site-packages/time_schedule-0.0.0-py3.8.egg-info
running install_scripts
Installing time_schedule_node script to /root/ros_ws/install/time_schedule/lib/time_schedule
writing list of installed files to '/root/ros_ws/build/time_schedule/install.log'
