[1.033s] Invoking command in '/root/ros_ws/src/time_schedule': PYTHONPATH=/root/ros_ws/install/time_schedule/lib/python3.8/site-packages: /usr/bin/python3 setup.py egg_info --egg-base ../../build/time_schedule build --build-base /root/ros_ws/build/time_schedule/build install --prefix /root/ros_ws/install/time_schedule --record /root/ros_ws/build/time_schedule/install.log --single-version-externally-managed
[1.144s] running egg_info
[1.144s] creating ../../build/time_schedule/time_schedule.egg-info
[1.144s] writing ../../build/time_schedule/time_schedule.egg-info/PKG-INFO
[1.145s] writing dependency_links to ../../build/time_schedule/time_schedule.egg-info/dependency_links.txt
[1.145s] writing entry points to ../../build/time_schedule/time_schedule.egg-info/entry_points.txt
[1.145s] writing requirements to ../../build/time_schedule/time_schedule.egg-info/requires.txt
[1.145s] writing top-level names to ../../build/time_schedule/time_schedule.egg-info/top_level.txt
[1.146s] writing manifest file '../../build/time_schedule/time_schedule.egg-info/SOURCES.txt'
[1.174s] reading manifest file '../../build/time_schedule/time_schedule.egg-info/SOURCES.txt'
[1.175s] writing manifest file '../../build/time_schedule/time_schedule.egg-info/SOURCES.txt'
[1.175s] running build
[1.175s] running build_py
[1.175s] creating /root/ros_ws/build/time_schedule/build
[1.175s] creating /root/ros_ws/build/time_schedule/build/lib
[1.176s] creating /root/ros_ws/build/time_schedule/build/lib/time_schedule
[1.176s] copying time_schedule/time_schedule_node.py -> /root/ros_ws/build/time_schedule/build/lib/time_schedule
[1.176s] copying time_schedule/__init__.py -> /root/ros_ws/build/time_schedule/build/lib/time_schedule
[1.176s] running install
[1.176s] running install_lib
[1.177s] creating /root/ros_ws/install/time_schedule/lib/python3.8/site-packages/time_schedule
[1.177s] copying /root/ros_ws/build/time_schedule/build/lib/time_schedule/time_schedule_node.py -> /root/ros_ws/install/time_schedule/lib/python3.8/site-packages/time_schedule
[1.177s] copying /root/ros_ws/build/time_schedule/build/lib/time_schedule/__init__.py -> /root/ros_ws/install/time_schedule/lib/python3.8/site-packages/time_schedule
[1.177s] byte-compiling /root/ros_ws/install/time_schedule/lib/python3.8/site-packages/time_schedule/time_schedule_node.py to time_schedule_node.cpython-38.pyc
[1.179s] byte-compiling /root/ros_ws/install/time_schedule/lib/python3.8/site-packages/time_schedule/__init__.py to __init__.cpython-38.pyc
[1.179s] running install_data
[1.179s] creating /root/ros_ws/install/time_schedule/share/ament_index
[1.179s] creating /root/ros_ws/install/time_schedule/share/ament_index/resource_index
[1.179s] creating /root/ros_ws/install/time_schedule/share/ament_index/resource_index/packages
[1.179s] copying resource/time_schedule -> /root/ros_ws/install/time_schedule/share/ament_index/resource_index/packages
[1.179s] copying package.xml -> /root/ros_ws/install/time_schedule/share/time_schedule
[1.179s] running install_egg_info
[1.180s] Copying ../../build/time_schedule/time_schedule.egg-info to /root/ros_ws/install/time_schedule/lib/python3.8/site-packages/time_schedule-0.0.0-py3.8.egg-info
[1.181s] running install_scripts
[1.195s] Installing time_schedule_node script to /root/ros_ws/install/time_schedule/lib/time_schedule
[1.195s] writing list of installed files to '/root/ros_ws/build/time_schedule/install.log'
[1.220s] Invoked command in '/root/ros_ws/src/time_schedule' returned '0': PYTHONPATH=/root/ros_ws/install/time_schedule/lib/python3.8/site-packages: /usr/bin/python3 setup.py egg_info --egg-base ../../build/time_schedule build --build-base /root/ros_ws/build/time_schedule/build install --prefix /root/ros_ws/install/time_schedule --record /root/ros_ws/build/time_schedule/install.log --single-version-externally-managed
