-- The C compiler identification is GNU 9.4.0
-- The CXX compiler identification is GNU 9.4.0
-- Check for working C compiler: /usr/bin/cc
-- Check for working C compiler: /usr/bin/cc -- works
-- Detecting C compiler ABI info
-- Detecting C compiler ABI info - done
-- Detecting C compile features
-- Detecting C compile features - done
-- Check for working CXX compiler: /usr/bin/c++
-- Check for working CXX compiler: /usr/bin/c++ -- works
-- Detecting CXX compiler ABI info
-- Detecting CXX compiler ABI info - done
-- Detecting CXX compile features
-- Detecting CXX compile features - done
-- Found ament_cmake: 0.9.11 (/opt/ros/foxy/share/ament_cmake/cmake)
-- Found PythonInterp: /usr/bin/python3 (found suitable version "3.8.10", minimum required is "3") 
-- Using PYTHON_EXECUTABLE: /usr/bin/python3
-- Found std_msgs: 2.0.5 (/opt/ros/foxy/share/std_msgs/cmake)
-- Using all available rosidl_typesupport_c: rosidl_typesupport_fastrtps_c;rosidl_typesupport_introspection_c
-- Found rosidl_adapter: 1.3.0 (/opt/ros/foxy/share/rosidl_adapter/cmake)
-- Found OpenSSL: /usr/lib/x86_64-linux-gnu/libcrypto.so (found version "1.1.1f")  
-- Found FastRTPS: /opt/ros/foxy/include  
-- Using all available rosidl_typesupport_cpp: rosidl_typesupport_fastrtps_cpp;rosidl_typesupport_introspection_cpp
-- Found rosidl_default_generators: 1.0.1 (/opt/ros/foxy/share/rosidl_default_generators/cmake)
-- Found PythonInterp: /usr/bin/python3 (found version "3.8.10") 
-- Found ament_cmake_ros: 0.9.2 (/opt/ros/foxy/share/ament_cmake_ros/cmake)
-- Using all available rosidl_typesupport_c: rosidl_typesupport_fastrtps_c;rosidl_typesupport_introspection_c
-- Using all available rosidl_typesupport_cpp: rosidl_typesupport_fastrtps_cpp;rosidl_typesupport_introspection_cpp
-- Found PythonInterp: /usr/bin/python3 (found suitable version "3.8.10", minimum required is "3.5") 
-- Found python_cmake_module: 0.8.1 (/opt/ros/foxy/share/python_cmake_module/cmake)
-- Found PythonLibs: /usr/lib/x86_64-linux-gnu/libpython3.8.so (found suitable version "3.8.10", minimum required is "3.5") 
-- Using PYTHON_EXECUTABLE: /usr/bin/python3
-- Using PYTHON_INCLUDE_DIRS: /usr/include/python3.8
-- Using PYTHON_LIBRARIES: /usr/lib/x86_64-linux-gnu/libpython3.8.so
-- Found PythonExtra: .so  
-- Found ament_lint_auto: 0.9.7 (/opt/ros/foxy/share/ament_lint_auto/cmake)
-- Added test 'copyright' to check source files copyright and LICENSE
-- Added test 'cppcheck' to perform static code analysis on C / C++ code
-- Configured cppcheck include dirs: $<BUILD_INTERFACE:/root/ros_ws/src/pi_hub_srvs/build/pi_hub_srvs/rosidl_generator_c>;/root/ros_ws/src/pi_hub_srvs/build/pi_hub_srvs/rosidl_generator_c;/root/ros_ws/src/pi_hub_srvs/build/pi_hub_srvs/rosidl_generator_cpp;/root/ros_ws/src/pi_hub_srvs/build/pi_hub_srvs/rosidl_typesupport_fastrtps_c;/root/ros_ws/src/pi_hub_srvs/build/pi_hub_srvs/rosidl_typesupport_fastrtps_cpp;$<BUILD_INTERFACE:/root/ros_ws/src/pi_hub_srvs/build/pi_hub_srvs/rosidl_typesupport_introspection_c>;$<BUILD_INTERFACE:/root/ros_ws/src/pi_hub_srvs/build/pi_hub_srvs/rosidl_typesupport_c>;$<BUILD_INTERFACE:/root/ros_ws/src/pi_hub_srvs/build/pi_hub_srvs/rosidl_generator_cpp>;/root/ros_ws/src/pi_hub_srvs/build/pi_hub_srvs/rosidl_generator_py
-- Configured cppcheck exclude dirs and/or files: 
-- Added test 'cpplint' to check C / C++ code against the Google style
-- Configured cpplint exclude dirs and/or files: 
-- Added test 'flake8' to check Python code syntax and style conventions
-- Added test 'lint_cmake' to check CMake code style
-- Added test 'pep257' to check Python code against some of the style conventions in PEP 257
-- Added test 'uncrustify' to check C / C++ code style
-- Configured uncrustify additional arguments: 
-- Added test 'xmllint' to check XML markup files
-- Configuring done
-- Generating done
-- Build files have been written to: /root/ros_ws/src/pi_hub_srvs/build/pi_hub_srvs
[35m[1mScanning dependencies of target pi_hub_srvs__cpp[0m
[  2%] [34m[1mGenerating C code for ROS interfaces[0m
[  5%] [34m[1mGenerating C++ code for ROS interfaces[0m
[  5%] Built target pi_hub_srvs__cpp
[  7%] [34m[1mGenerating C++ type support dispatch for ROS interfaces[0m
[ 10%] [34m[1mGenerating C++ type support for eProsima Fast-RTPS[0m
[35m[1mScanning dependencies of target pi_hub_srvs__rosidl_generator_c[0m
[ 12%] [34m[1mGenerating C++ introspection for ROS interfaces[0m
[ 15%] [32mBuilding C object CMakeFiles/pi_hub_srvs__rosidl_generator_c.dir/rosidl_generator_c/pi_hub_srvs/srv/detail/turn_on__functions.c.o[0m
[ 17%] [32mBuilding C object CMakeFiles/pi_hub_srvs__rosidl_generator_c.dir/rosidl_generator_c/pi_hub_srvs/srv/detail/turn_off__functions.c.o[0m
[35m[1mScanning dependencies of target pi_hub_srvs__rosidl_typesupport_cpp[0m
[ 20%] [32mBuilding CXX object CMakeFiles/pi_hub_srvs__rosidl_typesupport_cpp.dir/rosidl_typesupport_cpp/pi_hub_srvs/srv/turn_on__type_support.cpp.o[0m
[ 23%] [32m[1mLinking C shared library libpi_hub_srvs__rosidl_generator_c.so[0m
[ 23%] Built target pi_hub_srvs__rosidl_generator_c
[ 25%] [34m[1mGenerating C introspection for ROS interfaces[0m
[35m[1mScanning dependencies of target pi_hub_srvs__rosidl_typesupport_introspection_cpp[0m
[ 28%] [32mBuilding CXX object CMakeFiles/pi_hub_srvs__rosidl_typesupport_introspection_cpp.dir/rosidl_typesupport_introspection_cpp/pi_hub_srvs/srv/detail/turn_on__type_support.cpp.o[0m
[35m[1mScanning dependencies of target pi_hub_srvs__rosidl_typesupport_fastrtps_cpp[0m
[ 30%] [32mBuilding CXX object CMakeFiles/pi_hub_srvs__rosidl_typesupport_cpp.dir/rosidl_typesupport_cpp/pi_hub_srvs/srv/turn_off__type_support.cpp.o[0m
[ 33%] [32mBuilding CXX object CMakeFiles/pi_hub_srvs__rosidl_typesupport_fastrtps_cpp.dir/rosidl_typesupport_fastrtps_cpp/pi_hub_srvs/srv/detail/dds_fastrtps/turn_on__type_support.cpp.o[0m
[35m[1mScanning dependencies of target pi_hub_srvs__rosidl_typesupport_introspection_c[0m
[ 35%] [32m[1mLinking CXX shared library libpi_hub_srvs__rosidl_typesupport_cpp.so[0m
[ 38%] [32mBuilding C object CMakeFiles/pi_hub_srvs__rosidl_typesupport_introspection_c.dir/rosidl_typesupport_introspection_c/pi_hub_srvs/srv/detail/turn_on__type_support.c.o[0m
[ 38%] Built target pi_hub_srvs__rosidl_typesupport_cpp
[ 41%] [32mBuilding CXX object CMakeFiles/pi_hub_srvs__rosidl_typesupport_introspection_cpp.dir/rosidl_typesupport_introspection_cpp/pi_hub_srvs/srv/detail/turn_off__type_support.cpp.o[0m
[ 43%] [32mBuilding C object CMakeFiles/pi_hub_srvs__rosidl_typesupport_introspection_c.dir/rosidl_typesupport_introspection_c/pi_hub_srvs/srv/detail/turn_off__type_support.c.o[0m
[ 46%] [34m[1mGenerating C type support dispatch for ROS interfaces[0m
[ 48%] [32m[1mLinking C shared library libpi_hub_srvs__rosidl_typesupport_introspection_c.so[0m
[ 48%] Built target pi_hub_srvs__rosidl_typesupport_introspection_c
[ 51%] [32mBuilding CXX object CMakeFiles/pi_hub_srvs__rosidl_typesupport_fastrtps_cpp.dir/rosidl_typesupport_fastrtps_cpp/pi_hub_srvs/srv/detail/dds_fastrtps/turn_off__type_support.cpp.o[0m
[ 53%] [32m[1mLinking CXX shared library libpi_hub_srvs__rosidl_typesupport_introspection_cpp.so[0m
[35m[1mScanning dependencies of target pi_hub_srvs__rosidl_typesupport_c[0m
[ 53%] Built target pi_hub_srvs__rosidl_typesupport_introspection_cpp
[ 56%] [32mBuilding CXX object CMakeFiles/pi_hub_srvs__rosidl_typesupport_c.dir/rosidl_typesupport_c/pi_hub_srvs/srv/turn_off__type_support.cpp.o[0m
[ 58%] [32mBuilding CXX object CMakeFiles/pi_hub_srvs__rosidl_typesupport_c.dir/rosidl_typesupport_c/pi_hub_srvs/srv/turn_on__type_support.cpp.o[0m
[ 61%] [32m[1mLinking CXX shared library libpi_hub_srvs__rosidl_typesupport_c.so[0m
[ 64%] [32m[1mLinking CXX shared library libpi_hub_srvs__rosidl_typesupport_fastrtps_cpp.so[0m
[ 64%] Built target pi_hub_srvs__rosidl_typesupport_c
[ 64%] Built target pi_hub_srvs__rosidl_typesupport_fastrtps_cpp
[ 66%] [34m[1mGenerating C type support for eProsima Fast-RTPS[0m
[35m[1mScanning dependencies of target pi_hub_srvs__rosidl_typesupport_fastrtps_c[0m
[ 69%] [32mBuilding CXX object CMakeFiles/pi_hub_srvs__rosidl_typesupport_fastrtps_c.dir/rosidl_typesupport_fastrtps_c/pi_hub_srvs/srv/detail/turn_on__type_support_c.cpp.o[0m
[ 71%] [32mBuilding CXX object CMakeFiles/pi_hub_srvs__rosidl_typesupport_fastrtps_c.dir/rosidl_typesupport_fastrtps_c/pi_hub_srvs/srv/detail/turn_off__type_support_c.cpp.o[0m
[ 74%] [32m[1mLinking CXX shared library libpi_hub_srvs__rosidl_typesupport_fastrtps_c.so[0m
[ 74%] Built target pi_hub_srvs__rosidl_typesupport_fastrtps_c
[35m[1mScanning dependencies of target pi_hub_srvs[0m
[ 74%] Built target pi_hub_srvs
[35m[1mScanning dependencies of target pi_hub_srvs__py[0m
[ 76%] [34m[1mGenerating Python code for ROS interfaces[0m
[ 76%] Built target pi_hub_srvs__py
[35m[1mScanning dependencies of target pi_hub_srvs__python[0m
[ 79%] [32mBuilding C object CMakeFiles/pi_hub_srvs__python.dir/rosidl_generator_py/pi_hub_srvs/srv/_turn_on_s.c.o[0m
[ 82%] [32mBuilding C object CMakeFiles/pi_hub_srvs__python.dir/rosidl_generator_py/pi_hub_srvs/srv/_turn_off_s.c.o[0m
[ 84%] [32m[1mLinking C shared library rosidl_generator_py/pi_hub_srvs/libpi_hub_srvs__python.so[0m
[ 84%] Built target pi_hub_srvs__python
[35m[1mScanning dependencies of target pi_hub_srvs__rosidl_typesupport_fastrtps_c__pyext[0m
[35m[1mScanning dependencies of target pi_hub_srvs__rosidl_typesupport_introspection_c__pyext[0m
[ 87%] [32mBuilding C object CMakeFiles/pi_hub_srvs__rosidl_typesupport_fastrtps_c__pyext.dir/rosidl_generator_py/pi_hub_srvs/_pi_hub_srvs_s.ep.rosidl_typesupport_fastrtps_c.c.o[0m
[ 89%] [32mBuilding C object CMakeFiles/pi_hub_srvs__rosidl_typesupport_introspection_c__pyext.dir/rosidl_generator_py/pi_hub_srvs/_pi_hub_srvs_s.ep.rosidl_typesupport_introspection_c.c.o[0m
[ 92%] [32m[1mLinking CXX shared library rosidl_generator_py/pi_hub_srvs/pi_hub_srvs_s__rosidl_typesupport_fastrtps_c.cpython-38-x86_64-linux-gnu.so[0m
[ 94%] [32m[1mLinking C shared library rosidl_generator_py/pi_hub_srvs/pi_hub_srvs_s__rosidl_typesupport_introspection_c.cpython-38-x86_64-linux-gnu.so[0m
[ 94%] Built target pi_hub_srvs__rosidl_typesupport_fastrtps_c__pyext
[ 94%] Built target pi_hub_srvs__rosidl_typesupport_introspection_c__pyext
[35m[1mScanning dependencies of target pi_hub_srvs__rosidl_typesupport_c__pyext[0m
[ 97%] [32mBuilding C object CMakeFiles/pi_hub_srvs__rosidl_typesupport_c__pyext.dir/rosidl_generator_py/pi_hub_srvs/_pi_hub_srvs_s.ep.rosidl_typesupport_c.c.o[0m
[100%] [32m[1mLinking C shared library rosidl_generator_py/pi_hub_srvs/pi_hub_srvs_s__rosidl_typesupport_c.cpython-38-x86_64-linux-gnu.so[0m
[100%] Built target pi_hub_srvs__rosidl_typesupport_c__pyext
-- Install configuration: ""
-- Installing: /root/ros_ws/src/pi_hub_srvs/install/pi_hub_srvs/share/ament_index/resource_index/rosidl_interfaces/pi_hub_srvs
-- Installing: /root/ros_ws/src/pi_hub_srvs/install/pi_hub_srvs/include/pi_hub_srvs
-- Installing: /root/ros_ws/src/pi_hub_srvs/install/pi_hub_srvs/include/pi_hub_srvs/msg
-- Installing: /root/ros_ws/src/pi_hub_srvs/install/pi_hub_srvs/include/pi_hub_srvs/msg/rosidl_generator_c__visibility_control.h
-- Installing: /root/ros_ws/src/pi_hub_srvs/install/pi_hub_srvs/include/pi_hub_srvs/srv
-- Installing: /root/ros_ws/src/pi_hub_srvs/install/pi_hub_srvs/include/pi_hub_srvs/srv/detail
-- Installing: /root/ros_ws/src/pi_hub_srvs/install/pi_hub_srvs/include/pi_hub_srvs/srv/detail/turn_off__type_support.h
-- Installing: /root/ros_ws/src/pi_hub_srvs/install/pi_hub_srvs/include/pi_hub_srvs/srv/detail/turn_off__functions.h
-- Installing: /root/ros_ws/src/pi_hub_srvs/install/pi_hub_srvs/include/pi_hub_srvs/srv/detail/turn_on__functions.c
-- Installing: /root/ros_ws/src/pi_hub_srvs/install/pi_hub_srvs/include/pi_hub_srvs/srv/detail/turn_on__functions.h
-- Installing: /root/ros_ws/src/pi_hub_srvs/install/pi_hub_srvs/include/pi_hub_srvs/srv/detail/turn_off__struct.h
-- Installing: /root/ros_ws/src/pi_hub_srvs/install/pi_hub_srvs/include/pi_hub_srvs/srv/detail/turn_on__struct.h
-- Installing: /root/ros_ws/src/pi_hub_srvs/install/pi_hub_srvs/include/pi_hub_srvs/srv/detail/turn_off__functions.c
-- Installing: /root/ros_ws/src/pi_hub_srvs/install/pi_hub_srvs/include/pi_hub_srvs/srv/detail/turn_on__type_support.h
-- Installing: /root/ros_ws/src/pi_hub_srvs/install/pi_hub_srvs/include/pi_hub_srvs/srv/turn_off.h
-- Installing: /root/ros_ws/src/pi_hub_srvs/install/pi_hub_srvs/include/pi_hub_srvs/srv/turn_on.h
-- Installing: /root/ros_ws/src/pi_hub_srvs/install/pi_hub_srvs/share/pi_hub_srvs/environment/library_path.sh
-- Installing: /root/ros_ws/src/pi_hub_srvs/install/pi_hub_srvs/share/pi_hub_srvs/environment/library_path.dsv
-- Installing: /root/ros_ws/src/pi_hub_srvs/install/pi_hub_srvs/lib/libpi_hub_srvs__rosidl_generator_c.so
-- Set runtime path of "/root/ros_ws/src/pi_hub_srvs/install/pi_hub_srvs/lib/libpi_hub_srvs__rosidl_generator_c.so" to ""
-- Up-to-date: /root/ros_ws/src/pi_hub_srvs/install/pi_hub_srvs/include/pi_hub_srvs
-- Up-to-date: /root/ros_ws/src/pi_hub_srvs/install/pi_hub_srvs/include/pi_hub_srvs/msg
-- Installing: /root/ros_ws/src/pi_hub_srvs/install/pi_hub_srvs/include/pi_hub_srvs/msg/rosidl_typesupport_fastrtps_c__visibility_control.h
-- Up-to-date: /root/ros_ws/src/pi_hub_srvs/install/pi_hub_srvs/include/pi_hub_srvs/srv
-- Up-to-date: /root/ros_ws/src/pi_hub_srvs/install/pi_hub_srvs/include/pi_hub_srvs/srv/detail
-- Installing: /root/ros_ws/src/pi_hub_srvs/install/pi_hub_srvs/include/pi_hub_srvs/srv/detail/turn_off__rosidl_typesupport_fastrtps_c.h
-- Installing: /root/ros_ws/src/pi_hub_srvs/install/pi_hub_srvs/include/pi_hub_srvs/srv/detail/turn_on__rosidl_typesupport_fastrtps_c.h
-- Installing: /root/ros_ws/src/pi_hub_srvs/install/pi_hub_srvs/lib/libpi_hub_srvs__rosidl_typesupport_fastrtps_c.so
-- Set runtime path of "/root/ros_ws/src/pi_hub_srvs/install/pi_hub_srvs/lib/libpi_hub_srvs__rosidl_typesupport_fastrtps_c.so" to ""
-- Up-to-date: /root/ros_ws/src/pi_hub_srvs/install/pi_hub_srvs/include/pi_hub_srvs
-- Up-to-date: /root/ros_ws/src/pi_hub_srvs/install/pi_hub_srvs/include/pi_hub_srvs/msg
-- Installing: /root/ros_ws/src/pi_hub_srvs/install/pi_hub_srvs/include/pi_hub_srvs/msg/rosidl_typesupport_fastrtps_cpp__visibility_control.h
-- Up-to-date: /root/ros_ws/src/pi_hub_srvs/install/pi_hub_srvs/include/pi_hub_srvs/srv
-- Up-to-date: /root/ros_ws/src/pi_hub_srvs/install/pi_hub_srvs/include/pi_hub_srvs/srv/detail
-- Installing: /root/ros_ws/src/pi_hub_srvs/install/pi_hub_srvs/include/pi_hub_srvs/srv/detail/turn_on__rosidl_typesupport_fastrtps_cpp.hpp
-- Installing: /root/ros_ws/src/pi_hub_srvs/install/pi_hub_srvs/include/pi_hub_srvs/srv/detail/dds_fastrtps
-- Installing: /root/ros_ws/src/pi_hub_srvs/install/pi_hub_srvs/include/pi_hub_srvs/srv/detail/turn_off__rosidl_typesupport_fastrtps_cpp.hpp
-- Installing: /root/ros_ws/src/pi_hub_srvs/install/pi_hub_srvs/lib/libpi_hub_srvs__rosidl_typesupport_fastrtps_cpp.so
-- Set runtime path of "/root/ros_ws/src/pi_hub_srvs/install/pi_hub_srvs/lib/libpi_hub_srvs__rosidl_typesupport_fastrtps_cpp.so" to ""
-- Up-to-date: /root/ros_ws/src/pi_hub_srvs/install/pi_hub_srvs/include/pi_hub_srvs
-- Up-to-date: /root/ros_ws/src/pi_hub_srvs/install/pi_hub_srvs/include/pi_hub_srvs/msg
-- Installing: /root/ros_ws/src/pi_hub_srvs/install/pi_hub_srvs/include/pi_hub_srvs/msg/rosidl_typesupport_introspection_c__visibility_control.h
-- Up-to-date: /root/ros_ws/src/pi_hub_srvs/install/pi_hub_srvs/include/pi_hub_srvs/srv
-- Up-to-date: /root/ros_ws/src/pi_hub_srvs/install/pi_hub_srvs/include/pi_hub_srvs/srv/detail
-- Installing: /root/ros_ws/src/pi_hub_srvs/install/pi_hub_srvs/include/pi_hub_srvs/srv/detail/turn_on__type_support.c
-- Installing: /root/ros_ws/src/pi_hub_srvs/install/pi_hub_srvs/include/pi_hub_srvs/srv/detail/turn_off__rosidl_typesupport_introspection_c.h
-- Installing: /root/ros_ws/src/pi_hub_srvs/install/pi_hub_srvs/include/pi_hub_srvs/srv/detail/turn_off__type_support.c
-- Installing: /root/ros_ws/src/pi_hub_srvs/install/pi_hub_srvs/include/pi_hub_srvs/srv/detail/turn_on__rosidl_typesupport_introspection_c.h
-- Installing: /root/ros_ws/src/pi_hub_srvs/install/pi_hub_srvs/lib/libpi_hub_srvs__rosidl_typesupport_introspection_c.so
-- Set runtime path of "/root/ros_ws/src/pi_hub_srvs/install/pi_hub_srvs/lib/libpi_hub_srvs__rosidl_typesupport_introspection_c.so" to ""
-- Installing: /root/ros_ws/src/pi_hub_srvs/install/pi_hub_srvs/lib/libpi_hub_srvs__rosidl_typesupport_c.so
-- Set runtime path of "/root/ros_ws/src/pi_hub_srvs/install/pi_hub_srvs/lib/libpi_hub_srvs__rosidl_typesupport_c.so" to ""
-- Up-to-date: /root/ros_ws/src/pi_hub_srvs/install/pi_hub_srvs/include/pi_hub_srvs
-- Up-to-date: /root/ros_ws/src/pi_hub_srvs/install/pi_hub_srvs/include/pi_hub_srvs/srv
-- Up-to-date: /root/ros_ws/src/pi_hub_srvs/install/pi_hub_srvs/include/pi_hub_srvs/srv/detail
-- Installing: /root/ros_ws/src/pi_hub_srvs/install/pi_hub_srvs/include/pi_hub_srvs/srv/detail/turn_off__builder.hpp
-- Installing: /root/ros_ws/src/pi_hub_srvs/install/pi_hub_srvs/include/pi_hub_srvs/srv/detail/turn_off__traits.hpp
-- Installing: /root/ros_ws/src/pi_hub_srvs/install/pi_hub_srvs/include/pi_hub_srvs/srv/detail/turn_off__struct.hpp
-- Installing: /root/ros_ws/src/pi_hub_srvs/install/pi_hub_srvs/include/pi_hub_srvs/srv/detail/turn_on__builder.hpp
-- Installing: /root/ros_ws/src/pi_hub_srvs/install/pi_hub_srvs/include/pi_hub_srvs/srv/detail/turn_on__struct.hpp
-- Installing: /root/ros_ws/src/pi_hub_srvs/install/pi_hub_srvs/include/pi_hub_srvs/srv/detail/turn_on__traits.hpp
-- Installing: /root/ros_ws/src/pi_hub_srvs/install/pi_hub_srvs/include/pi_hub_srvs/srv/turn_off.hpp
-- Installing: /root/ros_ws/src/pi_hub_srvs/install/pi_hub_srvs/include/pi_hub_srvs/srv/turn_on.hpp
-- Up-to-date: /root/ros_ws/src/pi_hub_srvs/install/pi_hub_srvs/include/pi_hub_srvs
-- Up-to-date: /root/ros_ws/src/pi_hub_srvs/install/pi_hub_srvs/include/pi_hub_srvs/srv
-- Up-to-date: /root/ros_ws/src/pi_hub_srvs/install/pi_hub_srvs/include/pi_hub_srvs/srv/detail
-- Installing: /root/ros_ws/src/pi_hub_srvs/install/pi_hub_srvs/include/pi_hub_srvs/srv/detail/turn_on__type_support.cpp
-- Installing: /root/ros_ws/src/pi_hub_srvs/install/pi_hub_srvs/include/pi_hub_srvs/srv/detail/turn_on__rosidl_typesupport_introspection_cpp.hpp
-- Installing: /root/ros_ws/src/pi_hub_srvs/install/pi_hub_srvs/include/pi_hub_srvs/srv/detail/turn_off__type_support.cpp
-- Installing: /root/ros_ws/src/pi_hub_srvs/install/pi_hub_srvs/include/pi_hub_srvs/srv/detail/turn_off__rosidl_typesupport_introspection_cpp.hpp
-- Installing: /root/ros_ws/src/pi_hub_srvs/install/pi_hub_srvs/lib/libpi_hub_srvs__rosidl_typesupport_introspection_cpp.so
-- Set runtime path of "/root/ros_ws/src/pi_hub_srvs/install/pi_hub_srvs/lib/libpi_hub_srvs__rosidl_typesupport_introspection_cpp.so" to ""
-- Installing: /root/ros_ws/src/pi_hub_srvs/install/pi_hub_srvs/lib/libpi_hub_srvs__rosidl_typesupport_cpp.so
-- Set runtime path of "/root/ros_ws/src/pi_hub_srvs/install/pi_hub_srvs/lib/libpi_hub_srvs__rosidl_typesupport_cpp.so" to ""
-- Installing: /root/ros_ws/src/pi_hub_srvs/install/pi_hub_srvs/share/pi_hub_srvs/environment/pythonpath.sh
-- Installing: /root/ros_ws/src/pi_hub_srvs/install/pi_hub_srvs/share/pi_hub_srvs/environment/pythonpath.dsv
-- Installing: /root/ros_ws/src/pi_hub_srvs/install/pi_hub_srvs/lib/python3.8/site-packages/pi_hub_srvs/__init__.py
Compiling '/root/ros_ws/src/pi_hub_srvs/install/pi_hub_srvs/lib/python3.8/site-packages/pi_hub_srvs/__init__.py'...
-- Installing: /root/ros_ws/src/pi_hub_srvs/install/pi_hub_srvs/lib/python3.8/site-packages/pi_hub_srvs/srv
-- Installing: /root/ros_ws/src/pi_hub_srvs/install/pi_hub_srvs/lib/python3.8/site-packages/pi_hub_srvs/srv/_turn_off_s.c
-- Installing: /root/ros_ws/src/pi_hub_srvs/install/pi_hub_srvs/lib/python3.8/site-packages/pi_hub_srvs/srv/_turn_off.py
-- Installing: /root/ros_ws/src/pi_hub_srvs/install/pi_hub_srvs/lib/python3.8/site-packages/pi_hub_srvs/srv/__init__.py
-- Installing: /root/ros_ws/src/pi_hub_srvs/install/pi_hub_srvs/lib/python3.8/site-packages/pi_hub_srvs/srv/_turn_on.py
-- Installing: /root/ros_ws/src/pi_hub_srvs/install/pi_hub_srvs/lib/python3.8/site-packages/pi_hub_srvs/srv/_turn_on_s.c
-- Installing: /root/ros_ws/src/pi_hub_srvs/install/pi_hub_srvs/lib/python3.8/site-packages/pi_hub_srvs/pi_hub_srvs_s__rosidl_typesupport_fastrtps_c.cpython-38-x86_64-linux-gnu.so
-- Set runtime path of "/root/ros_ws/src/pi_hub_srvs/install/pi_hub_srvs/lib/python3.8/site-packages/pi_hub_srvs/pi_hub_srvs_s__rosidl_typesupport_fastrtps_c.cpython-38-x86_64-linux-gnu.so" to ""
-- Installing: /root/ros_ws/src/pi_hub_srvs/install/pi_hub_srvs/lib/python3.8/site-packages/pi_hub_srvs/pi_hub_srvs_s__rosidl_typesupport_introspection_c.cpython-38-x86_64-linux-gnu.so
-- Set runtime path of "/root/ros_ws/src/pi_hub_srvs/install/pi_hub_srvs/lib/python3.8/site-packages/pi_hub_srvs/pi_hub_srvs_s__rosidl_typesupport_introspection_c.cpython-38-x86_64-linux-gnu.so" to ""
-- Installing: /root/ros_ws/src/pi_hub_srvs/install/pi_hub_srvs/lib/python3.8/site-packages/pi_hub_srvs/pi_hub_srvs_s__rosidl_typesupport_c.cpython-38-x86_64-linux-gnu.so
-- Set runtime path of "/root/ros_ws/src/pi_hub_srvs/install/pi_hub_srvs/lib/python3.8/site-packages/pi_hub_srvs/pi_hub_srvs_s__rosidl_typesupport_c.cpython-38-x86_64-linux-gnu.so" to ""
-- Installing: /root/ros_ws/src/pi_hub_srvs/install/pi_hub_srvs/lib/libpi_hub_srvs__python.so
-- Set runtime path of "/root/ros_ws/src/pi_hub_srvs/install/pi_hub_srvs/lib/libpi_hub_srvs__python.so" to ""
-- Installing: /root/ros_ws/src/pi_hub_srvs/install/pi_hub_srvs/share/pi_hub_srvs/srv/TurnOn.idl
-- Installing: /root/ros_ws/src/pi_hub_srvs/install/pi_hub_srvs/share/pi_hub_srvs/srv/TurnOff.idl
-- Installing: /root/ros_ws/src/pi_hub_srvs/install/pi_hub_srvs/share/pi_hub_srvs/srv/TurnOn.srv
-- Installing: /root/ros_ws/src/pi_hub_srvs/install/pi_hub_srvs/share/pi_hub_srvs/srv/TurnOn_Request.msg
-- Installing: /root/ros_ws/src/pi_hub_srvs/install/pi_hub_srvs/share/pi_hub_srvs/srv/TurnOn_Response.msg
-- Installing: /root/ros_ws/src/pi_hub_srvs/install/pi_hub_srvs/share/pi_hub_srvs/srv/TurnOff.srv
-- Installing: /root/ros_ws/src/pi_hub_srvs/install/pi_hub_srvs/share/pi_hub_srvs/srv/TurnOff_Request.msg
-- Installing: /root/ros_ws/src/pi_hub_srvs/install/pi_hub_srvs/share/pi_hub_srvs/srv/TurnOff_Response.msg
-- Installing: /root/ros_ws/src/pi_hub_srvs/install/pi_hub_srvs/share/ament_index/resource_index/package_run_dependencies/pi_hub_srvs
-- Installing: /root/ros_ws/src/pi_hub_srvs/install/pi_hub_srvs/share/ament_index/resource_index/parent_prefix_path/pi_hub_srvs
-- Installing: /root/ros_ws/src/pi_hub_srvs/install/pi_hub_srvs/share/pi_hub_srvs/environment/ament_prefix_path.sh
-- Installing: /root/ros_ws/src/pi_hub_srvs/install/pi_hub_srvs/share/pi_hub_srvs/environment/ament_prefix_path.dsv
-- Installing: /root/ros_ws/src/pi_hub_srvs/install/pi_hub_srvs/share/pi_hub_srvs/environment/path.sh
-- Installing: /root/ros_ws/src/pi_hub_srvs/install/pi_hub_srvs/share/pi_hub_srvs/environment/path.dsv
-- Installing: /root/ros_ws/src/pi_hub_srvs/install/pi_hub_srvs/share/pi_hub_srvs/local_setup.bash
-- Installing: /root/ros_ws/src/pi_hub_srvs/install/pi_hub_srvs/share/pi_hub_srvs/local_setup.sh
-- Installing: /root/ros_ws/src/pi_hub_srvs/install/pi_hub_srvs/share/pi_hub_srvs/local_setup.zsh
-- Installing: /root/ros_ws/src/pi_hub_srvs/install/pi_hub_srvs/share/pi_hub_srvs/local_setup.dsv
-- Installing: /root/ros_ws/src/pi_hub_srvs/install/pi_hub_srvs/share/pi_hub_srvs/package.dsv
-- Installing: /root/ros_ws/src/pi_hub_srvs/install/pi_hub_srvs/share/ament_index/resource_index/packages/pi_hub_srvs
-- Installing: /root/ros_ws/src/pi_hub_srvs/install/pi_hub_srvs/share/pi_hub_srvs/cmake/pi_hub_srvs__rosidl_generator_cExport.cmake
-- Installing: /root/ros_ws/src/pi_hub_srvs/install/pi_hub_srvs/share/pi_hub_srvs/cmake/pi_hub_srvs__rosidl_generator_cExport-noconfig.cmake
-- Installing: /root/ros_ws/src/pi_hub_srvs/install/pi_hub_srvs/share/pi_hub_srvs/cmake/pi_hub_srvs__rosidl_typesupport_introspection_cExport.cmake
-- Installing: /root/ros_ws/src/pi_hub_srvs/install/pi_hub_srvs/share/pi_hub_srvs/cmake/pi_hub_srvs__rosidl_typesupport_introspection_cExport-noconfig.cmake
-- Installing: /root/ros_ws/src/pi_hub_srvs/install/pi_hub_srvs/share/pi_hub_srvs/cmake/pi_hub_srvs__rosidl_typesupport_cExport.cmake
-- Installing: /root/ros_ws/src/pi_hub_srvs/install/pi_hub_srvs/share/pi_hub_srvs/cmake/pi_hub_srvs__rosidl_typesupport_cExport-noconfig.cmake
-- Installing: /root/ros_ws/src/pi_hub_srvs/install/pi_hub_srvs/share/pi_hub_srvs/cmake/pi_hub_srvs__rosidl_generator_cppExport.cmake
-- Installing: /root/ros_ws/src/pi_hub_srvs/install/pi_hub_srvs/share/pi_hub_srvs/cmake/pi_hub_srvs__rosidl_typesupport_introspection_cppExport.cmake
-- Installing: /root/ros_ws/src/pi_hub_srvs/install/pi_hub_srvs/share/pi_hub_srvs/cmake/pi_hub_srvs__rosidl_typesupport_introspection_cppExport-noconfig.cmake
-- Installing: /root/ros_ws/src/pi_hub_srvs/install/pi_hub_srvs/share/pi_hub_srvs/cmake/pi_hub_srvs__rosidl_typesupport_cppExport.cmake
-- Installing: /root/ros_ws/src/pi_hub_srvs/install/pi_hub_srvs/share/pi_hub_srvs/cmake/pi_hub_srvs__rosidl_typesupport_cppExport-noconfig.cmake
-- Installing: /root/ros_ws/src/pi_hub_srvs/install/pi_hub_srvs/share/pi_hub_srvs/cmake/rosidl_cmake-extras.cmake
-- Installing: /root/ros_ws/src/pi_hub_srvs/install/pi_hub_srvs/share/pi_hub_srvs/cmake/ament_cmake_export_dependencies-extras.cmake
-- Installing: /root/ros_ws/src/pi_hub_srvs/install/pi_hub_srvs/share/pi_hub_srvs/cmake/ament_cmake_export_libraries-extras.cmake
-- Installing: /root/ros_ws/src/pi_hub_srvs/install/pi_hub_srvs/share/pi_hub_srvs/cmake/ament_cmake_export_targets-extras.cmake
-- Installing: /root/ros_ws/src/pi_hub_srvs/install/pi_hub_srvs/share/pi_hub_srvs/cmake/ament_cmake_export_include_directories-extras.cmake
-- Installing: /root/ros_ws/src/pi_hub_srvs/install/pi_hub_srvs/share/pi_hub_srvs/cmake/rosidl_cmake_export_typesupport_libraries-extras.cmake
-- Installing: /root/ros_ws/src/pi_hub_srvs/install/pi_hub_srvs/share/pi_hub_srvs/cmake/rosidl_cmake_export_typesupport_targets-extras.cmake
-- Installing: /root/ros_ws/src/pi_hub_srvs/install/pi_hub_srvs/share/pi_hub_srvs/cmake/pi_hub_srvsConfig.cmake
-- Installing: /root/ros_ws/src/pi_hub_srvs/install/pi_hub_srvs/share/pi_hub_srvs/cmake/pi_hub_srvsConfig-version.cmake
-- Installing: /root/ros_ws/src/pi_hub_srvs/install/pi_hub_srvs/share/pi_hub_srvs/package.xml
