[1.107s] Invoking command in '/root/ros_ws/src/gpio_conf': PYTHONPATH=/root/ros_ws/build/gpio_conf/prefix_override:/root/ros_ws/install/gpio_conf/lib/python3.10/site-packages:${PYTHONPATH} /usr/bin/python3 setup.py egg_info --egg-base ../../build/gpio_conf build --build-base /root/ros_ws/build/gpio_conf/build install --record /root/ros_ws/build/gpio_conf/install.log --install-scripts $base/lib/gpio_conf --single-version-externally-managed
[1.310s] /usr/lib/python3/dist-packages/setuptools/dist.py:723: UserWarning: Usage of dash-separated 'script-dir' will not be supported in future versions. Please use the underscore name 'script_dir' instead
[1.310s]   warnings.warn(
[1.318s] running egg_info
[1.319s] writing ../../build/gpio_conf/gpio_conf.egg-info/PKG-INFO
[1.319s] writing dependency_links to ../../build/gpio_conf/gpio_conf.egg-info/dependency_links.txt
[1.320s] writing entry points to ../../build/gpio_conf/gpio_conf.egg-info/entry_points.txt
[1.320s] writing requirements to ../../build/gpio_conf/gpio_conf.egg-info/requires.txt
[1.320s] writing top-level names to ../../build/gpio_conf/gpio_conf.egg-info/top_level.txt
[1.322s] reading manifest file '../../build/gpio_conf/gpio_conf.egg-info/SOURCES.txt'
[1.322s] writing manifest file '../../build/gpio_conf/gpio_conf.egg-info/SOURCES.txt'
[1.322s] running build
[1.322s] running build_py
[1.322s] running install
[1.323s] running install_lib
[1.323s] /usr/lib/python3/dist-packages/setuptools/command/install.py:34: SetuptoolsDeprecationWarning: setup.py install is deprecated. Use build and pip and other standards-based tools.
[1.323s]   warnings.warn(
[1.324s] running install_data
[1.325s] running install_egg_info
[1.326s] removing '/root/ros_ws/install/gpio_conf/lib/python3.10/site-packages/gpio_conf-0.0.0-py3.10.egg-info' (and everything under it)
[1.327s] Copying ../../build/gpio_conf/gpio_conf.egg-info to /root/ros_ws/install/gpio_conf/lib/python3.10/site-packages/gpio_conf-0.0.0-py3.10.egg-info
[1.327s] running install_scripts
[1.350s] Installing gpio_conf_node script to /root/ros_ws/install/gpio_conf/lib/gpio_conf
[1.350s] writing list of installed files to '/root/ros_ws/build/gpio_conf/install.log'
[1.392s] Invoked command in '/root/ros_ws/src/gpio_conf' returned '0': PYTHONPATH=/root/ros_ws/build/gpio_conf/prefix_override:/root/ros_ws/install/gpio_conf/lib/python3.10/site-packages:${PYTHONPATH} /usr/bin/python3 setup.py egg_info --egg-base ../../build/gpio_conf build --build-base /root/ros_ws/build/gpio_conf/build install --record /root/ros_ws/build/gpio_conf/install.log --install-scripts $base/lib/gpio_conf --single-version-externally-managed
