[0.905s] Invoking command in '/root/ros_ws/src/led_control': PYTHONPATH=/root/ros_ws/install/led_control/lib/python3.8/site-packages: /usr/bin/python3 setup.py egg_info --egg-base ../../build/led_control build --build-base /root/ros_ws/build/led_control/build install --prefix /root/ros_ws/install/led_control --record /root/ros_ws/build/led_control/install.log --single-version-externally-managed
[1.070s] running egg_info
[1.070s] creating ../../build/led_control/led_control.egg-info
[1.071s] writing ../../build/led_control/led_control.egg-info/PKG-INFO
[1.071s] writing dependency_links to ../../build/led_control/led_control.egg-info/dependency_links.txt
[1.071s] writing entry points to ../../build/led_control/led_control.egg-info/entry_points.txt
[1.072s] writing requirements to ../../build/led_control/led_control.egg-info/requires.txt
[1.072s] writing top-level names to ../../build/led_control/led_control.egg-info/top_level.txt
[1.073s] writing manifest file '../../build/led_control/led_control.egg-info/SOURCES.txt'
[1.113s] reading manifest file '../../build/led_control/led_control.egg-info/SOURCES.txt'
[1.114s] writing manifest file '../../build/led_control/led_control.egg-info/SOURCES.txt'
[1.114s] running build
[1.114s] running build_py
[1.115s] creating /root/ros_ws/build/led_control/build
[1.115s] creating /root/ros_ws/build/led_control/build/lib
[1.115s] creating /root/ros_ws/build/led_control/build/lib/led_control
[1.115s] copying led_control/led_control_node.py -> /root/ros_ws/build/led_control/build/lib/led_control
[1.115s] copying led_control/__init__.py -> /root/ros_ws/build/led_control/build/lib/led_control
[1.116s] running install
[1.116s] running install_lib
[1.118s] creating /root/ros_ws/install/led_control/lib/python3.8/site-packages/led_control
[1.118s] copying /root/ros_ws/build/led_control/build/lib/led_control/led_control_node.py -> /root/ros_ws/install/led_control/lib/python3.8/site-packages/led_control
[1.119s] copying /root/ros_ws/build/led_control/build/lib/led_control/__init__.py -> /root/ros_ws/install/led_control/lib/python3.8/site-packages/led_control
[1.119s] byte-compiling /root/ros_ws/install/led_control/lib/python3.8/site-packages/led_control/led_control_node.py to led_control_node.cpython-38.pyc
[1.120s] byte-compiling /root/ros_ws/install/led_control/lib/python3.8/site-packages/led_control/__init__.py to __init__.cpython-38.pyc
[1.121s] running install_data
[1.121s] creating /root/ros_ws/install/led_control/share/ament_index
[1.122s] creating /root/ros_ws/install/led_control/share/ament_index/resource_index
[1.122s] creating /root/ros_ws/install/led_control/share/ament_index/resource_index/packages
[1.122s] copying resource/led_control -> /root/ros_ws/install/led_control/share/ament_index/resource_index/packages
[1.123s] copying package.xml -> /root/ros_ws/install/led_control/share/led_control
[1.123s] running install_egg_info
[1.123s] Copying ../../build/led_control/led_control.egg-info to /root/ros_ws/install/led_control/lib/python3.8/site-packages/led_control-0.0.0-py3.8.egg-info
[1.125s] running install_scripts
[1.143s] Installing led_control_node script to /root/ros_ws/install/led_control/lib/led_control
[1.144s] writing list of installed files to '/root/ros_ws/build/led_control/install.log'
[1.175s] Invoked command in '/root/ros_ws/src/led_control' returned '0': PYTHONPATH=/root/ros_ws/install/led_control/lib/python3.8/site-packages: /usr/bin/python3 setup.py egg_info --egg-base ../../build/led_control build --build-base /root/ros_ws/build/led_control/build install --prefix /root/ros_ws/install/led_control --record /root/ros_ws/build/led_control/install.log --single-version-externally-managed
