[3.097s] Invoking command in '/root/ros_ws/src/pump_control': PYTHONPATH=/root/ros_ws/build/pump_control/prefix_override:/root/ros_ws/install/pump_control/lib/python3.10/site-packages:${PYTHONPATH} /usr/bin/python3 setup.py egg_info --egg-base ../../build/pump_control build --build-base /root/ros_ws/build/pump_control/build install --record /root/ros_ws/build/pump_control/install.log --install-scripts $base/lib/pump_control --single-version-externally-managed
[4.289s] /usr/lib/python3/dist-packages/setuptools/dist.py:723: UserWarning: Usage of dash-separated 'script-dir' will not be supported in future versions. Please use the underscore name 'script_dir' instead
[4.289s]   warnings.warn(
[4.309s] running egg_info
[4.312s] writing ../../build/pump_control/pump_control.egg-info/PKG-INFO
[4.319s] writing dependency_links to ../../build/pump_control/pump_control.egg-info/dependency_links.txt
[4.320s] writing entry points to ../../build/pump_control/pump_control.egg-info/entry_points.txt
[4.320s] writing requirements to ../../build/pump_control/pump_control.egg-info/requires.txt
[4.320s] writing top-level names to ../../build/pump_control/pump_control.egg-info/top_level.txt
[4.323s] reading manifest file '../../build/pump_control/pump_control.egg-info/SOURCES.txt'
[4.333s] writing manifest file '../../build/pump_control/pump_control.egg-info/SOURCES.txt'
[4.334s] running build
[4.334s] running build_py
[4.334s] copying pump_control/pump_control_node.py -> /root/ros_ws/build/pump_control/build/lib/pump_control
[4.334s] running install
[4.334s] /usr/lib/python3/dist-packages/setuptools/command/install.py:34: SetuptoolsDeprecationWarning: setup.py install is deprecated. Use build and pip and other standards-based tools.
[4.334s]   warnings.warn(
[4.335s] running install_lib
[4.349s] copying /root/ros_ws/build/pump_control/build/lib/pump_control/pump_control_node.py -> /root/ros_ws/install/pump_control/lib/python3.10/site-packages/pump_control
[4.350s] byte-compiling /root/ros_ws/install/pump_control/lib/python3.10/site-packages/pump_control/pump_control_node.py to pump_control_node.cpython-310.pyc
[4.351s] running install_data
[4.351s] running install_egg_info
[4.361s] removing '/root/ros_ws/install/pump_control/lib/python3.10/site-packages/pump_control-0.0.0-py3.10.egg-info' (and everything under it)
[4.364s] Copying ../../build/pump_control/pump_control.egg-info to /root/ros_ws/install/pump_control/lib/python3.10/site-packages/pump_control-0.0.0-py3.10.egg-info
[4.379s] running install_scripts
[4.446s] Installing pump_control_node script to /root/ros_ws/install/pump_control/lib/pump_control
[4.447s] writing list of installed files to '/root/ros_ws/build/pump_control/install.log'
[4.558s] Invoked command in '/root/ros_ws/src/pump_control' returned '0': PYTHONPATH=/root/ros_ws/build/pump_control/prefix_override:/root/ros_ws/install/pump_control/lib/python3.10/site-packages:${PYTHONPATH} /usr/bin/python3 setup.py egg_info --egg-base ../../build/pump_control build --build-base /root/ros_ws/build/pump_control/build install --record /root/ros_ws/build/pump_control/install.log --install-scripts $base/lib/pump_control --single-version-externally-managed
