[2.957s] Invoking command in '/root/ros_ws/src/led_control': PYTHONPATH=/root/ros_ws/build/led_control/prefix_override:/root/ros_ws/install/led_control/lib/python3.10/site-packages:${PYTHONPATH} /usr/bin/python3 setup.py egg_info --egg-base ../../build/led_control build --build-base /root/ros_ws/build/led_control/build install --record /root/ros_ws/build/led_control/install.log --install-scripts $base/lib/led_control --single-version-externally-managed
[4.443s] /usr/lib/python3/dist-packages/setuptools/dist.py:723: UserWarning: Usage of dash-separated 'script-dir' will not be supported in future versions. Please use the underscore name 'script_dir' instead
[4.443s]   warnings.warn(
[4.526s] running egg_info
[4.538s] writing ../../build/led_control/led_control.egg-info/PKG-INFO
[4.540s] writing dependency_links to ../../build/led_control/led_control.egg-info/dependency_links.txt
[4.542s] writing entry points to ../../build/led_control/led_control.egg-info/entry_points.txt
[4.543s] writing requirements to ../../build/led_control/led_control.egg-info/requires.txt
[4.544s] writing top-level names to ../../build/led_control/led_control.egg-info/top_level.txt
[4.548s] reading manifest file '../../build/led_control/led_control.egg-info/SOURCES.txt'
[4.555s] writing manifest file '../../build/led_control/led_control.egg-info/SOURCES.txt'
[4.557s] running build
[4.557s] running build_py
[4.557s] running install
[4.558s] /usr/lib/python3/dist-packages/setuptools/command/install.py:34: SetuptoolsDeprecationWarning: setup.py install is deprecated. Use build and pip and other standards-based tools.
[4.559s]   warnings.warn(
[4.562s] running install_lib
[4.578s] running install_data
[4.579s] running install_egg_info
[4.586s] removing '/root/ros_ws/install/led_control/lib/python3.10/site-packages/led_control-0.0.0-py3.10.egg-info' (and everything under it)
[4.588s] Copying ../../build/led_control/led_control.egg-info to /root/ros_ws/install/led_control/lib/python3.10/site-packages/led_control-0.0.0-py3.10.egg-info
[4.591s] running install_scripts
[4.743s] Installing led_control_node script to /root/ros_ws/install/led_control/lib/led_control
[4.745s] writing list of installed files to '/root/ros_ws/build/led_control/install.log'
[4.860s] Invoked command in '/root/ros_ws/src/led_control' returned '0': PYTHONPATH=/root/ros_ws/build/led_control/prefix_override:/root/ros_ws/install/led_control/lib/python3.10/site-packages:${PYTHONPATH} /usr/bin/python3 setup.py egg_info --egg-base ../../build/led_control build --build-base /root/ros_ws/build/led_control/build install --record /root/ros_ws/build/led_control/install.log --install-scripts $base/lib/led_control --single-version-externally-managed
