[0.765s] Invoking command in '/root/ros_ws/build/pi_hub_srvs': CMAKE_PREFIX_PATH=${CMAKE_PREFIX_PATH}:/root/ros_ws/install/time_schedule:/root/ros_ws/install/pi_hub:/root/ros_ws/install/pump_control:/root/ros_ws/install/led_control:/root/ros_ws/install/gpio_conf:/opt/ros/humble /usr/bin/cmake --build /root/ros_ws/build/pi_hub_srvs -- -j4 -l4
[0.922s] [ 10%] Built target pi_hub_srvs__rosidl_generator_c
[0.957s] [ 10%] Built target ament_cmake_python_copy_pi_hub_srvs
[0.962s] [ 12%] Built target pi_hub_srvs__cpp
[1.040s] [ 23%] Built target pi_hub_srvs__rosidl_typesupport_fastrtps_c
[1.071s] [ 34%] Built target pi_hub_srvs__rosidl_typesupport_c
[1.119s] [ 44%] Built target pi_hub_srvs__rosidl_typesupport_introspection_c
[1.142s] [ 55%] Built target pi_hub_srvs__rosidl_typesupport_introspection_cpp
[1.225s] [ 65%] Built target pi_hub_srvs__rosidl_typesupport_fastrtps_cpp
[1.287s] [ 76%] Built target pi_hub_srvs__rosidl_typesupport_cpp
[1.456s] [ 76%] Built target pi_hub_srvs
[1.642s] [ 78%] Built target pi_hub_srvs__py
[1.831s] [ 87%] Built target pi_hub_srvs__rosidl_generator_py
[2.018s] [ 91%] Built target pi_hub_srvs__rosidl_typesupport_fastrtps_c__pyext
[2.035s] [ 95%] Built target pi_hub_srvs__rosidl_typesupport_introspection_c__pyext
[2.079s] [100%] Built target pi_hub_srvs__rosidl_typesupport_c__pyext
[2.132s] running egg_info
[2.133s] writing pi_hub_srvs.egg-info/PKG-INFO
[2.134s] writing dependency_links to pi_hub_srvs.egg-info/dependency_links.txt
[2.134s] writing top-level names to pi_hub_srvs.egg-info/top_level.txt
[2.135s] reading manifest file 'pi_hub_srvs.egg-info/SOURCES.txt'
[2.135s] writing manifest file 'pi_hub_srvs.egg-info/SOURCES.txt'
[2.235s] [100%] Built target ament_cmake_python_build_pi_hub_srvs_egg
[2.306s] Invoked command in '/root/ros_ws/build/pi_hub_srvs' returned '0': CMAKE_PREFIX_PATH=${CMAKE_PREFIX_PATH}:/root/ros_ws/install/time_schedule:/root/ros_ws/install/pi_hub:/root/ros_ws/install/pump_control:/root/ros_ws/install/led_control:/root/ros_ws/install/gpio_conf:/opt/ros/humble /usr/bin/cmake --build /root/ros_ws/build/pi_hub_srvs -- -j4 -l4
[3.142s] Invoking command in '/root/ros_ws/build/pi_hub_srvs': CMAKE_PREFIX_PATH=${CMAKE_PREFIX_PATH}:/root/ros_ws/install/time_schedule:/root/ros_ws/install/pi_hub:/root/ros_ws/install/pump_control:/root/ros_ws/install/led_control:/root/ros_ws/install/gpio_conf:/opt/ros/humble /usr/bin/cmake --install /root/ros_ws/build/pi_hub_srvs
[3.158s] -- Install configuration: ""
[3.158s] -- Up-to-date: /root/ros_ws/install/pi_hub_srvs/share/ament_index/resource_index/rosidl_interfaces/pi_hub_srvs
[3.159s] -- Up-to-date: /root/ros_ws/install/pi_hub_srvs/include/pi_hub_srvs/pi_hub_srvs
[3.159s] -- Up-to-date: /root/ros_ws/install/pi_hub_srvs/include/pi_hub_srvs/pi_hub_srvs/msg
[3.159s] -- Up-to-date: /root/ros_ws/install/pi_hub_srvs/include/pi_hub_srvs/pi_hub_srvs/msg/rosidl_generator_c__visibility_control.h
[3.159s] -- Up-to-date: /root/ros_ws/install/pi_hub_srvs/include/pi_hub_srvs/pi_hub_srvs/srv
[3.160s] -- Up-to-date: /root/ros_ws/install/pi_hub_srvs/include/pi_hub_srvs/pi_hub_srvs/srv/detail
[3.160s] -- Up-to-date: /root/ros_ws/install/pi_hub_srvs/include/pi_hub_srvs/pi_hub_srvs/srv/detail/turn_off__type_support.h
[3.161s] -- Up-to-date: /root/ros_ws/install/pi_hub_srvs/include/pi_hub_srvs/pi_hub_srvs/srv/detail/control__struct.h
[3.161s] -- Up-to-date: /root/ros_ws/install/pi_hub_srvs/include/pi_hub_srvs/pi_hub_srvs/srv/detail/control__functions.c
[3.161s] -- Up-to-date: /root/ros_ws/install/pi_hub_srvs/include/pi_hub_srvs/pi_hub_srvs/srv/detail/control__functions.h
[3.161s] -- Up-to-date: /root/ros_ws/install/pi_hub_srvs/include/pi_hub_srvs/pi_hub_srvs/srv/detail/turn_off__functions.h
[3.162s] -- Up-to-date: /root/ros_ws/install/pi_hub_srvs/include/pi_hub_srvs/pi_hub_srvs/srv/detail/turn_on__functions.c
[3.163s] -- Up-to-date: /root/ros_ws/install/pi_hub_srvs/include/pi_hub_srvs/pi_hub_srvs/srv/detail/turn_on__functions.h
[3.163s] -- Up-to-date: /root/ros_ws/install/pi_hub_srvs/include/pi_hub_srvs/pi_hub_srvs/srv/detail/turn_off__struct.h
[3.163s] -- Up-to-date: /root/ros_ws/install/pi_hub_srvs/include/pi_hub_srvs/pi_hub_srvs/srv/detail/control__type_support.h
[3.164s] -- Up-to-date: /root/ros_ws/install/pi_hub_srvs/include/pi_hub_srvs/pi_hub_srvs/srv/detail/turn_on__struct.h
[3.165s] -- Up-to-date: /root/ros_ws/install/pi_hub_srvs/include/pi_hub_srvs/pi_hub_srvs/srv/detail/turn_off__functions.c
[3.166s] -- Up-to-date: /root/ros_ws/install/pi_hub_srvs/include/pi_hub_srvs/pi_hub_srvs/srv/detail/turn_on__type_support.h
[3.166s] -- Up-to-date: /root/ros_ws/install/pi_hub_srvs/include/pi_hub_srvs/pi_hub_srvs/srv/turn_off.h
[3.167s] -- Up-to-date: /root/ros_ws/install/pi_hub_srvs/include/pi_hub_srvs/pi_hub_srvs/srv/turn_on.h
[3.167s] -- Up-to-date: /root/ros_ws/install/pi_hub_srvs/include/pi_hub_srvs/pi_hub_srvs/srv/control.h
[3.167s] -- Up-to-date: /root/ros_ws/install/pi_hub_srvs/share/pi_hub_srvs/environment/library_path.sh
[3.167s] -- Up-to-date: /root/ros_ws/install/pi_hub_srvs/share/pi_hub_srvs/environment/library_path.dsv
[3.168s] -- Up-to-date: /root/ros_ws/install/pi_hub_srvs/lib/libpi_hub_srvs__rosidl_generator_c.so
[3.168s] -- Up-to-date: /root/ros_ws/install/pi_hub_srvs/include/pi_hub_srvs/pi_hub_srvs
[3.168s] -- Up-to-date: /root/ros_ws/install/pi_hub_srvs/include/pi_hub_srvs/pi_hub_srvs/msg
[3.168s] -- Up-to-date: /root/ros_ws/install/pi_hub_srvs/include/pi_hub_srvs/pi_hub_srvs/msg/rosidl_typesupport_fastrtps_c__visibility_control.h
[3.170s] -- Up-to-date: /root/ros_ws/install/pi_hub_srvs/include/pi_hub_srvs/pi_hub_srvs/srv
[3.172s] -- Up-to-date: /root/ros_ws/install/pi_hub_srvs/include/pi_hub_srvs/pi_hub_srvs/srv/detail
[3.172s] -- Up-to-date: /root/ros_ws/install/pi_hub_srvs/include/pi_hub_srvs/pi_hub_srvs/srv/detail/turn_off__rosidl_typesupport_fastrtps_c.h
[3.172s] -- Up-to-date: /root/ros_ws/install/pi_hub_srvs/include/pi_hub_srvs/pi_hub_srvs/srv/detail/turn_on__rosidl_typesupport_fastrtps_c.h
[3.173s] -- Up-to-date: /root/ros_ws/install/pi_hub_srvs/include/pi_hub_srvs/pi_hub_srvs/srv/detail/control__rosidl_typesupport_fastrtps_c.h
[3.173s] -- Up-to-date: /root/ros_ws/install/pi_hub_srvs/lib/libpi_hub_srvs__rosidl_typesupport_fastrtps_c.so
[3.173s] -- Up-to-date: /root/ros_ws/install/pi_hub_srvs/include/pi_hub_srvs/pi_hub_srvs
[3.173s] -- Up-to-date: /root/ros_ws/install/pi_hub_srvs/include/pi_hub_srvs/pi_hub_srvs/srv
[3.173s] -- Up-to-date: /root/ros_ws/install/pi_hub_srvs/include/pi_hub_srvs/pi_hub_srvs/srv/control.hpp
[3.174s] -- Up-to-date: /root/ros_ws/install/pi_hub_srvs/include/pi_hub_srvs/pi_hub_srvs/srv/detail
[3.174s] -- Up-to-date: /root/ros_ws/install/pi_hub_srvs/include/pi_hub_srvs/pi_hub_srvs/srv/detail/turn_off__builder.hpp
[3.174s] -- Up-to-date: /root/ros_ws/install/pi_hub_srvs/include/pi_hub_srvs/pi_hub_srvs/srv/detail/turn_off__traits.hpp
[3.174s] -- Up-to-date: /root/ros_ws/install/pi_hub_srvs/include/pi_hub_srvs/pi_hub_srvs/srv/detail/turn_off__struct.hpp
[3.175s] -- Up-to-date: /root/ros_ws/install/pi_hub_srvs/include/pi_hub_srvs/pi_hub_srvs/srv/detail/turn_on__builder.hpp
[3.175s] -- Up-to-date: /root/ros_ws/install/pi_hub_srvs/include/pi_hub_srvs/pi_hub_srvs/srv/detail/control__traits.hpp
[3.175s] -- Up-to-date: /root/ros_ws/install/pi_hub_srvs/include/pi_hub_srvs/pi_hub_srvs/srv/detail/control__struct.hpp
[3.175s] -- Up-to-date: /root/ros_ws/install/pi_hub_srvs/include/pi_hub_srvs/pi_hub_srvs/srv/detail/control__builder.hpp
[3.175s] -- Up-to-date: /root/ros_ws/install/pi_hub_srvs/include/pi_hub_srvs/pi_hub_srvs/srv/detail/turn_on__struct.hpp
[3.176s] -- Up-to-date: /root/ros_ws/install/pi_hub_srvs/include/pi_hub_srvs/pi_hub_srvs/srv/detail/turn_on__traits.hpp
[3.176s] -- Up-to-date: /root/ros_ws/install/pi_hub_srvs/include/pi_hub_srvs/pi_hub_srvs/srv/turn_off.hpp
[3.186s] -- Up-to-date: /root/ros_ws/install/pi_hub_srvs/include/pi_hub_srvs/pi_hub_srvs/srv/turn_on.hpp
[3.187s] -- Up-to-date: /root/ros_ws/install/pi_hub_srvs/include/pi_hub_srvs/pi_hub_srvs
[3.187s] -- Up-to-date: /root/ros_ws/install/pi_hub_srvs/include/pi_hub_srvs/pi_hub_srvs/msg
[3.187s] -- Up-to-date: /root/ros_ws/install/pi_hub_srvs/include/pi_hub_srvs/pi_hub_srvs/msg/rosidl_typesupport_fastrtps_cpp__visibility_control.h
[3.187s] -- Up-to-date: /root/ros_ws/install/pi_hub_srvs/include/pi_hub_srvs/pi_hub_srvs/srv
[3.187s] -- Up-to-date: /root/ros_ws/install/pi_hub_srvs/include/pi_hub_srvs/pi_hub_srvs/srv/detail
[3.187s] -- Up-to-date: /root/ros_ws/install/pi_hub_srvs/include/pi_hub_srvs/pi_hub_srvs/srv/detail/control__rosidl_typesupport_fastrtps_cpp.hpp
[3.188s] -- Up-to-date: /root/ros_ws/install/pi_hub_srvs/include/pi_hub_srvs/pi_hub_srvs/srv/detail/turn_on__rosidl_typesupport_fastrtps_cpp.hpp
[3.188s] -- Up-to-date: /root/ros_ws/install/pi_hub_srvs/include/pi_hub_srvs/pi_hub_srvs/srv/detail/dds_fastrtps
[3.188s] -- Up-to-date: /root/ros_ws/install/pi_hub_srvs/include/pi_hub_srvs/pi_hub_srvs/srv/detail/turn_off__rosidl_typesupport_fastrtps_cpp.hpp
[3.188s] -- Up-to-date: /root/ros_ws/install/pi_hub_srvs/lib/libpi_hub_srvs__rosidl_typesupport_fastrtps_cpp.so
[3.190s] -- Up-to-date: /root/ros_ws/install/pi_hub_srvs/include/pi_hub_srvs/pi_hub_srvs
[3.191s] -- Up-to-date: /root/ros_ws/install/pi_hub_srvs/include/pi_hub_srvs/pi_hub_srvs/msg
[3.191s] -- Up-to-date: /root/ros_ws/install/pi_hub_srvs/include/pi_hub_srvs/pi_hub_srvs/msg/rosidl_typesupport_introspection_c__visibility_control.h
[3.191s] -- Up-to-date: /root/ros_ws/install/pi_hub_srvs/include/pi_hub_srvs/pi_hub_srvs/srv
[3.192s] -- Up-to-date: /root/ros_ws/install/pi_hub_srvs/include/pi_hub_srvs/pi_hub_srvs/srv/detail
[3.198s] -- Up-to-date: /root/ros_ws/install/pi_hub_srvs/include/pi_hub_srvs/pi_hub_srvs/srv/detail/control__type_support.c
[3.199s] -- Up-to-date: /root/ros_ws/install/pi_hub_srvs/include/pi_hub_srvs/pi_hub_srvs/srv/detail/turn_on__type_support.c
[3.200s] -- Up-to-date: /root/ros_ws/install/pi_hub_srvs/include/pi_hub_srvs/pi_hub_srvs/srv/detail/control__rosidl_typesupport_introspection_c.h
[3.200s] -- Up-to-date: /root/ros_ws/install/pi_hub_srvs/include/pi_hub_srvs/pi_hub_srvs/srv/detail/turn_off__rosidl_typesupport_introspection_c.h
[3.201s] -- Up-to-date: /root/ros_ws/install/pi_hub_srvs/include/pi_hub_srvs/pi_hub_srvs/srv/detail/turn_off__type_support.c
[3.202s] -- Up-to-date: /root/ros_ws/install/pi_hub_srvs/include/pi_hub_srvs/pi_hub_srvs/srv/detail/turn_on__rosidl_typesupport_introspection_c.h
[3.202s] -- Up-to-date: /root/ros_ws/install/pi_hub_srvs/lib/libpi_hub_srvs__rosidl_typesupport_introspection_c.so
[3.202s] -- Up-to-date: /root/ros_ws/install/pi_hub_srvs/lib/libpi_hub_srvs__rosidl_typesupport_c.so
[3.202s] -- Up-to-date: /root/ros_ws/install/pi_hub_srvs/include/pi_hub_srvs/pi_hub_srvs
[3.202s] -- Up-to-date: /root/ros_ws/install/pi_hub_srvs/include/pi_hub_srvs/pi_hub_srvs/srv
[3.202s] -- Up-to-date: /root/ros_ws/install/pi_hub_srvs/include/pi_hub_srvs/pi_hub_srvs/srv/detail
[3.203s] -- Up-to-date: /root/ros_ws/install/pi_hub_srvs/include/pi_hub_srvs/pi_hub_srvs/srv/detail/turn_on__type_support.cpp
[3.203s] -- Up-to-date: /root/ros_ws/install/pi_hub_srvs/include/pi_hub_srvs/pi_hub_srvs/srv/detail/turn_on__rosidl_typesupport_introspection_cpp.hpp
[3.203s] -- Up-to-date: /root/ros_ws/install/pi_hub_srvs/include/pi_hub_srvs/pi_hub_srvs/srv/detail/turn_off__type_support.cpp
[3.203s] -- Up-to-date: /root/ros_ws/install/pi_hub_srvs/include/pi_hub_srvs/pi_hub_srvs/srv/detail/turn_off__rosidl_typesupport_introspection_cpp.hpp
[3.203s] -- Up-to-date: /root/ros_ws/install/pi_hub_srvs/include/pi_hub_srvs/pi_hub_srvs/srv/detail/control__rosidl_typesupport_introspection_cpp.hpp
[3.203s] -- Up-to-date: /root/ros_ws/install/pi_hub_srvs/include/pi_hub_srvs/pi_hub_srvs/srv/detail/control__type_support.cpp
[3.204s] -- Up-to-date: /root/ros_ws/install/pi_hub_srvs/lib/libpi_hub_srvs__rosidl_typesupport_introspection_cpp.so
[3.204s] -- Up-to-date: /root/ros_ws/install/pi_hub_srvs/lib/libpi_hub_srvs__rosidl_typesupport_cpp.so
[3.204s] -- Up-to-date: /root/ros_ws/install/pi_hub_srvs/share/pi_hub_srvs/environment/pythonpath.sh
[3.204s] -- Up-to-date: /root/ros_ws/install/pi_hub_srvs/share/pi_hub_srvs/environment/pythonpath.dsv
[3.204s] -- Up-to-date: /root/ros_ws/install/pi_hub_srvs/local/lib/python3.10/dist-packages/pi_hub_srvs-0.0.0-py3.10.egg-info
[3.204s] -- Installing: /root/ros_ws/install/pi_hub_srvs/local/lib/python3.10/dist-packages/pi_hub_srvs-0.0.0-py3.10.egg-info/SOURCES.txt
[3.205s] -- Installing: /root/ros_ws/install/pi_hub_srvs/local/lib/python3.10/dist-packages/pi_hub_srvs-0.0.0-py3.10.egg-info/dependency_links.txt
[3.205s] -- Installing: /root/ros_ws/install/pi_hub_srvs/local/lib/python3.10/dist-packages/pi_hub_srvs-0.0.0-py3.10.egg-info/PKG-INFO
[3.223s] -- Installing: /root/ros_ws/install/pi_hub_srvs/local/lib/python3.10/dist-packages/pi_hub_srvs-0.0.0-py3.10.egg-info/top_level.txt
[3.223s] -- Up-to-date: /root/ros_ws/install/pi_hub_srvs/local/lib/python3.10/dist-packages/pi_hub_srvs
[3.224s] -- Up-to-date: /root/ros_ws/install/pi_hub_srvs/local/lib/python3.10/dist-packages/pi_hub_srvs/_pi_hub_srvs_s.ep.rosidl_typesupport_c.c
[3.224s] -- Up-to-date: /root/ros_ws/install/pi_hub_srvs/local/lib/python3.10/dist-packages/pi_hub_srvs/pi_hub_srvs_s__rosidl_typesupport_c.cpython-310-x86_64-linux-gnu.so
[3.224s] -- Up-to-date: /root/ros_ws/install/pi_hub_srvs/local/lib/python3.10/dist-packages/pi_hub_srvs/_pi_hub_srvs_s.ep.rosidl_typesupport_fastrtps_c.c
[3.224s] -- Up-to-date: /root/ros_ws/install/pi_hub_srvs/local/lib/python3.10/dist-packages/pi_hub_srvs/libpi_hub_srvs__rosidl_generator_py.so
[3.224s] -- Up-to-date: /root/ros_ws/install/pi_hub_srvs/local/lib/python3.10/dist-packages/pi_hub_srvs/srv
[3.225s] -- Up-to-date: /root/ros_ws/install/pi_hub_srvs/local/lib/python3.10/dist-packages/pi_hub_srvs/srv/_turn_off_s.c
[3.225s] -- Up-to-date: /root/ros_ws/install/pi_hub_srvs/local/lib/python3.10/dist-packages/pi_hub_srvs/srv/_control_s.c
[3.225s] -- Up-to-date: /root/ros_ws/install/pi_hub_srvs/local/lib/python3.10/dist-packages/pi_hub_srvs/srv/_turn_off.py
[3.225s] -- Up-to-date: /root/ros_ws/install/pi_hub_srvs/local/lib/python3.10/dist-packages/pi_hub_srvs/srv/_control.py
[3.225s] -- Up-to-date: /root/ros_ws/install/pi_hub_srvs/local/lib/python3.10/dist-packages/pi_hub_srvs/srv/__init__.py
[3.225s] -- Up-to-date: /root/ros_ws/install/pi_hub_srvs/local/lib/python3.10/dist-packages/pi_hub_srvs/srv/_turn_on.py
[3.226s] -- Up-to-date: /root/ros_ws/install/pi_hub_srvs/local/lib/python3.10/dist-packages/pi_hub_srvs/srv/_turn_on_s.c
[3.226s] -- Up-to-date: /root/ros_ws/install/pi_hub_srvs/local/lib/python3.10/dist-packages/pi_hub_srvs/_pi_hub_srvs_s.ep.rosidl_typesupport_introspection_c.c
[3.226s] -- Up-to-date: /root/ros_ws/install/pi_hub_srvs/local/lib/python3.10/dist-packages/pi_hub_srvs/pi_hub_srvs_s__rosidl_typesupport_introspection_c.cpython-310-x86_64-linux-gnu.so
[3.226s] -- Up-to-date: /root/ros_ws/install/pi_hub_srvs/local/lib/python3.10/dist-packages/pi_hub_srvs/pi_hub_srvs_s__rosidl_typesupport_fastrtps_c.cpython-310-x86_64-linux-gnu.so
[3.226s] -- Up-to-date: /root/ros_ws/install/pi_hub_srvs/local/lib/python3.10/dist-packages/pi_hub_srvs/__init__.py
[3.403s] Listing '/root/ros_ws/install/pi_hub_srvs/local/lib/python3.10/dist-packages/pi_hub_srvs'...
[3.403s] Listing '/root/ros_ws/install/pi_hub_srvs/local/lib/python3.10/dist-packages/pi_hub_srvs/srv'...
[3.433s] -- Up-to-date: /root/ros_ws/install/pi_hub_srvs/local/lib/python3.10/dist-packages/pi_hub_srvs/pi_hub_srvs_s__rosidl_typesupport_fastrtps_c.cpython-310-x86_64-linux-gnu.so
[3.434s] -- Up-to-date: /root/ros_ws/install/pi_hub_srvs/local/lib/python3.10/dist-packages/pi_hub_srvs/pi_hub_srvs_s__rosidl_typesupport_introspection_c.cpython-310-x86_64-linux-gnu.so
[3.435s] -- Up-to-date: /root/ros_ws/install/pi_hub_srvs/local/lib/python3.10/dist-packages/pi_hub_srvs/pi_hub_srvs_s__rosidl_typesupport_c.cpython-310-x86_64-linux-gnu.so
[3.435s] -- Up-to-date: /root/ros_ws/install/pi_hub_srvs/lib/libpi_hub_srvs__rosidl_generator_py.so
[3.436s] -- Up-to-date: /root/ros_ws/install/pi_hub_srvs/share/pi_hub_srvs/srv/TurnOn.idl
[3.436s] -- Up-to-date: /root/ros_ws/install/pi_hub_srvs/share/pi_hub_srvs/srv/TurnOff.idl
[3.437s] -- Up-to-date: /root/ros_ws/install/pi_hub_srvs/share/pi_hub_srvs/srv/Control.idl
[3.437s] -- Up-to-date: /root/ros_ws/install/pi_hub_srvs/share/pi_hub_srvs/srv/TurnOn.srv
[3.437s] -- Up-to-date: /root/ros_ws/install/pi_hub_srvs/share/pi_hub_srvs/srv/TurnOn_Request.msg
[3.437s] -- Up-to-date: /root/ros_ws/install/pi_hub_srvs/share/pi_hub_srvs/srv/TurnOn_Response.msg
[3.438s] -- Up-to-date: /root/ros_ws/install/pi_hub_srvs/share/pi_hub_srvs/srv/TurnOff.srv
[3.438s] -- Up-to-date: /root/ros_ws/install/pi_hub_srvs/share/pi_hub_srvs/srv/TurnOff_Request.msg
[3.438s] -- Up-to-date: /root/ros_ws/install/pi_hub_srvs/share/pi_hub_srvs/srv/TurnOff_Response.msg
[3.438s] -- Up-to-date: /root/ros_ws/install/pi_hub_srvs/share/pi_hub_srvs/srv/Control.srv
[3.438s] -- Up-to-date: /root/ros_ws/install/pi_hub_srvs/share/pi_hub_srvs/srv/Control_Request.msg
[3.439s] -- Up-to-date: /root/ros_ws/install/pi_hub_srvs/share/pi_hub_srvs/srv/Control_Response.msg
[3.439s] -- Up-to-date: /root/ros_ws/install/pi_hub_srvs/share/ament_index/resource_index/package_run_dependencies/pi_hub_srvs
[3.439s] -- Up-to-date: /root/ros_ws/install/pi_hub_srvs/share/ament_index/resource_index/parent_prefix_path/pi_hub_srvs
[3.439s] -- Up-to-date: /root/ros_ws/install/pi_hub_srvs/share/pi_hub_srvs/environment/ament_prefix_path.sh
[3.441s] -- Up-to-date: /root/ros_ws/install/pi_hub_srvs/share/pi_hub_srvs/environment/ament_prefix_path.dsv
[3.442s] -- Up-to-date: /root/ros_ws/install/pi_hub_srvs/share/pi_hub_srvs/environment/path.sh
[3.442s] -- Up-to-date: /root/ros_ws/install/pi_hub_srvs/share/pi_hub_srvs/environment/path.dsv
[3.443s] -- Up-to-date: /root/ros_ws/install/pi_hub_srvs/share/pi_hub_srvs/local_setup.bash
[3.443s] -- Up-to-date: /root/ros_ws/install/pi_hub_srvs/share/pi_hub_srvs/local_setup.sh
[3.452s] -- Up-to-date: /root/ros_ws/install/pi_hub_srvs/share/pi_hub_srvs/local_setup.zsh
[3.453s] -- Up-to-date: /root/ros_ws/install/pi_hub_srvs/share/pi_hub_srvs/local_setup.dsv
[3.453s] -- Installing: /root/ros_ws/install/pi_hub_srvs/share/pi_hub_srvs/package.dsv
[3.454s] -- Up-to-date: /root/ros_ws/install/pi_hub_srvs/share/ament_index/resource_index/packages/pi_hub_srvs
[3.456s] -- Up-to-date: /root/ros_ws/install/pi_hub_srvs/share/pi_hub_srvs/cmake/export_pi_hub_srvs__rosidl_generator_cExport.cmake
[3.456s] -- Up-to-date: /root/ros_ws/install/pi_hub_srvs/share/pi_hub_srvs/cmake/export_pi_hub_srvs__rosidl_generator_cExport-noconfig.cmake
[3.457s] -- Up-to-date: /root/ros_ws/install/pi_hub_srvs/share/pi_hub_srvs/cmake/export_pi_hub_srvs__rosidl_typesupport_fastrtps_cExport.cmake
[3.457s] -- Up-to-date: /root/ros_ws/install/pi_hub_srvs/share/pi_hub_srvs/cmake/export_pi_hub_srvs__rosidl_typesupport_fastrtps_cExport-noconfig.cmake
[3.457s] -- Up-to-date: /root/ros_ws/install/pi_hub_srvs/share/pi_hub_srvs/cmake/export_pi_hub_srvs__rosidl_generator_cppExport.cmake
[3.458s] -- Up-to-date: /root/ros_ws/install/pi_hub_srvs/share/pi_hub_srvs/cmake/export_pi_hub_srvs__rosidl_typesupport_fastrtps_cppExport.cmake
[3.458s] -- Up-to-date: /root/ros_ws/install/pi_hub_srvs/share/pi_hub_srvs/cmake/export_pi_hub_srvs__rosidl_typesupport_fastrtps_cppExport-noconfig.cmake
[3.458s] -- Up-to-date: /root/ros_ws/install/pi_hub_srvs/share/pi_hub_srvs/cmake/pi_hub_srvs__rosidl_typesupport_introspection_cExport.cmake
[3.458s] -- Up-to-date: /root/ros_ws/install/pi_hub_srvs/share/pi_hub_srvs/cmake/pi_hub_srvs__rosidl_typesupport_introspection_cExport-noconfig.cmake
[3.458s] -- Up-to-date: /root/ros_ws/install/pi_hub_srvs/share/pi_hub_srvs/cmake/pi_hub_srvs__rosidl_typesupport_cExport.cmake
[3.459s] -- Up-to-date: /root/ros_ws/install/pi_hub_srvs/share/pi_hub_srvs/cmake/pi_hub_srvs__rosidl_typesupport_cExport-noconfig.cmake
[3.459s] -- Up-to-date: /root/ros_ws/install/pi_hub_srvs/share/pi_hub_srvs/cmake/pi_hub_srvs__rosidl_typesupport_introspection_cppExport.cmake
[3.459s] -- Up-to-date: /root/ros_ws/install/pi_hub_srvs/share/pi_hub_srvs/cmake/pi_hub_srvs__rosidl_typesupport_introspection_cppExport-noconfig.cmake
[3.459s] -- Up-to-date: /root/ros_ws/install/pi_hub_srvs/share/pi_hub_srvs/cmake/pi_hub_srvs__rosidl_typesupport_cppExport.cmake
[3.459s] -- Up-to-date: /root/ros_ws/install/pi_hub_srvs/share/pi_hub_srvs/cmake/pi_hub_srvs__rosidl_typesupport_cppExport-noconfig.cmake
[3.459s] -- Up-to-date: /root/ros_ws/install/pi_hub_srvs/share/pi_hub_srvs/cmake/export_pi_hub_srvs__rosidl_generator_pyExport.cmake
[3.460s] -- Up-to-date: /root/ros_ws/install/pi_hub_srvs/share/pi_hub_srvs/cmake/export_pi_hub_srvs__rosidl_generator_pyExport-noconfig.cmake
[3.460s] -- Up-to-date: /root/ros_ws/install/pi_hub_srvs/share/pi_hub_srvs/cmake/rosidl_cmake-extras.cmake
[3.460s] -- Up-to-date: /root/ros_ws/install/pi_hub_srvs/share/pi_hub_srvs/cmake/ament_cmake_export_dependencies-extras.cmake
[3.460s] -- Up-to-date: /root/ros_ws/install/pi_hub_srvs/share/pi_hub_srvs/cmake/ament_cmake_export_include_directories-extras.cmake
[3.474s] -- Up-to-date: /root/ros_ws/install/pi_hub_srvs/share/pi_hub_srvs/cmake/ament_cmake_export_libraries-extras.cmake
[3.474s] -- Up-to-date: /root/ros_ws/install/pi_hub_srvs/share/pi_hub_srvs/cmake/ament_cmake_export_targets-extras.cmake
[3.475s] -- Up-to-date: /root/ros_ws/install/pi_hub_srvs/share/pi_hub_srvs/cmake/rosidl_cmake_export_typesupport_targets-extras.cmake
[3.476s] -- Up-to-date: /root/ros_ws/install/pi_hub_srvs/share/pi_hub_srvs/cmake/rosidl_cmake_export_typesupport_libraries-extras.cmake
[3.476s] -- Up-to-date: /root/ros_ws/install/pi_hub_srvs/share/pi_hub_srvs/cmake/pi_hub_srvsConfig.cmake
[3.476s] -- Up-to-date: /root/ros_ws/install/pi_hub_srvs/share/pi_hub_srvs/cmake/pi_hub_srvsConfig-version.cmake
[3.476s] -- Up-to-date: /root/ros_ws/install/pi_hub_srvs/share/pi_hub_srvs/package.xml
[4.377s] Invoked command in '/root/ros_ws/build/pi_hub_srvs' returned '0': CMAKE_PREFIX_PATH=${CMAKE_PREFIX_PATH}:/root/ros_ws/install/time_schedule:/root/ros_ws/install/pi_hub:/root/ros_ws/install/pump_control:/root/ros_ws/install/led_control:/root/ros_ws/install/gpio_conf:/opt/ros/humble /usr/bin/cmake --install /root/ros_ws/build/pi_hub_srvs
