[0.969s] Invoking command in '/root/ros_ws/build/pi_hub_srvs': CMAKE_PREFIX_PATH=${CMAKE_PREFIX_PATH}:/root/ros_ws/install/time_schedule:/root/ros_ws/install/pi_hub:/root/ros_ws/install/pump_control:/root/ros_ws/install/led_control:/root/ros_ws/install/gpio_conf:/opt/ros/humble /usr/bin/cmake --build /root/ros_ws/build/pi_hub_srvs -- -j4 -l4
[1.107s] [  2%] Built target pi_hub_srvs__cpp
[1.174s] [  2%] Built target ament_cmake_python_copy_pi_hub_srvs
[1.310s] [ 12%] Built target pi_hub_srvs__rosidl_typesupport_fastrtps_cpp
[1.481s] [ 23%] Built target pi_hub_srvs__rosidl_typesupport_introspection_cpp
[2.300s] running egg_info
[2.302s] writing pi_hub_srvs.egg-info/PKG-INFO
[2.302s] writing dependency_links to pi_hub_srvs.egg-info/dependency_links.txt
[2.303s] writing top-level names to pi_hub_srvs.egg-info/top_level.txt
[2.314s] reading manifest file 'pi_hub_srvs.egg-info/SOURCES.txt'
[2.314s] writing manifest file 'pi_hub_srvs.egg-info/SOURCES.txt'
[2.403s] [ 23%] Built target ament_cmake_python_build_pi_hub_srvs_egg
[2.459s] [ 34%] Built target pi_hub_srvs__rosidl_typesupport_cpp
[2.529s] [ 44%] Built target pi_hub_srvs__rosidl_generator_c
[2.591s] [ 55%] Built target pi_hub_srvs__rosidl_typesupport_fastrtps_c
[2.660s] [ 65%] Built target pi_hub_srvs__rosidl_typesupport_c
[2.777s] [ 76%] Built target pi_hub_srvs__rosidl_typesupport_introspection_c
[2.868s] [ 76%] Built target pi_hub_srvs
[2.931s] [ 78%] Built target pi_hub_srvs__py
[3.028s] [ 87%] Built target pi_hub_srvs__rosidl_generator_py
[3.099s] [ 91%] Built target pi_hub_srvs__rosidl_typesupport_fastrtps_c__pyext
[3.212s] [ 95%] Built target pi_hub_srvs__rosidl_typesupport_c__pyext
[3.291s] [100%] Built target pi_hub_srvs__rosidl_typesupport_introspection_c__pyext
[3.350s] Invoked command in '/root/ros_ws/build/pi_hub_srvs' returned '0': CMAKE_PREFIX_PATH=${CMAKE_PREFIX_PATH}:/root/ros_ws/install/time_schedule:/root/ros_ws/install/pi_hub:/root/ros_ws/install/pump_control:/root/ros_ws/install/led_control:/root/ros_ws/install/gpio_conf:/opt/ros/humble /usr/bin/cmake --build /root/ros_ws/build/pi_hub_srvs -- -j4 -l4
[4.461s] Invoking command in '/root/ros_ws/build/pi_hub_srvs': CMAKE_PREFIX_PATH=${CMAKE_PREFIX_PATH}:/root/ros_ws/install/time_schedule:/root/ros_ws/install/pi_hub:/root/ros_ws/install/pump_control:/root/ros_ws/install/led_control:/root/ros_ws/install/gpio_conf:/opt/ros/humble /usr/bin/cmake --install /root/ros_ws/build/pi_hub_srvs
[4.489s] -- Install configuration: ""
[4.497s] -- Up-to-date: /root/ros_ws/install/pi_hub_srvs/share/ament_index/resource_index/rosidl_interfaces/pi_hub_srvs
[4.497s] -- Up-to-date: /root/ros_ws/install/pi_hub_srvs/include/pi_hub_srvs/pi_hub_srvs
[4.497s] -- Up-to-date: /root/ros_ws/install/pi_hub_srvs/include/pi_hub_srvs/pi_hub_srvs/msg
[4.497s] -- Up-to-date: /root/ros_ws/install/pi_hub_srvs/include/pi_hub_srvs/pi_hub_srvs/msg/rosidl_generator_c__visibility_control.h
[4.497s] -- Up-to-date: /root/ros_ws/install/pi_hub_srvs/include/pi_hub_srvs/pi_hub_srvs/srv
[4.498s] -- Up-to-date: /root/ros_ws/install/pi_hub_srvs/include/pi_hub_srvs/pi_hub_srvs/srv/detail
[4.498s] -- Up-to-date: /root/ros_ws/install/pi_hub_srvs/include/pi_hub_srvs/pi_hub_srvs/srv/detail/turn_off__type_support.h
[4.498s] -- Up-to-date: /root/ros_ws/install/pi_hub_srvs/include/pi_hub_srvs/pi_hub_srvs/srv/detail/control__struct.h
[4.498s] -- Up-to-date: /root/ros_ws/install/pi_hub_srvs/include/pi_hub_srvs/pi_hub_srvs/srv/detail/control__functions.c
[4.498s] -- Up-to-date: /root/ros_ws/install/pi_hub_srvs/include/pi_hub_srvs/pi_hub_srvs/srv/detail/control__functions.h
[4.498s] -- Up-to-date: /root/ros_ws/install/pi_hub_srvs/include/pi_hub_srvs/pi_hub_srvs/srv/detail/turn_off__functions.h
[4.501s] -- Up-to-date: /root/ros_ws/install/pi_hub_srvs/include/pi_hub_srvs/pi_hub_srvs/srv/detail/turn_on__functions.c
[4.501s] -- Up-to-date: /root/ros_ws/install/pi_hub_srvs/include/pi_hub_srvs/pi_hub_srvs/srv/detail/turn_on__functions.h
[4.502s] -- Up-to-date: /root/ros_ws/install/pi_hub_srvs/include/pi_hub_srvs/pi_hub_srvs/srv/detail/turn_off__struct.h
[4.502s] -- Up-to-date: /root/ros_ws/install/pi_hub_srvs/include/pi_hub_srvs/pi_hub_srvs/srv/detail/control__type_support.h
[4.502s] -- Up-to-date: /root/ros_ws/install/pi_hub_srvs/include/pi_hub_srvs/pi_hub_srvs/srv/detail/turn_on__struct.h
[4.504s] -- Up-to-date: /root/ros_ws/install/pi_hub_srvs/include/pi_hub_srvs/pi_hub_srvs/srv/detail/turn_off__functions.c
[4.505s] -- Up-to-date: /root/ros_ws/install/pi_hub_srvs/include/pi_hub_srvs/pi_hub_srvs/srv/detail/turn_on__type_support.h
[4.506s] -- Up-to-date: /root/ros_ws/install/pi_hub_srvs/include/pi_hub_srvs/pi_hub_srvs/srv/turn_off.h
[4.506s] -- Up-to-date: /root/ros_ws/install/pi_hub_srvs/include/pi_hub_srvs/pi_hub_srvs/srv/turn_on.h
[4.507s] -- Up-to-date: /root/ros_ws/install/pi_hub_srvs/include/pi_hub_srvs/pi_hub_srvs/srv/control.h
[4.507s] -- Up-to-date: /root/ros_ws/install/pi_hub_srvs/share/pi_hub_srvs/environment/library_path.sh
[4.507s] -- Up-to-date: /root/ros_ws/install/pi_hub_srvs/share/pi_hub_srvs/environment/library_path.dsv
[4.507s] -- Up-to-date: /root/ros_ws/install/pi_hub_srvs/lib/libpi_hub_srvs__rosidl_generator_c.so
[4.508s] -- Up-to-date: /root/ros_ws/install/pi_hub_srvs/include/pi_hub_srvs/pi_hub_srvs
[4.508s] -- Up-to-date: /root/ros_ws/install/pi_hub_srvs/include/pi_hub_srvs/pi_hub_srvs/msg
[4.508s] -- Up-to-date: /root/ros_ws/install/pi_hub_srvs/include/pi_hub_srvs/pi_hub_srvs/msg/rosidl_typesupport_fastrtps_c__visibility_control.h
[4.509s] -- Up-to-date: /root/ros_ws/install/pi_hub_srvs/include/pi_hub_srvs/pi_hub_srvs/srv
[4.509s] -- Up-to-date: /root/ros_ws/install/pi_hub_srvs/include/pi_hub_srvs/pi_hub_srvs/srv/detail
[4.509s] -- Up-to-date: /root/ros_ws/install/pi_hub_srvs/include/pi_hub_srvs/pi_hub_srvs/srv/detail/turn_off__rosidl_typesupport_fastrtps_c.h
[4.510s] -- Up-to-date: /root/ros_ws/install/pi_hub_srvs/include/pi_hub_srvs/pi_hub_srvs/srv/detail/turn_on__rosidl_typesupport_fastrtps_c.h
[4.511s] -- Up-to-date: /root/ros_ws/install/pi_hub_srvs/include/pi_hub_srvs/pi_hub_srvs/srv/detail/control__rosidl_typesupport_fastrtps_c.h
[4.513s] -- Up-to-date: /root/ros_ws/install/pi_hub_srvs/lib/libpi_hub_srvs__rosidl_typesupport_fastrtps_c.so
[4.515s] -- Up-to-date: /root/ros_ws/install/pi_hub_srvs/include/pi_hub_srvs/pi_hub_srvs
[4.515s] -- Up-to-date: /root/ros_ws/install/pi_hub_srvs/include/pi_hub_srvs/pi_hub_srvs/srv
[4.516s] -- Up-to-date: /root/ros_ws/install/pi_hub_srvs/include/pi_hub_srvs/pi_hub_srvs/srv/control.hpp
[4.516s] -- Up-to-date: /root/ros_ws/install/pi_hub_srvs/include/pi_hub_srvs/pi_hub_srvs/srv/detail
[4.517s] -- Up-to-date: /root/ros_ws/install/pi_hub_srvs/include/pi_hub_srvs/pi_hub_srvs/srv/detail/turn_off__builder.hpp
[4.517s] -- Up-to-date: /root/ros_ws/install/pi_hub_srvs/include/pi_hub_srvs/pi_hub_srvs/srv/detail/turn_off__traits.hpp
[4.518s] -- Up-to-date: /root/ros_ws/install/pi_hub_srvs/include/pi_hub_srvs/pi_hub_srvs/srv/detail/turn_off__struct.hpp
[4.518s] -- Up-to-date: /root/ros_ws/install/pi_hub_srvs/include/pi_hub_srvs/pi_hub_srvs/srv/detail/turn_on__builder.hpp
[4.519s] -- Up-to-date: /root/ros_ws/install/pi_hub_srvs/include/pi_hub_srvs/pi_hub_srvs/srv/detail/control__traits.hpp
[4.519s] -- Up-to-date: /root/ros_ws/install/pi_hub_srvs/include/pi_hub_srvs/pi_hub_srvs/srv/detail/control__struct.hpp
[4.520s] -- Up-to-date: /root/ros_ws/install/pi_hub_srvs/include/pi_hub_srvs/pi_hub_srvs/srv/detail/control__builder.hpp
[4.520s] -- Up-to-date: /root/ros_ws/install/pi_hub_srvs/include/pi_hub_srvs/pi_hub_srvs/srv/detail/turn_on__struct.hpp
[4.520s] -- Up-to-date: /root/ros_ws/install/pi_hub_srvs/include/pi_hub_srvs/pi_hub_srvs/srv/detail/turn_on__traits.hpp
[4.521s] -- Up-to-date: /root/ros_ws/install/pi_hub_srvs/include/pi_hub_srvs/pi_hub_srvs/srv/turn_off.hpp
[4.522s] -- Up-to-date: /root/ros_ws/install/pi_hub_srvs/include/pi_hub_srvs/pi_hub_srvs/srv/turn_on.hpp
[4.522s] -- Up-to-date: /root/ros_ws/install/pi_hub_srvs/include/pi_hub_srvs/pi_hub_srvs
[4.523s] -- Up-to-date: /root/ros_ws/install/pi_hub_srvs/include/pi_hub_srvs/pi_hub_srvs/msg
[4.523s] -- Up-to-date: /root/ros_ws/install/pi_hub_srvs/include/pi_hub_srvs/pi_hub_srvs/msg/rosidl_typesupport_fastrtps_cpp__visibility_control.h
[4.524s] -- Up-to-date: /root/ros_ws/install/pi_hub_srvs/include/pi_hub_srvs/pi_hub_srvs/srv
[4.524s] -- Up-to-date: /root/ros_ws/install/pi_hub_srvs/include/pi_hub_srvs/pi_hub_srvs/srv/detail
[4.528s] -- Up-to-date: /root/ros_ws/install/pi_hub_srvs/include/pi_hub_srvs/pi_hub_srvs/srv/detail/control__rosidl_typesupport_fastrtps_cpp.hpp
[4.528s] -- Up-to-date: /root/ros_ws/install/pi_hub_srvs/include/pi_hub_srvs/pi_hub_srvs/srv/detail/turn_on__rosidl_typesupport_fastrtps_cpp.hpp
[4.529s] -- Up-to-date: /root/ros_ws/install/pi_hub_srvs/include/pi_hub_srvs/pi_hub_srvs/srv/detail/dds_fastrtps
[4.529s] -- Up-to-date: /root/ros_ws/install/pi_hub_srvs/include/pi_hub_srvs/pi_hub_srvs/srv/detail/turn_off__rosidl_typesupport_fastrtps_cpp.hpp
[4.532s] -- Up-to-date: /root/ros_ws/install/pi_hub_srvs/lib/libpi_hub_srvs__rosidl_typesupport_fastrtps_cpp.so
[4.533s] -- Up-to-date: /root/ros_ws/install/pi_hub_srvs/include/pi_hub_srvs/pi_hub_srvs
[4.534s] -- Up-to-date: /root/ros_ws/install/pi_hub_srvs/include/pi_hub_srvs/pi_hub_srvs/msg
[4.534s] -- Up-to-date: /root/ros_ws/install/pi_hub_srvs/include/pi_hub_srvs/pi_hub_srvs/msg/rosidl_typesupport_introspection_c__visibility_control.h
[4.535s] -- Up-to-date: /root/ros_ws/install/pi_hub_srvs/include/pi_hub_srvs/pi_hub_srvs/srv
[4.535s] -- Up-to-date: /root/ros_ws/install/pi_hub_srvs/include/pi_hub_srvs/pi_hub_srvs/srv/detail
[4.536s] -- Up-to-date: /root/ros_ws/install/pi_hub_srvs/include/pi_hub_srvs/pi_hub_srvs/srv/detail/control__type_support.c
[4.536s] -- Up-to-date: /root/ros_ws/install/pi_hub_srvs/include/pi_hub_srvs/pi_hub_srvs/srv/detail/turn_on__type_support.c
[4.541s] -- Up-to-date: /root/ros_ws/install/pi_hub_srvs/include/pi_hub_srvs/pi_hub_srvs/srv/detail/control__rosidl_typesupport_introspection_c.h
[4.541s] -- Up-to-date: /root/ros_ws/install/pi_hub_srvs/include/pi_hub_srvs/pi_hub_srvs/srv/detail/turn_off__rosidl_typesupport_introspection_c.h
[4.542s] -- Up-to-date: /root/ros_ws/install/pi_hub_srvs/include/pi_hub_srvs/pi_hub_srvs/srv/detail/turn_off__type_support.c
[4.544s] -- Up-to-date: /root/ros_ws/install/pi_hub_srvs/include/pi_hub_srvs/pi_hub_srvs/srv/detail/turn_on__rosidl_typesupport_introspection_c.h
[4.569s] -- Up-to-date: /root/ros_ws/install/pi_hub_srvs/lib/libpi_hub_srvs__rosidl_typesupport_introspection_c.so
[4.570s] -- Up-to-date: /root/ros_ws/install/pi_hub_srvs/lib/libpi_hub_srvs__rosidl_typesupport_c.so
[4.570s] -- Up-to-date: /root/ros_ws/install/pi_hub_srvs/include/pi_hub_srvs/pi_hub_srvs
[4.570s] -- Up-to-date: /root/ros_ws/install/pi_hub_srvs/include/pi_hub_srvs/pi_hub_srvs/srv
[4.570s] -- Up-to-date: /root/ros_ws/install/pi_hub_srvs/include/pi_hub_srvs/pi_hub_srvs/srv/detail
[4.571s] -- Up-to-date: /root/ros_ws/install/pi_hub_srvs/include/pi_hub_srvs/pi_hub_srvs/srv/detail/turn_on__type_support.cpp
[4.572s] -- Up-to-date: /root/ros_ws/install/pi_hub_srvs/include/pi_hub_srvs/pi_hub_srvs/srv/detail/turn_on__rosidl_typesupport_introspection_cpp.hpp
[4.572s] -- Up-to-date: /root/ros_ws/install/pi_hub_srvs/include/pi_hub_srvs/pi_hub_srvs/srv/detail/turn_off__type_support.cpp
[4.576s] -- Up-to-date: /root/ros_ws/install/pi_hub_srvs/include/pi_hub_srvs/pi_hub_srvs/srv/detail/turn_off__rosidl_typesupport_introspection_cpp.hpp
[4.577s] -- Up-to-date: /root/ros_ws/install/pi_hub_srvs/include/pi_hub_srvs/pi_hub_srvs/srv/detail/control__rosidl_typesupport_introspection_cpp.hpp
[4.577s] -- Up-to-date: /root/ros_ws/install/pi_hub_srvs/include/pi_hub_srvs/pi_hub_srvs/srv/detail/control__type_support.cpp
[4.577s] -- Up-to-date: /root/ros_ws/install/pi_hub_srvs/lib/libpi_hub_srvs__rosidl_typesupport_introspection_cpp.so
[4.577s] -- Up-to-date: /root/ros_ws/install/pi_hub_srvs/lib/libpi_hub_srvs__rosidl_typesupport_cpp.so
[4.577s] -- Up-to-date: /root/ros_ws/install/pi_hub_srvs/share/pi_hub_srvs/environment/pythonpath.sh
[4.578s] -- Up-to-date: /root/ros_ws/install/pi_hub_srvs/share/pi_hub_srvs/environment/pythonpath.dsv
[4.578s] -- Up-to-date: /root/ros_ws/install/pi_hub_srvs/local/lib/python3.10/dist-packages/pi_hub_srvs-0.0.0-py3.10.egg-info
[4.578s] -- Installing: /root/ros_ws/install/pi_hub_srvs/local/lib/python3.10/dist-packages/pi_hub_srvs-0.0.0-py3.10.egg-info/SOURCES.txt
[4.578s] -- Installing: /root/ros_ws/install/pi_hub_srvs/local/lib/python3.10/dist-packages/pi_hub_srvs-0.0.0-py3.10.egg-info/dependency_links.txt
[4.578s] -- Installing: /root/ros_ws/install/pi_hub_srvs/local/lib/python3.10/dist-packages/pi_hub_srvs-0.0.0-py3.10.egg-info/PKG-INFO
[4.578s] -- Installing: /root/ros_ws/install/pi_hub_srvs/local/lib/python3.10/dist-packages/pi_hub_srvs-0.0.0-py3.10.egg-info/top_level.txt
[4.579s] -- Up-to-date: /root/ros_ws/install/pi_hub_srvs/local/lib/python3.10/dist-packages/pi_hub_srvs
[4.579s] -- Up-to-date: /root/ros_ws/install/pi_hub_srvs/local/lib/python3.10/dist-packages/pi_hub_srvs/_pi_hub_srvs_s.ep.rosidl_typesupport_c.c
[4.579s] -- Up-to-date: /root/ros_ws/install/pi_hub_srvs/local/lib/python3.10/dist-packages/pi_hub_srvs/pi_hub_srvs_s__rosidl_typesupport_c.cpython-310-x86_64-linux-gnu.so
[4.586s] -- Up-to-date: /root/ros_ws/install/pi_hub_srvs/local/lib/python3.10/dist-packages/pi_hub_srvs/_pi_hub_srvs_s.ep.rosidl_typesupport_fastrtps_c.c
[4.586s] -- Up-to-date: /root/ros_ws/install/pi_hub_srvs/local/lib/python3.10/dist-packages/pi_hub_srvs/libpi_hub_srvs__rosidl_generator_py.so
[4.586s] -- Up-to-date: /root/ros_ws/install/pi_hub_srvs/local/lib/python3.10/dist-packages/pi_hub_srvs/srv
[4.587s] -- Up-to-date: /root/ros_ws/install/pi_hub_srvs/local/lib/python3.10/dist-packages/pi_hub_srvs/srv/_turn_off_s.c
[4.587s] -- Up-to-date: /root/ros_ws/install/pi_hub_srvs/local/lib/python3.10/dist-packages/pi_hub_srvs/srv/_control_s.c
[4.587s] -- Up-to-date: /root/ros_ws/install/pi_hub_srvs/local/lib/python3.10/dist-packages/pi_hub_srvs/srv/_turn_off.py
[4.588s] -- Up-to-date: /root/ros_ws/install/pi_hub_srvs/local/lib/python3.10/dist-packages/pi_hub_srvs/srv/_control.py
[4.588s] -- Up-to-date: /root/ros_ws/install/pi_hub_srvs/local/lib/python3.10/dist-packages/pi_hub_srvs/srv/__init__.py
[4.588s] -- Up-to-date: /root/ros_ws/install/pi_hub_srvs/local/lib/python3.10/dist-packages/pi_hub_srvs/srv/_turn_on.py
[4.588s] -- Up-to-date: /root/ros_ws/install/pi_hub_srvs/local/lib/python3.10/dist-packages/pi_hub_srvs/srv/_turn_on_s.c
[4.589s] -- Up-to-date: /root/ros_ws/install/pi_hub_srvs/local/lib/python3.10/dist-packages/pi_hub_srvs/_pi_hub_srvs_s.ep.rosidl_typesupport_introspection_c.c
[4.590s] -- Up-to-date: /root/ros_ws/install/pi_hub_srvs/local/lib/python3.10/dist-packages/pi_hub_srvs/pi_hub_srvs_s__rosidl_typesupport_introspection_c.cpython-310-x86_64-linux-gnu.so
[4.596s] -- Up-to-date: /root/ros_ws/install/pi_hub_srvs/local/lib/python3.10/dist-packages/pi_hub_srvs/pi_hub_srvs_s__rosidl_typesupport_fastrtps_c.cpython-310-x86_64-linux-gnu.so
[4.596s] -- Up-to-date: /root/ros_ws/install/pi_hub_srvs/local/lib/python3.10/dist-packages/pi_hub_srvs/__init__.py
[4.669s] Listing '/root/ros_ws/install/pi_hub_srvs/local/lib/python3.10/dist-packages/pi_hub_srvs'...
[4.669s] Listing '/root/ros_ws/install/pi_hub_srvs/local/lib/python3.10/dist-packages/pi_hub_srvs/srv'...
[4.682s] -- Up-to-date: /root/ros_ws/install/pi_hub_srvs/local/lib/python3.10/dist-packages/pi_hub_srvs/pi_hub_srvs_s__rosidl_typesupport_fastrtps_c.cpython-310-x86_64-linux-gnu.so
[4.684s] -- Up-to-date: /root/ros_ws/install/pi_hub_srvs/local/lib/python3.10/dist-packages/pi_hub_srvs/pi_hub_srvs_s__rosidl_typesupport_introspection_c.cpython-310-x86_64-linux-gnu.so
[4.685s] -- Up-to-date: /root/ros_ws/install/pi_hub_srvs/local/lib/python3.10/dist-packages/pi_hub_srvs/pi_hub_srvs_s__rosidl_typesupport_c.cpython-310-x86_64-linux-gnu.so
[4.689s] -- Up-to-date: /root/ros_ws/install/pi_hub_srvs/lib/libpi_hub_srvs__rosidl_generator_py.so
[4.689s] -- Up-to-date: /root/ros_ws/install/pi_hub_srvs/share/pi_hub_srvs/srv/TurnOn.idl
[4.690s] -- Up-to-date: /root/ros_ws/install/pi_hub_srvs/share/pi_hub_srvs/srv/TurnOff.idl
[4.690s] -- Up-to-date: /root/ros_ws/install/pi_hub_srvs/share/pi_hub_srvs/srv/Control.idl
[4.692s] -- Up-to-date: /root/ros_ws/install/pi_hub_srvs/share/pi_hub_srvs/srv/TurnOn.srv
[4.692s] -- Up-to-date: /root/ros_ws/install/pi_hub_srvs/share/pi_hub_srvs/srv/TurnOn_Request.msg
[4.692s] -- Up-to-date: /root/ros_ws/install/pi_hub_srvs/share/pi_hub_srvs/srv/TurnOn_Response.msg
[4.692s] -- Up-to-date: /root/ros_ws/install/pi_hub_srvs/share/pi_hub_srvs/srv/TurnOff.srv
[4.693s] -- Up-to-date: /root/ros_ws/install/pi_hub_srvs/share/pi_hub_srvs/srv/TurnOff_Request.msg
[4.702s] -- Up-to-date: /root/ros_ws/install/pi_hub_srvs/share/pi_hub_srvs/srv/TurnOff_Response.msg
[4.702s] -- Up-to-date: /root/ros_ws/install/pi_hub_srvs/share/pi_hub_srvs/srv/Control.srv
[4.703s] -- Up-to-date: /root/ros_ws/install/pi_hub_srvs/share/pi_hub_srvs/srv/Control_Request.msg
[4.703s] -- Up-to-date: /root/ros_ws/install/pi_hub_srvs/share/pi_hub_srvs/srv/Control_Response.msg
[4.703s] -- Up-to-date: /root/ros_ws/install/pi_hub_srvs/share/ament_index/resource_index/package_run_dependencies/pi_hub_srvs
[4.703s] -- Up-to-date: /root/ros_ws/install/pi_hub_srvs/share/ament_index/resource_index/parent_prefix_path/pi_hub_srvs
[4.704s] -- Up-to-date: /root/ros_ws/install/pi_hub_srvs/share/pi_hub_srvs/environment/ament_prefix_path.sh
[4.704s] -- Up-to-date: /root/ros_ws/install/pi_hub_srvs/share/pi_hub_srvs/environment/ament_prefix_path.dsv
[4.704s] -- Up-to-date: /root/ros_ws/install/pi_hub_srvs/share/pi_hub_srvs/environment/path.sh
[4.704s] -- Up-to-date: /root/ros_ws/install/pi_hub_srvs/share/pi_hub_srvs/environment/path.dsv
[4.704s] -- Up-to-date: /root/ros_ws/install/pi_hub_srvs/share/pi_hub_srvs/local_setup.bash
[4.704s] -- Up-to-date: /root/ros_ws/install/pi_hub_srvs/share/pi_hub_srvs/local_setup.sh
[4.705s] -- Up-to-date: /root/ros_ws/install/pi_hub_srvs/share/pi_hub_srvs/local_setup.zsh
[4.705s] -- Up-to-date: /root/ros_ws/install/pi_hub_srvs/share/pi_hub_srvs/local_setup.dsv
[4.705s] -- Installing: /root/ros_ws/install/pi_hub_srvs/share/pi_hub_srvs/package.dsv
[4.705s] -- Up-to-date: /root/ros_ws/install/pi_hub_srvs/share/ament_index/resource_index/packages/pi_hub_srvs
[4.705s] -- Up-to-date: /root/ros_ws/install/pi_hub_srvs/share/pi_hub_srvs/cmake/export_pi_hub_srvs__rosidl_generator_cExport.cmake
[4.705s] -- Up-to-date: /root/ros_ws/install/pi_hub_srvs/share/pi_hub_srvs/cmake/export_pi_hub_srvs__rosidl_generator_cExport-noconfig.cmake
[4.706s] -- Up-to-date: /root/ros_ws/install/pi_hub_srvs/share/pi_hub_srvs/cmake/export_pi_hub_srvs__rosidl_typesupport_fastrtps_cExport.cmake
[4.706s] -- Up-to-date: /root/ros_ws/install/pi_hub_srvs/share/pi_hub_srvs/cmake/export_pi_hub_srvs__rosidl_typesupport_fastrtps_cExport-noconfig.cmake
[4.706s] -- Up-to-date: /root/ros_ws/install/pi_hub_srvs/share/pi_hub_srvs/cmake/export_pi_hub_srvs__rosidl_generator_cppExport.cmake
[4.707s] -- Up-to-date: /root/ros_ws/install/pi_hub_srvs/share/pi_hub_srvs/cmake/export_pi_hub_srvs__rosidl_typesupport_fastrtps_cppExport.cmake
[4.707s] -- Up-to-date: /root/ros_ws/install/pi_hub_srvs/share/pi_hub_srvs/cmake/export_pi_hub_srvs__rosidl_typesupport_fastrtps_cppExport-noconfig.cmake
[4.707s] -- Up-to-date: /root/ros_ws/install/pi_hub_srvs/share/pi_hub_srvs/cmake/pi_hub_srvs__rosidl_typesupport_introspection_cExport.cmake
[4.707s] -- Up-to-date: /root/ros_ws/install/pi_hub_srvs/share/pi_hub_srvs/cmake/pi_hub_srvs__rosidl_typesupport_introspection_cExport-noconfig.cmake
[4.707s] -- Up-to-date: /root/ros_ws/install/pi_hub_srvs/share/pi_hub_srvs/cmake/pi_hub_srvs__rosidl_typesupport_cExport.cmake
[4.708s] -- Up-to-date: /root/ros_ws/install/pi_hub_srvs/share/pi_hub_srvs/cmake/pi_hub_srvs__rosidl_typesupport_cExport-noconfig.cmake
[4.708s] -- Up-to-date: /root/ros_ws/install/pi_hub_srvs/share/pi_hub_srvs/cmake/pi_hub_srvs__rosidl_typesupport_introspection_cppExport.cmake
[4.708s] -- Up-to-date: /root/ros_ws/install/pi_hub_srvs/share/pi_hub_srvs/cmake/pi_hub_srvs__rosidl_typesupport_introspection_cppExport-noconfig.cmake
[4.708s] -- Up-to-date: /root/ros_ws/install/pi_hub_srvs/share/pi_hub_srvs/cmake/pi_hub_srvs__rosidl_typesupport_cppExport.cmake
[4.708s] -- Up-to-date: /root/ros_ws/install/pi_hub_srvs/share/pi_hub_srvs/cmake/pi_hub_srvs__rosidl_typesupport_cppExport-noconfig.cmake
[4.709s] -- Up-to-date: /root/ros_ws/install/pi_hub_srvs/share/pi_hub_srvs/cmake/export_pi_hub_srvs__rosidl_generator_pyExport.cmake
[4.709s] -- Up-to-date: /root/ros_ws/install/pi_hub_srvs/share/pi_hub_srvs/cmake/export_pi_hub_srvs__rosidl_generator_pyExport-noconfig.cmake
[4.709s] -- Up-to-date: /root/ros_ws/install/pi_hub_srvs/share/pi_hub_srvs/cmake/rosidl_cmake-extras.cmake
[4.710s] -- Up-to-date: /root/ros_ws/install/pi_hub_srvs/share/pi_hub_srvs/cmake/ament_cmake_export_dependencies-extras.cmake
[4.710s] -- Up-to-date: /root/ros_ws/install/pi_hub_srvs/share/pi_hub_srvs/cmake/ament_cmake_export_include_directories-extras.cmake
[4.710s] -- Up-to-date: /root/ros_ws/install/pi_hub_srvs/share/pi_hub_srvs/cmake/ament_cmake_export_libraries-extras.cmake
[4.710s] -- Up-to-date: /root/ros_ws/install/pi_hub_srvs/share/pi_hub_srvs/cmake/ament_cmake_export_targets-extras.cmake
[4.710s] -- Up-to-date: /root/ros_ws/install/pi_hub_srvs/share/pi_hub_srvs/cmake/rosidl_cmake_export_typesupport_targets-extras.cmake
[4.711s] -- Up-to-date: /root/ros_ws/install/pi_hub_srvs/share/pi_hub_srvs/cmake/rosidl_cmake_export_typesupport_libraries-extras.cmake
[4.712s] -- Up-to-date: /root/ros_ws/install/pi_hub_srvs/share/pi_hub_srvs/cmake/pi_hub_srvsConfig.cmake
[4.713s] -- Up-to-date: /root/ros_ws/install/pi_hub_srvs/share/pi_hub_srvs/cmake/pi_hub_srvsConfig-version.cmake
[4.714s] -- Up-to-date: /root/ros_ws/install/pi_hub_srvs/share/pi_hub_srvs/package.xml
[4.720s] Invoked command in '/root/ros_ws/build/pi_hub_srvs' returned '0': CMAKE_PREFIX_PATH=${CMAKE_PREFIX_PATH}:/root/ros_ws/install/time_schedule:/root/ros_ws/install/pi_hub:/root/ros_ws/install/pump_control:/root/ros_ws/install/led_control:/root/ros_ws/install/gpio_conf:/opt/ros/humble /usr/bin/cmake --install /root/ros_ws/build/pi_hub_srvs
