[0.008s] Invoking command in '/root/ros_ws/build/pi_hub_srvs': CMAKE_PREFIX_PATH=${CMAKE_PREFIX_PATH}:/root/ros_ws/install/time_schedule:/root/ros_ws/install/pump_control:/root/ros_ws/install/pi_hub:/root/ros_ws/install/led_control:/root/ros_ws/install/gpio_conf:/opt/ros/humble /usr/bin/cmake /root/ros_ws/src/pi_hub_srvs -DCMAKE_INSTALL_PREFIX=/root/ros_ws/install/pi_hub_srvs
[0.108s] -- The C compiler identification is GNU 11.3.0
[0.171s] -- The CXX compiler identification is GNU 11.3.0
[0.178s] -- Detecting C compiler ABI info
[0.219s] -- Detecting C compiler ABI info - done
[0.226s] -- Check for working C compiler: /usr/bin/cc - skipped
[0.226s] -- Detecting C compile features
[0.227s] -- Detecting C compile features - done
[0.229s] -- Detecting CXX compiler ABI info
[0.280s] -- Detecting CXX compiler ABI info - done
[0.287s] -- Check for working CXX compiler: /usr/bin/c++ - skipped
[0.287s] -- Detecting CXX compile features
[0.288s] -- Detecting CXX compile features - done
[0.290s] -- Found ament_cmake: 1.3.2 (/opt/ros/humble/share/ament_cmake/cmake)
[0.397s] -- Found Python3: /usr/bin/python3.10 (found version "3.10.6") found components: Interpreter 
[0.475s] -- Found std_msgs: 4.2.2 (/opt/ros/humble/share/std_msgs/cmake)
[0.509s] -- Found rosidl_generator_c: 3.1.3 (/opt/ros/humble/share/rosidl_generator_c/cmake)
[0.514s] -- Found rosidl_adapter: 3.1.3 (/opt/ros/humble/share/rosidl_adapter/cmake)
[0.523s] -- Found rosidl_generator_cpp: 3.1.3 (/opt/ros/humble/share/rosidl_generator_cpp/cmake)
[0.538s] -- Using all available rosidl_typesupport_c: rosidl_typesupport_fastrtps_c;rosidl_typesupport_introspection_c
[0.559s] -- Using all available rosidl_typesupport_cpp: rosidl_typesupport_fastrtps_cpp;rosidl_typesupport_introspection_cpp
[0.616s] -- Found rosidl_default_generators: 1.2.0 (/opt/ros/humble/share/rosidl_default_generators/cmake)
[0.817s] -- Found ament_cmake_ros: 0.10.0 (/opt/ros/humble/share/ament_cmake_ros/cmake)
[1.069s] -- Using all available rosidl_typesupport_c: rosidl_typesupport_fastrtps_c;rosidl_typesupport_introspection_c
[1.164s] -- Using all available rosidl_typesupport_cpp: rosidl_typesupport_fastrtps_cpp;rosidl_typesupport_introspection_cpp
[1.176s] -- Found PythonInterp: /usr/bin/python3 (found suitable version "3.10.6", minimum required is "3.6") 
[1.177s] -- Found python_cmake_module: 0.10.0 (/opt/ros/humble/share/python_cmake_module/cmake)
[1.192s] -- Found PythonLibs: /usr/lib/x86_64-linux-gnu/libpython3.10.so (found suitable version "3.10.6", minimum required is "3.5") 
[1.193s] -- Using PYTHON_EXECUTABLE: /usr/bin/python3
[1.193s] -- Using PYTHON_INCLUDE_DIRS: /usr/include/python3.10
[1.193s] -- Using PYTHON_LIBRARIES: /usr/lib/x86_64-linux-gnu/libpython3.10.so
[1.204s] -- Found PythonExtra: .so  
[1.241s] -- Found ament_lint_auto: 0.12.4 (/opt/ros/humble/share/ament_lint_auto/cmake)
[1.264s] -- Added test 'copyright' to check source files copyright and LICENSE
[1.266s] -- Added test 'lint_cmake' to check CMake code style
[1.267s] -- Added test 'xmllint' to check XML markup files
[1.269s] -- Configuring done
[1.298s] -- Generating done
[1.300s] -- Build files have been written to: /root/ros_ws/build/pi_hub_srvs
[1.305s] Invoked command in '/root/ros_ws/build/pi_hub_srvs' returned '0': CMAKE_PREFIX_PATH=${CMAKE_PREFIX_PATH}:/root/ros_ws/install/time_schedule:/root/ros_ws/install/pump_control:/root/ros_ws/install/pi_hub:/root/ros_ws/install/led_control:/root/ros_ws/install/gpio_conf:/opt/ros/humble /usr/bin/cmake /root/ros_ws/src/pi_hub_srvs -DCMAKE_INSTALL_PREFIX=/root/ros_ws/install/pi_hub_srvs
[1.306s] Invoking command in '/root/ros_ws/build/pi_hub_srvs': CMAKE_PREFIX_PATH=${CMAKE_PREFIX_PATH}:/root/ros_ws/install/time_schedule:/root/ros_ws/install/pump_control:/root/ros_ws/install/pi_hub:/root/ros_ws/install/led_control:/root/ros_ws/install/gpio_conf:/opt/ros/humble /usr/bin/cmake --build /root/ros_ws/build/pi_hub_srvs -- -j12 -l12
[1.332s] [  2%] [34m[1mGenerating C code for ROS interfaces[0m
[1.339s] [  4%] [34m[1mGenerating C++ code for ROS interfaces[0m
[1.342s] [  4%] Built target ament_cmake_python_copy_pi_hub_srvs
[1.484s] running egg_info
[1.485s] creating pi_hub_srvs.egg-info
[1.485s] writing pi_hub_srvs.egg-info/PKG-INFO
[1.485s] writing dependency_links to pi_hub_srvs.egg-info/dependency_links.txt
[1.485s] writing top-level names to pi_hub_srvs.egg-info/top_level.txt
[1.485s] writing manifest file 'pi_hub_srvs.egg-info/SOURCES.txt'
[1.486s] reading manifest file 'pi_hub_srvs.egg-info/SOURCES.txt'
[1.487s] writing manifest file 'pi_hub_srvs.egg-info/SOURCES.txt'
[1.505s] [  4%] Built target ament_cmake_python_build_pi_hub_srvs_egg
[1.653s] [  4%] Built target pi_hub_srvs__cpp
[1.661s] [  8%] [34m[1mGenerating C++ type support for eProsima Fast-RTPS[0m
[1.661s] [  8%] [34m[1mGenerating C++ type support dispatch for ROS interfaces[0m
[1.662s] [ 10%] [34m[1mGenerating C++ introspection for ROS interfaces[0m
[1.679s] [ 12%] [32mBuilding C object CMakeFiles/pi_hub_srvs__rosidl_generator_c.dir/rosidl_generator_c/pi_hub_srvs/srv/detail/turn_on__functions.c.o[0m
[1.680s] [ 14%] [32mBuilding C object CMakeFiles/pi_hub_srvs__rosidl_generator_c.dir/rosidl_generator_c/pi_hub_srvs/srv/detail/turn_off__functions.c.o[0m
[1.680s] [ 17%] [32mBuilding C object CMakeFiles/pi_hub_srvs__rosidl_generator_c.dir/rosidl_generator_c/pi_hub_srvs/srv/detail/control__functions.c.o[0m
[1.739s] [ 19%] [32m[1mLinking C shared library libpi_hub_srvs__rosidl_generator_c.so[0m
[1.763s] [ 19%] Built target pi_hub_srvs__rosidl_generator_c
[1.768s] [ 25%] [34m[1mGenerating C type support dispatch for ROS interfaces[0m
[1.768s] [ 25%] [34m[1mGenerating C type support for eProsima Fast-RTPS[0m
[1.768s] [ 25%] [34m[1mGenerating C introspection for ROS interfaces[0m
[1.936s] [ 27%] [32mBuilding CXX object CMakeFiles/pi_hub_srvs__rosidl_typesupport_introspection_cpp.dir/rosidl_typesupport_introspection_cpp/pi_hub_srvs/srv/detail/turn_on__type_support.cpp.o[0m
[1.937s] [ 29%] [32mBuilding CXX object CMakeFiles/pi_hub_srvs__rosidl_typesupport_introspection_cpp.dir/rosidl_typesupport_introspection_cpp/pi_hub_srvs/srv/detail/turn_off__type_support.cpp.o[0m
[1.937s] [ 31%] [32mBuilding CXX object CMakeFiles/pi_hub_srvs__rosidl_typesupport_introspection_cpp.dir/rosidl_typesupport_introspection_cpp/pi_hub_srvs/srv/detail/control__type_support.cpp.o[0m
[2.004s] [ 34%] [32mBuilding CXX object CMakeFiles/pi_hub_srvs__rosidl_typesupport_cpp.dir/rosidl_typesupport_cpp/pi_hub_srvs/srv/turn_on__type_support.cpp.o[0m
[2.004s] [ 36%] [32mBuilding CXX object CMakeFiles/pi_hub_srvs__rosidl_typesupport_cpp.dir/rosidl_typesupport_cpp/pi_hub_srvs/srv/turn_off__type_support.cpp.o[0m
[2.012s] [ 38%] [32mBuilding CXX object CMakeFiles/pi_hub_srvs__rosidl_typesupport_cpp.dir/rosidl_typesupport_cpp/pi_hub_srvs/srv/control__type_support.cpp.o[0m
[2.053s] [ 40%] [32mBuilding CXX object CMakeFiles/pi_hub_srvs__rosidl_typesupport_c.dir/rosidl_typesupport_c/pi_hub_srvs/srv/turn_off__type_support.cpp.o[0m
[2.055s] [ 42%] [32mBuilding CXX object CMakeFiles/pi_hub_srvs__rosidl_typesupport_c.dir/rosidl_typesupport_c/pi_hub_srvs/srv/control__type_support.cpp.o[0m
[2.060s] [ 44%] [32mBuilding CXX object CMakeFiles/pi_hub_srvs__rosidl_typesupport_c.dir/rosidl_typesupport_c/pi_hub_srvs/srv/turn_on__type_support.cpp.o[0m
[2.107s] [ 46%] [32m[1mLinking CXX shared library libpi_hub_srvs__rosidl_typesupport_c.so[0m
[2.133s] [ 51%] [32mBuilding C object CMakeFiles/pi_hub_srvs__rosidl_typesupport_introspection_c.dir/rosidl_typesupport_introspection_c/pi_hub_srvs/srv/detail/turn_on__type_support.c.o[0m
[2.133s] [ 51%] [32mBuilding C object CMakeFiles/pi_hub_srvs__rosidl_typesupport_introspection_c.dir/rosidl_typesupport_introspection_c/pi_hub_srvs/srv/detail/turn_off__type_support.c.o[0m
[2.137s] [ 53%] [32mBuilding C object CMakeFiles/pi_hub_srvs__rosidl_typesupport_introspection_c.dir/rosidl_typesupport_introspection_c/pi_hub_srvs/srv/detail/control__type_support.c.o[0m
[2.139s] [ 55%] [32mBuilding CXX object CMakeFiles/pi_hub_srvs__rosidl_typesupport_fastrtps_cpp.dir/rosidl_typesupport_fastrtps_cpp/pi_hub_srvs/srv/detail/dds_fastrtps/turn_on__type_support.cpp.o[0m
[2.181s] [ 55%] Built target pi_hub_srvs__rosidl_typesupport_c
[2.189s] [ 57%] [32mBuilding CXX object CMakeFiles/pi_hub_srvs__rosidl_typesupport_fastrtps_cpp.dir/rosidl_typesupport_fastrtps_cpp/pi_hub_srvs/srv/detail/dds_fastrtps/control__type_support.cpp.o[0m
[2.189s] [ 59%] [32m[1mLinking C shared library libpi_hub_srvs__rosidl_typesupport_introspection_c.so[0m
[2.192s] [ 61%] [32mBuilding CXX object CMakeFiles/pi_hub_srvs__rosidl_typesupport_fastrtps_cpp.dir/rosidl_typesupport_fastrtps_cpp/pi_hub_srvs/srv/detail/dds_fastrtps/turn_off__type_support.cpp.o[0m
[2.197s] [ 65%] [32mBuilding CXX object CMakeFiles/pi_hub_srvs__rosidl_typesupport_fastrtps_c.dir/rosidl_typesupport_fastrtps_c/pi_hub_srvs/srv/detail/turn_on__type_support_c.cpp.o[0m
[2.198s] [ 65%] [32mBuilding CXX object CMakeFiles/pi_hub_srvs__rosidl_typesupport_fastrtps_c.dir/rosidl_typesupport_fastrtps_c/pi_hub_srvs/srv/detail/turn_off__type_support_c.cpp.o[0m
[2.274s] [ 65%] Built target pi_hub_srvs__rosidl_typesupport_introspection_c
[2.277s] [ 68%] [32mBuilding CXX object CMakeFiles/pi_hub_srvs__rosidl_typesupport_fastrtps_c.dir/rosidl_typesupport_fastrtps_c/pi_hub_srvs/srv/detail/control__type_support_c.cpp.o[0m
[2.304s] [ 70%] [32m[1mLinking CXX shared library libpi_hub_srvs__rosidl_typesupport_cpp.so[0m
[2.323s] [ 72%] [32m[1mLinking CXX shared library libpi_hub_srvs__rosidl_typesupport_introspection_cpp.so[0m
[2.344s] [ 72%] Built target pi_hub_srvs__rosidl_typesupport_cpp
[2.355s] [ 72%] Built target pi_hub_srvs__rosidl_typesupport_introspection_cpp
[2.572s] [ 74%] [32m[1mLinking CXX shared library libpi_hub_srvs__rosidl_typesupport_fastrtps_c.so[0m
[2.616s] [ 76%] [32m[1mLinking CXX shared library libpi_hub_srvs__rosidl_typesupport_fastrtps_cpp.so[0m
[2.622s] [ 76%] Built target pi_hub_srvs__rosidl_typesupport_fastrtps_c
[2.665s] [ 76%] Built target pi_hub_srvs__rosidl_typesupport_fastrtps_cpp
[2.676s] [ 76%] Built target pi_hub_srvs
[2.689s] [ 78%] [34m[1mGenerating Python code for ROS interfaces[0m
[3.235s] [ 78%] Built target pi_hub_srvs__py
[3.245s] [ 80%] [32mBuilding C object CMakeFiles/pi_hub_srvs__rosidl_generator_py.dir/rosidl_generator_py/pi_hub_srvs/srv/_turn_on_s.c.o[0m
[3.246s] [ 85%] [32mBuilding C object CMakeFiles/pi_hub_srvs__rosidl_generator_py.dir/rosidl_generator_py/pi_hub_srvs/srv/_control_s.c.o[0m
[3.246s] [ 85%] [32mBuilding C object CMakeFiles/pi_hub_srvs__rosidl_generator_py.dir/rosidl_generator_py/pi_hub_srvs/srv/_turn_off_s.c.o[0m
[3.337s] [ 87%] [32m[1mLinking C shared library rosidl_generator_py/pi_hub_srvs/libpi_hub_srvs__rosidl_generator_py.so[0m
[3.362s] [ 87%] Built target pi_hub_srvs__rosidl_generator_py
[3.374s] [ 91%] [32mBuilding C object CMakeFiles/pi_hub_srvs__rosidl_typesupport_c__pyext.dir/rosidl_generator_py/pi_hub_srvs/_pi_hub_srvs_s.ep.rosidl_typesupport_c.c.o[0m
[3.374s] [ 91%] [32mBuilding C object CMakeFiles/pi_hub_srvs__rosidl_typesupport_introspection_c__pyext.dir/rosidl_generator_py/pi_hub_srvs/_pi_hub_srvs_s.ep.rosidl_typesupport_introspection_c.c.o[0m
[3.374s] [ 93%] [32mBuilding C object CMakeFiles/pi_hub_srvs__rosidl_typesupport_fastrtps_c__pyext.dir/rosidl_generator_py/pi_hub_srvs/_pi_hub_srvs_s.ep.rosidl_typesupport_fastrtps_c.c.o[0m
[3.460s] [ 97%] [32m[1mLinking C shared library rosidl_generator_py/pi_hub_srvs/pi_hub_srvs_s__rosidl_typesupport_fastrtps_c.cpython-310-x86_64-linux-gnu.so[0m
[3.460s] [ 97%] [32m[1mLinking C shared library rosidl_generator_py/pi_hub_srvs/pi_hub_srvs_s__rosidl_typesupport_introspection_c.cpython-310-x86_64-linux-gnu.so[0m
[3.460s] [100%] [32m[1mLinking C shared library rosidl_generator_py/pi_hub_srvs/pi_hub_srvs_s__rosidl_typesupport_c.cpython-310-x86_64-linux-gnu.so[0m
[3.485s] [100%] Built target pi_hub_srvs__rosidl_typesupport_fastrtps_c__pyext
[3.485s] [100%] Built target pi_hub_srvs__rosidl_typesupport_introspection_c__pyext
[3.486s] [100%] Built target pi_hub_srvs__rosidl_typesupport_c__pyext
[3.493s] Invoked command in '/root/ros_ws/build/pi_hub_srvs' returned '0': CMAKE_PREFIX_PATH=${CMAKE_PREFIX_PATH}:/root/ros_ws/install/time_schedule:/root/ros_ws/install/pump_control:/root/ros_ws/install/pi_hub:/root/ros_ws/install/led_control:/root/ros_ws/install/gpio_conf:/opt/ros/humble /usr/bin/cmake --build /root/ros_ws/build/pi_hub_srvs -- -j12 -l12
[3.540s] Invoking command in '/root/ros_ws/build/pi_hub_srvs': CMAKE_PREFIX_PATH=${CMAKE_PREFIX_PATH}:/root/ros_ws/install/time_schedule:/root/ros_ws/install/pump_control:/root/ros_ws/install/pi_hub:/root/ros_ws/install/led_control:/root/ros_ws/install/gpio_conf:/opt/ros/humble /usr/bin/cmake --install /root/ros_ws/build/pi_hub_srvs
[3.545s] -- Install configuration: ""
[3.545s] -- Installing: /root/ros_ws/install/pi_hub_srvs/share/ament_index/resource_index/rosidl_interfaces/pi_hub_srvs
[3.545s] -- Up-to-date: /root/ros_ws/install/pi_hub_srvs/include/pi_hub_srvs/pi_hub_srvs
[3.546s] -- Up-to-date: /root/ros_ws/install/pi_hub_srvs/include/pi_hub_srvs/pi_hub_srvs/srv
[3.546s] -- Up-to-date: /root/ros_ws/install/pi_hub_srvs/include/pi_hub_srvs/pi_hub_srvs/srv/detail
[3.546s] -- Installing: /root/ros_ws/install/pi_hub_srvs/include/pi_hub_srvs/pi_hub_srvs/srv/detail/turn_off__functions.h
[3.546s] -- Installing: /root/ros_ws/install/pi_hub_srvs/include/pi_hub_srvs/pi_hub_srvs/srv/detail/turn_on__type_support.h
[3.546s] -- Installing: /root/ros_ws/install/pi_hub_srvs/include/pi_hub_srvs/pi_hub_srvs/srv/detail/control__type_support.h
[3.546s] -- Installing: /root/ros_ws/install/pi_hub_srvs/include/pi_hub_srvs/pi_hub_srvs/srv/detail/turn_on__functions.c
[3.546s] -- Installing: /root/ros_ws/install/pi_hub_srvs/include/pi_hub_srvs/pi_hub_srvs/srv/detail/control__functions.c
[3.546s] -- Installing: /root/ros_ws/install/pi_hub_srvs/include/pi_hub_srvs/pi_hub_srvs/srv/detail/turn_off__struct.h
[3.546s] -- Installing: /root/ros_ws/install/pi_hub_srvs/include/pi_hub_srvs/pi_hub_srvs/srv/detail/turn_on__struct.h
[3.546s] -- Installing: /root/ros_ws/install/pi_hub_srvs/include/pi_hub_srvs/pi_hub_srvs/srv/detail/turn_off__functions.c
[3.547s] -- Installing: /root/ros_ws/install/pi_hub_srvs/include/pi_hub_srvs/pi_hub_srvs/srv/detail/control__functions.h
[3.547s] -- Installing: /root/ros_ws/install/pi_hub_srvs/include/pi_hub_srvs/pi_hub_srvs/srv/detail/turn_off__type_support.h
[3.547s] -- Installing: /root/ros_ws/install/pi_hub_srvs/include/pi_hub_srvs/pi_hub_srvs/srv/detail/turn_on__functions.h
[3.547s] -- Installing: /root/ros_ws/install/pi_hub_srvs/include/pi_hub_srvs/pi_hub_srvs/srv/detail/control__struct.h
[3.547s] -- Installing: /root/ros_ws/install/pi_hub_srvs/include/pi_hub_srvs/pi_hub_srvs/srv/control.h
[3.547s] -- Installing: /root/ros_ws/install/pi_hub_srvs/include/pi_hub_srvs/pi_hub_srvs/srv/turn_on.h
[3.547s] -- Installing: /root/ros_ws/install/pi_hub_srvs/include/pi_hub_srvs/pi_hub_srvs/srv/turn_off.h
[3.547s] -- Up-to-date: /root/ros_ws/install/pi_hub_srvs/include/pi_hub_srvs/pi_hub_srvs/msg
[3.547s] -- Installing: /root/ros_ws/install/pi_hub_srvs/include/pi_hub_srvs/pi_hub_srvs/msg/rosidl_generator_c__visibility_control.h
[3.547s] -- Up-to-date: /root/ros_ws/install/pi_hub_srvs/share/pi_hub_srvs/environment/library_path.sh
[3.547s] -- Installing: /root/ros_ws/install/pi_hub_srvs/share/pi_hub_srvs/environment/library_path.dsv
[3.548s] -- Installing: /root/ros_ws/install/pi_hub_srvs/lib/libpi_hub_srvs__rosidl_generator_c.so
[3.548s] -- Set runtime path of "/root/ros_ws/install/pi_hub_srvs/lib/libpi_hub_srvs__rosidl_generator_c.so" to ""
[3.548s] -- Up-to-date: /root/ros_ws/install/pi_hub_srvs/include/pi_hub_srvs/pi_hub_srvs
[3.548s] -- Up-to-date: /root/ros_ws/install/pi_hub_srvs/include/pi_hub_srvs/pi_hub_srvs/srv
[3.548s] -- Up-to-date: /root/ros_ws/install/pi_hub_srvs/include/pi_hub_srvs/pi_hub_srvs/srv/detail
[3.548s] -- Installing: /root/ros_ws/install/pi_hub_srvs/include/pi_hub_srvs/pi_hub_srvs/srv/detail/control__rosidl_typesupport_fastrtps_c.h
[3.548s] -- Installing: /root/ros_ws/install/pi_hub_srvs/include/pi_hub_srvs/pi_hub_srvs/srv/detail/turn_on__rosidl_typesupport_fastrtps_c.h
[3.549s] -- Installing: /root/ros_ws/install/pi_hub_srvs/include/pi_hub_srvs/pi_hub_srvs/srv/detail/turn_off__rosidl_typesupport_fastrtps_c.h
[3.549s] -- Up-to-date: /root/ros_ws/install/pi_hub_srvs/include/pi_hub_srvs/pi_hub_srvs/msg
[3.549s] -- Installing: /root/ros_ws/install/pi_hub_srvs/include/pi_hub_srvs/pi_hub_srvs/msg/rosidl_typesupport_fastrtps_c__visibility_control.h
[3.549s] -- Installing: /root/ros_ws/install/pi_hub_srvs/lib/libpi_hub_srvs__rosidl_typesupport_fastrtps_c.so
[3.549s] -- Set runtime path of "/root/ros_ws/install/pi_hub_srvs/lib/libpi_hub_srvs__rosidl_typesupport_fastrtps_c.so" to ""
[3.549s] -- Up-to-date: /root/ros_ws/install/pi_hub_srvs/include/pi_hub_srvs/pi_hub_srvs
[3.549s] -- Up-to-date: /root/ros_ws/install/pi_hub_srvs/include/pi_hub_srvs/pi_hub_srvs/srv
[3.549s] -- Up-to-date: /root/ros_ws/install/pi_hub_srvs/include/pi_hub_srvs/pi_hub_srvs/srv/detail
[3.549s] -- Installing: /root/ros_ws/install/pi_hub_srvs/include/pi_hub_srvs/pi_hub_srvs/srv/detail/turn_off__traits.hpp
[3.549s] -- Installing: /root/ros_ws/install/pi_hub_srvs/include/pi_hub_srvs/pi_hub_srvs/srv/detail/turn_on__struct.hpp
[3.549s] -- Installing: /root/ros_ws/install/pi_hub_srvs/include/pi_hub_srvs/pi_hub_srvs/srv/detail/turn_off__builder.hpp
[3.549s] -- Installing: /root/ros_ws/install/pi_hub_srvs/include/pi_hub_srvs/pi_hub_srvs/srv/detail/turn_on__traits.hpp
[3.550s] -- Installing: /root/ros_ws/install/pi_hub_srvs/include/pi_hub_srvs/pi_hub_srvs/srv/detail/control__struct.hpp
[3.550s] -- Installing: /root/ros_ws/install/pi_hub_srvs/include/pi_hub_srvs/pi_hub_srvs/srv/detail/control__traits.hpp
[3.550s] -- Installing: /root/ros_ws/install/pi_hub_srvs/include/pi_hub_srvs/pi_hub_srvs/srv/detail/turn_on__builder.hpp
[3.550s] -- Installing: /root/ros_ws/install/pi_hub_srvs/include/pi_hub_srvs/pi_hub_srvs/srv/detail/turn_off__struct.hpp
[3.550s] -- Installing: /root/ros_ws/install/pi_hub_srvs/include/pi_hub_srvs/pi_hub_srvs/srv/detail/control__builder.hpp
[3.550s] -- Installing: /root/ros_ws/install/pi_hub_srvs/include/pi_hub_srvs/pi_hub_srvs/srv/turn_on.hpp
[3.550s] -- Installing: /root/ros_ws/install/pi_hub_srvs/include/pi_hub_srvs/pi_hub_srvs/srv/control.hpp
[3.550s] -- Installing: /root/ros_ws/install/pi_hub_srvs/include/pi_hub_srvs/pi_hub_srvs/srv/turn_off.hpp
[3.550s] -- Up-to-date: /root/ros_ws/install/pi_hub_srvs/include/pi_hub_srvs/pi_hub_srvs
[3.551s] -- Up-to-date: /root/ros_ws/install/pi_hub_srvs/include/pi_hub_srvs/pi_hub_srvs/srv
[3.551s] -- Up-to-date: /root/ros_ws/install/pi_hub_srvs/include/pi_hub_srvs/pi_hub_srvs/srv/detail
[3.551s] -- Up-to-date: /root/ros_ws/install/pi_hub_srvs/include/pi_hub_srvs/pi_hub_srvs/srv/detail/dds_fastrtps
[3.551s] -- Installing: /root/ros_ws/install/pi_hub_srvs/include/pi_hub_srvs/pi_hub_srvs/srv/detail/turn_off__rosidl_typesupport_fastrtps_cpp.hpp
[3.551s] -- Installing: /root/ros_ws/install/pi_hub_srvs/include/pi_hub_srvs/pi_hub_srvs/srv/detail/turn_on__rosidl_typesupport_fastrtps_cpp.hpp
[3.551s] -- Installing: /root/ros_ws/install/pi_hub_srvs/include/pi_hub_srvs/pi_hub_srvs/srv/detail/control__rosidl_typesupport_fastrtps_cpp.hpp
[3.551s] -- Up-to-date: /root/ros_ws/install/pi_hub_srvs/include/pi_hub_srvs/pi_hub_srvs/msg
[3.551s] -- Installing: /root/ros_ws/install/pi_hub_srvs/include/pi_hub_srvs/pi_hub_srvs/msg/rosidl_typesupport_fastrtps_cpp__visibility_control.h
[3.551s] -- Installing: /root/ros_ws/install/pi_hub_srvs/lib/libpi_hub_srvs__rosidl_typesupport_fastrtps_cpp.so
[3.551s] -- Set runtime path of "/root/ros_ws/install/pi_hub_srvs/lib/libpi_hub_srvs__rosidl_typesupport_fastrtps_cpp.so" to ""
[3.552s] -- Up-to-date: /root/ros_ws/install/pi_hub_srvs/include/pi_hub_srvs/pi_hub_srvs
[3.552s] -- Up-to-date: /root/ros_ws/install/pi_hub_srvs/include/pi_hub_srvs/pi_hub_srvs/srv
[3.552s] -- Up-to-date: /root/ros_ws/install/pi_hub_srvs/include/pi_hub_srvs/pi_hub_srvs/srv/detail
[3.552s] -- Installing: /root/ros_ws/install/pi_hub_srvs/include/pi_hub_srvs/pi_hub_srvs/srv/detail/turn_off__type_support.c
[3.552s] -- Installing: /root/ros_ws/install/pi_hub_srvs/include/pi_hub_srvs/pi_hub_srvs/srv/detail/turn_on__rosidl_typesupport_introspection_c.h
[3.552s] -- Installing: /root/ros_ws/install/pi_hub_srvs/include/pi_hub_srvs/pi_hub_srvs/srv/detail/control__type_support.c
[3.552s] -- Installing: /root/ros_ws/install/pi_hub_srvs/include/pi_hub_srvs/pi_hub_srvs/srv/detail/turn_off__rosidl_typesupport_introspection_c.h
[3.552s] -- Installing: /root/ros_ws/install/pi_hub_srvs/include/pi_hub_srvs/pi_hub_srvs/srv/detail/control__rosidl_typesupport_introspection_c.h
[3.552s] -- Installing: /root/ros_ws/install/pi_hub_srvs/include/pi_hub_srvs/pi_hub_srvs/srv/detail/turn_on__type_support.c
[3.552s] -- Up-to-date: /root/ros_ws/install/pi_hub_srvs/include/pi_hub_srvs/pi_hub_srvs/msg
[3.552s] -- Installing: /root/ros_ws/install/pi_hub_srvs/include/pi_hub_srvs/pi_hub_srvs/msg/rosidl_typesupport_introspection_c__visibility_control.h
[3.552s] -- Installing: /root/ros_ws/install/pi_hub_srvs/lib/libpi_hub_srvs__rosidl_typesupport_introspection_c.so
[3.553s] -- Set runtime path of "/root/ros_ws/install/pi_hub_srvs/lib/libpi_hub_srvs__rosidl_typesupport_introspection_c.so" to ""
[3.553s] -- Installing: /root/ros_ws/install/pi_hub_srvs/lib/libpi_hub_srvs__rosidl_typesupport_c.so
[3.553s] -- Set runtime path of "/root/ros_ws/install/pi_hub_srvs/lib/libpi_hub_srvs__rosidl_typesupport_c.so" to ""
[3.553s] -- Up-to-date: /root/ros_ws/install/pi_hub_srvs/include/pi_hub_srvs/pi_hub_srvs
[3.553s] -- Up-to-date: /root/ros_ws/install/pi_hub_srvs/include/pi_hub_srvs/pi_hub_srvs/srv
[3.553s] -- Up-to-date: /root/ros_ws/install/pi_hub_srvs/include/pi_hub_srvs/pi_hub_srvs/srv/detail
[3.553s] -- Installing: /root/ros_ws/install/pi_hub_srvs/include/pi_hub_srvs/pi_hub_srvs/srv/detail/turn_off__type_support.cpp
[3.553s] -- Installing: /root/ros_ws/install/pi_hub_srvs/include/pi_hub_srvs/pi_hub_srvs/srv/detail/control__rosidl_typesupport_introspection_cpp.hpp
[3.553s] -- Installing: /root/ros_ws/install/pi_hub_srvs/include/pi_hub_srvs/pi_hub_srvs/srv/detail/turn_off__rosidl_typesupport_introspection_cpp.hpp
[3.554s] -- Installing: /root/ros_ws/install/pi_hub_srvs/include/pi_hub_srvs/pi_hub_srvs/srv/detail/turn_on__type_support.cpp
[3.554s] -- Installing: /root/ros_ws/install/pi_hub_srvs/include/pi_hub_srvs/pi_hub_srvs/srv/detail/control__type_support.cpp
[3.554s] -- Installing: /root/ros_ws/install/pi_hub_srvs/include/pi_hub_srvs/pi_hub_srvs/srv/detail/turn_on__rosidl_typesupport_introspection_cpp.hpp
[3.554s] -- Installing: /root/ros_ws/install/pi_hub_srvs/lib/libpi_hub_srvs__rosidl_typesupport_introspection_cpp.so
[3.554s] -- Set runtime path of "/root/ros_ws/install/pi_hub_srvs/lib/libpi_hub_srvs__rosidl_typesupport_introspection_cpp.so" to ""
[3.554s] -- Installing: /root/ros_ws/install/pi_hub_srvs/lib/libpi_hub_srvs__rosidl_typesupport_cpp.so
[3.555s] -- Set runtime path of "/root/ros_ws/install/pi_hub_srvs/lib/libpi_hub_srvs__rosidl_typesupport_cpp.so" to ""
[3.555s] -- Installing: /root/ros_ws/install/pi_hub_srvs/share/pi_hub_srvs/environment/pythonpath.sh
[3.555s] -- Installing: /root/ros_ws/install/pi_hub_srvs/share/pi_hub_srvs/environment/pythonpath.dsv
[3.555s] -- Up-to-date: /root/ros_ws/install/pi_hub_srvs/local/lib/python3.10/dist-packages/pi_hub_srvs-0.0.0-py3.10.egg-info
[3.555s] -- Installing: /root/ros_ws/install/pi_hub_srvs/local/lib/python3.10/dist-packages/pi_hub_srvs-0.0.0-py3.10.egg-info/dependency_links.txt
[3.555s] -- Installing: /root/ros_ws/install/pi_hub_srvs/local/lib/python3.10/dist-packages/pi_hub_srvs-0.0.0-py3.10.egg-info/SOURCES.txt
[3.555s] -- Installing: /root/ros_ws/install/pi_hub_srvs/local/lib/python3.10/dist-packages/pi_hub_srvs-0.0.0-py3.10.egg-info/PKG-INFO
[3.555s] -- Installing: /root/ros_ws/install/pi_hub_srvs/local/lib/python3.10/dist-packages/pi_hub_srvs-0.0.0-py3.10.egg-info/top_level.txt
[3.555s] -- Up-to-date: /root/ros_ws/install/pi_hub_srvs/local/lib/python3.10/dist-packages/pi_hub_srvs
[3.556s] -- Up-to-date: /root/ros_ws/install/pi_hub_srvs/local/lib/python3.10/dist-packages/pi_hub_srvs/srv
[3.556s] -- Installing: /root/ros_ws/install/pi_hub_srvs/local/lib/python3.10/dist-packages/pi_hub_srvs/srv/_control_s.c
[3.556s] -- Installing: /root/ros_ws/install/pi_hub_srvs/local/lib/python3.10/dist-packages/pi_hub_srvs/srv/_turn_off.py
[3.556s] -- Installing: /root/ros_ws/install/pi_hub_srvs/local/lib/python3.10/dist-packages/pi_hub_srvs/srv/_turn_on.py
[3.556s] -- Installing: /root/ros_ws/install/pi_hub_srvs/local/lib/python3.10/dist-packages/pi_hub_srvs/srv/_turn_off_s.c
[3.556s] -- Installing: /root/ros_ws/install/pi_hub_srvs/local/lib/python3.10/dist-packages/pi_hub_srvs/srv/_turn_on_s.c
[3.556s] -- Installing: /root/ros_ws/install/pi_hub_srvs/local/lib/python3.10/dist-packages/pi_hub_srvs/srv/_control.py
[3.556s] -- Installing: /root/ros_ws/install/pi_hub_srvs/local/lib/python3.10/dist-packages/pi_hub_srvs/srv/__init__.py
[3.556s] -- Installing: /root/ros_ws/install/pi_hub_srvs/local/lib/python3.10/dist-packages/pi_hub_srvs/_pi_hub_srvs_s.ep.rosidl_typesupport_fastrtps_c.c
[3.557s] -- Installing: /root/ros_ws/install/pi_hub_srvs/local/lib/python3.10/dist-packages/pi_hub_srvs/_pi_hub_srvs_s.ep.rosidl_typesupport_introspection_c.c
[3.557s] -- Installing: /root/ros_ws/install/pi_hub_srvs/local/lib/python3.10/dist-packages/pi_hub_srvs/libpi_hub_srvs__rosidl_generator_py.so
[3.557s] -- Installing: /root/ros_ws/install/pi_hub_srvs/local/lib/python3.10/dist-packages/pi_hub_srvs/pi_hub_srvs_s__rosidl_typesupport_fastrtps_c.cpython-310-x86_64-linux-gnu.so
[3.557s] -- Installing: /root/ros_ws/install/pi_hub_srvs/local/lib/python3.10/dist-packages/pi_hub_srvs/pi_hub_srvs_s__rosidl_typesupport_introspection_c.cpython-310-x86_64-linux-gnu.so
[3.557s] -- Installing: /root/ros_ws/install/pi_hub_srvs/local/lib/python3.10/dist-packages/pi_hub_srvs/_pi_hub_srvs_s.ep.rosidl_typesupport_c.c
[3.557s] -- Installing: /root/ros_ws/install/pi_hub_srvs/local/lib/python3.10/dist-packages/pi_hub_srvs/pi_hub_srvs_s__rosidl_typesupport_c.cpython-310-x86_64-linux-gnu.so
[3.558s] -- Installing: /root/ros_ws/install/pi_hub_srvs/local/lib/python3.10/dist-packages/pi_hub_srvs/__init__.py
[3.585s] Listing '/root/ros_ws/install/pi_hub_srvs/local/lib/python3.10/dist-packages/pi_hub_srvs'...
[3.585s] Compiling '/root/ros_ws/install/pi_hub_srvs/local/lib/python3.10/dist-packages/pi_hub_srvs/__init__.py'...
[3.585s] Listing '/root/ros_ws/install/pi_hub_srvs/local/lib/python3.10/dist-packages/pi_hub_srvs/srv'...
[3.585s] Compiling '/root/ros_ws/install/pi_hub_srvs/local/lib/python3.10/dist-packages/pi_hub_srvs/srv/__init__.py'...
[3.585s] Compiling '/root/ros_ws/install/pi_hub_srvs/local/lib/python3.10/dist-packages/pi_hub_srvs/srv/_control.py'...
[3.585s] Compiling '/root/ros_ws/install/pi_hub_srvs/local/lib/python3.10/dist-packages/pi_hub_srvs/srv/_turn_off.py'...
[3.585s] Compiling '/root/ros_ws/install/pi_hub_srvs/local/lib/python3.10/dist-packages/pi_hub_srvs/srv/_turn_on.py'...
[3.588s] -- Installing: /root/ros_ws/install/pi_hub_srvs/local/lib/python3.10/dist-packages/pi_hub_srvs/pi_hub_srvs_s__rosidl_typesupport_fastrtps_c.cpython-310-x86_64-linux-gnu.so
[3.589s] -- Set runtime path of "/root/ros_ws/install/pi_hub_srvs/local/lib/python3.10/dist-packages/pi_hub_srvs/pi_hub_srvs_s__rosidl_typesupport_fastrtps_c.cpython-310-x86_64-linux-gnu.so" to ""
[3.589s] -- Installing: /root/ros_ws/install/pi_hub_srvs/local/lib/python3.10/dist-packages/pi_hub_srvs/pi_hub_srvs_s__rosidl_typesupport_introspection_c.cpython-310-x86_64-linux-gnu.so
[3.589s] -- Set runtime path of "/root/ros_ws/install/pi_hub_srvs/local/lib/python3.10/dist-packages/pi_hub_srvs/pi_hub_srvs_s__rosidl_typesupport_introspection_c.cpython-310-x86_64-linux-gnu.so" to ""
[3.589s] -- Installing: /root/ros_ws/install/pi_hub_srvs/local/lib/python3.10/dist-packages/pi_hub_srvs/pi_hub_srvs_s__rosidl_typesupport_c.cpython-310-x86_64-linux-gnu.so
[3.589s] -- Set runtime path of "/root/ros_ws/install/pi_hub_srvs/local/lib/python3.10/dist-packages/pi_hub_srvs/pi_hub_srvs_s__rosidl_typesupport_c.cpython-310-x86_64-linux-gnu.so" to ""
[3.590s] -- Installing: /root/ros_ws/install/pi_hub_srvs/lib/libpi_hub_srvs__rosidl_generator_py.so
[3.590s] -- Set runtime path of "/root/ros_ws/install/pi_hub_srvs/lib/libpi_hub_srvs__rosidl_generator_py.so" to ""
[3.590s] -- Installing: /root/ros_ws/install/pi_hub_srvs/share/pi_hub_srvs/srv/TurnOn.idl
[3.590s] -- Installing: /root/ros_ws/install/pi_hub_srvs/share/pi_hub_srvs/srv/TurnOff.idl
[3.590s] -- Installing: /root/ros_ws/install/pi_hub_srvs/share/pi_hub_srvs/srv/Control.idl
[3.590s] -- Up-to-date: /root/ros_ws/install/pi_hub_srvs/share/pi_hub_srvs/srv/TurnOn.srv
[3.590s] -- Installing: /root/ros_ws/install/pi_hub_srvs/share/pi_hub_srvs/srv/TurnOn_Request.msg
[3.590s] -- Installing: /root/ros_ws/install/pi_hub_srvs/share/pi_hub_srvs/srv/TurnOn_Response.msg
[3.591s] -- Up-to-date: /root/ros_ws/install/pi_hub_srvs/share/pi_hub_srvs/srv/TurnOff.srv
[3.591s] -- Installing: /root/ros_ws/install/pi_hub_srvs/share/pi_hub_srvs/srv/TurnOff_Request.msg
[3.591s] -- Installing: /root/ros_ws/install/pi_hub_srvs/share/pi_hub_srvs/srv/TurnOff_Response.msg
[3.591s] -- Up-to-date: /root/ros_ws/install/pi_hub_srvs/share/pi_hub_srvs/srv/Control.srv
[3.591s] -- Installing: /root/ros_ws/install/pi_hub_srvs/share/pi_hub_srvs/srv/Control_Request.msg
[3.591s] -- Installing: /root/ros_ws/install/pi_hub_srvs/share/pi_hub_srvs/srv/Control_Response.msg
[3.591s] -- Installing: /root/ros_ws/install/pi_hub_srvs/share/ament_index/resource_index/package_run_dependencies/pi_hub_srvs
[3.591s] -- Installing: /root/ros_ws/install/pi_hub_srvs/share/ament_index/resource_index/parent_prefix_path/pi_hub_srvs
[3.591s] -- Up-to-date: /root/ros_ws/install/pi_hub_srvs/share/pi_hub_srvs/environment/ament_prefix_path.sh
[3.591s] -- Installing: /root/ros_ws/install/pi_hub_srvs/share/pi_hub_srvs/environment/ament_prefix_path.dsv
[3.592s] -- Up-to-date: /root/ros_ws/install/pi_hub_srvs/share/pi_hub_srvs/environment/path.sh
[3.592s] -- Installing: /root/ros_ws/install/pi_hub_srvs/share/pi_hub_srvs/environment/path.dsv
[3.592s] -- Installing: /root/ros_ws/install/pi_hub_srvs/share/pi_hub_srvs/local_setup.bash
[3.592s] -- Installing: /root/ros_ws/install/pi_hub_srvs/share/pi_hub_srvs/local_setup.sh
[3.592s] -- Installing: /root/ros_ws/install/pi_hub_srvs/share/pi_hub_srvs/local_setup.zsh
[3.592s] -- Installing: /root/ros_ws/install/pi_hub_srvs/share/pi_hub_srvs/local_setup.dsv
[3.592s] -- Installing: /root/ros_ws/install/pi_hub_srvs/share/pi_hub_srvs/package.dsv
[3.592s] -- Installing: /root/ros_ws/install/pi_hub_srvs/share/ament_index/resource_index/packages/pi_hub_srvs
[3.592s] -- Installing: /root/ros_ws/install/pi_hub_srvs/share/pi_hub_srvs/cmake/export_pi_hub_srvs__rosidl_generator_cExport.cmake
[3.593s] -- Installing: /root/ros_ws/install/pi_hub_srvs/share/pi_hub_srvs/cmake/export_pi_hub_srvs__rosidl_generator_cExport-noconfig.cmake
[3.593s] -- Installing: /root/ros_ws/install/pi_hub_srvs/share/pi_hub_srvs/cmake/export_pi_hub_srvs__rosidl_typesupport_fastrtps_cExport.cmake
[3.593s] -- Installing: /root/ros_ws/install/pi_hub_srvs/share/pi_hub_srvs/cmake/export_pi_hub_srvs__rosidl_typesupport_fastrtps_cExport-noconfig.cmake
[3.593s] -- Installing: /root/ros_ws/install/pi_hub_srvs/share/pi_hub_srvs/cmake/export_pi_hub_srvs__rosidl_generator_cppExport.cmake
[3.593s] -- Installing: /root/ros_ws/install/pi_hub_srvs/share/pi_hub_srvs/cmake/export_pi_hub_srvs__rosidl_typesupport_fastrtps_cppExport.cmake
[3.593s] -- Installing: /root/ros_ws/install/pi_hub_srvs/share/pi_hub_srvs/cmake/export_pi_hub_srvs__rosidl_typesupport_fastrtps_cppExport-noconfig.cmake
[3.594s] -- Installing: /root/ros_ws/install/pi_hub_srvs/share/pi_hub_srvs/cmake/pi_hub_srvs__rosidl_typesupport_introspection_cExport.cmake
[3.594s] -- Installing: /root/ros_ws/install/pi_hub_srvs/share/pi_hub_srvs/cmake/pi_hub_srvs__rosidl_typesupport_introspection_cExport-noconfig.cmake
[3.594s] -- Installing: /root/ros_ws/install/pi_hub_srvs/share/pi_hub_srvs/cmake/pi_hub_srvs__rosidl_typesupport_cExport.cmake
[3.594s] -- Installing: /root/ros_ws/install/pi_hub_srvs/share/pi_hub_srvs/cmake/pi_hub_srvs__rosidl_typesupport_cExport-noconfig.cmake
[3.594s] -- Installing: /root/ros_ws/install/pi_hub_srvs/share/pi_hub_srvs/cmake/pi_hub_srvs__rosidl_typesupport_introspection_cppExport.cmake
[3.594s] -- Installing: /root/ros_ws/install/pi_hub_srvs/share/pi_hub_srvs/cmake/pi_hub_srvs__rosidl_typesupport_introspection_cppExport-noconfig.cmake
[3.594s] -- Installing: /root/ros_ws/install/pi_hub_srvs/share/pi_hub_srvs/cmake/pi_hub_srvs__rosidl_typesupport_cppExport.cmake
[3.595s] -- Installing: /root/ros_ws/install/pi_hub_srvs/share/pi_hub_srvs/cmake/pi_hub_srvs__rosidl_typesupport_cppExport-noconfig.cmake
[3.595s] -- Installing: /root/ros_ws/install/pi_hub_srvs/share/pi_hub_srvs/cmake/export_pi_hub_srvs__rosidl_generator_pyExport.cmake
[3.595s] -- Installing: /root/ros_ws/install/pi_hub_srvs/share/pi_hub_srvs/cmake/export_pi_hub_srvs__rosidl_generator_pyExport-noconfig.cmake
[3.595s] -- Installing: /root/ros_ws/install/pi_hub_srvs/share/pi_hub_srvs/cmake/rosidl_cmake-extras.cmake
[3.595s] -- Installing: /root/ros_ws/install/pi_hub_srvs/share/pi_hub_srvs/cmake/ament_cmake_export_dependencies-extras.cmake
[3.595s] -- Installing: /root/ros_ws/install/pi_hub_srvs/share/pi_hub_srvs/cmake/ament_cmake_export_include_directories-extras.cmake
[3.595s] -- Installing: /root/ros_ws/install/pi_hub_srvs/share/pi_hub_srvs/cmake/ament_cmake_export_libraries-extras.cmake
[3.596s] -- Installing: /root/ros_ws/install/pi_hub_srvs/share/pi_hub_srvs/cmake/ament_cmake_export_targets-extras.cmake
[3.596s] -- Installing: /root/ros_ws/install/pi_hub_srvs/share/pi_hub_srvs/cmake/rosidl_cmake_export_typesupport_targets-extras.cmake
[3.596s] -- Installing: /root/ros_ws/install/pi_hub_srvs/share/pi_hub_srvs/cmake/rosidl_cmake_export_typesupport_libraries-extras.cmake
[3.596s] -- Installing: /root/ros_ws/install/pi_hub_srvs/share/pi_hub_srvs/cmake/pi_hub_srvsConfig.cmake
[3.596s] -- Installing: /root/ros_ws/install/pi_hub_srvs/share/pi_hub_srvs/cmake/pi_hub_srvsConfig-version.cmake
[3.596s] -- Up-to-date: /root/ros_ws/install/pi_hub_srvs/share/pi_hub_srvs/package.xml
[3.598s] Invoked command in '/root/ros_ws/build/pi_hub_srvs' returned '0': CMAKE_PREFIX_PATH=${CMAKE_PREFIX_PATH}:/root/ros_ws/install/time_schedule:/root/ros_ws/install/pump_control:/root/ros_ws/install/pi_hub:/root/ros_ws/install/led_control:/root/ros_ws/install/gpio_conf:/opt/ros/humble /usr/bin/cmake --install /root/ros_ws/build/pi_hub_srvs
