[0.418s] DEBUG:colcon:Command line arguments: ['/usr/bin/colcon', 'build']
[0.418s] DEBUG:colcon:Parsed command line arguments: Namespace(log_base=None, log_level=None, verb_name='build', build_base='build', install_base='install', merge_install=False, symlink_install=False, test_result_base=None, continue_on_error=False, executor='parallel', parallel_workers=4, event_handlers=None, ignore_user_meta=False, metas=['./colcon.meta'], base_paths=['.'], packages_ignore=None, packages_ignore_regex=None, paths=None, packages_up_to=None, packages_up_to_regex=None, packages_above=None, packages_above_and_dependencies=None, packages_above_depth=None, packages_select_by_dep=None, packages_skip_by_dep=None, packages_skip_up_to=None, packages_select_build_failed=False, packages_skip_build_finished=False, packages_select_test_failures=False, packages_skip_test_passed=False, packages_select=None, packages_skip=None, packages_select_regex=None, packages_skip_regex=None, packages_start=None, packages_end=None, cmake_args=None, cmake_target=None, cmake_target_skip_unavailable=False, cmake_clean_cache=False, cmake_clean_first=False, cmake_force_configure=False, ament_cmake_args=None, catkin_cmake_args=None, catkin_skip_building_tests=False, mixin_files=None, mixin=None, verb_parser=<colcon_mixin.mixin.mixin_argument.MixinArgumentDecorator object at 0x7f7dc55e2650>, verb_extension=<colcon_core.verb.build.BuildVerb object at 0x7f7dc552bf40>, main=<bound method BuildVerb.main of <colcon_core.verb.build.BuildVerb object at 0x7f7dc552bf40>>, mixin_verb=('build',))
[0.450s] Level 1:colcon.colcon_core.package_discovery:discover_packages(colcon_meta) check parameters
[0.451s] INFO:colcon.colcon_metadata.package_discovery.colcon_meta:Using configuration from '/root/.colcon/metadata/default/Gazebo.meta'
[0.452s] INFO:colcon.colcon_metadata.package_discovery.colcon_meta:Using configuration from '/root/.colcon/metadata/default/fastrtps.meta'
[0.452s] Level 1:colcon.colcon_core.package_discovery:discover_packages(recursive) check parameters
[0.452s] Level 1:colcon.colcon_core.package_discovery:discover_packages(ignore) check parameters
[0.452s] Level 1:colcon.colcon_core.package_discovery:discover_packages(path) check parameters
[0.452s] Level 1:colcon.colcon_core.package_discovery:discover_packages(colcon_meta) discover
[0.452s] Level 1:colcon.colcon_core.package_discovery:discover_packages(recursive) discover
[0.452s] INFO:colcon.colcon_core.package_discovery:Crawling recursively for packages in '/root/ros_ws'
[0.453s] Level 1:colcon.colcon_core.package_identification:_identify(.) by extensions ['ignore', 'ignore_ament_install']
[0.453s] Level 1:colcon.colcon_core.package_identification:_identify(.) by extension 'ignore'
[0.453s] Level 1:colcon.colcon_core.package_identification:_identify(.) by extension 'ignore_ament_install'
[0.453s] Level 1:colcon.colcon_core.package_identification:_identify(.) by extensions ['colcon_pkg']
[0.453s] Level 1:colcon.colcon_core.package_identification:_identify(.) by extension 'colcon_pkg'
[0.453s] Level 1:colcon.colcon_core.package_identification:_identify(.) by extensions ['colcon_meta']
[0.453s] Level 1:colcon.colcon_core.package_identification:_identify(.) by extension 'colcon_meta'
[0.453s] Level 1:colcon.colcon_core.package_identification:_identify(.) by extensions ['ros']
[0.453s] Level 1:colcon.colcon_core.package_identification:_identify(.) by extension 'ros'
[0.470s] Level 1:colcon.colcon_core.package_identification:_identify(.) by extensions ['cmake', 'python']
[0.470s] Level 1:colcon.colcon_core.package_identification:_identify(.) by extension 'cmake'
[0.470s] Level 1:colcon.colcon_core.package_identification:_identify(.) by extension 'python'
[0.471s] Level 1:colcon.colcon_core.package_identification:_identify(.) by extensions ['python_setup_py']
[0.471s] Level 1:colcon.colcon_core.package_identification:_identify(.) by extension 'python_setup_py'
[0.471s] Level 1:colcon.colcon_core.package_identification:_identify(build) by extensions ['ignore', 'ignore_ament_install']
[0.471s] Level 1:colcon.colcon_core.package_identification:_identify(build) by extension 'ignore'
[0.471s] Level 1:colcon.colcon_core.package_identification:_identify(build) ignored
[0.472s] Level 1:colcon.colcon_core.package_identification:_identify(install) by extensions ['ignore', 'ignore_ament_install']
[0.472s] Level 1:colcon.colcon_core.package_identification:_identify(install) by extension 'ignore'
[0.472s] Level 1:colcon.colcon_core.package_identification:_identify(install) ignored
[0.472s] Level 1:colcon.colcon_core.package_identification:_identify(log) by extensions ['ignore', 'ignore_ament_install']
[0.472s] Level 1:colcon.colcon_core.package_identification:_identify(log) by extension 'ignore'
[0.472s] Level 1:colcon.colcon_core.package_identification:_identify(log) ignored
[0.473s] Level 1:colcon.colcon_core.package_identification:_identify(src) by extensions ['ignore', 'ignore_ament_install']
[0.473s] Level 1:colcon.colcon_core.package_identification:_identify(src) by extension 'ignore'
[0.473s] Level 1:colcon.colcon_core.package_identification:_identify(src) by extension 'ignore_ament_install'
[0.473s] Level 1:colcon.colcon_core.package_identification:_identify(src) by extensions ['colcon_pkg']
[0.473s] Level 1:colcon.colcon_core.package_identification:_identify(src) by extension 'colcon_pkg'
[0.473s] Level 1:colcon.colcon_core.package_identification:_identify(src) by extensions ['colcon_meta']
[0.473s] Level 1:colcon.colcon_core.package_identification:_identify(src) by extension 'colcon_meta'
[0.473s] Level 1:colcon.colcon_core.package_identification:_identify(src) by extensions ['ros']
[0.473s] Level 1:colcon.colcon_core.package_identification:_identify(src) by extension 'ros'
[0.473s] Level 1:colcon.colcon_core.package_identification:_identify(src) by extensions ['cmake', 'python']
[0.474s] Level 1:colcon.colcon_core.package_identification:_identify(src) by extension 'cmake'
[0.474s] Level 1:colcon.colcon_core.package_identification:_identify(src) by extension 'python'
[0.474s] Level 1:colcon.colcon_core.package_identification:_identify(src) by extensions ['python_setup_py']
[0.474s] Level 1:colcon.colcon_core.package_identification:_identify(src) by extension 'python_setup_py'
[0.474s] Level 1:colcon.colcon_core.package_identification:_identify(src/led_control) by extensions ['ignore', 'ignore_ament_install']
[0.474s] Level 1:colcon.colcon_core.package_identification:_identify(src/led_control) by extension 'ignore'
[0.474s] Level 1:colcon.colcon_core.package_identification:_identify(src/led_control) by extension 'ignore_ament_install'
[0.474s] Level 1:colcon.colcon_core.package_identification:_identify(src/led_control) by extensions ['colcon_pkg']
[0.475s] Level 1:colcon.colcon_core.package_identification:_identify(src/led_control) by extension 'colcon_pkg'
[0.475s] Level 1:colcon.colcon_core.package_identification:_identify(src/led_control) by extensions ['colcon_meta']
[0.475s] Level 1:colcon.colcon_core.package_identification:_identify(src/led_control) by extension 'colcon_meta'
[0.475s] Level 1:colcon.colcon_core.package_identification:_identify(src/led_control) by extensions ['ros']
[0.475s] Level 1:colcon.colcon_core.package_identification:_identify(src/led_control) by extension 'ros'
[0.479s] DEBUG:colcon.colcon_core.package_identification:Package 'src/led_control' with type 'ros.ament_python' and name 'led_control'
[0.479s] Level 1:colcon.colcon_core.package_identification:_identify(src/pi_hub) by extensions ['ignore', 'ignore_ament_install']
[0.480s] Level 1:colcon.colcon_core.package_identification:_identify(src/pi_hub) by extension 'ignore'
[0.480s] Level 1:colcon.colcon_core.package_identification:_identify(src/pi_hub) by extension 'ignore_ament_install'
[0.480s] Level 1:colcon.colcon_core.package_identification:_identify(src/pi_hub) by extensions ['colcon_pkg']
[0.480s] Level 1:colcon.colcon_core.package_identification:_identify(src/pi_hub) by extension 'colcon_pkg'
[0.480s] Level 1:colcon.colcon_core.package_identification:_identify(src/pi_hub) by extensions ['colcon_meta']
[0.480s] Level 1:colcon.colcon_core.package_identification:_identify(src/pi_hub) by extension 'colcon_meta'
[0.480s] Level 1:colcon.colcon_core.package_identification:_identify(src/pi_hub) by extensions ['ros']
[0.480s] Level 1:colcon.colcon_core.package_identification:_identify(src/pi_hub) by extension 'ros'
[0.482s] DEBUG:colcon.colcon_core.package_identification:Package 'src/pi_hub' with type 'ros.ament_python' and name 'pi_hub'
[0.482s] Level 1:colcon.colcon_core.package_identification:_identify(src/pi_hub_srvs) by extensions ['ignore', 'ignore_ament_install']
[0.482s] Level 1:colcon.colcon_core.package_identification:_identify(src/pi_hub_srvs) by extension 'ignore'
[0.482s] Level 1:colcon.colcon_core.package_identification:_identify(src/pi_hub_srvs) by extension 'ignore_ament_install'
[0.483s] Level 1:colcon.colcon_core.package_identification:_identify(src/pi_hub_srvs) by extensions ['colcon_pkg']
[0.483s] Level 1:colcon.colcon_core.package_identification:_identify(src/pi_hub_srvs) by extension 'colcon_pkg'
[0.483s] Level 1:colcon.colcon_core.package_identification:_identify(src/pi_hub_srvs) by extensions ['colcon_meta']
[0.483s] Level 1:colcon.colcon_core.package_identification:_identify(src/pi_hub_srvs) by extension 'colcon_meta'
[0.483s] Level 1:colcon.colcon_core.package_identification:_identify(src/pi_hub_srvs) by extensions ['ros']
[0.483s] Level 1:colcon.colcon_core.package_identification:_identify(src/pi_hub_srvs) by extension 'ros'
[0.484s] DEBUG:colcon.colcon_core.package_identification:Package 'src/pi_hub_srvs' with type 'ros.ament_cmake' and name 'pi_hub_srvs'
[0.485s] Level 1:colcon.colcon_core.package_identification:_identify(src/pump_control) by extensions ['ignore', 'ignore_ament_install']
[0.485s] Level 1:colcon.colcon_core.package_identification:_identify(src/pump_control) by extension 'ignore'
[0.485s] Level 1:colcon.colcon_core.package_identification:_identify(src/pump_control) by extension 'ignore_ament_install'
[0.485s] Level 1:colcon.colcon_core.package_identification:_identify(src/pump_control) by extensions ['colcon_pkg']
[0.485s] Level 1:colcon.colcon_core.package_identification:_identify(src/pump_control) by extension 'colcon_pkg'
[0.486s] Level 1:colcon.colcon_core.package_identification:_identify(src/pump_control) by extensions ['colcon_meta']
[0.486s] Level 1:colcon.colcon_core.package_identification:_identify(src/pump_control) by extension 'colcon_meta'
[0.486s] Level 1:colcon.colcon_core.package_identification:_identify(src/pump_control) by extensions ['ros']
[0.486s] Level 1:colcon.colcon_core.package_identification:_identify(src/pump_control) by extension 'ros'
[0.487s] DEBUG:colcon.colcon_core.package_identification:Package 'src/pump_control' with type 'ros.ament_python' and name 'pump_control'
[0.487s] Level 1:colcon.colcon_core.package_discovery:discover_packages(recursive) using defaults
[0.488s] Level 1:colcon.colcon_core.package_discovery:discover_packages(ignore) discover
[0.488s] Level 1:colcon.colcon_core.package_discovery:discover_packages(ignore) using defaults
[0.488s] Level 1:colcon.colcon_core.package_discovery:discover_packages(path) discover
[0.488s] Level 1:colcon.colcon_core.package_discovery:discover_packages(path) using defaults
[0.565s] Level 5:colcon.colcon_core.verb:set package 'led_control' build argument 'cmake_args' from command line to 'None'
[0.565s] Level 5:colcon.colcon_core.verb:set package 'led_control' build argument 'cmake_target' from command line to 'None'
[0.565s] Level 5:colcon.colcon_core.verb:set package 'led_control' build argument 'cmake_target_skip_unavailable' from command line to 'False'
[0.565s] Level 5:colcon.colcon_core.verb:set package 'led_control' build argument 'cmake_clean_cache' from command line to 'False'
[0.565s] Level 5:colcon.colcon_core.verb:set package 'led_control' build argument 'cmake_clean_first' from command line to 'False'
[0.565s] Level 5:colcon.colcon_core.verb:set package 'led_control' build argument 'cmake_force_configure' from command line to 'False'
[0.565s] Level 5:colcon.colcon_core.verb:set package 'led_control' build argument 'ament_cmake_args' from command line to 'None'
[0.565s] Level 5:colcon.colcon_core.verb:set package 'led_control' build argument 'catkin_cmake_args' from command line to 'None'
[0.565s] Level 5:colcon.colcon_core.verb:set package 'led_control' build argument 'catkin_skip_building_tests' from command line to 'False'
[0.565s] DEBUG:colcon.colcon_core.verb:Building package 'led_control' with the following arguments: {'ament_cmake_args': None, 'build_base': '/root/ros_ws/build/led_control', 'catkin_cmake_args': None, 'catkin_skip_building_tests': False, 'cmake_args': None, 'cmake_clean_cache': False, 'cmake_clean_first': False, 'cmake_force_configure': False, 'cmake_target': None, 'cmake_target_skip_unavailable': False, 'install_base': '/root/ros_ws/install/led_control', 'merge_install': False, 'path': '/root/ros_ws/src/led_control', 'symlink_install': False, 'test_result_base': None}
[0.567s] Level 5:colcon.colcon_core.verb:set package 'pi_hub_srvs' build argument 'cmake_args' from command line to 'None'
[0.568s] Level 5:colcon.colcon_core.verb:set package 'pi_hub_srvs' build argument 'cmake_target' from command line to 'None'
[0.568s] Level 5:colcon.colcon_core.verb:set package 'pi_hub_srvs' build argument 'cmake_target_skip_unavailable' from command line to 'False'
[0.568s] Level 5:colcon.colcon_core.verb:set package 'pi_hub_srvs' build argument 'cmake_clean_cache' from command line to 'False'
[0.568s] Level 5:colcon.colcon_core.verb:set package 'pi_hub_srvs' build argument 'cmake_clean_first' from command line to 'False'
[0.568s] Level 5:colcon.colcon_core.verb:set package 'pi_hub_srvs' build argument 'cmake_force_configure' from command line to 'False'
[0.568s] Level 5:colcon.colcon_core.verb:set package 'pi_hub_srvs' build argument 'ament_cmake_args' from command line to 'None'
[0.568s] Level 5:colcon.colcon_core.verb:set package 'pi_hub_srvs' build argument 'catkin_cmake_args' from command line to 'None'
[0.568s] Level 5:colcon.colcon_core.verb:set package 'pi_hub_srvs' build argument 'catkin_skip_building_tests' from command line to 'False'
[0.568s] DEBUG:colcon.colcon_core.verb:Building package 'pi_hub_srvs' with the following arguments: {'ament_cmake_args': None, 'build_base': '/root/ros_ws/build/pi_hub_srvs', 'catkin_cmake_args': None, 'catkin_skip_building_tests': False, 'cmake_args': None, 'cmake_clean_cache': False, 'cmake_clean_first': False, 'cmake_force_configure': False, 'cmake_target': None, 'cmake_target_skip_unavailable': False, 'install_base': '/root/ros_ws/install/pi_hub_srvs', 'merge_install': False, 'path': '/root/ros_ws/src/pi_hub_srvs', 'symlink_install': False, 'test_result_base': None}
[0.570s] Level 5:colcon.colcon_core.verb:set package 'pump_control' build argument 'cmake_args' from command line to 'None'
[0.570s] Level 5:colcon.colcon_core.verb:set package 'pump_control' build argument 'cmake_target' from command line to 'None'
[0.570s] Level 5:colcon.colcon_core.verb:set package 'pump_control' build argument 'cmake_target_skip_unavailable' from command line to 'False'
[0.570s] Level 5:colcon.colcon_core.verb:set package 'pump_control' build argument 'cmake_clean_cache' from command line to 'False'
[0.570s] Level 5:colcon.colcon_core.verb:set package 'pump_control' build argument 'cmake_clean_first' from command line to 'False'
[0.571s] Level 5:colcon.colcon_core.verb:set package 'pump_control' build argument 'cmake_force_configure' from command line to 'False'
[0.571s] Level 5:colcon.colcon_core.verb:set package 'pump_control' build argument 'ament_cmake_args' from command line to 'None'
[0.571s] Level 5:colcon.colcon_core.verb:set package 'pump_control' build argument 'catkin_cmake_args' from command line to 'None'
[0.571s] Level 5:colcon.colcon_core.verb:set package 'pump_control' build argument 'catkin_skip_building_tests' from command line to 'False'
[0.571s] DEBUG:colcon.colcon_core.verb:Building package 'pump_control' with the following arguments: {'ament_cmake_args': None, 'build_base': '/root/ros_ws/build/pump_control', 'catkin_cmake_args': None, 'catkin_skip_building_tests': False, 'cmake_args': None, 'cmake_clean_cache': False, 'cmake_clean_first': False, 'cmake_force_configure': False, 'cmake_target': None, 'cmake_target_skip_unavailable': False, 'install_base': '/root/ros_ws/install/pump_control', 'merge_install': False, 'path': '/root/ros_ws/src/pump_control', 'symlink_install': False, 'test_result_base': None}
[0.573s] Level 5:colcon.colcon_core.verb:set package 'pi_hub' build argument 'cmake_args' from command line to 'None'
[0.573s] Level 5:colcon.colcon_core.verb:set package 'pi_hub' build argument 'cmake_target' from command line to 'None'
[0.573s] Level 5:colcon.colcon_core.verb:set package 'pi_hub' build argument 'cmake_target_skip_unavailable' from command line to 'False'
[0.573s] Level 5:colcon.colcon_core.verb:set package 'pi_hub' build argument 'cmake_clean_cache' from command line to 'False'
[0.573s] Level 5:colcon.colcon_core.verb:set package 'pi_hub' build argument 'cmake_clean_first' from command line to 'False'
[0.573s] Level 5:colcon.colcon_core.verb:set package 'pi_hub' build argument 'cmake_force_configure' from command line to 'False'
[0.573s] Level 5:colcon.colcon_core.verb:set package 'pi_hub' build argument 'ament_cmake_args' from command line to 'None'
[0.573s] Level 5:colcon.colcon_core.verb:set package 'pi_hub' build argument 'catkin_cmake_args' from command line to 'None'
[0.573s] Level 5:colcon.colcon_core.verb:set package 'pi_hub' build argument 'catkin_skip_building_tests' from command line to 'False'
[0.574s] DEBUG:colcon.colcon_core.verb:Building package 'pi_hub' with the following arguments: {'ament_cmake_args': None, 'build_base': '/root/ros_ws/build/pi_hub', 'catkin_cmake_args': None, 'catkin_skip_building_tests': False, 'cmake_args': None, 'cmake_clean_cache': False, 'cmake_clean_first': False, 'cmake_force_configure': False, 'cmake_target': None, 'cmake_target_skip_unavailable': False, 'install_base': '/root/ros_ws/install/pi_hub', 'merge_install': False, 'path': '/root/ros_ws/src/pi_hub', 'symlink_install': False, 'test_result_base': None}
[0.575s] INFO:colcon.colcon_core.executor:Executing jobs using 'parallel' executor
[0.581s] DEBUG:colcon.colcon_parallel_executor.executor.parallel:run_until_complete
[0.581s] INFO:colcon.colcon_ros.task.ament_python.build:Building ROS package in '/root/ros_ws/src/led_control' with build type 'ament_python'
[0.581s] Level 1:colcon.colcon_core.shell:create_environment_hook('led_control', 'ament_prefix_path')
[0.591s] INFO:colcon.colcon_core.plugin_system:Skipping extension 'colcon_core.shell.bat': Not used on non-Windows systems
[0.592s] INFO:colcon.colcon_core.shell:Creating environment hook '/root/ros_ws/install/led_control/share/led_control/hook/ament_prefix_path.ps1'
[0.594s] INFO:colcon.colcon_core.shell:Creating environment descriptor '/root/ros_ws/install/led_control/share/led_control/hook/ament_prefix_path.dsv'
[0.596s] INFO:colcon.colcon_core.shell:Creating environment hook '/root/ros_ws/install/led_control/share/led_control/hook/ament_prefix_path.sh'
[0.604s] INFO:colcon.colcon_core.shell:Skip shell extension 'powershell' for command environment: Not usable outside of PowerShell
[0.604s] DEBUG:colcon.colcon_core.shell:Skip shell extension 'dsv' for command environment
[0.617s] INFO:colcon.colcon_ros.task.ament_python.build:Building ROS package in '/root/ros_ws/src/pump_control' with build type 'ament_python'
[0.618s] Level 1:colcon.colcon_core.shell:create_environment_hook('pump_control', 'ament_prefix_path')
[0.622s] INFO:colcon.colcon_core.shell:Creating environment hook '/root/ros_ws/install/pump_control/share/pump_control/hook/ament_prefix_path.ps1'
[0.626s] INFO:colcon.colcon_core.shell:Creating environment descriptor '/root/ros_ws/install/pump_control/share/pump_control/hook/ament_prefix_path.dsv'
[0.627s] INFO:colcon.colcon_core.shell:Creating environment hook '/root/ros_ws/install/pump_control/share/pump_control/hook/ament_prefix_path.sh'
[0.632s] INFO:colcon.colcon_core.shell:Skip shell extension 'powershell' for command environment: Not usable outside of PowerShell
[0.632s] DEBUG:colcon.colcon_core.shell:Skip shell extension 'dsv' for command environment
[0.645s] INFO:colcon.colcon_ros.task.ament_cmake.build:Building ROS package in '/root/ros_ws/src/pi_hub_srvs' with build type 'ament_cmake'
[0.646s] INFO:colcon.colcon_cmake.task.cmake.build:Building CMake package in '/root/ros_ws/src/pi_hub_srvs'
[0.649s] INFO:colcon.colcon_core.shell:Skip shell extension 'powershell' for command environment: Not usable outside of PowerShell
[0.649s] DEBUG:colcon.colcon_core.shell:Skip shell extension 'dsv' for command environment
[1.110s] INFO:colcon.colcon_core.task.python.build:Building Python package in '/root/ros_ws/src/led_control'
[1.117s] INFO:colcon.colcon_core.shell:Skip shell extension 'powershell' for command environment: Not usable outside of PowerShell
[1.117s] DEBUG:colcon.colcon_core.shell:Skip shell extension 'dsv' for command environment
[1.590s] INFO:colcon.colcon_core.task.python.build:Building Python package in '/root/ros_ws/src/pump_control'
[1.593s] INFO:colcon.colcon_core.shell:Skip shell extension 'powershell' for command environment: Not usable outside of PowerShell
[1.593s] DEBUG:colcon.colcon_core.shell:Skip shell extension 'dsv' for command environment
[1.620s] DEBUG:colcon.colcon_core.event_handler.log_command:Invoking command in '/root/ros_ws/build/pi_hub_srvs': CMAKE_PREFIX_PATH=${CMAKE_PREFIX_PATH}:/root/ros_ws/install/time_schedule:/root/ros_ws/install/pi_hub:/root/ros_ws/install/pump_control:/root/ros_ws/install/led_control:/root/ros_ws/install/gpio_conf:/opt/ros/humble /usr/bin/cmake --build /root/ros_ws/build/pi_hub_srvs -- -j4 -l4
[3.135s] DEBUG:colcon.colcon_core.event_handler.log_command:Invoking command in '/root/ros_ws/src/pump_control': PYTHONPATH=/root/ros_ws/build/pump_control/prefix_override:/root/ros_ws/install/pump_control/lib/python3.10/site-packages:${PYTHONPATH} /usr/bin/python3 setup.py egg_info --egg-base ../../build/pump_control build --build-base /root/ros_ws/build/pump_control/build install --record /root/ros_ws/build/pump_control/install.log --install-scripts $base/lib/pump_control --single-version-externally-managed
[3.355s] DEBUG:colcon.colcon_core.event_handler.log_command:Invoking command in '/root/ros_ws/src/led_control': PYTHONPATH=/root/ros_ws/build/led_control/prefix_override:/root/ros_ws/install/led_control/lib/python3.10/site-packages:${PYTHONPATH} /usr/bin/python3 setup.py egg_info --egg-base ../../build/led_control build --build-base /root/ros_ws/build/led_control/build install --record /root/ros_ws/build/led_control/install.log --install-scripts $base/lib/led_control --single-version-externally-managed
[3.991s] DEBUG:colcon.colcon_core.event_handler.log_command:Invoked command in '/root/ros_ws/build/pi_hub_srvs' returned '0': CMAKE_PREFIX_PATH=${CMAKE_PREFIX_PATH}:/root/ros_ws/install/time_schedule:/root/ros_ws/install/pi_hub:/root/ros_ws/install/pump_control:/root/ros_ws/install/led_control:/root/ros_ws/install/gpio_conf:/opt/ros/humble /usr/bin/cmake --build /root/ros_ws/build/pi_hub_srvs -- -j4 -l4
[4.597s] DEBUG:colcon.colcon_core.event_handler.log_command:Invoked command in '/root/ros_ws/src/pump_control' returned '0': PYTHONPATH=/root/ros_ws/build/pump_control/prefix_override:/root/ros_ws/install/pump_control/lib/python3.10/site-packages:${PYTHONPATH} /usr/bin/python3 setup.py egg_info --egg-base ../../build/pump_control build --build-base /root/ros_ws/build/pump_control/build install --record /root/ros_ws/build/pump_control/install.log --install-scripts $base/lib/pump_control --single-version-externally-managed
[4.614s] Level 1:colcon.colcon_core.environment:checking '/root/ros_ws/install/pump_control' for CMake module files
[4.618s] Level 1:colcon.colcon_core.environment:checking '/root/ros_ws/install/pump_control' for CMake config files
[4.625s] Level 1:colcon.colcon_core.environment:checking '/root/ros_ws/install/pump_control/lib'
[4.625s] Level 1:colcon.colcon_core.environment:checking '/root/ros_ws/install/pump_control/bin'
[4.626s] Level 1:colcon.colcon_core.environment:checking '/root/ros_ws/install/pump_control/lib/pkgconfig/pump_control.pc'
[4.626s] Level 1:colcon.colcon_core.environment:checking '/root/ros_ws/install/pump_control/lib/python3.10/site-packages'
[4.626s] Level 1:colcon.colcon_core.shell:create_environment_hook('pump_control', 'pythonpath')
[4.663s] INFO:colcon.colcon_core.shell:Creating environment hook '/root/ros_ws/install/pump_control/share/pump_control/hook/pythonpath.ps1'
[4.674s] INFO:colcon.colcon_core.shell:Creating environment descriptor '/root/ros_ws/install/pump_control/share/pump_control/hook/pythonpath.dsv'
[4.683s] INFO:colcon.colcon_core.shell:Creating environment hook '/root/ros_ws/install/pump_control/share/pump_control/hook/pythonpath.sh'
[4.684s] Level 1:colcon.colcon_core.environment:checking '/root/ros_ws/install/pump_control/bin'
[4.684s] Level 1:colcon.colcon_core.environment:create_environment_scripts_only(pump_control)
[4.696s] INFO:colcon.colcon_core.shell:Creating package script '/root/ros_ws/install/pump_control/share/pump_control/package.ps1'
[4.699s] INFO:colcon.colcon_core.shell:Creating package descriptor '/root/ros_ws/install/pump_control/share/pump_control/package.dsv'
[4.705s] INFO:colcon.colcon_core.shell:Creating package script '/root/ros_ws/install/pump_control/share/pump_control/package.sh'
[4.712s] INFO:colcon.colcon_core.shell:Creating package script '/root/ros_ws/install/pump_control/share/pump_control/package.bash'
[4.717s] INFO:colcon.colcon_core.shell:Creating package script '/root/ros_ws/install/pump_control/share/pump_control/package.zsh'
[4.729s] Level 1:colcon.colcon_core.environment:create_file_with_runtime_dependencies(/root/ros_ws/install/pump_control/share/colcon-core/packages/pump_control)
[4.875s] DEBUG:colcon.colcon_core.event_handler.log_command:Invoked command in '/root/ros_ws/src/led_control' returned '0': PYTHONPATH=/root/ros_ws/build/led_control/prefix_override:/root/ros_ws/install/led_control/lib/python3.10/site-packages:${PYTHONPATH} /usr/bin/python3 setup.py egg_info --egg-base ../../build/led_control build --build-base /root/ros_ws/build/led_control/build install --record /root/ros_ws/build/led_control/install.log --install-scripts $base/lib/led_control --single-version-externally-managed
[4.876s] Level 1:colcon.colcon_core.environment:checking '/root/ros_ws/install/led_control' for CMake module files
[4.877s] Level 1:colcon.colcon_core.environment:checking '/root/ros_ws/install/led_control' for CMake config files
[4.892s] Level 1:colcon.colcon_core.environment:checking '/root/ros_ws/install/led_control/lib'
[4.893s] Level 1:colcon.colcon_core.environment:checking '/root/ros_ws/install/led_control/bin'
[4.893s] Level 1:colcon.colcon_core.environment:checking '/root/ros_ws/install/led_control/lib/pkgconfig/led_control.pc'
[4.894s] Level 1:colcon.colcon_core.environment:checking '/root/ros_ws/install/led_control/lib/python3.10/site-packages'
[4.894s] Level 1:colcon.colcon_core.shell:create_environment_hook('led_control', 'pythonpath')
[4.911s] INFO:colcon.colcon_core.shell:Creating environment hook '/root/ros_ws/install/led_control/share/led_control/hook/pythonpath.ps1'
[4.912s] INFO:colcon.colcon_core.shell:Creating environment descriptor '/root/ros_ws/install/led_control/share/led_control/hook/pythonpath.dsv'
[4.913s] INFO:colcon.colcon_core.shell:Creating environment hook '/root/ros_ws/install/led_control/share/led_control/hook/pythonpath.sh'
[4.919s] Level 1:colcon.colcon_core.environment:checking '/root/ros_ws/install/led_control/bin'
[4.920s] Level 1:colcon.colcon_core.environment:create_environment_scripts_only(led_control)
[4.927s] INFO:colcon.colcon_core.shell:Creating package script '/root/ros_ws/install/led_control/share/led_control/package.ps1'
[4.934s] INFO:colcon.colcon_core.shell:Creating package descriptor '/root/ros_ws/install/led_control/share/led_control/package.dsv'
[4.935s] INFO:colcon.colcon_core.shell:Creating package script '/root/ros_ws/install/led_control/share/led_control/package.sh'
[4.941s] INFO:colcon.colcon_core.shell:Creating package script '/root/ros_ws/install/led_control/share/led_control/package.bash'
[4.942s] INFO:colcon.colcon_core.shell:Creating package script '/root/ros_ws/install/led_control/share/led_control/package.zsh'
[4.943s] Level 1:colcon.colcon_core.environment:create_file_with_runtime_dependencies(/root/ros_ws/install/led_control/share/colcon-core/packages/led_control)
[4.946s] INFO:colcon.colcon_ros.task.ament_python.build:Building ROS package in '/root/ros_ws/src/pi_hub' with build type 'ament_python'
[4.947s] Level 1:colcon.colcon_core.shell:create_environment_hook('pi_hub', 'ament_prefix_path')
[4.956s] INFO:colcon.colcon_core.shell:Creating environment hook '/root/ros_ws/install/pi_hub/share/pi_hub/hook/ament_prefix_path.ps1'
[4.959s] INFO:colcon.colcon_core.shell:Creating environment descriptor '/root/ros_ws/install/pi_hub/share/pi_hub/hook/ament_prefix_path.dsv'
[4.960s] INFO:colcon.colcon_core.shell:Creating environment hook '/root/ros_ws/install/pi_hub/share/pi_hub/hook/ament_prefix_path.sh'
[4.964s] INFO:colcon.colcon_core.shell:Skip shell extension 'powershell' for command environment: Not usable outside of PowerShell
[4.965s] DEBUG:colcon.colcon_core.shell:Skip shell extension 'dsv' for command environment
[5.808s] INFO:colcon.colcon_core.task.python.build:Building Python package in '/root/ros_ws/src/pi_hub'
[5.814s] INFO:colcon.colcon_core.shell:Skip shell extension 'powershell' for command environment: Not usable outside of PowerShell
[5.815s] DEBUG:colcon.colcon_core.shell:Skip shell extension 'dsv' for command environment
[5.885s] DEBUG:colcon.colcon_core.event_handler.log_command:Invoking command in '/root/ros_ws/build/pi_hub_srvs': CMAKE_PREFIX_PATH=${CMAKE_PREFIX_PATH}:/root/ros_ws/install/time_schedule:/root/ros_ws/install/pi_hub:/root/ros_ws/install/pump_control:/root/ros_ws/install/led_control:/root/ros_ws/install/gpio_conf:/opt/ros/humble /usr/bin/cmake --install /root/ros_ws/build/pi_hub_srvs
[6.206s] Level 1:colcon.colcon_core.environment:create_environment_scripts_only(pi_hub_srvs)
[6.213s] Level 1:colcon.colcon_core.environment:checking '/root/ros_ws/install/pi_hub_srvs' for CMake module files
[6.215s] Level 1:colcon.colcon_core.environment:checking '/root/ros_ws/install/pi_hub_srvs' for CMake config files
[6.216s] DEBUG:colcon.colcon_core.event_handler.log_command:Invoked command in '/root/ros_ws/build/pi_hub_srvs' returned '0': CMAKE_PREFIX_PATH=${CMAKE_PREFIX_PATH}:/root/ros_ws/install/time_schedule:/root/ros_ws/install/pi_hub:/root/ros_ws/install/pump_control:/root/ros_ws/install/led_control:/root/ros_ws/install/gpio_conf:/opt/ros/humble /usr/bin/cmake --install /root/ros_ws/build/pi_hub_srvs
[6.218s] Level 1:colcon.colcon_core.shell:create_environment_hook('pi_hub_srvs', 'cmake_prefix_path')
[6.223s] INFO:colcon.colcon_core.shell:Creating environment hook '/root/ros_ws/install/pi_hub_srvs/share/pi_hub_srvs/hook/cmake_prefix_path.ps1'
[6.228s] INFO:colcon.colcon_core.shell:Creating environment descriptor '/root/ros_ws/install/pi_hub_srvs/share/pi_hub_srvs/hook/cmake_prefix_path.dsv'
[6.234s] INFO:colcon.colcon_core.shell:Creating environment hook '/root/ros_ws/install/pi_hub_srvs/share/pi_hub_srvs/hook/cmake_prefix_path.sh'
[6.235s] Level 1:colcon.colcon_core.environment:checking '/root/ros_ws/install/pi_hub_srvs/lib'
[6.235s] Level 1:colcon.colcon_core.shell:create_environment_hook('pi_hub_srvs', 'ld_library_path_lib')
[6.241s] INFO:colcon.colcon_core.shell:Creating environment hook '/root/ros_ws/install/pi_hub_srvs/share/pi_hub_srvs/hook/ld_library_path_lib.ps1'
[6.242s] INFO:colcon.colcon_core.shell:Creating environment descriptor '/root/ros_ws/install/pi_hub_srvs/share/pi_hub_srvs/hook/ld_library_path_lib.dsv'
[6.243s] INFO:colcon.colcon_core.shell:Creating environment hook '/root/ros_ws/install/pi_hub_srvs/share/pi_hub_srvs/hook/ld_library_path_lib.sh'
[6.243s] Level 1:colcon.colcon_core.environment:checking '/root/ros_ws/install/pi_hub_srvs/bin'
[6.244s] Level 1:colcon.colcon_core.environment:checking '/root/ros_ws/install/pi_hub_srvs/lib/pkgconfig/pi_hub_srvs.pc'
[6.244s] Level 1:colcon.colcon_core.environment:checking '/root/ros_ws/install/pi_hub_srvs/lib/python3.10/site-packages'
[6.245s] Level 1:colcon.colcon_core.environment:checking '/root/ros_ws/install/pi_hub_srvs/bin'
[6.252s] INFO:colcon.colcon_core.shell:Creating package script '/root/ros_ws/install/pi_hub_srvs/share/pi_hub_srvs/package.ps1'
[6.254s] INFO:colcon.colcon_core.shell:Creating package descriptor '/root/ros_ws/install/pi_hub_srvs/share/pi_hub_srvs/package.dsv'
[6.255s] INFO:colcon.colcon_core.shell:Creating package script '/root/ros_ws/install/pi_hub_srvs/share/pi_hub_srvs/package.sh'
[6.257s] INFO:colcon.colcon_core.shell:Creating package script '/root/ros_ws/install/pi_hub_srvs/share/pi_hub_srvs/package.bash'
[6.258s] INFO:colcon.colcon_core.shell:Creating package script '/root/ros_ws/install/pi_hub_srvs/share/pi_hub_srvs/package.zsh'
[6.259s] Level 1:colcon.colcon_core.environment:create_file_with_runtime_dependencies(/root/ros_ws/install/pi_hub_srvs/share/colcon-core/packages/pi_hub_srvs)
[6.637s] Level 1:colcon.colcon_core.environment:create_environment_scripts_only(pi_hub_srvs)
[6.642s] Level 1:colcon.colcon_core.environment:checking '/root/ros_ws/install/pi_hub_srvs' for CMake module files
[6.644s] Level 1:colcon.colcon_core.environment:checking '/root/ros_ws/install/pi_hub_srvs' for CMake config files
[6.646s] Level 1:colcon.colcon_core.shell:create_environment_hook('pi_hub_srvs', 'cmake_prefix_path')
[6.649s] INFO:colcon.colcon_core.shell:Creating environment hook '/root/ros_ws/install/pi_hub_srvs/share/pi_hub_srvs/hook/cmake_prefix_path.ps1'
[6.650s] INFO:colcon.colcon_core.shell:Creating environment descriptor '/root/ros_ws/install/pi_hub_srvs/share/pi_hub_srvs/hook/cmake_prefix_path.dsv'
[6.650s] INFO:colcon.colcon_core.shell:Creating environment hook '/root/ros_ws/install/pi_hub_srvs/share/pi_hub_srvs/hook/cmake_prefix_path.sh'
[6.652s] Level 1:colcon.colcon_core.environment:checking '/root/ros_ws/install/pi_hub_srvs/lib'
[6.652s] Level 1:colcon.colcon_core.shell:create_environment_hook('pi_hub_srvs', 'ld_library_path_lib')
[6.655s] INFO:colcon.colcon_core.shell:Creating environment hook '/root/ros_ws/install/pi_hub_srvs/share/pi_hub_srvs/hook/ld_library_path_lib.ps1'
[6.656s] INFO:colcon.colcon_core.shell:Creating environment descriptor '/root/ros_ws/install/pi_hub_srvs/share/pi_hub_srvs/hook/ld_library_path_lib.dsv'
[6.657s] INFO:colcon.colcon_core.shell:Creating environment hook '/root/ros_ws/install/pi_hub_srvs/share/pi_hub_srvs/hook/ld_library_path_lib.sh'
[6.658s] Level 1:colcon.colcon_core.environment:checking '/root/ros_ws/install/pi_hub_srvs/bin'
[6.658s] Level 1:colcon.colcon_core.environment:checking '/root/ros_ws/install/pi_hub_srvs/lib/pkgconfig/pi_hub_srvs.pc'
[6.660s] Level 1:colcon.colcon_core.environment:checking '/root/ros_ws/install/pi_hub_srvs/lib/python3.10/site-packages'
[6.666s] Level 1:colcon.colcon_core.environment:checking '/root/ros_ws/install/pi_hub_srvs/bin'
[6.669s] INFO:colcon.colcon_core.shell:Creating package script '/root/ros_ws/install/pi_hub_srvs/share/pi_hub_srvs/package.ps1'
[6.670s] INFO:colcon.colcon_core.shell:Creating package descriptor '/root/ros_ws/install/pi_hub_srvs/share/pi_hub_srvs/package.dsv'
[6.674s] INFO:colcon.colcon_core.shell:Creating package script '/root/ros_ws/install/pi_hub_srvs/share/pi_hub_srvs/package.sh'
[6.676s] INFO:colcon.colcon_core.shell:Creating package script '/root/ros_ws/install/pi_hub_srvs/share/pi_hub_srvs/package.bash'
[6.677s] INFO:colcon.colcon_core.shell:Creating package script '/root/ros_ws/install/pi_hub_srvs/share/pi_hub_srvs/package.zsh'
[6.679s] Level 1:colcon.colcon_core.environment:create_file_with_runtime_dependencies(/root/ros_ws/install/pi_hub_srvs/share/colcon-core/packages/pi_hub_srvs)
[6.944s] DEBUG:colcon.colcon_core.event_handler.log_command:Invoking command in '/root/ros_ws/src/pi_hub': AMENT_PREFIX_PATH=/root/ros_ws/install/pump_control:/root/ros_ws/install/led_control:/root/ros_ws/install/time_schedule:/root/ros_ws/install/pi_hub:/root/ros_ws/install/pi_hub_srvs:/root/ros_ws/install/gpio_conf:/opt/ros/humble PYTHONPATH=/root/ros_ws/build/pi_hub/prefix_override:/root/ros_ws/install/pi_hub/lib/python3.10/site-packages:/root/ros_ws/install/pump_control/lib/python3.10/site-packages:/root/ros_ws/install/led_control/lib/python3.10/site-packages:/root/ros_ws/install/time_schedule/lib/python3.10/site-packages:/root/ros_ws/install/pi_hub/lib/python3.10/site-packages:/root/ros_ws/install/pi_hub_srvs/local/lib/python3.10/dist-packages:/root/ros_ws/install/gpio_conf/lib/python3.10/site-packages:/opt/ros/humble/lib/python3.10/site-packages:/opt/ros/humble/local/lib/python3.10/dist-packages /usr/bin/python3 setup.py egg_info --egg-base ../../build/pi_hub build --build-base /root/ros_ws/build/pi_hub/build install --record /root/ros_ws/build/pi_hub/install.log --install-scripts $base/lib/pi_hub --single-version-externally-managed
[7.624s] Level 1:colcon.colcon_core.environment:checking '/root/ros_ws/install/pi_hub' for CMake module files
[7.625s] DEBUG:colcon.colcon_core.event_handler.log_command:Invoked command in '/root/ros_ws/src/pi_hub' returned '0': AMENT_PREFIX_PATH=/root/ros_ws/install/pump_control:/root/ros_ws/install/led_control:/root/ros_ws/install/time_schedule:/root/ros_ws/install/pi_hub:/root/ros_ws/install/pi_hub_srvs:/root/ros_ws/install/gpio_conf:/opt/ros/humble PYTHONPATH=/root/ros_ws/build/pi_hub/prefix_override:/root/ros_ws/install/pi_hub/lib/python3.10/site-packages:/root/ros_ws/install/pump_control/lib/python3.10/site-packages:/root/ros_ws/install/led_control/lib/python3.10/site-packages:/root/ros_ws/install/time_schedule/lib/python3.10/site-packages:/root/ros_ws/install/pi_hub/lib/python3.10/site-packages:/root/ros_ws/install/pi_hub_srvs/local/lib/python3.10/dist-packages:/root/ros_ws/install/gpio_conf/lib/python3.10/site-packages:/opt/ros/humble/lib/python3.10/site-packages:/opt/ros/humble/local/lib/python3.10/dist-packages /usr/bin/python3 setup.py egg_info --egg-base ../../build/pi_hub build --build-base /root/ros_ws/build/pi_hub/build install --record /root/ros_ws/build/pi_hub/install.log --install-scripts $base/lib/pi_hub --single-version-externally-managed
[7.626s] Level 1:colcon.colcon_core.environment:checking '/root/ros_ws/install/pi_hub' for CMake config files
[7.627s] Level 1:colcon.colcon_core.environment:checking '/root/ros_ws/install/pi_hub/lib'
[7.627s] Level 1:colcon.colcon_core.environment:checking '/root/ros_ws/install/pi_hub/bin'
[7.627s] Level 1:colcon.colcon_core.environment:checking '/root/ros_ws/install/pi_hub/lib/pkgconfig/pi_hub.pc'
[7.627s] Level 1:colcon.colcon_core.environment:checking '/root/ros_ws/install/pi_hub/lib/python3.10/site-packages'
[7.627s] Level 1:colcon.colcon_core.shell:create_environment_hook('pi_hub', 'pythonpath')
[7.630s] INFO:colcon.colcon_core.shell:Creating environment hook '/root/ros_ws/install/pi_hub/share/pi_hub/hook/pythonpath.ps1'
[7.631s] INFO:colcon.colcon_core.shell:Creating environment descriptor '/root/ros_ws/install/pi_hub/share/pi_hub/hook/pythonpath.dsv'
[7.632s] INFO:colcon.colcon_core.shell:Creating environment hook '/root/ros_ws/install/pi_hub/share/pi_hub/hook/pythonpath.sh'
[7.633s] Level 1:colcon.colcon_core.environment:checking '/root/ros_ws/install/pi_hub/bin'
[7.633s] Level 1:colcon.colcon_core.environment:create_environment_scripts_only(pi_hub)
[7.635s] INFO:colcon.colcon_core.shell:Creating package script '/root/ros_ws/install/pi_hub/share/pi_hub/package.ps1'
[7.636s] INFO:colcon.colcon_core.shell:Creating package descriptor '/root/ros_ws/install/pi_hub/share/pi_hub/package.dsv'
[7.636s] INFO:colcon.colcon_core.shell:Creating package script '/root/ros_ws/install/pi_hub/share/pi_hub/package.sh'
[7.637s] INFO:colcon.colcon_core.shell:Creating package script '/root/ros_ws/install/pi_hub/share/pi_hub/package.bash'
[7.638s] INFO:colcon.colcon_core.shell:Creating package script '/root/ros_ws/install/pi_hub/share/pi_hub/package.zsh'
[7.639s] Level 1:colcon.colcon_core.environment:create_file_with_runtime_dependencies(/root/ros_ws/install/pi_hub/share/colcon-core/packages/pi_hub)
[7.640s] DEBUG:colcon.colcon_parallel_executor.executor.parallel:closing loop
[7.641s] DEBUG:colcon.colcon_parallel_executor.executor.parallel:loop closed
[7.641s] DEBUG:colcon.colcon_parallel_executor.executor.parallel:run_until_complete finished with '0'
[7.641s] DEBUG:colcon.colcon_core.event_reactor:joining thread
[7.665s] INFO:colcon.colcon_core.plugin_system:Skipping extension 'colcon_notification.desktop_notification.notify_send': Could not find 'notify-send'
[7.665s] INFO:colcon.colcon_core.plugin_system:Skipping extension 'colcon_notification.desktop_notification.terminal_notifier': Not used on non-Darwin systems
[7.665s] INFO:colcon.colcon_core.plugin_system:Skipping extension 'colcon_notification.desktop_notification.win32': Not used on non-Windows systems
[7.666s] INFO:colcon.colcon_notification.desktop_notification:Sending desktop notification using 'notify2'
[7.666s] DEBUG:colcon.colcon_notification.desktop_notification.notify2:Failed to initialize notify2: org.freedesktop.DBus.Error.NotSupported: Unable to autolaunch a dbus-daemon without a $DISPLAY for X11
[7.666s] DEBUG:colcon.colcon_core.event_reactor:joined thread
[7.673s] INFO:colcon.colcon_core.shell:Creating prefix script '/root/ros_ws/install/local_setup.ps1'
[7.677s] INFO:colcon.colcon_core.shell:Creating prefix util module '/root/ros_ws/install/_local_setup_util_ps1.py'
[7.683s] INFO:colcon.colcon_core.shell:Creating prefix chain script '/root/ros_ws/install/setup.ps1'
[7.689s] INFO:colcon.colcon_core.shell:Creating prefix script '/root/ros_ws/install/local_setup.sh'
[7.691s] INFO:colcon.colcon_core.shell:Creating prefix util module '/root/ros_ws/install/_local_setup_util_sh.py'
[7.693s] INFO:colcon.colcon_core.shell:Creating prefix chain script '/root/ros_ws/install/setup.sh'
[7.697s] INFO:colcon.colcon_core.shell:Creating prefix script '/root/ros_ws/install/local_setup.bash'
[7.698s] INFO:colcon.colcon_core.shell:Creating prefix chain script '/root/ros_ws/install/setup.bash'
[7.702s] INFO:colcon.colcon_core.shell:Creating prefix script '/root/ros_ws/install/local_setup.zsh'
[7.703s] INFO:colcon.colcon_core.shell:Creating prefix chain script '/root/ros_ws/install/setup.zsh'
