[1.695s] Invoking command in '/root/ros_ws/src/pi_hub': AMENT_PREFIX_PATH=/root/ros_ws/install/pump_control:/root/ros_ws/install/led_control:/root/ros_ws/install/time_schedule:/root/ros_ws/install/pi_hub:/root/ros_ws/install/pi_hub_srvs:/root/ros_ws/install/gpio_conf:/opt/ros/humble PYTHONPATH=/root/ros_ws/build/pi_hub/prefix_override:/root/ros_ws/install/pi_hub/lib/python3.10/site-packages:/root/ros_ws/install/pump_control/lib/python3.10/site-packages:/root/ros_ws/install/led_control/lib/python3.10/site-packages:/root/ros_ws/install/time_schedule/lib/python3.10/site-packages:/root/ros_ws/install/pi_hub/lib/python3.10/site-packages:/root/ros_ws/install/pi_hub_srvs/local/lib/python3.10/dist-packages:/root/ros_ws/install/gpio_conf/lib/python3.10/site-packages:/opt/ros/humble/lib/python3.10/site-packages:/opt/ros/humble/local/lib/python3.10/dist-packages /usr/bin/python3 setup.py egg_info --egg-base ../../build/pi_hub build --build-base /root/ros_ws/build/pi_hub/build install --record /root/ros_ws/build/pi_hub/install.log --install-scripts $base/lib/pi_hub --single-version-externally-managed
[2.080s] /usr/lib/python3/dist-packages/setuptools/dist.py:723: UserWarning: Usage of dash-separated 'script-dir' will not be supported in future versions. Please use the underscore name 'script_dir' instead
[2.080s]   warnings.warn(
[2.093s] running egg_info
[2.094s] writing ../../build/pi_hub/pi_hub.egg-info/PKG-INFO
[2.094s] writing dependency_links to ../../build/pi_hub/pi_hub.egg-info/dependency_links.txt
[2.095s] writing entry points to ../../build/pi_hub/pi_hub.egg-info/entry_points.txt
[2.095s] writing requirements to ../../build/pi_hub/pi_hub.egg-info/requires.txt
[2.095s] writing top-level names to ../../build/pi_hub/pi_hub.egg-info/top_level.txt
[2.098s] reading manifest file '../../build/pi_hub/pi_hub.egg-info/SOURCES.txt'
[2.100s] writing manifest file '../../build/pi_hub/pi_hub.egg-info/SOURCES.txt'
[2.100s] running build
[2.101s] running build_py
[2.101s] running install
[2.101s] /usr/lib/python3/dist-packages/setuptools/command/install.py:34: SetuptoolsDeprecationWarning: setup.py install is deprecated. Use build and pip and other standards-based tools.
[2.101s]   warnings.warn(
[2.102s] running install_lib
[2.104s] running install_data
[2.105s] running install_egg_info
[2.108s] removing '/root/ros_ws/install/pi_hub/lib/python3.10/site-packages/pi_hub-0.0.0-py3.10.egg-info' (and everything under it)
[2.108s] Copying ../../build/pi_hub/pi_hub.egg-info to /root/ros_ws/install/pi_hub/lib/python3.10/site-packages/pi_hub-0.0.0-py3.10.egg-info
[2.111s] running install_scripts
[2.147s] Installing pi_hub_node script to /root/ros_ws/install/pi_hub/lib/pi_hub
[2.149s] writing list of installed files to '/root/ros_ws/build/pi_hub/install.log'
[2.186s] Invoked command in '/root/ros_ws/src/pi_hub' returned '0': AMENT_PREFIX_PATH=/root/ros_ws/install/pump_control:/root/ros_ws/install/led_control:/root/ros_ws/install/time_schedule:/root/ros_ws/install/pi_hub:/root/ros_ws/install/pi_hub_srvs:/root/ros_ws/install/gpio_conf:/opt/ros/humble PYTHONPATH=/root/ros_ws/build/pi_hub/prefix_override:/root/ros_ws/install/pi_hub/lib/python3.10/site-packages:/root/ros_ws/install/pump_control/lib/python3.10/site-packages:/root/ros_ws/install/led_control/lib/python3.10/site-packages:/root/ros_ws/install/time_schedule/lib/python3.10/site-packages:/root/ros_ws/install/pi_hub/lib/python3.10/site-packages:/root/ros_ws/install/pi_hub_srvs/local/lib/python3.10/dist-packages:/root/ros_ws/install/gpio_conf/lib/python3.10/site-packages:/opt/ros/humble/lib/python3.10/site-packages:/opt/ros/humble/local/lib/python3.10/dist-packages /usr/bin/python3 setup.py egg_info --egg-base ../../build/pi_hub build --build-base /root/ros_ws/build/pi_hub/build install --record /root/ros_ws/build/pi_hub/install.log --install-scripts $base/lib/pi_hub --single-version-externally-managed
