[0.340s] Invoking command in '/root/ros_ws/src/pump_control': PYTHONPATH=/root/ros_ws/build/pump_control/prefix_override:/root/ros_ws/install/pump_control/lib/python3.10/site-packages:${PYTHONPATH} /usr/bin/python3 setup.py egg_info --egg-base ../../build/pump_control build --build-base /root/ros_ws/build/pump_control/build install --record /root/ros_ws/build/pump_control/install.log --install-scripts $base/lib/pump_control --single-version-externally-managed
[0.464s] /usr/lib/python3/dist-packages/setuptools/dist.py:723: UserWarning: Usage of dash-separated 'script-dir' will not be supported in future versions. Please use the underscore name 'script_dir' instead
[0.464s]   warnings.warn(
[0.469s] running egg_info
[0.469s] writing ../../build/pump_control/pump_control.egg-info/PKG-INFO
[0.469s] writing dependency_links to ../../build/pump_control/pump_control.egg-info/dependency_links.txt
[0.470s] writing entry points to ../../build/pump_control/pump_control.egg-info/entry_points.txt
[0.470s] writing requirements to ../../build/pump_control/pump_control.egg-info/requires.txt
[0.470s] writing top-level names to ../../build/pump_control/pump_control.egg-info/top_level.txt
[0.471s] reading manifest file '../../build/pump_control/pump_control.egg-info/SOURCES.txt'
[0.471s] writing manifest file '../../build/pump_control/pump_control.egg-info/SOURCES.txt'
[0.471s] running build
[0.471s] running build_py
[0.471s] copying pump_control/pump_control_node.py -> /root/ros_ws/build/pump_control/build/lib/pump_control
[0.472s] running install
[0.472s] /usr/lib/python3/dist-packages/setuptools/command/install.py:34: SetuptoolsDeprecationWarning: setup.py install is deprecated. Use build and pip and other standards-based tools.
[0.472s]   warnings.warn(
[0.472s] running install_lib
[0.472s] copying /root/ros_ws/build/pump_control/build/lib/pump_control/pump_control_node.py -> /root/ros_ws/install/pump_control/lib/python3.10/site-packages/pump_control
[0.473s] byte-compiling /root/ros_ws/install/pump_control/lib/python3.10/site-packages/pump_control/pump_control_node.py to pump_control_node.cpython-310.pyc
[0.473s] running install_data
[0.473s] running install_egg_info
[0.474s] removing '/root/ros_ws/install/pump_control/lib/python3.10/site-packages/pump_control-0.0.0-py3.10.egg-info' (and everything under it)
[0.474s] Copying ../../build/pump_control/pump_control.egg-info to /root/ros_ws/install/pump_control/lib/python3.10/site-packages/pump_control-0.0.0-py3.10.egg-info
[0.475s] running install_scripts
[0.489s] Installing pump_control_node script to /root/ros_ws/install/pump_control/lib/pump_control
[0.489s] writing list of installed files to '/root/ros_ws/build/pump_control/install.log'
[0.504s] Invoked command in '/root/ros_ws/src/pump_control' returned '0': PYTHONPATH=/root/ros_ws/build/pump_control/prefix_override:/root/ros_ws/install/pump_control/lib/python3.10/site-packages:${PYTHONPATH} /usr/bin/python3 setup.py egg_info --egg-base ../../build/pump_control build --build-base /root/ros_ws/build/pump_control/build install --record /root/ros_ws/build/pump_control/install.log --install-scripts $base/lib/pump_control --single-version-externally-managed
