/usr/lib/python3/dist-packages/setuptools/dist.py:723: UserWarning: Usage of dash-separated 'script-dir' will not be supported in future versions. Please use the underscore name 'script_dir' instead
  warnings.warn(
running egg_info
writing ../../build/pi_hub/pi_hub.egg-info/PKG-INFO
writing dependency_links to ../../build/pi_hub/pi_hub.egg-info/dependency_links.txt
writing entry points to ../../build/pi_hub/pi_hub.egg-info/entry_points.txt
writing requirements to ../../build/pi_hub/pi_hub.egg-info/requires.txt
writing top-level names to ../../build/pi_hub/pi_hub.egg-info/top_level.txt
reading manifest file '../../build/pi_hub/pi_hub.egg-info/SOURCES.txt'
writing manifest file '../../build/pi_hub/pi_hub.egg-info/SOURCES.txt'
running build
running build_py
running install
/usr/lib/python3/dist-packages/setuptools/command/install.py:34: SetuptoolsDeprecationWarning: setup.py install is deprecated. Use build and pip and other standards-based tools.
  warnings.warn(
running install_lib
running install_data
creating /root/ros_ws/install/pi_hub/share/pi_hub/config
copying config/params.yaml -> /root/ros_ws/install/pi_hub/share/pi_hub/config
running install_egg_info
removing '/root/ros_ws/install/pi_hub/lib/python3.10/site-packages/pi_hub-0.0.0-py3.10.egg-info' (and everything under it)
Copying ../../build/pi_hub/pi_hub.egg-info to /root/ros_ws/install/pi_hub/lib/python3.10/site-packages/pi_hub-0.0.0-py3.10.egg-info
running install_scripts
Installing pi_hub_node script to /root/ros_ws/install/pi_hub/lib/pi_hub
writing list of installed files to '/root/ros_ws/build/pi_hub/install.log'
