[1.089s] Invoking command in '/root/ros_ws/src/time_schedule': PYTHONPATH=/root/ros_ws/build/time_schedule/prefix_override:/root/ros_ws/install/time_schedule/lib/python3.10/site-packages:${PYTHONPATH} /usr/bin/python3 setup.py egg_info --egg-base ../../build/time_schedule build --build-base /root/ros_ws/build/time_schedule/build install --record /root/ros_ws/build/time_schedule/install.log --install-scripts $base/lib/time_schedule --single-version-externally-managed
[1.263s] /usr/lib/python3/dist-packages/setuptools/dist.py:723: UserWarning: Usage of dash-separated 'script-dir' will not be supported in future versions. Please use the underscore name 'script_dir' instead
[1.264s]   warnings.warn(
[1.272s] running egg_info
[1.272s] writing ../../build/time_schedule/time_schedule.egg-info/PKG-INFO
[1.273s] writing dependency_links to ../../build/time_schedule/time_schedule.egg-info/dependency_links.txt
[1.273s] writing entry points to ../../build/time_schedule/time_schedule.egg-info/entry_points.txt
[1.273s] writing requirements to ../../build/time_schedule/time_schedule.egg-info/requires.txt
[1.273s] writing top-level names to ../../build/time_schedule/time_schedule.egg-info/top_level.txt
[1.275s] reading manifest file '../../build/time_schedule/time_schedule.egg-info/SOURCES.txt'
[1.275s] writing manifest file '../../build/time_schedule/time_schedule.egg-info/SOURCES.txt'
[1.275s] running build
[1.276s] running build_py
[1.276s] running install
[1.276s] /usr/lib/python3/dist-packages/setuptools/command/install.py:34: SetuptoolsDeprecationWarning: setup.py install is deprecated. Use build and pip and other standards-based tools.
[1.276s]   warnings.warn(
[1.276s] running install_lib
[1.278s] running install_data
[1.278s] running install_egg_info
[1.279s] removing '/root/ros_ws/install/time_schedule/lib/python3.10/site-packages/time_schedule-0.0.0-py3.10.egg-info' (and everything under it)
[1.279s] Copying ../../build/time_schedule/time_schedule.egg-info to /root/ros_ws/install/time_schedule/lib/python3.10/site-packages/time_schedule-0.0.0-py3.10.egg-info
[1.280s] running install_scripts
[1.306s] Installing time_schedule_node script to /root/ros_ws/install/time_schedule/lib/time_schedule
[1.306s] writing list of installed files to '/root/ros_ws/build/time_schedule/install.log'
[1.364s] Invoked command in '/root/ros_ws/src/time_schedule' returned '0': PYTHONPATH=/root/ros_ws/build/time_schedule/prefix_override:/root/ros_ws/install/time_schedule/lib/python3.10/site-packages:${PYTHONPATH} /usr/bin/python3 setup.py egg_info --egg-base ../../build/time_schedule build --build-base /root/ros_ws/build/time_schedule/build install --record /root/ros_ws/build/time_schedule/install.log --install-scripts $base/lib/time_schedule --single-version-externally-managed
